<?xml version="1.0" encoding="UTF-8"?>
<coverage generated="1671244730080" clover="3.2.0">
  <project timestamp="1671244730080" name="All files">
    <metrics statements="847" coveredstatements="820" conditionals="335" coveredconditionals="308" methods="251" coveredmethods="243" elements="1433" coveredelements="1371" complexity="0" loc="847" ncloc="847" packages="2" files="18" classes="18"/>
    <package name="src">
      <metrics statements="371" coveredstatements="363" conditionals="169" coveredconditionals="163" methods="103" coveredmethods="103"/>
      <file name="action.js" path="/Users/runner/work/quick-quoted-search/quick-quoted-search/src/action.js">
        <metrics statements="51" coveredstatements="51" conditionals="10" coveredconditionals="10" methods="8" coveredmethods="8"/>
        <line num="9" count="55" type="stmt"/>
        <line num="14" count="55" type="stmt"/>
        <line num="20" count="55" type="stmt"/>
        <line num="28" count="55" type="stmt"/>
        <line num="30" count="55" type="stmt"/>
        <line num="31" count="55" type="stmt"/>
        <line num="33" count="55" type="stmt"/>
        <line num="39" count="55" type="stmt"/>
        <line num="46" count="8" type="stmt"/>
        <line num="50" count="8" type="cond" truecount="2" falsecount="0"/>
        <line num="51" count="2" type="stmt"/>
        <line num="54" count="6" type="stmt"/>
        <line num="55" count="6" type="cond" truecount="2" falsecount="0"/>
        <line num="56" count="2" type="stmt"/>
        <line num="59" count="4" type="stmt"/>
        <line num="60" count="4" type="stmt"/>
        <line num="61" count="4" type="stmt"/>
        <line num="69" count="55" type="stmt"/>
        <line num="71" count="55" type="stmt"/>
        <line num="73" count="55" type="stmt"/>
        <line num="75" count="55" type="stmt"/>
        <line num="77" count="55" type="stmt"/>
        <line num="79" count="55" type="stmt"/>
        <line num="80" count="55" type="stmt"/>
        <line num="81" count="55" type="stmt"/>
        <line num="82" count="55" type="stmt"/>
        <line num="86" count="122" type="stmt"/>
        <line num="88" count="122" type="stmt"/>
        <line num="92" count="122" type="cond" truecount="2" falsecount="0"/>
        <line num="93" count="99" type="cond" truecount="2" falsecount="0"/>
        <line num="94" count="90" type="stmt"/>
        <line num="96" count="99" type="stmt"/>
        <line num="101" count="24" type="stmt"/>
        <line num="102" count="24" type="stmt"/>
        <line num="110" count="28" type="stmt"/>
        <line num="122" count="55" type="stmt"/>
        <line num="123" count="55" type="stmt"/>
        <line num="124" count="55" type="stmt"/>
        <line num="125" count="110" type="stmt"/>
        <line num="126" count="110" type="stmt"/>
        <line num="127" count="110" type="stmt"/>
        <line num="128" count="110" type="stmt"/>
        <line num="129" count="110" type="cond" truecount="2" falsecount="0"/>
        <line num="130" count="108" type="stmt"/>
        <line num="132" count="2" type="stmt"/>
        <line num="133" count="2" type="stmt"/>
        <line num="136" count="110" type="stmt"/>
        <line num="137" count="110" type="stmt"/>
        <line num="138" count="110" type="stmt"/>
        <line num="139" count="110" type="stmt"/>
        <line num="140" count="110" type="stmt"/>
      </file>
      <file name="background.js" path="/Users/runner/work/quick-quoted-search/quick-quoted-search/src/background.js">
        <metrics statements="88" coveredstatements="88" conditionals="42" coveredconditionals="42" methods="25" coveredmethods="25"/>
        <line num="5" count="73" type="stmt"/>
        <line num="10" count="73" type="stmt"/>
        <line num="16" count="73" type="stmt"/>
        <line num="28" count="73" type="stmt"/>
        <line num="36" count="73" type="stmt"/>
        <line num="50" count="34" type="stmt"/>
        <line num="53" count="34" type="stmt"/>
        <line num="69" count="12" type="stmt"/>
        <line num="72" count="17" type="stmt"/>
        <line num="81" count="73" type="stmt"/>
        <line num="83" count="73" type="stmt"/>
        <line num="84" count="73" type="stmt"/>
        <line num="86" count="73" type="stmt"/>
        <line num="87" count="73" type="stmt"/>
        <line num="89" count="73" type="stmt"/>
        <line num="96" count="1504" type="stmt"/>
        <line num="97" count="1504" type="stmt"/>
        <line num="101" count="1462" type="stmt"/>
        <line num="105" count="41" type="stmt"/>
        <line num="113" count="815" type="cond" truecount="4" falsecount="0"/>
        <line num="114" count="75" type="stmt"/>
        <line num="117" count="75" type="stmt"/>
        <line num="120" count="740" type="stmt"/>
        <line num="121" count="740" type="stmt"/>
        <line num="125" count="207" type="stmt"/>
        <line num="129" count="354" type="stmt"/>
        <line num="133" count="45" type="stmt"/>
        <line num="147" count="21" type="stmt"/>
        <line num="151" count="20" type="stmt"/>
        <line num="159" count="80" type="stmt"/>
        <line num="161" count="80" type="cond" truecount="2" falsecount="0"/>
        <line num="162" count="29" type="stmt"/>
        <line num="167" count="29" type="stmt"/>
        <line num="170" count="51" type="stmt"/>
        <line num="176" count="51" type="stmt"/>
        <line num="180" count="70" type="stmt"/>
        <line num="183" count="70" type="cond" truecount="2" falsecount="0"/>
        <line num="184" count="19" type="stmt"/>
        <line num="185" count="19" type="stmt"/>
        <line num="186" count="19" type="cond" truecount="2" falsecount="0"/>
        <line num="187" count="9" type="stmt"/>
        <line num="188" count="9" type="stmt"/>
        <line num="192" count="61" type="cond" truecount="2" falsecount="0"/>
        <line num="193" count="8" type="stmt"/>
        <line num="198" count="8" type="stmt"/>
        <line num="201" count="53" type="cond" truecount="2" falsecount="0"/>
        <line num="202" count="7" type="stmt"/>
        <line num="207" count="7" type="stmt"/>
        <line num="210" count="46" type="stmt"/>
        <line num="218" count="489" type="stmt"/>
        <line num="226" count="740" type="stmt"/>
        <line num="227" count="740" type="stmt"/>
        <line num="228" count="740" type="stmt"/>
        <line num="232" count="312" type="stmt"/>
        <line num="240" count="1504" type="stmt"/>
        <line num="241" count="1504" type="stmt"/>
        <line num="242" count="3008" type="stmt"/>
        <line num="247" count="1229" type="stmt"/>
        <line num="249" count="1229" type="stmt"/>
        <line num="250" count="2458" type="stmt"/>
        <line num="251" count="2458" type="stmt"/>
        <line num="253" count="2458" type="cond" truecount="5" falsecount="0"/>
        <line num="257" count="2458" type="stmt"/>
        <line num="259" count="2458" type="cond" truecount="2" falsecount="0"/>
        <line num="260" count="1626" type="stmt"/>
        <line num="261" count="1626" type="cond" truecount="5" falsecount="0"/>
        <line num="262" count="413" type="stmt"/>
        <line num="264" count="1626" type="cond" truecount="2" falsecount="0"/>
        <line num="265" count="1583" type="stmt"/>
        <line num="268" count="1626" type="cond" truecount="2" falsecount="0"/>
        <line num="269" count="433" type="stmt"/>
        <line num="275" count="433" type="stmt"/>
        <line num="277" count="1193" type="stmt"/>
        <line num="280" count="832" type="cond" truecount="2" falsecount="0"/>
        <line num="281" count="329" type="stmt"/>
        <line num="282" count="329" type="stmt"/>
        <line num="289" count="275" type="stmt"/>
        <line num="290" count="275" type="cond" truecount="2" falsecount="0"/>
        <line num="291" count="8" type="stmt"/>
        <line num="294" count="8" type="stmt"/>
        <line num="297" count="267" type="cond" truecount="2" falsecount="0"/>
        <line num="298" count="250" type="stmt"/>
        <line num="301" count="267" type="stmt"/>
        <line num="305" count="29" type="stmt"/>
        <line num="306" count="29" type="stmt"/>
        <line num="307" count="29" type="stmt"/>
        <line num="311" count="250" type="stmt"/>
        <line num="315" count="250" type="stmt"/>
      </file>
      <file name="content.js" path="/Users/runner/work/quick-quoted-search/quick-quoted-search/src/content.js">
        <metrics statements="131" coveredstatements="128" conditionals="105" coveredconditionals="101" methods="29" coveredmethods="29"/>
        <line num="7" count="106" type="stmt"/>
        <line num="12" count="106" type="stmt"/>
        <line num="14" count="106" type="cond" truecount="3" falsecount="1"/>
        <line num="16" count="0" type="stmt"/>
        <line num="20" count="0" type="stmt"/>
        <line num="27" count="106" type="stmt"/>
        <line num="30" count="106" type="stmt"/>
        <line num="39" count="106" type="stmt"/>
        <line num="48" count="106" type="stmt"/>
        <line num="52" count="104" type="stmt"/>
        <line num="53" count="104" type="stmt"/>
        <line num="56" count="10122" type="cond" truecount="2" falsecount="0"/>
        <line num="59" count="104" type="cond" truecount="1" falsecount="1"/>
        <line num="63" count="106" type="stmt"/>
        <line num="71" count="106" type="stmt"/>
        <line num="79" count="106" type="stmt"/>
        <line num="81" count="106" type="stmt"/>
        <line num="83" count="106" type="stmt"/>
        <line num="84" count="106" type="stmt"/>
        <line num="85" count="106" type="stmt"/>
        <line num="87" count="106" type="stmt"/>
        <line num="88" count="106" type="stmt"/>
        <line num="89" count="106" type="stmt"/>
        <line num="90" count="288" type="stmt"/>
        <line num="98" count="119" type="stmt"/>
        <line num="100" count="119" type="stmt"/>
        <line num="104" count="9" type="stmt"/>
        <line num="108" count="104" type="stmt"/>
        <line num="112" count="90" type="stmt"/>
        <line num="116" count="90" type="stmt"/>
        <line num="120" count="104" type="stmt"/>
        <line num="121" count="104" type="stmt"/>
        <line num="122" count="104" type="stmt"/>
        <line num="124" count="104" type="stmt"/>
        <line num="126" count="104" type="stmt"/>
        <line num="130" count="90" type="cond" truecount="2" falsecount="0"/>
        <line num="131" count="30" type="stmt"/>
        <line num="132" count="30" type="stmt"/>
        <line num="135" count="60" type="stmt"/>
        <line num="144" count="5" type="stmt"/>
        <line num="146" count="5" type="stmt"/>
        <line num="150" count="5" type="stmt"/>
        <line num="154" count="4649" type="stmt"/>
        <line num="158" count="3049" type="stmt"/>
        <line num="159" count="4838" type="cond" truecount="1" falsecount="1"/>
        <line num="160" count="4838" type="stmt"/>
        <line num="161" count="2456" type="cond" truecount="4" falsecount="0"/>
        <line num="162" count="672" type="cond" truecount="2" falsecount="0"/>
        <line num="163" count="3" type="stmt"/>
        <line num="164" count="3" type="stmt"/>
        <line num="166" count="672" type="stmt"/>
        <line num="167" count="1" type="stmt"/>
        <line num="168" count="1" type="stmt"/>
        <line num="177" count="292" type="cond" truecount="2" falsecount="0"/>
        <line num="180" count="91" type="stmt"/>
        <line num="183" count="201" type="cond" truecount="2" falsecount="0"/>
        <line num="184" count="17" type="stmt"/>
        <line num="187" count="201" type="stmt"/>
        <line num="188" count="1813" type="stmt"/>
        <line num="191" count="201" type="stmt"/>
        <line num="192" count="1755" type="cond" truecount="4" falsecount="0"/>
        <line num="193" count="1749" type="stmt"/>
        <line num="197" count="201" type="stmt"/>
        <line num="198" count="1676" type="stmt"/>
        <line num="201" count="201" type="stmt"/>
        <line num="202" count="68" type="cond" truecount="2" falsecount="0"/>
        <line num="212" count="17" type="cond" truecount="2" falsecount="0"/>
        <line num="213" count="8" type="stmt"/>
        <line num="224" count="28" type="stmt"/>
        <line num="236" count="400" type="cond" truecount="1" falsecount="1"/>
        <line num="237" count="0" type="stmt"/>
        <line num="240" count="400" type="stmt"/>
        <line num="244" count="41" type="stmt"/>
        <line num="256" count="5255" type="stmt"/>
        <line num="266" count="5255" type="stmt"/>
        <line num="275" count="5255" type="stmt"/>
        <line num="277" count="5255" type="stmt"/>
        <line num="281" count="10018" type="cond" truecount="2" falsecount="0"/>
        <line num="283" count="333" type="stmt"/>
        <line num="286" count="9685" type="stmt"/>
        <line num="287" count="9685" type="cond" truecount="4" falsecount="0"/>
        <line num="291" count="5" type="stmt"/>
        <line num="294" count="9680" type="stmt"/>
        <line num="307" count="477" type="cond" truecount="4" falsecount="0"/>
        <line num="308" count="4" type="stmt"/>
        <line num="312" count="4" type="stmt"/>
        <line num="315" count="473" type="stmt"/>
        <line num="318" count="473" type="stmt"/>
        <line num="319" count="473" type="cond" truecount="2" falsecount="0"/>
        <line num="320" count="34" type="stmt"/>
        <line num="323" count="34" type="stmt"/>
        <line num="326" count="439" type="stmt"/>
        <line num="328" count="439" type="cond" truecount="4" falsecount="0"/>
        <line num="329" count="2" type="cond" truecount="2" falsecount="0"/>
        <line num="330" count="1" type="stmt"/>
        <line num="332" count="2" type="stmt"/>
        <line num="335" count="439" type="stmt"/>
        <line num="339" count="439" type="stmt"/>
        <line num="345" count="439" type="stmt"/>
        <line num="347" count="439" type="stmt"/>
        <line num="348" count="439" type="stmt"/>
        <line num="349" count="439" type="stmt"/>
        <line num="350" count="439" type="cond" truecount="2" falsecount="0"/>
        <line num="355" count="26" type="stmt"/>
        <line num="357" count="439" type="cond" truecount="2" falsecount="0"/>
        <line num="362" count="199" type="stmt"/>
        <line num="365" count="439" type="stmt"/>
        <line num="366" count="439" type="stmt"/>
        <line num="367" count="439" type="stmt"/>
        <line num="368" count="439" type="cond" truecount="4" falsecount="0"/>
        <line num="369" count="37" type="stmt"/>
        <line num="370" count="37" type="stmt"/>
        <line num="372" count="439" type="cond" truecount="4" falsecount="0"/>
        <line num="373" count="185" type="stmt"/>
        <line num="374" count="185" type="stmt"/>
        <line num="377" count="439" type="stmt"/>
        <line num="378" count="439" type="stmt"/>
        <line num="380" count="439" type="stmt"/>
        <line num="387" count="439" type="stmt"/>
        <line num="389" count="439" type="stmt"/>
        <line num="393" count="10106" type="cond" truecount="2" falsecount="0"/>
        <line num="394" count="2098" type="stmt"/>
        <line num="397" count="8008" type="stmt"/>
        <line num="398" count="8008" type="cond" truecount="2" falsecount="0"/>
        <line num="399" count="165" type="stmt"/>
        <line num="400" count="165" type="cond" truecount="2" falsecount="0"/>
        <line num="401" count="92" type="stmt"/>
        <line num="402" count="550" type="cond" truecount="2" falsecount="0"/>
        <line num="407" count="2" type="stmt"/>
        <line num="411" count="163" type="stmt"/>
        <line num="414" count="8008" type="stmt"/>
      </file>
      <file name="options.js" path="/Users/runner/work/quick-quoted-search/quick-quoted-search/src/options.js">
        <metrics statements="101" coveredstatements="96" conditionals="12" coveredconditionals="10" methods="41" coveredmethods="41"/>
        <line num="10" count="95" type="stmt"/>
        <line num="15" count="95" type="stmt"/>
        <line num="21" count="95" type="stmt"/>
        <line num="23" count="95" type="stmt"/>
        <line num="37" count="95" type="stmt"/>
        <line num="57" count="95" type="stmt"/>
        <line num="63" count="95" type="stmt"/>
        <line num="64" count="95" type="stmt"/>
        <line num="71" count="95" type="stmt"/>
        <line num="73" count="95" type="stmt"/>
        <line num="74" count="95" type="stmt"/>
        <line num="75" count="95" type="stmt"/>
        <line num="77" count="95" type="stmt"/>
        <line num="79" count="95" type="stmt"/>
        <line num="80" count="95" type="stmt"/>
        <line num="82" count="95" type="stmt"/>
        <line num="83" count="95" type="stmt"/>
        <line num="85" count="95" type="stmt"/>
        <line num="87" count="95" type="stmt"/>
        <line num="91" count="95" type="stmt"/>
        <line num="95" count="95" type="stmt"/>
        <line num="96" count="950" type="stmt"/>
        <line num="97" count="950" type="stmt"/>
        <line num="98" count="1367" type="stmt"/>
        <line num="100" count="950" type="stmt"/>
        <line num="105" count="95" type="stmt"/>
        <line num="106" count="2775" type="stmt"/>
        <line num="107" count="2775" type="stmt"/>
        <line num="112" count="95" type="stmt"/>
        <line num="113" count="95" type="stmt"/>
        <line num="114" count="13" type="cond" truecount="2" falsecount="0"/>
        <line num="115" count="7" type="stmt"/>
        <line num="119" count="95" type="stmt"/>
        <line num="120" count="95" type="stmt"/>
        <line num="121" count="95" type="stmt"/>
        <line num="122" count="13" type="stmt"/>
        <line num="127" count="95" type="stmt"/>
        <line num="128" count="28" type="stmt"/>
        <line num="129" count="28" type="stmt"/>
        <line num="138" count="95" type="stmt"/>
        <line num="139" count="28" type="stmt"/>
        <line num="140" count="28" type="stmt"/>
        <line num="149" count="95" type="stmt"/>
        <line num="150" count="1140" type="stmt"/>
        <line num="151" count="1140" type="stmt"/>
        <line num="152" count="1140" type="stmt"/>
        <line num="153" count="1140" type="stmt"/>
        <line num="154" count="1140" type="stmt"/>
        <line num="155" count="1140" type="stmt"/>
        <line num="156" count="1140" type="stmt"/>
        <line num="157" count="114" type="stmt"/>
        <line num="163" count="950" type="stmt"/>
        <line num="164" count="95" type="stmt"/>
        <line num="165" count="25" type="stmt"/>
        <line num="175" count="1367" type="stmt"/>
        <line num="179" count="1367" type="stmt"/>
        <line num="180" count="1367" type="stmt"/>
        <line num="181" count="1367" type="cond" truecount="1" falsecount="1"/>
        <line num="182" count="1367" type="stmt"/>
        <line num="183" count="1367" type="stmt"/>
        <line num="185" count="0" type="stmt"/>
        <line num="188" count="0" type="stmt"/>
        <line num="189" count="0" type="stmt"/>
        <line num="192" count="1367" type="stmt"/>
        <line num="196" count="2877" type="stmt"/>
        <line num="197" count="28770" type="stmt"/>
        <line num="200" count="2877" type="stmt"/>
        <line num="204" count="4244" type="stmt"/>
        <line num="205" count="42440" type="stmt"/>
        <line num="206" count="16976" type="cond" truecount="2" falsecount="0"/>
        <line num="208" count="42440" type="stmt"/>
        <line num="213" count="950" type="stmt"/>
        <line num="214" count="95" type="cond" truecount="1" falsecount="1"/>
        <line num="215" count="95" type="stmt"/>
        <line num="216" count="95" type="stmt"/>
        <line num="217" count="95" type="stmt"/>
        <line num="219" count="0" type="stmt"/>
        <line num="222" count="0" type="stmt"/>
        <line num="229" count="95" type="cond" truecount="2" falsecount="0"/>
        <line num="230" count="10" type="stmt"/>
        <line num="231" count="90" type="cond" truecount="2" falsecount="0"/>
        <line num="232" count="30" type="stmt"/>
        <line num="239" count="950" type="stmt"/>
        <line num="240" count="95" type="stmt"/>
        <line num="241" count="95" type="stmt"/>
        <line num="243" count="95" type="stmt"/>
        <line num="244" count="95" type="stmt"/>
        <line num="245" count="95" type="stmt"/>
        <line num="246" count="95" type="stmt"/>
        <line num="247" count="95" type="stmt"/>
        <line num="248" count="95" type="stmt"/>
        <line num="250" count="95" type="stmt"/>
        <line num="253" count="285" type="stmt"/>
        <line num="254" count="285" type="stmt"/>
        <line num="259" count="95" type="stmt"/>
        <line num="261" count="95" type="stmt"/>
        <line num="268" count="95" type="stmt"/>
        <line num="275" count="808" type="stmt"/>
        <line num="279" count="7" type="stmt"/>
        <line num="280" count="7" type="stmt"/>
        <line num="281" count="7" type="stmt"/>
      </file>
    </package>
    <package name="src.modules">
      <metrics statements="476" coveredstatements="457" conditionals="166" coveredconditionals="145" methods="148" coveredmethods="140"/>
      <file name="__communication_proxy.js" path="/Users/runner/work/quick-quoted-search/quick-quoted-search/src/modules/__communication_proxy.js">
        <metrics statements="41" coveredstatements="40" conditionals="4" coveredconditionals="2" methods="12" coveredmethods="12"/>
        <line num="5" count="1817" type="stmt"/>
        <line num="6" count="1817" type="stmt"/>
        <line num="7" count="1817" type="stmt"/>
        <line num="8" count="194" type="stmt"/>
        <line num="9" count="12" type="stmt"/>
        <line num="10" count="12" type="stmt"/>
        <line num="14" count="1817" type="stmt"/>
        <line num="15" count="1817" type="stmt"/>
        <line num="16" count="1817" type="stmt"/>
        <line num="17" count="1788" type="stmt"/>
        <line num="18" count="1665" type="stmt"/>
        <line num="19" count="1665" type="stmt"/>
        <line num="23" count="1817" type="stmt"/>
        <line num="24" count="1817" type="stmt"/>
        <line num="25" count="42" type="stmt"/>
        <line num="26" count="42" type="stmt"/>
        <line num="29" count="1817" type="stmt"/>
        <line num="30" count="1817" type="stmt"/>
        <line num="31" count="10041" type="stmt"/>
        <line num="32" count="10041" type="stmt"/>
        <line num="37" count="331" type="cond" truecount="1" falsecount="1"/>
        <line num="38" count="0" type="stmt"/>
        <line num="41" count="331" type="stmt"/>
        <line num="42" count="331" type="stmt"/>
        <line num="43" count="194" type="stmt"/>
        <line num="44" count="194" type="stmt"/>
        <line num="45" count="194" type="stmt"/>
        <line num="46" count="194" type="stmt"/>
        <line num="49" count="331" type="stmt"/>
        <line num="50" count="331" type="stmt"/>
        <line num="51" count="179" type="stmt"/>
        <line num="52" count="1594" type="stmt"/>
        <line num="53" count="1594" type="stmt"/>
        <line num="54" count="1594" type="stmt"/>
        <line num="58" count="331" type="cond" truecount="1" falsecount="1"/>
        <line num="59" count="331" type="stmt"/>
        <line num="60" count="331" type="stmt"/>
        <line num="61" count="29" type="stmt"/>
        <line num="62" count="29" type="stmt"/>
        <line num="63" count="29" type="stmt"/>
        <line num="64" count="29" type="stmt"/>
      </file>
      <file name="__config.js" path="/Users/runner/work/quick-quoted-search/quick-quoted-search/src/modules/__config.js">
        <metrics statements="1" coveredstatements="1" conditionals="0" coveredconditionals="0" methods="1" coveredmethods="0"/>
        <line num="1" count="333" type="stmt"/>
      </file>
      <file name="__constants.js" path="/Users/runner/work/quick-quoted-search/quick-quoted-search/src/modules/__constants.js">
        <metrics statements="6" coveredstatements="6" conditionals="0" coveredconditionals="0" methods="0" coveredmethods="0"/>
        <line num="4" count="331" type="stmt"/>
        <line num="14" count="331" type="stmt"/>
        <line num="22" count="331" type="stmt"/>
        <line num="59" count="331" type="stmt"/>
        <line num="64" count="331" type="stmt"/>
        <line num="73" count="331" type="stmt"/>
      </file>
      <file name="__functions.js" path="/Users/runner/work/quick-quoted-search/quick-quoted-search/src/modules/__functions.js">
        <metrics statements="72" coveredstatements="70" conditionals="43" coveredconditionals="34" methods="23" coveredmethods="23"/>
        <line num="15" count="18300" type="stmt"/>
        <line num="16" count="18300" type="cond" truecount="2" falsecount="0"/>
        <line num="32" count="3287" type="stmt"/>
        <line num="33" count="3287" type="cond" truecount="2" falsecount="0"/>
        <line num="45" count="3287" type="stmt"/>
        <line num="46" count="3287" type="stmt"/>
        <line num="60" count="805" type="cond" truecount="1" falsecount="1"/>
        <line num="74" count="845" type="cond" truecount="1" falsecount="1"/>
        <line num="85" count="721" type="cond" truecount="2" falsecount="0"/>
        <line num="98" count="151" type="cond" truecount="2" falsecount="0"/>
        <line num="99" count="150" type="stmt"/>
        <line num="101" count="1" type="stmt"/>
        <line num="115" count="96" type="cond" truecount="2" falsecount="0"/>
        <line num="116" count="95" type="stmt"/>
        <line num="118" count="1" type="stmt"/>
        <line num="128" count="150" type="stmt"/>
        <line num="129" count="150" type="stmt"/>
        <line num="130" count="7060" type="stmt"/>
        <line num="131" count="7060" type="stmt"/>
        <line num="132" count="7060" type="stmt"/>
        <line num="133" count="7060" type="cond" truecount="2" falsecount="0"/>
        <line num="134" count="6205" type="stmt"/>
        <line num="136" count="855" type="stmt"/>
        <line num="137" count="855" type="stmt"/>
        <line num="138" count="1140" type="stmt"/>
        <line num="139" count="1140" type="stmt"/>
        <line num="140" count="1140" type="stmt"/>
        <line num="141" count="1140" type="stmt"/>
        <line num="143" count="855" type="stmt"/>
        <line num="145" count="7060" type="stmt"/>
        <line num="146" count="7060" type="stmt"/>
        <line num="147" count="7060" type="stmt"/>
        <line num="162" count="19033" type="cond" truecount="2" falsecount="0"/>
        <line num="163" count="18997" type="stmt"/>
        <line num="164" count="18997" type="cond" truecount="1" falsecount="1"/>
        <line num="165" count="18997" type="stmt"/>
        <line num="166" count="18997" type="cond" truecount="1" falsecount="1"/>
        <line num="167" count="18997" type="cond" truecount="1" falsecount="1"/>
        <line num="168" count="0" type="stmt"/>
        <line num="170" count="18997" type="stmt"/>
        <line num="172" count="113848" type="stmt"/>
        <line num="174" count="18997" type="cond" truecount="1" falsecount="1"/>
        <line num="175" count="0" type="stmt"/>
        <line num="181" count="19033" type="stmt"/>
        <line num="184" count="19033" type="stmt"/>
        <line num="206" count="10042" type="stmt"/>
        <line num="207" count="10042" type="stmt"/>
        <line num="209" count="1" type="stmt"/>
        <line num="225" count="74" type="stmt"/>
        <line num="226" count="74" type="stmt"/>
        <line num="240" count="478" type="stmt"/>
        <line num="259" count="112" type="stmt"/>
        <line num="260" count="112" type="stmt"/>
        <line num="278" count="366" type="stmt"/>
        <line num="279" count="366" type="cond" truecount="2" falsecount="0"/>
        <line num="280" count="229" type="stmt"/>
        <line num="281" count="229" type="stmt"/>
        <line num="284" count="229" type="cond" truecount="3" falsecount="1"/>
        <line num="285" count="211" type="stmt"/>
        <line num="288" count="137" type="stmt"/>
        <line num="306" count="462" type="stmt"/>
        <line num="307" count="462" type="cond" truecount="2" falsecount="0"/>
        <line num="308" count="101" type="stmt"/>
        <line num="309" count="361" type="cond" truecount="2" falsecount="0"/>
        <line num="310" count="112" type="stmt"/>
        <line num="312" count="249" type="cond" truecount="1" falsecount="1"/>
        <line num="329" count="382" type="stmt"/>
        <line num="330" count="382" type="stmt"/>
        <line num="346" count="28" type="stmt"/>
        <line num="347" count="28" type="stmt"/>
        <line num="363" count="52" type="stmt"/>
        <line num="364" count="52" type="stmt"/>
      </file>
      <file name="__globals.js" path="/Users/runner/work/quick-quoted-search/quick-quoted-search/src/modules/__globals.js">
        <metrics statements="4" coveredstatements="4" conditionals="0" coveredconditionals="0" methods="1" coveredmethods="1"/>
        <line num="31" count="331" type="stmt"/>
        <line num="32" count="331" type="stmt"/>
        <line num="34" count="331" type="stmt"/>
        <line num="35" count="331" type="stmt"/>
      </file>
      <file name="__how_to_open_link.js" path="/Users/runner/work/quick-quoted-search/quick-quoted-search/src/modules/__how_to_open_link.js">
        <metrics statements="19" coveredstatements="19" conditionals="15" coveredconditionals="15" methods="4" coveredmethods="4"/>
        <line num="16" count="332" type="stmt"/>
        <line num="22" count="332" type="stmt"/>
        <line num="33" count="1817" type="cond" truecount="2" falsecount="0"/>
        <line num="34" count="1817" type="stmt"/>
        <line num="38" count="2292" type="cond" truecount="3" falsecount="0"/>
        <line num="41" count="332" type="stmt"/>
        <line num="42" count="332" type="stmt"/>
        <line num="43" count="332" type="stmt"/>
        <line num="44" count="332" type="stmt"/>
        <line num="64" count="1694" type="stmt"/>
        <line num="65" count="1694" type="stmt"/>
        <line num="68" count="332" type="stmt"/>
        <line num="69" count="332" type="stmt"/>
        <line num="70" count="332" type="stmt"/>
        <line num="71" count="332" type="stmt"/>
        <line num="81" count="828" type="cond" truecount="2" falsecount="0"/>
        <line num="82" count="772" type="cond" truecount="2" falsecount="0"/>
        <line num="83" count="692" type="cond" truecount="2" falsecount="0"/>
        <line num="84" count="624" type="cond" truecount="2" falsecount="0"/>
      </file>
      <file name="__initializer.js" path="/Users/runner/work/quick-quoted-search/quick-quoted-search/src/modules/__initializer.js">
        <metrics statements="10" coveredstatements="10" conditionals="2" coveredconditionals="2" methods="2" coveredmethods="2"/>
        <line num="16" count="331" type="stmt"/>
        <line num="18" count="331" type="stmt"/>
        <line num="20" count="331" type="stmt"/>
        <line num="24" count="331" type="stmt"/>
        <line num="25" count="331" type="stmt"/>
        <line num="26" count="331" type="cond" truecount="2" falsecount="0"/>
        <line num="27" count="73" type="stmt"/>
        <line num="28" count="73" type="stmt"/>
        <line num="30" count="258" type="stmt"/>
        <line num="32" count="331" type="stmt"/>
      </file>
      <file name="__logger.js" path="/Users/runner/work/quick-quoted-search/quick-quoted-search/src/modules/__logger.js">
        <metrics statements="18" coveredstatements="18" conditionals="11" coveredconditionals="11" methods="10" coveredmethods="10"/>
        <line num="15" count="373" type="stmt"/>
        <line num="22" count="105" type="stmt"/>
        <line num="34" count="3118" type="stmt"/>
        <line num="46" count="19147" type="stmt"/>
        <line num="58" count="10311" type="stmt"/>
        <line num="70" count="14323" type="stmt"/>
        <line num="82" count="7" type="stmt"/>
        <line num="94" count="5" type="stmt"/>
        <line num="107" count="8695" type="stmt"/>
        <line num="122" count="9" type="stmt"/>
        <line num="135" count="55615" type="cond" truecount="4" falsecount="0"/>
        <line num="136" count="7" type="stmt"/>
        <line num="139" count="55608" type="stmt"/>
        <line num="140" count="55608" type="cond" truecount="5" falsecount="0"/>
        <line num="141" count="54091" type="stmt"/>
        <line num="142" count="112822" type="stmt"/>
        <line num="143" count="112822" type="stmt"/>
        <line num="147" count="55608" type="stmt"/>
      </file>
      <file name="__options.js" path="/Users/runner/work/quick-quoted-search/quick-quoted-search/src/modules/__options.js">
        <metrics statements="59" coveredstatements="59" conditionals="17" coveredconditionals="16" methods="18" coveredmethods="18"/>
        <line num="11" count="332" type="stmt"/>
        <line num="13" count="332" type="stmt"/>
        <line num="15" count="332" type="stmt"/>
        <line num="17" count="332" type="stmt"/>
        <line num="21" count="332" type="stmt"/>
        <line num="23" count="332" type="stmt"/>
        <line num="24" count="332" type="stmt"/>
        <line num="35" count="332" type="stmt"/>
        <line num="36" count="4967" type="stmt"/>
        <line num="37" count="4050" type="cond" truecount="3" falsecount="0"/>
        <line num="38" count="4552" type="stmt"/>
        <line num="39" count="3624" type="stmt"/>
        <line num="40" count="3609" type="stmt"/>
        <line num="41" count="5703" type="stmt"/>
        <line num="42" count="3641" type="cond" truecount="2" falsecount="0"/>
        <line num="43" count="3577" type="stmt"/>
        <line num="44" count="5259" type="stmt"/>
        <line num="45" count="3247" type="stmt"/>
        <line num="49" count="332" type="stmt"/>
        <line num="50" count="3320" type="stmt"/>
        <line num="51" count="3320" type="stmt"/>
        <line num="53" count="1418" type="cond" truecount="2" falsecount="0"/>
        <line num="54" count="30" type="stmt"/>
        <line num="56" count="1388" type="cond" truecount="1" falsecount="1"/>
        <line num="57" count="1388" type="stmt"/>
        <line num="58" count="1388" type="stmt"/>
        <line num="62" count="40811" type="cond" truecount="2" falsecount="0"/>
        <line num="69" count="332" type="stmt"/>
        <line num="75" count="401" type="stmt"/>
        <line num="76" count="401" type="stmt"/>
        <line num="81" count="276" type="stmt"/>
        <line num="84" count="6552" type="stmt"/>
        <line num="85" count="3510" type="stmt"/>
        <line num="97" count="401" type="stmt"/>
        <line num="98" count="401" type="stmt"/>
        <line num="100" count="401" type="stmt"/>
        <line num="101" count="8081" type="stmt"/>
        <line num="109" count="381" type="stmt"/>
        <line num="112" count="381" type="stmt"/>
        <line num="113" count="381" type="stmt"/>
        <line num="120" count="8" type="stmt"/>
        <line num="121" count="8" type="stmt"/>
        <line num="125" count="1396" type="stmt"/>
        <line num="126" count="1396" type="stmt"/>
        <line num="127" count="1396" type="stmt"/>
        <line num="128" count="1396" type="stmt"/>
        <line num="132" count="8081" type="stmt"/>
        <line num="134" count="8081" type="cond" truecount="2" falsecount="0"/>
        <line num="135" count="67" type="stmt"/>
        <line num="138" count="8014" type="cond" truecount="2" falsecount="0"/>
        <line num="139" count="5764" type="stmt"/>
        <line num="140" count="5764" type="cond" truecount="2" falsecount="0"/>
        <line num="141" count="1462" type="stmt"/>
        <line num="144" count="1462" type="stmt"/>
        <line num="149" count="4302" type="stmt"/>
        <line num="150" count="4302" type="stmt"/>
        <line num="156" count="2250" type="stmt"/>
        <line num="157" count="2250" type="stmt"/>
        <line num="162" count="6552" type="stmt"/>
      </file>
      <file name="common.js" path="/Users/runner/work/quick-quoted-search/quick-quoted-search/src/modules/common.js">
        <metrics statements="0" coveredstatements="0" conditionals="0" coveredconditionals="0" methods="0" coveredmethods="0"/>
      </file>
      <file name="input_components.js" path="/Users/runner/work/quick-quoted-search/quick-quoted-search/src/modules/input_components.js">
        <metrics statements="50" coveredstatements="47" conditionals="7" coveredconditionals="7" methods="29" coveredmethods="26"/>
        <line num="19" count="950" type="stmt"/>
        <line num="22" count="950" type="stmt"/>
        <line num="23" count="950" type="stmt"/>
        <line num="31" count="118794" type="stmt"/>
        <line num="39" count="95" type="stmt"/>
        <line num="46" count="28770" type="stmt"/>
        <line num="47" count="28770" type="stmt"/>
        <line num="54" count="19710" type="stmt"/>
        <line num="61" count="42440" type="stmt"/>
        <line num="68" count="950" type="stmt"/>
        <line num="75" count="3443" type="stmt"/>
        <line num="76" count="3443" type="cond" truecount="2" falsecount="0"/>
        <line num="77" count="1367" type="stmt"/>
        <line num="78" count="1367" type="stmt"/>
        <line num="79" count="1367" type="stmt"/>
        <line num="90" count="0" type="stmt"/>
        <line num="99" count="0" type="stmt"/>
        <line num="108" count="0" type="stmt"/>
        <line num="113" count="95" type="stmt"/>
        <line num="119" count="760" type="stmt"/>
        <line num="120" count="760" type="stmt"/>
        <line num="121" count="760" type="stmt"/>
        <line num="129" count="23016" type="stmt"/>
        <line num="140" count="21657" type="stmt"/>
        <line num="148" count="33952" type="stmt"/>
        <line num="154" count="760" type="stmt"/>
        <line num="155" count="7111" type="stmt"/>
        <line num="156" count="22578" type="cond" truecount="2" falsecount="0"/>
        <line num="161" count="2723" type="stmt"/>
        <line num="165" count="760" type="stmt"/>
        <line num="174" count="95" type="stmt"/>
        <line num="175" count="95" type="stmt"/>
        <line num="176" count="95" type="stmt"/>
        <line num="184" count="2877" type="stmt"/>
        <line num="192" count="701" type="stmt"/>
        <line num="200" count="4244" type="stmt"/>
        <line num="204" count="95" type="stmt"/>
        <line num="205" count="455" type="stmt"/>
        <line num="215" count="95" type="stmt"/>
        <line num="216" count="95" type="stmt"/>
        <line num="217" count="95" type="stmt"/>
        <line num="225" count="2877" type="stmt"/>
        <line num="233" count="795" type="stmt"/>
        <line num="241" count="4244" type="stmt"/>
        <line num="245" count="95" type="stmt"/>
        <line num="246" count="265" type="stmt"/>
        <line num="257" count="95" type="stmt"/>
        <line num="258" count="808" type="stmt"/>
        <line num="260" count="808" type="stmt"/>
        <line num="261" count="808" type="stmt"/>
      </file>
      <file name="modifier_keys.js" path="/Users/runner/work/quick-quoted-search/quick-quoted-search/src/modules/modifier_keys.js">
        <metrics statements="5" coveredstatements="5" conditionals="0" coveredconditionals="0" methods="4" coveredmethods="4"/>
        <line num="10" count="55" type="stmt"/>
        <line num="16" count="55" type="stmt"/>
        <line num="17" count="165" type="stmt"/>
        <line num="19" count="257" type="stmt"/>
        <line num="28" count="99" type="stmt"/>
      </file>
      <file name="popup_icon.js" path="/Users/runner/work/quick-quoted-search/quick-quoted-search/src/modules/popup_icon.js">
        <metrics statements="152" coveredstatements="139" conditionals="53" coveredconditionals="44" methods="33" coveredmethods="30"/>
        <line num="11" count="106" type="stmt"/>
        <line num="13" count="106" type="stmt"/>
        <line num="22" count="106" type="stmt"/>
        <line num="23" count="106" type="stmt"/>
        <line num="25" count="980" type="stmt"/>
        <line num="26" count="1188" type="stmt"/>
        <line num="27" count="4649" type="stmt"/>
        <line num="29" count="243" type="stmt"/>
        <line num="36" count="104" type="stmt"/>
        <line num="43" count="5255" type="stmt"/>
        <line num="51" count="119" type="stmt"/>
        <line num="55" count="9" type="stmt"/>
        <line num="56" count="9" type="stmt"/>
        <line num="60" count="980" type="stmt"/>
        <line num="61" count="980" type="stmt"/>
        <line num="62" count="980" type="stmt"/>
        <line num="63" count="980" type="cond" truecount="4" falsecount="0"/>
        <line num="64" count="180" type="cond" truecount="2" falsecount="0"/>
        <line num="65" count="180" type="stmt"/>
        <line num="66" count="180" type="stmt"/>
        <line num="71" count="1188" type="stmt"/>
        <line num="72" count="1188" type="cond" truecount="1" falsecount="1"/>
        <line num="73" count="1188" type="stmt"/>
        <line num="78" count="4649" type="cond" truecount="2" falsecount="0"/>
        <line num="79" count="1707" type="stmt"/>
        <line num="84" count="243" type="stmt"/>
        <line num="86" count="243" type="cond" truecount="2" falsecount="0"/>
        <line num="87" count="9" type="stmt"/>
        <line num="94" count="1188" type="stmt"/>
        <line num="95" count="1188" type="stmt"/>
        <line num="96" count="1188" type="stmt"/>
        <line num="97" count="1188" type="cond" truecount="2" falsecount="0"/>
        <line num="102" count="1100" type="cond" truecount="4" falsecount="0"/>
        <line num="105" count="469" type="stmt"/>
        <line num="108" count="631" type="stmt"/>
        <line num="109" count="631" type="stmt"/>
        <line num="111" count="631" type="stmt"/>
        <line num="113" count="631" type="stmt"/>
        <line num="114" count="631" type="stmt"/>
        <line num="115" count="631" type="cond" truecount="1" falsecount="1"/>
        <line num="122" count="631" type="cond" truecount="2" falsecount="0"/>
        <line num="126" count="631" type="cond" truecount="2" falsecount="0"/>
        <line num="129" count="631" type="stmt"/>
        <line num="130" count="631" type="cond" truecount="2" falsecount="2"/>
        <line num="131" count="631" type="stmt"/>
        <line num="133" count="0" type="stmt"/>
        <line num="134" count="0" type="stmt"/>
        <line num="135" count="0" type="cond" truecount="0" falsecount="2"/>
        <line num="141" count="631" type="stmt"/>
        <line num="143" count="88" type="stmt"/>
        <line num="153" count="106" type="stmt"/>
        <line num="164" count="106" type="stmt"/>
        <line num="165" count="106" type="stmt"/>
        <line num="170" count="106" type="stmt"/>
        <line num="172" count="106" type="stmt"/>
        <line num="175" count="106" type="stmt"/>
        <line num="178" count="1177" type="stmt"/>
        <line num="179" count="1177" type="cond" truecount="2" falsecount="0"/>
        <line num="180" count="563" type="stmt"/>
        <line num="182" count="614" type="stmt"/>
        <line num="186" count="400" type="stmt"/>
        <line num="189" count="546" type="stmt"/>
        <line num="190" count="546" type="stmt"/>
        <line num="194" count="106" type="stmt"/>
        <line num="198" count="469" type="stmt"/>
        <line num="199" count="469" type="cond" truecount="1" falsecount="1"/>
        <line num="200" count="469" type="stmt"/>
        <line num="204" count="711" type="stmt"/>
        <line num="208" count="106" type="stmt"/>
        <line num="209" count="106" type="stmt"/>
        <line num="216" count="106" type="stmt"/>
        <line num="217" count="106" type="stmt"/>
        <line num="222" count="106" type="stmt"/>
        <line num="223" count="318" type="stmt"/>
        <line num="224" count="318" type="stmt"/>
        <line num="225" count="318" type="stmt"/>
        <line num="227" count="318" type="stmt"/>
        <line num="228" count="318" type="stmt"/>
        <line num="229" count="318" type="cond" truecount="2" falsecount="0"/>
        <line num="230" count="212" type="stmt"/>
        <line num="231" count="212" type="stmt"/>
        <line num="233" count="318" type="stmt"/>
        <line num="235" count="318" type="stmt"/>
        <line num="236" count="318" type="stmt"/>
        <line num="238" count="318" type="stmt"/>
        <line num="239" count="318" type="stmt"/>
        <line num="240" count="318" type="stmt"/>
        <line num="241" count="318" type="stmt"/>
        <line num="242" count="318" type="cond" truecount="2" falsecount="0"/>
        <line num="243" count="212" type="stmt"/>
        <line num="244" count="212" type="stmt"/>
        <line num="246" count="106" type="stmt"/>
        <line num="250" count="106" type="stmt"/>
        <line num="251" count="28" type="stmt"/>
        <line num="252" count="28" type="stmt"/>
        <line num="255" count="106" type="stmt"/>
        <line num="256" count="400" type="stmt"/>
        <line num="257" count="400" type="stmt"/>
        <line num="260" count="106" type="stmt"/>
        <line num="261" count="41" type="stmt"/>
        <line num="262" count="41" type="stmt"/>
        <line num="265" count="106" type="stmt"/>
        <line num="270" count="106" type="stmt"/>
        <line num="272" count="106" type="stmt"/>
        <line num="273" count="106" type="stmt"/>
        <line num="274" count="0" type="cond" truecount="0" falsecount="2"/>
        <line num="275" count="0" type="stmt"/>
        <line num="279" count="106" type="stmt"/>
        <line num="280" count="0" type="stmt"/>
        <line num="281" count="0" type="stmt"/>
        <line num="283" count="0" type="stmt"/>
        <line num="284" count="0" type="stmt"/>
        <line num="285" count="0" type="stmt"/>
        <line num="288" count="106" type="stmt"/>
        <line num="289" count="0" type="stmt"/>
        <line num="290" count="0" type="stmt"/>
        <line num="291" count="0" type="stmt"/>
        <line num="297" count="106" type="stmt"/>
        <line num="304" count="104" type="stmt"/>
        <line num="311" count="210" type="cond" truecount="2" falsecount="0"/>
        <line num="312" count="210" type="stmt"/>
        <line num="313" count="420" type="stmt"/>
        <line num="314" count="420" type="stmt"/>
        <line num="315" count="420" type="stmt"/>
        <line num="316" count="420" type="cond" truecount="2" falsecount="0"/>
        <line num="330" count="631" type="stmt"/>
        <line num="331" count="631" type="stmt"/>
        <line num="332" count="631" type="stmt"/>
        <line num="333" count="631" type="stmt"/>
        <line num="337" count="631" type="stmt"/>
        <line num="338" count="631" type="stmt"/>
        <line num="339" count="631" type="stmt"/>
        <line num="341" count="631" type="stmt"/>
        <line num="355" count="631" type="stmt"/>
        <line num="356" count="631" type="stmt"/>
        <line num="357" count="631" type="stmt"/>
        <line num="358" count="631" type="stmt"/>
        <line num="359" count="631" type="stmt"/>
        <line num="363" count="631" type="stmt"/>
        <line num="364" count="631" type="stmt"/>
        <line num="366" count="631" type="stmt"/>
        <line num="367" count="631" type="stmt"/>
        <line num="371" count="349" type="stmt"/>
        <line num="373" count="349" type="cond" truecount="2" falsecount="0"/>
        <line num="374" count="322" type="stmt"/>
        <line num="376" count="27" type="stmt"/>
        <line num="379" count="349" type="cond" truecount="2" falsecount="0"/>
        <line num="380" count="337" type="stmt"/>
        <line num="382" count="12" type="stmt"/>
        <line num="387" count="1813" type="cond" truecount="2" falsecount="0"/>
        <line num="388" count="546" type="stmt"/>
        <line num="389" count="546" type="stmt"/>
      </file>
      <file name="port_to_background.js" path="/Users/runner/work/quick-quoted-search/quick-quoted-search/src/modules/port_to_background.js">
        <metrics statements="39" coveredstatements="39" conditionals="14" coveredconditionals="14" methods="11" coveredmethods="10"/>
        <line num="10" count="182" type="stmt"/>
        <line num="22" count="182" type="stmt"/>
        <line num="26" count="198" type="cond" truecount="2" falsecount="0"/>
        <line num="27" count="1" type="stmt"/>
        <line num="28" count="1" type="stmt"/>
        <line num="31" count="197" type="stmt"/>
        <line num="32" count="197" type="stmt"/>
        <line num="33" count="194" type="stmt"/>
        <line num="39" count="3" type="stmt"/>
        <line num="47" count="3" type="stmt"/>
        <line num="50" count="194" type="stmt"/>
        <line num="51" count="194" type="stmt"/>
        <line num="53" count="194" type="stmt"/>
        <line num="57" count="18" type="cond" truecount="2" falsecount="0"/>
        <line num="58" count="4" type="stmt"/>
        <line num="61" count="14" type="stmt"/>
        <line num="62" count="14" type="stmt"/>
        <line num="63" count="13" type="stmt"/>
        <line num="66" count="1" type="stmt"/>
        <line num="76" count="14" type="stmt"/>
        <line num="80" count="9" type="stmt"/>
        <line num="82" count="9" type="stmt"/>
        <line num="83" count="9" type="stmt"/>
        <line num="85" count="9" type="cond" truecount="4" falsecount="0"/>
        <line num="91" count="1" type="stmt"/>
        <line num="92" count="1" type="stmt"/>
        <line num="100" count="115" type="stmt"/>
        <line num="107" count="9927" type="cond" truecount="2" falsecount="0"/>
        <line num="108" count="1" type="stmt"/>
        <line num="111" count="9926" type="stmt"/>
        <line num="115" count="9927" type="cond" truecount="2" falsecount="0"/>
        <line num="116" count="66" type="cond" truecount="2" falsecount="0"/>
        <line num="117" count="65" type="stmt"/>
        <line num="119" count="1" type="stmt"/>
        <line num="122" count="9927" type="stmt"/>
        <line num="126" count="12" type="stmt"/>
        <line num="127" count="12" type="stmt"/>
        <line num="129" count="12" type="stmt"/>
        <line num="133" count="113" type="stmt"/>
      </file>
    </package>
  </project>
</coverage>
