<?xml version="1.0" encoding="UTF-8"?>
<coverage generated="1670569648414" clover="3.2.0">
  <project timestamp="1670569648414" name="All files">
    <metrics statements="777" coveredstatements="750" conditionals="315" coveredconditionals="289" methods="231" coveredmethods="223" elements="1323" coveredelements="1262" complexity="0" loc="777" ncloc="777" packages="2" files="16" classes="16"/>
    <package name="src">
      <metrics statements="376" coveredstatements="367" conditionals="169" coveredconditionals="162" methods="102" coveredmethods="102"/>
      <file name="action.js" path="/Users/runner/work/quick-quoted-search/quick-quoted-search/src/action.js">
        <metrics statements="51" coveredstatements="51" conditionals="10" coveredconditionals="10" methods="8" coveredmethods="8"/>
        <line num="9" count="55" type="stmt"/>
        <line num="14" count="55" type="stmt"/>
        <line num="20" count="55" type="stmt"/>
        <line num="28" count="55" type="stmt"/>
        <line num="30" count="55" type="stmt"/>
        <line num="31" count="55" type="stmt"/>
        <line num="33" count="55" type="stmt"/>
        <line num="39" count="55" type="stmt"/>
        <line num="46" count="8" type="stmt"/>
        <line num="50" count="8" type="cond" truecount="2" falsecount="0"/>
        <line num="51" count="2" type="stmt"/>
        <line num="54" count="6" type="stmt"/>
        <line num="55" count="6" type="cond" truecount="2" falsecount="0"/>
        <line num="56" count="2" type="stmt"/>
        <line num="59" count="4" type="stmt"/>
        <line num="60" count="4" type="stmt"/>
        <line num="61" count="4" type="stmt"/>
        <line num="69" count="55" type="stmt"/>
        <line num="71" count="55" type="stmt"/>
        <line num="73" count="55" type="stmt"/>
        <line num="75" count="55" type="stmt"/>
        <line num="77" count="55" type="stmt"/>
        <line num="79" count="55" type="stmt"/>
        <line num="80" count="55" type="stmt"/>
        <line num="81" count="55" type="stmt"/>
        <line num="82" count="55" type="stmt"/>
        <line num="86" count="122" type="stmt"/>
        <line num="88" count="122" type="stmt"/>
        <line num="92" count="122" type="cond" truecount="2" falsecount="0"/>
        <line num="93" count="99" type="cond" truecount="2" falsecount="0"/>
        <line num="94" count="90" type="stmt"/>
        <line num="96" count="99" type="stmt"/>
        <line num="101" count="24" type="stmt"/>
        <line num="102" count="24" type="stmt"/>
        <line num="110" count="28" type="stmt"/>
        <line num="122" count="55" type="stmt"/>
        <line num="123" count="55" type="stmt"/>
        <line num="124" count="55" type="stmt"/>
        <line num="125" count="110" type="stmt"/>
        <line num="126" count="110" type="stmt"/>
        <line num="127" count="110" type="stmt"/>
        <line num="128" count="110" type="stmt"/>
        <line num="129" count="110" type="cond" truecount="2" falsecount="0"/>
        <line num="130" count="108" type="stmt"/>
        <line num="132" count="2" type="stmt"/>
        <line num="133" count="2" type="stmt"/>
        <line num="136" count="110" type="stmt"/>
        <line num="137" count="110" type="stmt"/>
        <line num="138" count="110" type="stmt"/>
        <line num="139" count="110" type="stmt"/>
        <line num="140" count="110" type="stmt"/>
      </file>
      <file name="background.js" path="/Users/runner/work/quick-quoted-search/quick-quoted-search/src/background.js">
        <metrics statements="90" coveredstatements="90" conditionals="42" coveredconditionals="42" methods="25" coveredmethods="25"/>
        <line num="5" count="73" type="stmt"/>
        <line num="10" count="73" type="stmt"/>
        <line num="16" count="73" type="stmt"/>
        <line num="28" count="73" type="stmt"/>
        <line num="36" count="73" type="stmt"/>
        <line num="50" count="34" type="stmt"/>
        <line num="53" count="34" type="stmt"/>
        <line num="69" count="12" type="stmt"/>
        <line num="72" count="17" type="stmt"/>
        <line num="81" count="73" type="stmt"/>
        <line num="83" count="73" type="stmt"/>
        <line num="84" count="73" type="stmt"/>
        <line num="86" count="73" type="stmt"/>
        <line num="87" count="73" type="stmt"/>
        <line num="89" count="73" type="stmt"/>
        <line num="96" count="1504" type="stmt"/>
        <line num="97" count="1504" type="stmt"/>
        <line num="98" count="1504" type="stmt"/>
        <line num="102" count="1462" type="stmt"/>
        <line num="103" count="1462" type="stmt"/>
        <line num="107" count="41" type="stmt"/>
        <line num="114" count="815" type="cond" truecount="4" falsecount="0"/>
        <line num="115" count="75" type="stmt"/>
        <line num="118" count="75" type="stmt"/>
        <line num="121" count="740" type="stmt"/>
        <line num="122" count="740" type="stmt"/>
        <line num="126" count="207" type="stmt"/>
        <line num="130" count="354" type="stmt"/>
        <line num="134" count="45" type="stmt"/>
        <line num="148" count="21" type="stmt"/>
        <line num="152" count="20" type="stmt"/>
        <line num="160" count="80" type="stmt"/>
        <line num="162" count="80" type="cond" truecount="2" falsecount="0"/>
        <line num="163" count="29" type="stmt"/>
        <line num="168" count="29" type="stmt"/>
        <line num="171" count="51" type="stmt"/>
        <line num="177" count="51" type="stmt"/>
        <line num="181" count="70" type="stmt"/>
        <line num="184" count="70" type="cond" truecount="2" falsecount="0"/>
        <line num="185" count="19" type="stmt"/>
        <line num="186" count="19" type="stmt"/>
        <line num="187" count="19" type="cond" truecount="2" falsecount="0"/>
        <line num="188" count="9" type="stmt"/>
        <line num="189" count="9" type="stmt"/>
        <line num="193" count="61" type="cond" truecount="2" falsecount="0"/>
        <line num="194" count="8" type="stmt"/>
        <line num="199" count="8" type="stmt"/>
        <line num="202" count="53" type="cond" truecount="2" falsecount="0"/>
        <line num="203" count="7" type="stmt"/>
        <line num="208" count="7" type="stmt"/>
        <line num="211" count="46" type="stmt"/>
        <line num="219" count="489" type="stmt"/>
        <line num="227" count="740" type="stmt"/>
        <line num="228" count="740" type="stmt"/>
        <line num="229" count="740" type="stmt"/>
        <line num="233" count="312" type="stmt"/>
        <line num="241" count="1504" type="stmt"/>
        <line num="242" count="1504" type="stmt"/>
        <line num="243" count="3008" type="stmt"/>
        <line num="248" count="1229" type="stmt"/>
        <line num="250" count="1229" type="stmt"/>
        <line num="251" count="2458" type="stmt"/>
        <line num="252" count="2458" type="stmt"/>
        <line num="254" count="2458" type="cond" truecount="5" falsecount="0"/>
        <line num="258" count="2458" type="stmt"/>
        <line num="260" count="2458" type="cond" truecount="2" falsecount="0"/>
        <line num="261" count="1626" type="stmt"/>
        <line num="262" count="1626" type="cond" truecount="5" falsecount="0"/>
        <line num="263" count="413" type="stmt"/>
        <line num="265" count="1626" type="cond" truecount="2" falsecount="0"/>
        <line num="266" count="1583" type="stmt"/>
        <line num="269" count="1626" type="cond" truecount="2" falsecount="0"/>
        <line num="270" count="433" type="stmt"/>
        <line num="276" count="433" type="stmt"/>
        <line num="278" count="1193" type="stmt"/>
        <line num="281" count="832" type="cond" truecount="2" falsecount="0"/>
        <line num="282" count="329" type="stmt"/>
        <line num="283" count="329" type="stmt"/>
        <line num="290" count="275" type="stmt"/>
        <line num="291" count="275" type="cond" truecount="2" falsecount="0"/>
        <line num="292" count="8" type="stmt"/>
        <line num="295" count="8" type="stmt"/>
        <line num="298" count="267" type="cond" truecount="2" falsecount="0"/>
        <line num="299" count="250" type="stmt"/>
        <line num="302" count="267" type="stmt"/>
        <line num="306" count="29" type="stmt"/>
        <line num="307" count="29" type="stmt"/>
        <line num="308" count="29" type="stmt"/>
        <line num="312" count="250" type="stmt"/>
        <line num="316" count="250" type="stmt"/>
      </file>
      <file name="content.js" path="/Users/runner/work/quick-quoted-search/quick-quoted-search/src/content.js">
        <metrics statements="134" coveredstatements="130" conditionals="105" coveredconditionals="100" methods="29" coveredmethods="29"/>
        <line num="7" count="91" type="stmt"/>
        <line num="12" count="91" type="stmt"/>
        <line num="14" count="91" type="cond" truecount="3" falsecount="1"/>
        <line num="16" count="0" type="stmt"/>
        <line num="20" count="0" type="stmt"/>
        <line num="27" count="91" type="stmt"/>
        <line num="30" count="91" type="stmt"/>
        <line num="39" count="91" type="stmt"/>
        <line num="48" count="91" type="stmt"/>
        <line num="52" count="89" type="stmt"/>
        <line num="53" count="89" type="stmt"/>
        <line num="56" count="9762" type="cond" truecount="2" falsecount="0"/>
        <line num="59" count="89" type="cond" truecount="1" falsecount="1"/>
        <line num="63" count="91" type="stmt"/>
        <line num="71" count="91" type="stmt"/>
        <line num="79" count="91" type="stmt"/>
        <line num="81" count="91" type="stmt"/>
        <line num="83" count="91" type="stmt"/>
        <line num="84" count="91" type="stmt"/>
        <line num="85" count="91" type="stmt"/>
        <line num="87" count="91" type="stmt"/>
        <line num="88" count="91" type="stmt"/>
        <line num="89" count="91" type="stmt"/>
        <line num="90" count="243" type="stmt"/>
        <line num="98" count="104" type="stmt"/>
        <line num="100" count="104" type="stmt"/>
        <line num="104" count="9" type="stmt"/>
        <line num="108" count="89" type="stmt"/>
        <line num="112" count="90" type="stmt"/>
        <line num="114" count="90" type="stmt"/>
        <line num="118" count="90" type="stmt"/>
        <line num="120" count="90" type="stmt"/>
        <line num="124" count="89" type="stmt"/>
        <line num="125" count="89" type="stmt"/>
        <line num="126" count="89" type="stmt"/>
        <line num="127" count="89" type="stmt"/>
        <line num="131" count="90" type="cond" truecount="2" falsecount="0"/>
        <line num="132" count="30" type="stmt"/>
        <line num="133" count="30" type="stmt"/>
        <line num="136" count="60" type="stmt"/>
        <line num="145" count="5" type="stmt"/>
        <line num="147" count="5" type="stmt"/>
        <line num="151" count="5" type="stmt"/>
        <line num="155" count="4484" type="stmt"/>
        <line num="159" count="3009" type="stmt"/>
        <line num="160" count="4784" type="cond" truecount="1" falsecount="1"/>
        <line num="161" count="4784" type="stmt"/>
        <line num="162" count="2433" type="cond" truecount="4" falsecount="0"/>
        <line num="163" count="663" type="cond" truecount="2" falsecount="0"/>
        <line num="164" count="3" type="stmt"/>
        <line num="165" count="3" type="stmt"/>
        <line num="167" count="663" type="stmt"/>
        <line num="168" count="1" type="stmt"/>
        <line num="169" count="1" type="stmt"/>
        <line num="178" count="247" type="cond" truecount="2" falsecount="0"/>
        <line num="181" count="76" type="stmt"/>
        <line num="184" count="171" type="cond" truecount="2" falsecount="0"/>
        <line num="185" count="17" type="stmt"/>
        <line num="188" count="171" type="stmt"/>
        <line num="189" count="1758" type="stmt"/>
        <line num="192" count="171" type="stmt"/>
        <line num="193" count="1715" type="cond" truecount="4" falsecount="0"/>
        <line num="194" count="1709" type="stmt"/>
        <line num="198" count="171" type="stmt"/>
        <line num="199" count="1606" type="stmt"/>
        <line num="202" count="171" type="stmt"/>
        <line num="203" count="68" type="cond" truecount="2" falsecount="0"/>
        <line num="213" count="17" type="cond" truecount="2" falsecount="0"/>
        <line num="214" count="8" type="stmt"/>
        <line num="225" count="28" type="stmt"/>
        <line num="237" count="400" type="cond" truecount="1" falsecount="1"/>
        <line num="238" count="0" type="stmt"/>
        <line num="241" count="400" type="stmt"/>
        <line num="245" count="41" type="stmt"/>
        <line num="257" count="5090" type="stmt"/>
        <line num="267" count="5090" type="stmt"/>
        <line num="276" count="5090" type="stmt"/>
        <line num="278" count="5090" type="stmt"/>
        <line num="282" count="9673" type="cond" truecount="2" falsecount="0"/>
        <line num="284" count="309" type="stmt"/>
        <line num="287" count="9364" type="stmt"/>
        <line num="288" count="9364" type="cond" truecount="3" falsecount="1"/>
        <line num="292" count="0" type="stmt"/>
        <line num="295" count="9364" type="stmt"/>
        <line num="305" count="9364" type="stmt"/>
        <line num="306" count="9364" type="stmt"/>
        <line num="310" count="477" type="cond" truecount="4" falsecount="0"/>
        <line num="311" count="4" type="stmt"/>
        <line num="315" count="4" type="stmt"/>
        <line num="318" count="473" type="stmt"/>
        <line num="321" count="473" type="stmt"/>
        <line num="322" count="473" type="cond" truecount="2" falsecount="0"/>
        <line num="323" count="34" type="stmt"/>
        <line num="326" count="34" type="stmt"/>
        <line num="329" count="439" type="stmt"/>
        <line num="331" count="439" type="cond" truecount="4" falsecount="0"/>
        <line num="332" count="2" type="cond" truecount="2" falsecount="0"/>
        <line num="333" count="1" type="stmt"/>
        <line num="335" count="2" type="stmt"/>
        <line num="338" count="439" type="stmt"/>
        <line num="342" count="439" type="stmt"/>
        <line num="348" count="439" type="stmt"/>
        <line num="350" count="439" type="stmt"/>
        <line num="351" count="439" type="stmt"/>
        <line num="352" count="439" type="stmt"/>
        <line num="353" count="439" type="cond" truecount="2" falsecount="0"/>
        <line num="358" count="26" type="stmt"/>
        <line num="360" count="439" type="cond" truecount="2" falsecount="0"/>
        <line num="365" count="199" type="stmt"/>
        <line num="368" count="439" type="stmt"/>
        <line num="369" count="439" type="stmt"/>
        <line num="370" count="439" type="stmt"/>
        <line num="371" count="439" type="cond" truecount="4" falsecount="0"/>
        <line num="372" count="37" type="stmt"/>
        <line num="373" count="37" type="stmt"/>
        <line num="375" count="439" type="cond" truecount="4" falsecount="0"/>
        <line num="376" count="185" type="stmt"/>
        <line num="377" count="185" type="stmt"/>
        <line num="380" count="439" type="stmt"/>
        <line num="381" count="439" type="stmt"/>
        <line num="383" count="439" type="stmt"/>
        <line num="390" count="439" type="stmt"/>
        <line num="392" count="439" type="stmt"/>
        <line num="396" count="9790" type="cond" truecount="2" falsecount="0"/>
        <line num="397" count="2063" type="stmt"/>
        <line num="400" count="7727" type="stmt"/>
        <line num="401" count="7727" type="cond" truecount="2" falsecount="0"/>
        <line num="402" count="144" type="stmt"/>
        <line num="403" count="144" type="cond" truecount="2" falsecount="0"/>
        <line num="404" count="77" type="stmt"/>
        <line num="405" count="460" type="cond" truecount="2" falsecount="0"/>
        <line num="410" count="2" type="stmt"/>
        <line num="414" count="142" type="stmt"/>
        <line num="417" count="7727" type="stmt"/>
      </file>
      <file name="options.js" path="/Users/runner/work/quick-quoted-search/quick-quoted-search/src/options.js">
        <metrics statements="101" coveredstatements="96" conditionals="12" coveredconditionals="10" methods="40" coveredmethods="40"/>
        <line num="10" count="90" type="stmt"/>
        <line num="15" count="90" type="stmt"/>
        <line num="21" count="90" type="stmt"/>
        <line num="23" count="90" type="stmt"/>
        <line num="36" count="90" type="stmt"/>
        <line num="55" count="90" type="stmt"/>
        <line num="61" count="90" type="stmt"/>
        <line num="62" count="90" type="stmt"/>
        <line num="69" count="90" type="stmt"/>
        <line num="71" count="90" type="stmt"/>
        <line num="72" count="90" type="stmt"/>
        <line num="73" count="90" type="stmt"/>
        <line num="75" count="90" type="stmt"/>
        <line num="77" count="90" type="stmt"/>
        <line num="78" count="90" type="stmt"/>
        <line num="80" count="90" type="stmt"/>
        <line num="81" count="90" type="stmt"/>
        <line num="83" count="90" type="stmt"/>
        <line num="85" count="90" type="stmt"/>
        <line num="89" count="90" type="stmt"/>
        <line num="93" count="90" type="stmt"/>
        <line num="94" count="810" type="stmt"/>
        <line num="95" count="810" type="stmt"/>
        <line num="96" count="1138" type="stmt"/>
        <line num="98" count="810" type="stmt"/>
        <line num="103" count="90" type="stmt"/>
        <line num="104" count="2316" type="stmt"/>
        <line num="105" count="2316" type="stmt"/>
        <line num="110" count="90" type="stmt"/>
        <line num="111" count="90" type="stmt"/>
        <line num="112" count="13" type="cond" truecount="2" falsecount="0"/>
        <line num="113" count="7" type="stmt"/>
        <line num="117" count="90" type="stmt"/>
        <line num="118" count="90" type="stmt"/>
        <line num="119" count="90" type="stmt"/>
        <line num="120" count="13" type="stmt"/>
        <line num="125" count="90" type="stmt"/>
        <line num="126" count="28" type="stmt"/>
        <line num="127" count="28" type="stmt"/>
        <line num="136" count="90" type="stmt"/>
        <line num="137" count="28" type="stmt"/>
        <line num="138" count="28" type="stmt"/>
        <line num="147" count="90" type="stmt"/>
        <line num="148" count="990" type="stmt"/>
        <line num="149" count="990" type="stmt"/>
        <line num="150" count="990" type="stmt"/>
        <line num="151" count="990" type="stmt"/>
        <line num="152" count="990" type="stmt"/>
        <line num="153" count="990" type="stmt"/>
        <line num="154" count="990" type="stmt"/>
        <line num="155" count="94" type="stmt"/>
        <line num="161" count="810" type="stmt"/>
        <line num="162" count="90" type="stmt"/>
        <line num="163" count="23" type="stmt"/>
        <line num="173" count="1138" type="stmt"/>
        <line num="177" count="1138" type="stmt"/>
        <line num="178" count="1138" type="stmt"/>
        <line num="179" count="1138" type="cond" truecount="1" falsecount="1"/>
        <line num="180" count="1138" type="stmt"/>
        <line num="181" count="1138" type="stmt"/>
        <line num="183" count="0" type="stmt"/>
        <line num="186" count="0" type="stmt"/>
        <line num="187" count="0" type="stmt"/>
        <line num="190" count="1138" type="stmt"/>
        <line num="194" count="2413" type="stmt"/>
        <line num="195" count="21717" type="stmt"/>
        <line num="198" count="2413" type="stmt"/>
        <line num="202" count="3551" type="stmt"/>
        <line num="203" count="31959" type="stmt"/>
        <line num="204" count="10653" type="cond" truecount="2" falsecount="0"/>
        <line num="206" count="31959" type="stmt"/>
        <line num="211" count="810" type="stmt"/>
        <line num="212" count="90" type="cond" truecount="1" falsecount="1"/>
        <line num="213" count="90" type="stmt"/>
        <line num="214" count="90" type="stmt"/>
        <line num="215" count="90" type="stmt"/>
        <line num="217" count="0" type="stmt"/>
        <line num="220" count="0" type="stmt"/>
        <line num="227" count="90" type="cond" truecount="2" falsecount="0"/>
        <line num="228" count="10" type="stmt"/>
        <line num="229" count="90" type="cond" truecount="2" falsecount="0"/>
        <line num="230" count="30" type="stmt"/>
        <line num="237" count="810" type="stmt"/>
        <line num="238" count="90" type="stmt"/>
        <line num="239" count="90" type="stmt"/>
        <line num="241" count="90" type="stmt"/>
        <line num="242" count="90" type="stmt"/>
        <line num="243" count="90" type="stmt"/>
        <line num="244" count="90" type="stmt"/>
        <line num="245" count="90" type="stmt"/>
        <line num="246" count="90" type="stmt"/>
        <line num="248" count="90" type="stmt"/>
        <line num="251" count="270" type="stmt"/>
        <line num="252" count="270" type="stmt"/>
        <line num="257" count="90" type="stmt"/>
        <line num="259" count="90" type="stmt"/>
        <line num="266" count="90" type="stmt"/>
        <line num="273" count="738" type="stmt"/>
        <line num="277" count="7" type="stmt"/>
        <line num="278" count="7" type="stmt"/>
        <line num="279" count="7" type="stmt"/>
      </file>
    </package>
    <package name="src.modules">
      <metrics statements="401" coveredstatements="383" conditionals="146" coveredconditionals="127" methods="129" coveredmethods="121"/>
      <file name="__config.js" path="/Users/runner/work/quick-quoted-search/quick-quoted-search/src/modules/__config.js">
        <metrics statements="1" coveredstatements="1" conditionals="0" coveredconditionals="0" methods="1" coveredmethods="0"/>
        <line num="1" count="313" type="stmt"/>
      </file>
      <file name="__constants.js" path="/Users/runner/work/quick-quoted-search/quick-quoted-search/src/modules/__constants.js">
        <metrics statements="6" coveredstatements="6" conditionals="0" coveredconditionals="0" methods="0" coveredmethods="0"/>
        <line num="4" count="311" type="stmt"/>
        <line num="14" count="311" type="stmt"/>
        <line num="22" count="311" type="stmt"/>
        <line num="59" count="311" type="stmt"/>
        <line num="64" count="311" type="stmt"/>
        <line num="73" count="311" type="stmt"/>
      </file>
      <file name="__functions.js" path="/Users/runner/work/quick-quoted-search/quick-quoted-search/src/modules/__functions.js">
        <metrics statements="72" coveredstatements="70" conditionals="43" coveredconditionals="34" methods="23" coveredmethods="23"/>
        <line num="15" count="17789" type="stmt"/>
        <line num="16" count="17789" type="cond" truecount="2" falsecount="0"/>
        <line num="32" count="3252" type="stmt"/>
        <line num="33" count="3252" type="cond" truecount="2" falsecount="0"/>
        <line num="45" count="3252" type="stmt"/>
        <line num="46" count="3252" type="stmt"/>
        <line num="60" count="805" type="cond" truecount="1" falsecount="1"/>
        <line num="74" count="804" type="cond" truecount="1" falsecount="1"/>
        <line num="85" count="644" type="cond" truecount="2" falsecount="0"/>
        <line num="98" count="146" type="cond" truecount="2" falsecount="0"/>
        <line num="99" count="145" type="stmt"/>
        <line num="101" count="1" type="stmt"/>
        <line num="115" count="91" type="cond" truecount="2" falsecount="0"/>
        <line num="116" count="90" type="stmt"/>
        <line num="118" count="1" type="stmt"/>
        <line num="128" count="145" type="stmt"/>
        <line num="129" count="145" type="stmt"/>
        <line num="130" count="6340" type="stmt"/>
        <line num="131" count="6340" type="stmt"/>
        <line num="132" count="6340" type="stmt"/>
        <line num="133" count="6340" type="cond" truecount="2" falsecount="0"/>
        <line num="134" count="5620" type="stmt"/>
        <line num="136" count="720" type="stmt"/>
        <line num="137" count="720" type="stmt"/>
        <line num="138" count="990" type="stmt"/>
        <line num="139" count="990" type="stmt"/>
        <line num="140" count="990" type="stmt"/>
        <line num="141" count="990" type="stmt"/>
        <line num="143" count="720" type="stmt"/>
        <line num="145" count="6340" type="stmt"/>
        <line num="146" count="6340" type="stmt"/>
        <line num="147" count="6340" type="stmt"/>
        <line num="162" count="18392" type="cond" truecount="2" falsecount="0"/>
        <line num="163" count="18356" type="stmt"/>
        <line num="164" count="18356" type="cond" truecount="1" falsecount="1"/>
        <line num="165" count="18356" type="stmt"/>
        <line num="166" count="18356" type="cond" truecount="1" falsecount="1"/>
        <line num="167" count="18356" type="cond" truecount="1" falsecount="1"/>
        <line num="168" count="0" type="stmt"/>
        <line num="170" count="18356" type="stmt"/>
        <line num="172" count="110002" type="stmt"/>
        <line num="174" count="18356" type="cond" truecount="1" falsecount="1"/>
        <line num="175" count="0" type="stmt"/>
        <line num="181" count="18392" type="stmt"/>
        <line num="184" count="18392" type="stmt"/>
        <line num="206" count="9711" type="stmt"/>
        <line num="207" count="9711" type="stmt"/>
        <line num="209" count="1" type="stmt"/>
        <line num="225" count="74" type="stmt"/>
        <line num="226" count="74" type="stmt"/>
        <line num="240" count="478" type="stmt"/>
        <line num="259" count="112" type="stmt"/>
        <line num="260" count="112" type="stmt"/>
        <line num="278" count="366" type="stmt"/>
        <line num="279" count="366" type="cond" truecount="2" falsecount="0"/>
        <line num="280" count="229" type="stmt"/>
        <line num="281" count="229" type="stmt"/>
        <line num="284" count="229" type="cond" truecount="3" falsecount="1"/>
        <line num="285" count="211" type="stmt"/>
        <line num="288" count="137" type="stmt"/>
        <line num="306" count="462" type="stmt"/>
        <line num="307" count="462" type="cond" truecount="2" falsecount="0"/>
        <line num="308" count="101" type="stmt"/>
        <line num="309" count="361" type="cond" truecount="2" falsecount="0"/>
        <line num="310" count="112" type="stmt"/>
        <line num="312" count="249" type="cond" truecount="1" falsecount="1"/>
        <line num="329" count="382" type="stmt"/>
        <line num="330" count="382" type="stmt"/>
        <line num="346" count="28" type="stmt"/>
        <line num="347" count="28" type="stmt"/>
        <line num="363" count="52" type="stmt"/>
        <line num="364" count="52" type="stmt"/>
      </file>
      <file name="__globals.js" path="/Users/runner/work/quick-quoted-search/quick-quoted-search/src/modules/__globals.js">
        <metrics statements="12" coveredstatements="12" conditionals="2" coveredconditionals="2" methods="2" coveredmethods="2"/>
        <line num="34" count="311" type="stmt"/>
        <line num="35" count="311" type="stmt"/>
        <line num="37" count="311" type="stmt"/>
        <line num="38" count="311" type="stmt"/>
        <line num="40" count="311" type="stmt"/>
        <line num="44" count="311" type="stmt"/>
        <line num="45" count="311" type="stmt"/>
        <line num="46" count="311" type="cond" truecount="2" falsecount="0"/>
        <line num="47" count="73" type="stmt"/>
        <line num="48" count="73" type="stmt"/>
        <line num="50" count="238" type="stmt"/>
        <line num="52" count="311" type="stmt"/>
      </file>
      <file name="__how_to_open_link.js" path="/Users/runner/work/quick-quoted-search/quick-quoted-search/src/modules/__how_to_open_link.js">
        <metrics statements="19" coveredstatements="19" conditionals="15" coveredconditionals="15" methods="4" coveredmethods="4"/>
        <line num="16" count="312" type="stmt"/>
        <line num="22" count="312" type="stmt"/>
        <line num="33" count="1737" type="cond" truecount="2" falsecount="0"/>
        <line num="34" count="1737" type="stmt"/>
        <line num="38" count="2292" type="cond" truecount="3" falsecount="0"/>
        <line num="41" count="312" type="stmt"/>
        <line num="42" count="312" type="stmt"/>
        <line num="43" count="312" type="stmt"/>
        <line num="44" count="312" type="stmt"/>
        <line num="64" count="1614" type="stmt"/>
        <line num="65" count="1614" type="stmt"/>
        <line num="68" count="312" type="stmt"/>
        <line num="69" count="312" type="stmt"/>
        <line num="70" count="312" type="stmt"/>
        <line num="71" count="312" type="stmt"/>
        <line num="81" count="828" type="cond" truecount="2" falsecount="0"/>
        <line num="82" count="772" type="cond" truecount="2" falsecount="0"/>
        <line num="83" count="692" type="cond" truecount="2" falsecount="0"/>
        <line num="84" count="624" type="cond" truecount="2" falsecount="0"/>
      </file>
      <file name="__logger.js" path="/Users/runner/work/quick-quoted-search/quick-quoted-search/src/modules/__logger.js">
        <metrics statements="16" coveredstatements="16" conditionals="9" coveredconditionals="9" methods="8" coveredmethods="8"/>
        <line num="15" count="338" type="stmt"/>
        <line num="22" count="90" type="stmt"/>
        <line num="34" count="12018" type="stmt"/>
        <line num="46" count="16294" type="stmt"/>
        <line num="58" count="11475" type="stmt"/>
        <line num="70" count="7" type="stmt"/>
        <line num="82" count="5" type="stmt"/>
        <line num="95" count="7825" type="stmt"/>
        <line num="108" count="47624" type="cond" truecount="2" falsecount="0"/>
        <line num="109" count="6" type="stmt"/>
        <line num="112" count="47618" type="stmt"/>
        <line num="113" count="47618" type="cond" truecount="5" falsecount="0"/>
        <line num="114" count="46337" type="stmt"/>
        <line num="115" count="90487" type="stmt"/>
        <line num="116" count="90487" type="stmt"/>
        <line num="120" count="47618" type="stmt"/>
      </file>
      <file name="__options.js" path="/Users/runner/work/quick-quoted-search/quick-quoted-search/src/modules/__options.js">
        <metrics statements="58" coveredstatements="58" conditionals="17" coveredconditionals="16" methods="17" coveredmethods="17"/>
        <line num="11" count="312" type="stmt"/>
        <line num="13" count="312" type="stmt"/>
        <line num="15" count="312" type="stmt"/>
        <line num="17" count="312" type="stmt"/>
        <line num="21" count="312" type="stmt"/>
        <line num="23" count="312" type="stmt"/>
        <line num="24" count="312" type="stmt"/>
        <line num="35" count="312" type="stmt"/>
        <line num="36" count="4364" type="stmt"/>
        <line num="37" count="3449" type="cond" truecount="3" falsecount="0"/>
        <line num="38" count="3979" type="stmt"/>
        <line num="39" count="3059" type="stmt"/>
        <line num="40" count="5215" type="stmt"/>
        <line num="41" count="3150" type="cond" truecount="2" falsecount="0"/>
        <line num="42" count="3089" type="stmt"/>
        <line num="43" count="4771" type="stmt"/>
        <line num="44" count="2759" type="stmt"/>
        <line num="48" count="312" type="stmt"/>
        <line num="49" count="2808" type="stmt"/>
        <line num="50" count="2808" type="stmt"/>
        <line num="52" count="1184" type="cond" truecount="2" falsecount="0"/>
        <line num="53" count="27" type="stmt"/>
        <line num="55" count="1157" type="cond" truecount="1" falsecount="1"/>
        <line num="56" count="1157" type="stmt"/>
        <line num="57" count="1157" type="stmt"/>
        <line num="61" count="32651" type="cond" truecount="2" falsecount="0"/>
        <line num="68" count="312" type="stmt"/>
        <line num="74" count="375" type="stmt"/>
        <line num="75" count="375" type="stmt"/>
        <line num="80" count="256" type="stmt"/>
        <line num="83" count="4421" type="stmt"/>
        <line num="84" count="3004" type="stmt"/>
        <line num="96" count="375" type="stmt"/>
        <line num="97" count="375" type="stmt"/>
        <line num="99" count="375" type="stmt"/>
        <line num="100" count="5707" type="stmt"/>
        <line num="108" count="357" type="stmt"/>
        <line num="111" count="357" type="stmt"/>
        <line num="112" count="357" type="stmt"/>
        <line num="119" count="8" type="stmt"/>
        <line num="120" count="8" type="stmt"/>
        <line num="124" count="1165" type="stmt"/>
        <line num="125" count="1165" type="stmt"/>
        <line num="126" count="1165" type="stmt"/>
        <line num="127" count="1165" type="stmt"/>
        <line num="131" count="5707" type="stmt"/>
        <line num="133" count="5707" type="cond" truecount="2" falsecount="0"/>
        <line num="134" count="61" type="stmt"/>
        <line num="137" count="5646" type="cond" truecount="2" falsecount="0"/>
        <line num="138" count="3714" type="stmt"/>
        <line num="139" count="3714" type="cond" truecount="2" falsecount="0"/>
        <line num="140" count="1225" type="stmt"/>
        <line num="143" count="1225" type="stmt"/>
        <line num="148" count="2489" type="stmt"/>
        <line num="149" count="2489" type="stmt"/>
        <line num="155" count="1932" type="stmt"/>
        <line num="156" count="1932" type="stmt"/>
        <line num="161" count="4421" type="stmt"/>
      </file>
      <file name="common.js" path="/Users/runner/work/quick-quoted-search/quick-quoted-search/src/modules/common.js">
        <metrics statements="0" coveredstatements="0" conditionals="0" coveredconditionals="0" methods="0" coveredmethods="0"/>
      </file>
      <file name="input_components.js" path="/Users/runner/work/quick-quoted-search/quick-quoted-search/src/modules/input_components.js">
        <metrics statements="50" coveredstatements="47" conditionals="7" coveredconditionals="7" methods="29" coveredmethods="26"/>
        <line num="19" count="810" type="stmt"/>
        <line num="22" count="810" type="stmt"/>
        <line num="23" count="810" type="stmt"/>
        <line num="31" count="89152" type="stmt"/>
        <line num="39" count="90" type="stmt"/>
        <line num="46" count="21717" type="stmt"/>
        <line num="47" count="21717" type="stmt"/>
        <line num="54" count="12929" type="stmt"/>
        <line num="61" count="31959" type="stmt"/>
        <line num="68" count="810" type="stmt"/>
        <line num="75" count="2854" type="stmt"/>
        <line num="76" count="2854" type="cond" truecount="2" falsecount="0"/>
        <line num="77" count="1138" type="stmt"/>
        <line num="78" count="1138" type="stmt"/>
        <line num="79" count="1138" type="stmt"/>
        <line num="90" count="0" type="stmt"/>
        <line num="99" count="0" type="stmt"/>
        <line num="108" count="0" type="stmt"/>
        <line num="113" count="90" type="stmt"/>
        <line num="119" count="630" type="stmt"/>
        <line num="120" count="630" type="stmt"/>
        <line num="121" count="630" type="stmt"/>
        <line num="129" count="16891" type="stmt"/>
        <line num="140" count="14410" type="stmt"/>
        <line num="148" count="24857" type="stmt"/>
        <line num="154" count="630" type="stmt"/>
        <line num="155" count="5540" type="stmt"/>
        <line num="156" count="18055" type="cond" truecount="2" falsecount="0"/>
        <line num="161" count="2189" type="stmt"/>
        <line num="165" count="630" type="stmt"/>
        <line num="174" count="90" type="stmt"/>
        <line num="175" count="90" type="stmt"/>
        <line num="176" count="90" type="stmt"/>
        <line num="184" count="2413" type="stmt"/>
        <line num="192" count="653" type="stmt"/>
        <line num="200" count="3551" type="stmt"/>
        <line num="204" count="90" type="stmt"/>
        <line num="205" count="425" type="stmt"/>
        <line num="215" count="90" type="stmt"/>
        <line num="216" count="90" type="stmt"/>
        <line num="217" count="90" type="stmt"/>
        <line num="225" count="2413" type="stmt"/>
        <line num="233" count="720" type="stmt"/>
        <line num="241" count="3551" type="stmt"/>
        <line num="245" count="90" type="stmt"/>
        <line num="246" count="240" type="stmt"/>
        <line num="257" count="90" type="stmt"/>
        <line num="258" count="738" type="stmt"/>
        <line num="260" count="738" type="stmt"/>
        <line num="261" count="738" type="stmt"/>
      </file>
      <file name="modifier_keys.js" path="/Users/runner/work/quick-quoted-search/quick-quoted-search/src/modules/modifier_keys.js">
        <metrics statements="5" coveredstatements="5" conditionals="0" coveredconditionals="0" methods="4" coveredmethods="4"/>
        <line num="10" count="55" type="stmt"/>
        <line num="16" count="55" type="stmt"/>
        <line num="17" count="165" type="stmt"/>
        <line num="19" count="257" type="stmt"/>
        <line num="28" count="99" type="stmt"/>
      </file>
      <file name="popup_icon.js" path="/Users/runner/work/quick-quoted-search/quick-quoted-search/src/modules/popup_icon.js">
        <metrics statements="126" coveredstatements="113" conditionals="43" coveredconditionals="34" methods="30" coveredmethods="27"/>
        <line num="11" count="91" type="stmt"/>
        <line num="13" count="91" type="stmt"/>
        <line num="22" count="91" type="stmt"/>
        <line num="23" count="91" type="stmt"/>
        <line num="25" count="910" type="stmt"/>
        <line num="26" count="1153" type="stmt"/>
        <line num="27" count="4484" type="stmt"/>
        <line num="29" count="196" type="stmt"/>
        <line num="36" count="5090" type="stmt"/>
        <line num="44" count="104" type="stmt"/>
        <line num="48" count="9" type="stmt"/>
        <line num="49" count="9" type="stmt"/>
        <line num="53" count="910" type="stmt"/>
        <line num="54" count="910" type="stmt"/>
        <line num="55" count="910" type="stmt"/>
        <line num="56" count="910" type="cond" truecount="4" falsecount="0"/>
        <line num="57" count="158" type="cond" truecount="2" falsecount="0"/>
        <line num="58" count="158" type="stmt"/>
        <line num="59" count="158" type="stmt"/>
        <line num="64" count="1153" type="stmt"/>
        <line num="65" count="1153" type="cond" truecount="1" falsecount="1"/>
        <line num="66" count="1153" type="stmt"/>
        <line num="71" count="4484" type="cond" truecount="2" falsecount="0"/>
        <line num="72" count="1647" type="stmt"/>
        <line num="77" count="196" type="stmt"/>
        <line num="79" count="196" type="cond" truecount="2" falsecount="0"/>
        <line num="80" count="9" type="stmt"/>
        <line num="87" count="1153" type="stmt"/>
        <line num="88" count="1153" type="stmt"/>
        <line num="89" count="1153" type="stmt"/>
        <line num="90" count="1153" type="cond" truecount="2" falsecount="0"/>
        <line num="95" count="1065" type="cond" truecount="4" falsecount="0"/>
        <line num="98" count="469" type="stmt"/>
        <line num="101" count="596" type="stmt"/>
        <line num="102" count="596" type="stmt"/>
        <line num="104" count="596" type="stmt"/>
        <line num="106" count="596" type="stmt"/>
        <line num="107" count="596" type="stmt"/>
        <line num="108" count="596" type="cond" truecount="1" falsecount="1"/>
        <line num="115" count="596" type="cond" truecount="2" falsecount="0"/>
        <line num="119" count="596" type="cond" truecount="2" falsecount="0"/>
        <line num="122" count="596" type="stmt"/>
        <line num="123" count="596" type="cond" truecount="2" falsecount="2"/>
        <line num="124" count="596" type="stmt"/>
        <line num="126" count="0" type="stmt"/>
        <line num="127" count="0" type="stmt"/>
        <line num="128" count="0" type="cond" truecount="0" falsecount="2"/>
        <line num="134" count="596" type="stmt"/>
        <line num="136" count="88" type="stmt"/>
        <line num="146" count="91" type="stmt"/>
        <line num="157" count="91" type="stmt"/>
        <line num="158" count="91" type="stmt"/>
        <line num="163" count="91" type="stmt"/>
        <line num="165" count="91" type="stmt"/>
        <line num="168" count="91" type="stmt"/>
        <line num="171" count="1122" type="stmt"/>
        <line num="172" count="1122" type="cond" truecount="2" falsecount="0"/>
        <line num="173" count="528" type="stmt"/>
        <line num="175" count="594" type="stmt"/>
        <line num="179" count="400" type="stmt"/>
        <line num="182" count="526" type="stmt"/>
        <line num="183" count="526" type="stmt"/>
        <line num="187" count="91" type="stmt"/>
        <line num="191" count="469" type="stmt"/>
        <line num="192" count="469" type="cond" truecount="1" falsecount="1"/>
        <line num="193" count="469" type="stmt"/>
        <line num="197" count="676" type="stmt"/>
        <line num="201" count="91" type="stmt"/>
        <line num="202" count="91" type="stmt"/>
        <line num="209" count="91" type="stmt"/>
        <line num="210" count="91" type="stmt"/>
        <line num="215" count="91" type="stmt"/>
        <line num="216" count="273" type="stmt"/>
        <line num="217" count="273" type="stmt"/>
        <line num="218" count="273" type="stmt"/>
        <line num="219" count="273" type="stmt"/>
        <line num="220" count="273" type="stmt"/>
        <line num="223" count="91" type="stmt"/>
        <line num="224" count="28" type="stmt"/>
        <line num="225" count="28" type="stmt"/>
        <line num="228" count="91" type="stmt"/>
        <line num="229" count="400" type="stmt"/>
        <line num="230" count="400" type="stmt"/>
        <line num="233" count="91" type="stmt"/>
        <line num="234" count="41" type="stmt"/>
        <line num="235" count="41" type="stmt"/>
        <line num="241" count="91" type="stmt"/>
        <line num="243" count="91" type="stmt"/>
        <line num="244" count="91" type="stmt"/>
        <line num="245" count="0" type="cond" truecount="0" falsecount="2"/>
        <line num="246" count="0" type="stmt"/>
        <line num="250" count="91" type="stmt"/>
        <line num="251" count="0" type="stmt"/>
        <line num="252" count="0" type="stmt"/>
        <line num="254" count="0" type="stmt"/>
        <line num="255" count="0" type="stmt"/>
        <line num="256" count="0" type="stmt"/>
        <line num="259" count="91" type="stmt"/>
        <line num="260" count="0" type="stmt"/>
        <line num="261" count="0" type="stmt"/>
        <line num="262" count="0" type="stmt"/>
        <line num="268" count="91" type="stmt"/>
        <line num="281" count="596" type="stmt"/>
        <line num="282" count="596" type="stmt"/>
        <line num="283" count="596" type="stmt"/>
        <line num="284" count="596" type="stmt"/>
        <line num="288" count="596" type="stmt"/>
        <line num="289" count="596" type="stmt"/>
        <line num="290" count="596" type="stmt"/>
        <line num="292" count="596" type="stmt"/>
        <line num="306" count="596" type="stmt"/>
        <line num="307" count="596" type="stmt"/>
        <line num="308" count="596" type="stmt"/>
        <line num="309" count="596" type="stmt"/>
        <line num="310" count="596" type="stmt"/>
        <line num="314" count="596" type="stmt"/>
        <line num="315" count="596" type="stmt"/>
        <line num="317" count="596" type="stmt"/>
        <line num="318" count="596" type="stmt"/>
        <line num="322" count="287" type="stmt"/>
        <line num="324" count="287" type="cond" truecount="2" falsecount="0"/>
        <line num="325" count="260" type="stmt"/>
        <line num="327" count="27" type="stmt"/>
        <line num="332" count="1753" type="cond" truecount="2" falsecount="0"/>
        <line num="333" count="526" type="stmt"/>
        <line num="334" count="526" type="stmt"/>
      </file>
      <file name="port_to_background.js" path="/Users/runner/work/quick-quoted-search/quick-quoted-search/src/modules/port_to_background.js">
        <metrics statements="36" coveredstatements="36" conditionals="10" coveredconditionals="10" methods="11" coveredmethods="10"/>
        <line num="10" count="165" type="stmt"/>
        <line num="22" count="165" type="stmt"/>
        <line num="26" count="180" type="cond" truecount="2" falsecount="0"/>
        <line num="27" count="1" type="stmt"/>
        <line num="28" count="1" type="stmt"/>
        <line num="31" count="179" type="stmt"/>
        <line num="32" count="179" type="stmt"/>
        <line num="33" count="178" type="stmt"/>
        <line num="37" count="1" type="stmt"/>
        <line num="40" count="1" type="stmt"/>
        <line num="43" count="178" type="stmt"/>
        <line num="44" count="178" type="stmt"/>
        <line num="46" count="178" type="stmt"/>
        <line num="50" count="16" type="cond" truecount="2" falsecount="0"/>
        <line num="51" count="13" type="stmt"/>
        <line num="52" count="13" type="stmt"/>
        <line num="53" count="12" type="stmt"/>
        <line num="56" count="1" type="stmt"/>
        <line num="62" count="13" type="stmt"/>
        <line num="67" count="7" type="stmt"/>
        <line num="68" count="7" type="stmt"/>
        <line num="75" count="98" type="stmt"/>
        <line num="82" count="9596" type="cond" truecount="2" falsecount="0"/>
        <line num="83" count="1" type="stmt"/>
        <line num="86" count="9595" type="stmt"/>
        <line num="90" count="9596" type="cond" truecount="2" falsecount="0"/>
        <line num="91" count="66" type="cond" truecount="2" falsecount="0"/>
        <line num="92" count="65" type="stmt"/>
        <line num="94" count="1" type="stmt"/>
        <line num="97" count="9596" type="stmt"/>
        <line num="101" count="12" type="stmt"/>
        <line num="103" count="12" type="stmt"/>
        <line num="104" count="12" type="stmt"/>
        <line num="106" count="12" type="stmt"/>
        <line num="110" count="98" type="stmt"/>
        <line num="112" count="98" type="stmt"/>
      </file>
    </package>
  </project>
</coverage>
