{"/Users/runner/work/quick-quoted-search/quick-quoted-search/src/action.js": {"path":"/Users/runner/work/quick-quoted-search/quick-quoted-search/src/action.js","statementMap":{"0":{"start":{"line":7,"column":0},"end":{"line":161,"column":5}},"1":{"start":{"line":12,"column":2},"end":{"line":12,"column":38}},"2":{"start":{"line":18,"column":27},"end":{"line":20,"column":3}},"3":{"start":{"line":35,"column":2},"end":{"line":35,"column":39}},"4":{"start":{"line":36,"column":2},"end":{"line":36,"column":69}},"5":{"start":{"line":38,"column":2},"end":{"line":38,"column":79}},"6":{"start":{"line":39,"column":2},"end":{"line":39,"column":83}},"7":{"start":{"line":41,"column":2},"end":{"line":41,"column":58}},"8":{"start":{"line":42,"column":2},"end":{"line":42,"column":52}},"9":{"start":{"line":44,"column":2},"end":{"line":44,"column":67}},"10":{"start":{"line":51,"column":4},"end":{"line":51,"column":52}},"11":{"start":{"line":52,"column":4},"end":{"line":55,"column":5}},"12":{"start":{"line":53,"column":6},"end":{"line":53,"column":35}},"13":{"start":{"line":54,"column":6},"end":{"line":54,"column":93}},"14":{"start":{"line":59,"column":4},"end":{"line":59,"column":58}},"15":{"start":{"line":60,"column":4},"end":{"line":60,"column":50}},"16":{"start":{"line":64,"column":4},"end":{"line":71,"column":5}},"17":{"start":{"line":65,"column":38},"end":{"line":65,"column":88}},"18":{"start":{"line":66,"column":6},"end":{"line":70,"column":7}},"19":{"start":{"line":67,"column":26},"end":{"line":67,"column":72}},"20":{"start":{"line":68,"column":8},"end":{"line":68,"column":50}},"21":{"start":{"line":69,"column":8},"end":{"line":69,"column":74}},"22":{"start":{"line":79,"column":4},"end":{"line":81,"column":5}},"23":{"start":{"line":80,"column":6},"end":{"line":80,"column":97}},"24":{"start":{"line":83,"column":4},"end":{"line":83,"column":43}},"25":{"start":{"line":85,"column":4},"end":{"line":85,"column":31}},"26":{"start":{"line":87,"column":4},"end":{"line":87,"column":70}},"27":{"start":{"line":88,"column":4},"end":{"line":88,"column":68}},"28":{"start":{"line":89,"column":4},"end":{"line":89,"column":68}},"29":{"start":{"line":91,"column":4},"end":{"line":91,"column":94}},"30":{"start":{"line":93,"column":4},"end":{"line":93,"column":115}},"31":{"start":{"line":95,"column":30},"end":{"line":95,"column":73}},"32":{"start":{"line":96,"column":4},"end":{"line":96,"column":74}},"33":{"start":{"line":97,"column":36},"end":{"line":97,"column":68}},"34":{"start":{"line":98,"column":4},"end":{"line":98,"column":45}},"35":{"start":{"line":102,"column":4},"end":{"line":102,"column":80}},"36":{"start":{"line":106,"column":4},"end":{"line":106,"column":23}},"37":{"start":{"line":107,"column":36},"end":{"line":109,"column":5}},"38":{"start":{"line":110,"column":4},"end":{"line":115,"column":5}},"39":{"start":{"line":111,"column":6},"end":{"line":113,"column":7}},"40":{"start":{"line":112,"column":8},"end":{"line":112,"column":70}},"41":{"start":{"line":114,"column":6},"end":{"line":114,"column":77}},"42":{"start":{"line":119,"column":4},"end":{"line":119,"column":23}},"43":{"start":{"line":120,"column":4},"end":{"line":124,"column":6}},"44":{"start":{"line":128,"column":4},"end":{"line":132,"column":6}},"45":{"start":{"line":140,"column":25},"end":{"line":140,"column":65}},"46":{"start":{"line":141,"column":21},"end":{"line":141,"column":51}},"47":{"start":{"line":142,"column":4},"end":{"line":159,"column":5}},"48":{"start":{"line":143,"column":29},"end":{"line":143,"column":84}},"49":{"start":{"line":144,"column":6},"end":{"line":144,"column":49}},"50":{"start":{"line":145,"column":6},"end":{"line":145,"column":53}},"51":{"start":{"line":146,"column":30},"end":{"line":146,"column":88}},"52":{"start":{"line":147,"column":6},"end":{"line":152,"column":7}},"53":{"start":{"line":148,"column":8},"end":{"line":148,"column":70}},"54":{"start":{"line":150,"column":8},"end":{"line":150,"column":64}},"55":{"start":{"line":151,"column":8},"end":{"line":151,"column":94}},"56":{"start":{"line":154,"column":37},"end":{"line":154,"column":92}},"57":{"start":{"line":155,"column":6},"end":{"line":155,"column":57}},"58":{"start":{"line":156,"column":6},"end":{"line":156,"column":69}},"59":{"start":{"line":157,"column":38},"end":{"line":157,"column":104}},"60":{"start":{"line":158,"column":6},"end":{"line":158,"column":54}}},"fnMap":{"0":{"name":"main","decl":{"start":{"line":7,"column":16},"end":{"line":7,"column":20}},"loc":{"start":{"line":7,"column":23},"end":{"line":161,"column":1}},"line":7},"1":{"name":"onDisconnect","decl":{"start":{"line":50,"column":11},"end":{"line":50,"column":23}},"loc":{"start":{"line":50,"column":30},"end":{"line":56,"column":3}},"line":50},"2":{"name":"onMessage","decl":{"start":{"line":58,"column":11},"end":{"line":58,"column":20}},"loc":{"start":{"line":58,"column":36},"end":{"line":61,"column":3}},"line":58},"3":{"name":"onNotifySelection","decl":{"start":{"line":63,"column":11},"end":{"line":63,"column":28}},"loc":{"start":{"line":63,"column":45},"end":{"line":72,"column":3}},"line":63},"4":{"name":"onDOMContentLoaded","decl":{"start":{"line":78,"column":17},"end":{"line":78,"column":35}},"loc":{"start":{"line":78,"column":38},"end":{"line":99,"column":3}},"line":78},"5":{"name":"onKeystroke","decl":{"start":{"line":101,"column":17},"end":{"line":101,"column":28}},"loc":{"start":{"line":101,"column":32},"end":{"line":103,"column":3}},"line":101},"6":{"name":"onSearchFormSubmit","decl":{"start":{"line":105,"column":17},"end":{"line":105,"column":35}},"loc":{"start":{"line":105,"column":39},"end":{"line":116,"column":3}},"line":105},"7":{"name":"onShortcutsSettingsLinkClick","decl":{"start":{"line":118,"column":17},"end":{"line":118,"column":45}},"loc":{"start":{"line":118,"column":49},"end":{"line":125,"column":3}},"line":118},"8":{"name":"onOptionsPageButtonClick","decl":{"start":{"line":127,"column":17},"end":{"line":127,"column":41}},"loc":{"start":{"line":127,"column":45},"end":{"line":133,"column":3}},"line":127},"9":{"name":"fillShortcutsTable","decl":{"start":{"line":139,"column":17},"end":{"line":139,"column":35}},"loc":{"start":{"line":139,"column":38},"end":{"line":160,"column":3}},"line":139}},"branchMap":{"0":{"loc":{"start":{"line":52,"column":4},"end":{"line":55,"column":5}},"type":"if","locations":[{"start":{"line":52,"column":4},"end":{"line":55,"column":5}},{"start":{},"end":{}}],"line":52},"1":{"loc":{"start":{"line":64,"column":4},"end":{"line":71,"column":5}},"type":"if","locations":[{"start":{"line":64,"column":4},"end":{"line":71,"column":5}},{"start":{},"end":{}}],"line":64},"2":{"loc":{"start":{"line":66,"column":6},"end":{"line":70,"column":7}},"type":"if","locations":[{"start":{"line":66,"column":6},"end":{"line":70,"column":7}},{"start":{},"end":{}}],"line":66},"3":{"loc":{"start":{"line":79,"column":4},"end":{"line":81,"column":5}},"type":"if","locations":[{"start":{"line":79,"column":4},"end":{"line":81,"column":5}},{"start":{},"end":{}}],"line":79},"4":{"loc":{"start":{"line":110,"column":4},"end":{"line":115,"column":5}},"type":"if","locations":[{"start":{"line":110,"column":4},"end":{"line":115,"column":5}},{"start":{},"end":{}}],"line":110},"5":{"loc":{"start":{"line":111,"column":6},"end":{"line":113,"column":7}},"type":"if","locations":[{"start":{"line":111,"column":6},"end":{"line":113,"column":7}},{"start":{},"end":{}}],"line":111},"6":{"loc":{"start":{"line":147,"column":6},"end":{"line":152,"column":7}},"type":"if","locations":[{"start":{"line":147,"column":6},"end":{"line":152,"column":7}},{"start":{"line":149,"column":13},"end":{"line":152,"column":7}}],"line":147}},"s":{"0":56,"1":56,"2":56,"3":56,"4":56,"5":56,"6":56,"7":56,"8":56,"9":56,"10":2,"11":2,"12":2,"13":2,"14":8,"15":8,"16":8,"17":6,"18":6,"19":4,"20":4,"21":4,"22":56,"23":56,"24":56,"25":56,"26":56,"27":56,"28":56,"29":56,"30":56,"31":56,"32":56,"33":56,"34":56,"35":315,"36":123,"37":123,"38":123,"39":100,"40":91,"41":100,"42":24,"43":24,"44":28,"45":56,"46":56,"47":56,"48":112,"49":112,"50":112,"51":112,"52":112,"53":110,"54":2,"55":2,"56":112,"57":112,"58":112,"59":112,"60":112},"f":{"0":56,"1":2,"2":8,"3":8,"4":56,"5":315,"6":123,"7":24,"8":28,"9":56},"b":{"0":[2,0],"1":[6,2],"2":[4,2],"3":[56,0],"4":[100,23],"5":[91,9],"6":[110,2]},"_coverageSchema":"1a1c01bbd47fc00a2c39e90264f33305004495a9","hash":"754a094335b5d2277e480209638df6f80c92a40d"}
,"/Users/runner/work/quick-quoted-search/quick-quoted-search/src/background.js": {"path":"/Users/runner/work/quick-quoted-search/quick-quoted-search/src/background.js","statementMap":{"0":{"start":{"line":5,"column":0},"end":{"line":302,"column":5}},"1":{"start":{"line":10,"column":2},"end":{"line":10,"column":42}},"2":{"start":{"line":16,"column":27},"end":{"line":22,"column":3}},"3":{"start":{"line":28,"column":27},"end":{"line":34,"column":3}},"4":{"start":{"line":36,"column":19},"end":{"line":75,"column":3}},"5":{"start":{"line":50,"column":8},"end":{"line":50,"column":73}},"6":{"start":{"line":53,"column":8},"end":{"line":53,"column":95}},"7":{"start":{"line":69,"column":8},"end":{"line":69,"column":75}},"8":{"start":{"line":72,"column":8},"end":{"line":72,"column":56}},"9":{"start":{"line":81,"column":2},"end":{"line":81,"column":50}},"10":{"start":{"line":82,"column":2},"end":{"line":82,"column":66}},"11":{"start":{"line":83,"column":2},"end":{"line":83,"column":51}},"12":{"start":{"line":85,"column":2},"end":{"line":85,"column":54}},"13":{"start":{"line":92,"column":4},"end":{"line":92,"column":65}},"14":{"start":{"line":94,"column":4},"end":{"line":101,"column":5}},"15":{"start":{"line":95,"column":6},"end":{"line":99,"column":9}},"16":{"start":{"line":100,"column":6},"end":{"line":100,"column":13}},"17":{"start":{"line":103,"column":4},"end":{"line":107,"column":7}},"18":{"start":{"line":109,"column":4},"end":{"line":109,"column":62}},"19":{"start":{"line":113,"column":4},"end":{"line":113,"column":57}},"20":{"start":{"line":116,"column":4},"end":{"line":123,"column":5}},"21":{"start":{"line":117,"column":6},"end":{"line":117,"column":37}},"22":{"start":{"line":118,"column":6},"end":{"line":118,"column":101}},"23":{"start":{"line":119,"column":6},"end":{"line":122,"column":7}},"24":{"start":{"line":120,"column":8},"end":{"line":120,"column":112}},"25":{"start":{"line":121,"column":8},"end":{"line":121,"column":15}},"26":{"start":{"line":125,"column":4},"end":{"line":132,"column":5}},"27":{"start":{"line":126,"column":6},"end":{"line":130,"column":9}},"28":{"start":{"line":131,"column":6},"end":{"line":131,"column":13}},"29":{"start":{"line":134,"column":4},"end":{"line":141,"column":5}},"30":{"start":{"line":135,"column":6},"end":{"line":139,"column":9}},"31":{"start":{"line":140,"column":6},"end":{"line":140,"column":13}},"32":{"start":{"line":143,"column":4},"end":{"line":143,"column":45}},"33":{"start":{"line":151,"column":4},"end":{"line":151,"column":49}},"34":{"start":{"line":152,"column":4},"end":{"line":152,"column":42}},"35":{"start":{"line":153,"column":4},"end":{"line":153,"column":35}},"36":{"start":{"line":157,"column":4},"end":{"line":157,"column":58}},"37":{"start":{"line":158,"column":4},"end":{"line":158,"column":50}},"38":{"start":{"line":162,"column":4},"end":{"line":165,"column":7}},"39":{"start":{"line":169,"column":4},"end":{"line":176,"column":5}},"40":{"start":{"line":170,"column":6},"end":{"line":175,"column":7}},"41":{"start":{"line":171,"column":8},"end":{"line":173,"column":10}},"42":{"start":{"line":174,"column":8},"end":{"line":174,"column":15}},"43":{"start":{"line":178,"column":4},"end":{"line":178,"column":59}},"44":{"start":{"line":179,"column":4},"end":{"line":179,"column":40}},"45":{"start":{"line":183,"column":4},"end":{"line":183,"column":99}},"46":{"start":{"line":187,"column":4},"end":{"line":187,"column":95}},"47":{"start":{"line":191,"column":4},"end":{"line":194,"column":7}},"48":{"start":{"line":202,"column":4},"end":{"line":202,"column":40}},"49":{"start":{"line":210,"column":4},"end":{"line":210,"column":47}},"50":{"start":{"line":211,"column":4},"end":{"line":211,"column":51}},"51":{"start":{"line":212,"column":4},"end":{"line":212,"column":71}},"52":{"start":{"line":216,"column":4},"end":{"line":220,"column":6}},"53":{"start":{"line":224,"column":30},"end":{"line":224,"column":60}},"54":{"start":{"line":225,"column":4},"end":{"line":227,"column":5}},"55":{"start":{"line":226,"column":6},"end":{"line":226,"column":41}},"56":{"start":{"line":231,"column":33},"end":{"line":231,"column":111}},"57":{"start":{"line":233,"column":4},"end":{"line":269,"column":5}},"58":{"start":{"line":234,"column":26},"end":{"line":234,"column":45}},"59":{"start":{"line":235,"column":25},"end":{"line":235,"column":47}},"60":{"start":{"line":237,"column":8},"end":{"line":240,"column":57}},"61":{"start":{"line":241,"column":6},"end":{"line":241,"column":74}},"62":{"start":{"line":243,"column":6},"end":{"line":268,"column":7}},"63":{"start":{"line":244,"column":30},"end":{"line":244,"column":32}},"64":{"start":{"line":245,"column":8},"end":{"line":247,"column":9}},"65":{"start":{"line":246,"column":10},"end":{"line":246,"column":100}},"66":{"start":{"line":248,"column":8},"end":{"line":250,"column":9}},"67":{"start":{"line":249,"column":10},"end":{"line":249,"column":56}},"68":{"start":{"line":252,"column":8},"end":{"line":262,"column":9}},"69":{"start":{"line":253,"column":10},"end":{"line":258,"column":13}},"70":{"start":{"line":259,"column":10},"end":{"line":259,"column":40}},"71":{"start":{"line":261,"column":10},"end":{"line":261,"column":88}},"72":{"start":{"line":264,"column":8},"end":{"line":267,"column":9}},"73":{"start":{"line":265,"column":10},"end":{"line":265,"column":41}},"74":{"start":{"line":266,"column":10},"end":{"line":266,"column":41}},"75":{"start":{"line":273,"column":36},"end":{"line":273,"column":77}},"76":{"start":{"line":274,"column":4},"end":{"line":279,"column":5}},"77":{"start":{"line":275,"column":6},"end":{"line":277,"column":9}},"78":{"start":{"line":278,"column":6},"end":{"line":278,"column":13}},"79":{"start":{"line":281,"column":4},"end":{"line":283,"column":5}},"80":{"start":{"line":282,"column":6},"end":{"line":282,"column":63}},"81":{"start":{"line":285,"column":4},"end":{"line":285,"column":69}},"82":{"start":{"line":289,"column":17},"end":{"line":289,"column":86}},"83":{"start":{"line":290,"column":4},"end":{"line":290,"column":64}},"84":{"start":{"line":291,"column":4},"end":{"line":291,"column":22}},"85":{"start":{"line":295,"column":4},"end":{"line":300,"column":7}},"86":{"start":{"line":299,"column":22},"end":{"line":299,"column":64}}},"fnMap":{"0":{"name":"main","decl":{"start":{"line":5,"column":16},"end":{"line":5,"column":20}},"loc":{"start":{"line":5,"column":23},"end":{"line":302,"column":1}},"line":5},"1":{"name":"(anonymous_1)","decl":{"start":{"line":49,"column":6},"end":{"line":49,"column":7}},"loc":{"start":{"line":49,"column":35},"end":{"line":51,"column":7}},"line":49},"2":{"name":"(anonymous_2)","decl":{"start":{"line":52,"column":6},"end":{"line":52,"column":7}},"loc":{"start":{"line":52,"column":44},"end":{"line":54,"column":7}},"line":52},"3":{"name":"(anonymous_3)","decl":{"start":{"line":68,"column":6},"end":{"line":68,"column":7}},"loc":{"start":{"line":68,"column":29},"end":{"line":70,"column":7}},"line":68},"4":{"name":"(anonymous_4)","decl":{"start":{"line":71,"column":6},"end":{"line":71,"column":7}},"loc":{"start":{"line":71,"column":38},"end":{"line":73,"column":7}},"line":71},"5":{"name":"onContextMenuClicked","decl":{"start":{"line":91,"column":11},"end":{"line":91,"column":31}},"loc":{"start":{"line":91,"column":43},"end":{"line":110,"column":3}},"line":91},"6":{"name":"onCommand","decl":{"start":{"line":112,"column":17},"end":{"line":112,"column":26}},"loc":{"start":{"line":112,"column":41},"end":{"line":144,"column":3}},"line":112},"7":{"name":"onConnect","decl":{"start":{"line":150,"column":17},"end":{"line":150,"column":26}},"loc":{"start":{"line":150,"column":33},"end":{"line":154,"column":3}},"line":150},"8":{"name":"onMessage","decl":{"start":{"line":156,"column":11},"end":{"line":156,"column":20}},"loc":{"start":{"line":156,"column":36},"end":{"line":159,"column":3}},"line":156},"9":{"name":"onHello","decl":{"start":{"line":161,"column":17},"end":{"line":161,"column":24}},"loc":{"start":{"line":161,"column":41},"end":{"line":166,"column":3}},"line":161},"10":{"name":"onNotifySelectionUpdated","decl":{"start":{"line":168,"column":11},"end":{"line":168,"column":35}},"loc":{"start":{"line":168,"column":51},"end":{"line":180,"column":3}},"line":168},"11":{"name":"onDoQuotedSearch","decl":{"start":{"line":182,"column":17},"end":{"line":182,"column":33}},"loc":{"start":{"line":182,"column":49},"end":{"line":184,"column":3}},"line":182},"12":{"name":"onOpenOptionsPage","decl":{"start":{"line":186,"column":17},"end":{"line":186,"column":34}},"loc":{"start":{"line":186,"column":50},"end":{"line":188,"column":3}},"line":186},"13":{"name":"onGetSelection","decl":{"start":{"line":190,"column":11},"end":{"line":190,"column":25}},"loc":{"start":{"line":190,"column":41},"end":{"line":195,"column":3}},"line":190},"14":{"name":"onOptionsChanged","decl":{"start":{"line":201,"column":11},"end":{"line":201,"column":27}},"loc":{"start":{"line":201,"column":38},"end":{"line":203,"column":3}},"line":201},"15":{"name":"updateCurrentSelection","decl":{"start":{"line":209,"column":11},"end":{"line":209,"column":33}},"loc":{"start":{"line":209,"column":53},"end":{"line":213,"column":3}},"line":209},"16":{"name":"isOwnerOfCurrentSelection","decl":{"start":{"line":215,"column":11},"end":{"line":215,"column":36}},"loc":{"start":{"line":215,"column":53},"end":{"line":221,"column":3}},"line":215},"17":{"name":"updateCommandShortcuts","decl":{"start":{"line":223,"column":17},"end":{"line":223,"column":39}},"loc":{"start":{"line":223,"column":42},"end":{"line":228,"column":3}},"line":223},"18":{"name":"updateContextMenu","decl":{"start":{"line":230,"column":11},"end":{"line":230,"column":28}},"loc":{"start":{"line":230,"column":40},"end":{"line":270,"column":3}},"line":230},"19":{"name":"doQuotedSearchForSelectionText","decl":{"start":{"line":272,"column":17},"end":{"line":272,"column":47}},"loc":{"start":{"line":272,"column":78},"end":{"line":286,"column":3}},"line":272},"20":{"name":"putQuotesAroundSelectionText","decl":{"start":{"line":288,"column":11},"end":{"line":288,"column":39}},"loc":{"start":{"line":288,"column":54},"end":{"line":292,"column":3}},"line":288},"21":{"name":"writeTextToClipboard","decl":{"start":{"line":294,"column":17},"end":{"line":294,"column":37}},"loc":{"start":{"line":294,"column":49},"end":{"line":301,"column":3}},"line":294},"22":{"name":"(anonymous_22)","decl":{"start":{"line":299,"column":12},"end":{"line":299,"column":13}},"loc":{"start":{"line":299,"column":22},"end":{"line":299,"column":64}},"line":299}},"branchMap":{"0":{"loc":{"start":{"line":94,"column":4},"end":{"line":101,"column":5}},"type":"if","locations":[{"start":{"line":94,"column":4},"end":{"line":101,"column":5}},{"start":{},"end":{}}],"line":94},"1":{"loc":{"start":{"line":116,"column":4},"end":{"line":123,"column":5}},"type":"if","locations":[{"start":{"line":116,"column":4},"end":{"line":123,"column":5}},{"start":{},"end":{}}],"line":116},"2":{"loc":{"start":{"line":119,"column":6},"end":{"line":122,"column":7}},"type":"if","locations":[{"start":{"line":119,"column":6},"end":{"line":122,"column":7}},{"start":{},"end":{}}],"line":119},"3":{"loc":{"start":{"line":125,"column":4},"end":{"line":132,"column":5}},"type":"if","locations":[{"start":{"line":125,"column":4},"end":{"line":132,"column":5}},{"start":{},"end":{}}],"line":125},"4":{"loc":{"start":{"line":134,"column":4},"end":{"line":141,"column":5}},"type":"if","locations":[{"start":{"line":134,"column":4},"end":{"line":141,"column":5}},{"start":{},"end":{}}],"line":134},"5":{"loc":{"start":{"line":169,"column":4},"end":{"line":176,"column":5}},"type":"if","locations":[{"start":{"line":169,"column":4},"end":{"line":176,"column":5}},{"start":{},"end":{}}],"line":169},"6":{"loc":{"start":{"line":170,"column":6},"end":{"line":175,"column":7}},"type":"if","locations":[{"start":{"line":170,"column":6},"end":{"line":175,"column":7}},{"start":{},"end":{}}],"line":170},"7":{"loc":{"start":{"line":193,"column":17},"end":{"line":193,"column":103}},"type":"cond-expr","locations":[{"start":{"line":193,"column":61},"end":{"line":193,"column":91}},{"start":{"line":193,"column":94},"end":{"line":193,"column":103}}],"line":193},"8":{"loc":{"start":{"line":217,"column":6},"end":{"line":219,"column":76}},"type":"binary-expr","locations":[{"start":{"line":217,"column":6},"end":{"line":217,"column":29}},{"start":{"line":218,"column":6},"end":{"line":218,"column":46}},{"start":{"line":219,"column":7},"end":{"line":219,"column":28}},{"start":{"line":219,"column":32},"end":{"line":219,"column":75}}],"line":217},"9":{"loc":{"start":{"line":237,"column":8},"end":{"line":240,"column":57}},"type":"binary-expr","locations":[{"start":{"line":237,"column":8},"end":{"line":237,"column":31}},{"start":{"line":238,"column":8},"end":{"line":238,"column":23}},{"start":{"line":239,"column":8},"end":{"line":239,"column":28}},{"start":{"line":240,"column":9},"end":{"line":240,"column":34}},{"start":{"line":240,"column":38},"end":{"line":240,"column":56}}],"line":237},"10":{"loc":{"start":{"line":243,"column":6},"end":{"line":268,"column":7}},"type":"if","locations":[{"start":{"line":243,"column":6},"end":{"line":268,"column":7}},{"start":{"line":263,"column":13},"end":{"line":268,"column":7}}],"line":243},"11":{"loc":{"start":{"line":245,"column":8},"end":{"line":247,"column":9}},"type":"if","locations":[{"start":{"line":245,"column":8},"end":{"line":247,"column":9}},{"start":{},"end":{}}],"line":245},"12":{"loc":{"start":{"line":245,"column":12},"end":{"line":245,"column":97}},"type":"binary-expr","locations":[{"start":{"line":245,"column":12},"end":{"line":245,"column":33}},{"start":{"line":245,"column":37},"end":{"line":245,"column":57}},{"start":{"line":245,"column":61},"end":{"line":245,"column":97}}],"line":245},"13":{"loc":{"start":{"line":248,"column":8},"end":{"line":250,"column":9}},"type":"if","locations":[{"start":{"line":248,"column":8},"end":{"line":250,"column":9}},{"start":{},"end":{}}],"line":248},"14":{"loc":{"start":{"line":252,"column":8},"end":{"line":262,"column":9}},"type":"if","locations":[{"start":{"line":252,"column":8},"end":{"line":262,"column":9}},{"start":{"line":260,"column":15},"end":{"line":262,"column":9}}],"line":252},"15":{"loc":{"start":{"line":264,"column":8},"end":{"line":267,"column":9}},"type":"if","locations":[{"start":{"line":264,"column":8},"end":{"line":267,"column":9}},{"start":{},"end":{}}],"line":264},"16":{"loc":{"start":{"line":274,"column":4},"end":{"line":279,"column":5}},"type":"if","locations":[{"start":{"line":274,"column":4},"end":{"line":279,"column":5}},{"start":{},"end":{}}],"line":274},"17":{"loc":{"start":{"line":281,"column":4},"end":{"line":283,"column":5}},"type":"if","locations":[{"start":{"line":281,"column":4},"end":{"line":283,"column":5}},{"start":{},"end":{}}],"line":281}},"s":{"0":71,"1":71,"2":71,"3":71,"4":71,"5":34,"6":34,"7":12,"8":17,"9":71,"10":71,"11":71,"12":71,"13":80,"14":80,"15":29,"16":29,"17":51,"18":51,"19":70,"20":70,"21":19,"22":19,"23":19,"24":9,"25":9,"26":61,"27":8,"28":8,"29":53,"30":7,"31":7,"32":46,"33":1450,"34":1450,"35":1450,"36":1410,"37":1410,"38":39,"39":795,"40":120,"41":71,"42":71,"43":724,"44":724,"45":205,"46":330,"47":41,"48":2370,"49":724,"50":724,"51":724,"52":302,"53":1450,"54":1450,"55":2900,"56":3094,"57":3094,"58":6188,"59":6188,"60":6188,"61":6188,"62":6188,"63":4520,"64":4520,"65":682,"66":4520,"67":4395,"68":4520,"69":425,"70":425,"71":4095,"72":1668,"73":325,"74":325,"75":273,"76":273,"77":8,"78":8,"79":265,"80":248,"81":265,"82":29,"83":29,"84":29,"85":248,"86":248},"f":{"0":71,"1":34,"2":34,"3":12,"4":17,"5":80,"6":70,"7":1450,"8":1410,"9":39,"10":795,"11":205,"12":330,"13":41,"14":2370,"15":724,"16":302,"17":1450,"18":3094,"19":273,"20":29,"21":248,"22":248},"b":{"0":[29,51],"1":[19,51],"2":[9,10],"3":[8,53],"4":[7,46],"5":[120,675],"6":[71,49],"7":[21,20],"8":[302,302,223,149],"9":[6188,6122,5532,4978,2489],"10":[4520,1668],"11":[682,3838],"12":[4520,4482,1364],"13":[4395,125],"14":[425,4095],"15":[325,1343],"16":[8,265],"17":[248,17]},"_coverageSchema":"1a1c01bbd47fc00a2c39e90264f33305004495a9","hash":"0a679936ce40faee830da9829feff5abf77e1468"}
,"/Users/runner/work/quick-quoted-search/quick-quoted-search/src/content.js": {"path":"/Users/runner/work/quick-quoted-search/quick-quoted-search/src/content.js","statementMap":{"0":{"start":{"line":6,"column":0},"end":{"line":415,"column":5}},"1":{"start":{"line":11,"column":2},"end":{"line":11,"column":39}},"2":{"start":{"line":13,"column":2},"end":{"line":20,"column":3}},"3":{"start":{"line":15,"column":4},"end":{"line":18,"column":7}},"4":{"start":{"line":19,"column":4},"end":{"line":19,"column":11}},"5":{"start":{"line":26,"column":33},"end":{"line":26,"column":50}},"6":{"start":{"line":29,"column":25},"end":{"line":36,"column":3}},"7":{"start":{"line":38,"column":27},"end":{"line":41,"column":3}},"8":{"start":{"line":47,"column":20},"end":{"line":60,"column":3}},"9":{"start":{"line":51,"column":6},"end":{"line":51,"column":25}},"10":{"start":{"line":52,"column":6},"end":{"line":52,"column":29}},"11":{"start":{"line":55,"column":6},"end":{"line":55,"column":76}},"12":{"start":{"line":58,"column":6},"end":{"line":58,"column":74}},"13":{"start":{"line":62,"column":20},"end":{"line":62,"column":113}},"14":{"start":{"line":65,"column":34},"end":{"line":65,"column":39}},"15":{"start":{"line":73,"column":2},"end":{"line":73,"column":50}},"16":{"start":{"line":75,"column":2},"end":{"line":75,"column":24}},"17":{"start":{"line":77,"column":2},"end":{"line":77,"column":50}},"18":{"start":{"line":78,"column":2},"end":{"line":78,"column":48}},"19":{"start":{"line":79,"column":2},"end":{"line":79,"column":66}},"20":{"start":{"line":81,"column":19},"end":{"line":81,"column":51}},"21":{"start":{"line":82,"column":2},"end":{"line":82,"column":81}},"22":{"start":{"line":83,"column":2},"end":{"line":85,"column":3}},"23":{"start":{"line":84,"column":4},"end":{"line":84,"column":41}},"24":{"start":{"line":92,"column":4},"end":{"line":92,"column":49}},"25":{"start":{"line":93,"column":4},"end":{"line":93,"column":42}},"26":{"start":{"line":97,"column":4},"end":{"line":97,"column":52}},"27":{"start":{"line":98,"column":4},"end":{"line":104,"column":5}},"28":{"start":{"line":99,"column":6},"end":{"line":99,"column":35}},"29":{"start":{"line":100,"column":6},"end":{"line":100,"column":39}},"30":{"start":{"line":101,"column":6},"end":{"line":101,"column":93}},"31":{"start":{"line":103,"column":6},"end":{"line":103,"column":26}},"32":{"start":{"line":108,"column":4},"end":{"line":108,"column":58}},"33":{"start":{"line":109,"column":4},"end":{"line":109,"column":50}},"34":{"start":{"line":113,"column":4},"end":{"line":113,"column":76}},"35":{"start":{"line":114,"column":4},"end":{"line":114,"column":43}},"36":{"start":{"line":115,"column":4},"end":{"line":115,"column":65}},"37":{"start":{"line":116,"column":4},"end":{"line":116,"column":51}},"38":{"start":{"line":120,"column":4},"end":{"line":123,"column":5}},"39":{"start":{"line":121,"column":6},"end":{"line":121,"column":104}},"40":{"start":{"line":122,"column":6},"end":{"line":122,"column":13}},"41":{"start":{"line":124,"column":4},"end":{"line":124,"column":60}},"42":{"start":{"line":133,"column":4},"end":{"line":133,"column":26}},"43":{"start":{"line":135,"column":4},"end":{"line":135,"column":43}},"44":{"start":{"line":139,"column":4},"end":{"line":139,"column":42}},"45":{"start":{"line":143,"column":4},"end":{"line":143,"column":55}},"46":{"start":{"line":147,"column":4},"end":{"line":162,"column":5}},"47":{"start":{"line":148,"column":6},"end":{"line":161,"column":7}},"48":{"start":{"line":149,"column":8},"end":{"line":160,"column":9}},"49":{"start":{"line":150,"column":10},"end":{"line":159,"column":11}},"50":{"start":{"line":151,"column":12},"end":{"line":154,"column":13}},"51":{"start":{"line":152,"column":14},"end":{"line":152,"column":72}},"52":{"start":{"line":153,"column":14},"end":{"line":153,"column":51}},"53":{"start":{"line":155,"column":12},"end":{"line":158,"column":13}},"54":{"start":{"line":156,"column":14},"end":{"line":156,"column":82}},"55":{"start":{"line":157,"column":14},"end":{"line":157,"column":61}},"56":{"start":{"line":166,"column":4},"end":{"line":170,"column":5}},"57":{"start":{"line":169,"column":6},"end":{"line":169,"column":13}},"58":{"start":{"line":172,"column":4},"end":{"line":174,"column":5}},"59":{"start":{"line":173,"column":6},"end":{"line":173,"column":72}},"60":{"start":{"line":176,"column":4},"end":{"line":178,"column":7}},"61":{"start":{"line":177,"column":6},"end":{"line":177,"column":70}},"62":{"start":{"line":180,"column":4},"end":{"line":184,"column":7}},"63":{"start":{"line":181,"column":6},"end":{"line":183,"column":7}},"64":{"start":{"line":182,"column":8},"end":{"line":182,"column":68}},"65":{"start":{"line":186,"column":4},"end":{"line":188,"column":7}},"66":{"start":{"line":187,"column":6},"end":{"line":187,"column":71}},"67":{"start":{"line":190,"column":4},"end":{"line":205,"column":7}},"68":{"start":{"line":191,"column":6},"end":{"line":204,"column":7}},"69":{"start":{"line":201,"column":8},"end":{"line":203,"column":9}},"70":{"start":{"line":202,"column":10},"end":{"line":202,"column":29}},"71":{"start":{"line":213,"column":4},"end":{"line":215,"column":5}},"72":{"start":{"line":214,"column":6},"end":{"line":214,"column":13}},"73":{"start":{"line":216,"column":4},"end":{"line":220,"column":7}},"74":{"start":{"line":227,"column":4},"end":{"line":229,"column":5}},"75":{"start":{"line":228,"column":6},"end":{"line":228,"column":13}},"76":{"start":{"line":230,"column":4},"end":{"line":230,"column":47}},"77":{"start":{"line":234,"column":4},"end":{"line":236,"column":5}},"78":{"start":{"line":235,"column":6},"end":{"line":235,"column":13}},"79":{"start":{"line":237,"column":4},"end":{"line":241,"column":7}},"80":{"start":{"line":249,"column":4},"end":{"line":251,"column":5}},"81":{"start":{"line":250,"column":6},"end":{"line":250,"column":13}},"82":{"start":{"line":253,"column":4},"end":{"line":256,"column":5}},"83":{"start":{"line":254,"column":6},"end":{"line":254,"column":65}},"84":{"start":{"line":255,"column":6},"end":{"line":255,"column":36}},"85":{"start":{"line":257,"column":4},"end":{"line":259,"column":7}},"86":{"start":{"line":260,"column":4},"end":{"line":260,"column":85}},"87":{"start":{"line":262,"column":4},"end":{"line":262,"column":60}},"88":{"start":{"line":263,"column":4},"end":{"line":263,"column":54}},"89":{"start":{"line":264,"column":4},"end":{"line":264,"column":71}},"90":{"start":{"line":266,"column":4},"end":{"line":266,"column":23}},"91":{"start":{"line":270,"column":4},"end":{"line":276,"column":20}},"92":{"start":{"line":278,"column":4},"end":{"line":285,"column":7}},"93":{"start":{"line":287,"column":4},"end":{"line":287,"column":57}},"94":{"start":{"line":289,"column":4},"end":{"line":289,"column":35}},"95":{"start":{"line":293,"column":4},"end":{"line":295,"column":5}},"96":{"start":{"line":294,"column":6},"end":{"line":294,"column":13}},"97":{"start":{"line":297,"column":17},"end":{"line":297,"column":41}},"98":{"start":{"line":298,"column":4},"end":{"line":311,"column":5}},"99":{"start":{"line":299,"column":22},"end":{"line":308,"column":7}},"100":{"start":{"line":309,"column":6},"end":{"line":309,"column":49}},"101":{"start":{"line":310,"column":6},"end":{"line":310,"column":98}},"102":{"start":{"line":315,"column":26},"end":{"line":317,"column":5}},"103":{"start":{"line":318,"column":36},"end":{"line":318,"column":77}},"104":{"start":{"line":319,"column":4},"end":{"line":324,"column":5}},"105":{"start":{"line":320,"column":6},"end":{"line":322,"column":9}},"106":{"start":{"line":323,"column":6},"end":{"line":323,"column":19}},"107":{"start":{"line":326,"column":4},"end":{"line":326,"column":79}},"108":{"start":{"line":328,"column":4},"end":{"line":333,"column":5}},"109":{"start":{"line":329,"column":6},"end":{"line":331,"column":7}},"110":{"start":{"line":330,"column":8},"end":{"line":330,"column":70}},"111":{"start":{"line":332,"column":6},"end":{"line":332,"column":33}},"112":{"start":{"line":335,"column":4},"end":{"line":335,"column":16}},"113":{"start":{"line":339,"column":4},"end":{"line":343,"column":6}},"114":{"start":{"line":345,"column":25},"end":{"line":345,"column":29}},"115":{"start":{"line":347,"column":17},"end":{"line":347,"column":35}},"116":{"start":{"line":348,"column":28},"end":{"line":348,"column":55}},"117":{"start":{"line":349,"column":26},"end":{"line":349,"column":51}},"118":{"start":{"line":350,"column":4},"end":{"line":356,"column":5}},"119":{"start":{"line":355,"column":6},"end":{"line":355,"column":26}},"120":{"start":{"line":357,"column":4},"end":{"line":363,"column":5}},"121":{"start":{"line":362,"column":6},"end":{"line":362,"column":24}},"122":{"start":{"line":365,"column":26},"end":{"line":365,"column":37}},"123":{"start":{"line":366,"column":30},"end":{"line":366,"column":31}},"124":{"start":{"line":367,"column":28},"end":{"line":367,"column":30}},"125":{"start":{"line":368,"column":4},"end":{"line":371,"column":5}},"126":{"start":{"line":369,"column":6},"end":{"line":369,"column":46}},"127":{"start":{"line":370,"column":6},"end":{"line":370,"column":28}},"128":{"start":{"line":372,"column":4},"end":{"line":375,"column":5}},"129":{"start":{"line":373,"column":6},"end":{"line":373,"column":46}},"130":{"start":{"line":374,"column":6},"end":{"line":374,"column":26}},"131":{"start":{"line":377,"column":30},"end":{"line":377,"column":69}},"132":{"start":{"line":378,"column":28},"end":{"line":378,"column":90}},"133":{"start":{"line":380,"column":4},"end":{"line":380,"column":25}},"134":{"start":{"line":387,"column":4},"end":{"line":387,"column":114}},"135":{"start":{"line":389,"column":4},"end":{"line":389,"column":104}},"136":{"start":{"line":393,"column":4},"end":{"line":395,"column":5}},"137":{"start":{"line":394,"column":6},"end":{"line":394,"column":19}},"138":{"start":{"line":396,"column":4},"end":{"line":396,"column":28}},"139":{"start":{"line":397,"column":4},"end":{"line":412,"column":5}},"140":{"start":{"line":398,"column":6},"end":{"line":411,"column":11}},"141":{"start":{"line":399,"column":8},"end":{"line":409,"column":9}},"142":{"start":{"line":400,"column":10},"end":{"line":408,"column":11}},"143":{"start":{"line":401,"column":12},"end":{"line":407,"column":13}},"144":{"start":{"line":406,"column":14},"end":{"line":406,"column":26}},"145":{"start":{"line":410,"column":8},"end":{"line":410,"column":21}},"146":{"start":{"line":413,"column":4},"end":{"line":413,"column":41}}},"fnMap":{"0":{"name":"main","decl":{"start":{"line":6,"column":16},"end":{"line":6,"column":20}},"loc":{"start":{"line":6,"column":23},"end":{"line":415,"column":1}},"line":6},"1":{"name":"(anonymous_1)","decl":{"start":{"line":50,"column":4},"end":{"line":50,"column":5}},"loc":{"start":{"line":50,"column":31},"end":{"line":53,"column":5}},"line":50},"2":{"name":"(anonymous_2)","decl":{"start":{"line":54,"column":4},"end":{"line":54,"column":5}},"loc":{"start":{"line":54,"column":20},"end":{"line":56,"column":5}},"line":54},"3":{"name":"(anonymous_3)","decl":{"start":{"line":57,"column":4},"end":{"line":57,"column":5}},"loc":{"start":{"line":57,"column":15},"end":{"line":59,"column":5}},"line":57},"4":{"name":"onConnect","decl":{"start":{"line":91,"column":11},"end":{"line":91,"column":20}},"loc":{"start":{"line":91,"column":27},"end":{"line":94,"column":3}},"line":91},"5":{"name":"onDisconnect","decl":{"start":{"line":96,"column":11},"end":{"line":96,"column":23}},"loc":{"start":{"line":96,"column":30},"end":{"line":105,"column":3}},"line":96},"6":{"name":"onMessage","decl":{"start":{"line":107,"column":11},"end":{"line":107,"column":20}},"loc":{"start":{"line":107,"column":36},"end":{"line":110,"column":3}},"line":107},"7":{"name":"onWelcome","decl":{"start":{"line":112,"column":11},"end":{"line":112,"column":20}},"loc":{"start":{"line":112,"column":37},"end":{"line":117,"column":3}},"line":112},"8":{"name":"onPutQuotes","decl":{"start":{"line":119,"column":11},"end":{"line":119,"column":22}},"loc":{"start":{"line":119,"column":40},"end":{"line":125,"column":3}},"line":119},"9":{"name":"onWindowFocus","decl":{"start":{"line":131,"column":11},"end":{"line":131,"column":24}},"loc":{"start":{"line":131,"column":29},"end":{"line":136,"column":3}},"line":131},"10":{"name":"onWindowBlur","decl":{"start":{"line":138,"column":11},"end":{"line":138,"column":23}},"loc":{"start":{"line":138,"column":28},"end":{"line":140,"column":3}},"line":138},"11":{"name":"onSelectionChange","decl":{"start":{"line":142,"column":11},"end":{"line":142,"column":28}},"loc":{"start":{"line":142,"column":33},"end":{"line":144,"column":3}},"line":142},"12":{"name":"onMutation","decl":{"start":{"line":146,"column":11},"end":{"line":146,"column":21}},"loc":{"start":{"line":146,"column":47},"end":{"line":163,"column":3}},"line":146},"13":{"name":"addEventListenerToEditableNode","decl":{"start":{"line":165,"column":11},"end":{"line":165,"column":41}},"loc":{"start":{"line":165,"column":56},"end":{"line":206,"column":3}},"line":165},"14":{"name":"(anonymous_14)","decl":{"start":{"line":176,"column":43},"end":{"line":176,"column":44}},"loc":{"start":{"line":176,"column":51},"end":{"line":178,"column":5}},"line":176},"15":{"name":"(anonymous_15)","decl":{"start":{"line":180,"column":42},"end":{"line":180,"column":43}},"loc":{"start":{"line":180,"column":50},"end":{"line":184,"column":5}},"line":180},"16":{"name":"(anonymous_16)","decl":{"start":{"line":186,"column":44},"end":{"line":186,"column":45}},"loc":{"start":{"line":186,"column":52},"end":{"line":188,"column":5}},"line":186},"17":{"name":"(anonymous_17)","decl":{"start":{"line":190,"column":45},"end":{"line":190,"column":46}},"loc":{"start":{"line":190,"column":52},"end":{"line":205,"column":5}},"line":190},"18":{"name":"onClickPopupIconSearch","decl":{"start":{"line":212,"column":11},"end":{"line":212,"column":33}},"loc":{"start":{"line":212,"column":37},"end":{"line":221,"column":3}},"line":212},"19":{"name":"onClickPopupIconQuote","decl":{"start":{"line":223,"column":11},"end":{"line":223,"column":32}},"loc":{"start":{"line":223,"column":51},"end":{"line":231,"column":3}},"line":223},"20":{"name":"onClickPopupIconOptions","decl":{"start":{"line":233,"column":11},"end":{"line":233,"column":34}},"loc":{"start":{"line":233,"column":38},"end":{"line":242,"column":3}},"line":233},"21":{"name":"connectToBackground","decl":{"start":{"line":248,"column":11},"end":{"line":248,"column":30}},"loc":{"start":{"line":248,"column":33},"end":{"line":267,"column":3}},"line":248},"22":{"name":"updateEditableNodeWithSelection","decl":{"start":{"line":269,"column":11},"end":{"line":269,"column":42}},"loc":{"start":{"line":269,"column":65},"end":{"line":290,"column":3}},"line":269},"23":{"name":"notifySelectionUpdated","decl":{"start":{"line":292,"column":11},"end":{"line":292,"column":33}},"loc":{"start":{"line":292,"column":42},"end":{"line":312,"column":3}},"line":292},"24":{"name":"putQuotesAroundSelectionText","decl":{"start":{"line":314,"column":11},"end":{"line":314,"column":39}},"loc":{"start":{"line":314,"column":54},"end":{"line":336,"column":3}},"line":314},"25":{"name":"replaceSelectionText","decl":{"start":{"line":338,"column":11},"end":{"line":338,"column":31}},"loc":{"start":{"line":338,"column":59},"end":{"line":390,"column":3}},"line":338},"26":{"name":"isSearchable","decl":{"start":{"line":392,"column":11},"end":{"line":392,"column":23}},"loc":{"start":{"line":392,"column":38},"end":{"line":414,"column":3}},"line":392},"27":{"name":"(anonymous_27)","decl":{"start":{"line":398,"column":39},"end":{"line":398,"column":40}},"loc":{"start":{"line":398,"column":45},"end":{"line":411,"column":7}},"line":398}},"branchMap":{"0":{"loc":{"start":{"line":13,"column":2},"end":{"line":20,"column":3}},"type":"if","locations":[{"start":{"line":13,"column":2},"end":{"line":20,"column":3}},{"start":{},"end":{}}],"line":13},"1":{"loc":{"start":{"line":13,"column":6},"end":{"line":13,"column":60}},"type":"binary-expr","locations":[{"start":{"line":13,"column":6},"end":{"line":13,"column":42}},{"start":{"line":13,"column":46},"end":{"line":13,"column":60}}],"line":13},"2":{"loc":{"start":{"line":55,"column":13},"end":{"line":55,"column":75}},"type":"binary-expr","locations":[{"start":{"line":55,"column":13},"end":{"line":55,"column":41}},{"start":{"line":55,"column":45},"end":{"line":55,"column":75}}],"line":55},"3":{"loc":{"start":{"line":58,"column":13},"end":{"line":58,"column":73}},"type":"cond-expr","locations":[{"start":{"line":58,"column":36},"end":{"line":58,"column":67}},{"start":{"line":58,"column":70},"end":{"line":58,"column":73}}],"line":58},"4":{"loc":{"start":{"line":98,"column":4},"end":{"line":104,"column":5}},"type":"if","locations":[{"start":{"line":98,"column":4},"end":{"line":104,"column":5}},{"start":{},"end":{}}],"line":98},"5":{"loc":{"start":{"line":120,"column":4},"end":{"line":123,"column":5}},"type":"if","locations":[{"start":{"line":120,"column":4},"end":{"line":123,"column":5}},{"start":{},"end":{}}],"line":120},"6":{"loc":{"start":{"line":148,"column":6},"end":{"line":161,"column":7}},"type":"if","locations":[{"start":{"line":148,"column":6},"end":{"line":161,"column":7}},{"start":{},"end":{}}],"line":148},"7":{"loc":{"start":{"line":150,"column":10},"end":{"line":159,"column":11}},"type":"if","locations":[{"start":{"line":150,"column":10},"end":{"line":159,"column":11}},{"start":{},"end":{}}],"line":150},"8":{"loc":{"start":{"line":150,"column":14},"end":{"line":150,"column":57}},"type":"binary-expr","locations":[{"start":{"line":150,"column":14},"end":{"line":150,"column":30}},{"start":{"line":150,"column":34},"end":{"line":150,"column":57}}],"line":150},"9":{"loc":{"start":{"line":151,"column":12},"end":{"line":154,"column":13}},"type":"if","locations":[{"start":{"line":151,"column":12},"end":{"line":154,"column":13}},{"start":{},"end":{}}],"line":151},"10":{"loc":{"start":{"line":166,"column":4},"end":{"line":170,"column":5}},"type":"if","locations":[{"start":{"line":166,"column":4},"end":{"line":170,"column":5}},{"start":{},"end":{}}],"line":166},"11":{"loc":{"start":{"line":172,"column":4},"end":{"line":174,"column":5}},"type":"if","locations":[{"start":{"line":172,"column":4},"end":{"line":174,"column":5}},{"start":{},"end":{}}],"line":172},"12":{"loc":{"start":{"line":181,"column":6},"end":{"line":183,"column":7}},"type":"if","locations":[{"start":{"line":181,"column":6},"end":{"line":183,"column":7}},{"start":{},"end":{}}],"line":181},"13":{"loc":{"start":{"line":181,"column":10},"end":{"line":181,"column":95}},"type":"binary-expr","locations":[{"start":{"line":181,"column":10},"end":{"line":181,"column":49}},{"start":{"line":181,"column":53},"end":{"line":181,"column":95}}],"line":181},"14":{"loc":{"start":{"line":191,"column":6},"end":{"line":204,"column":7}},"type":"if","locations":[{"start":{"line":191,"column":6},"end":{"line":204,"column":7}},{"start":{},"end":{}}],"line":191},"15":{"loc":{"start":{"line":192,"column":8},"end":{"line":199,"column":17}},"type":"binary-expr","locations":[{"start":{"line":192,"column":8},"end":{"line":192,"column":32}},{"start":{"line":193,"column":8},"end":{"line":193,"column":21}},{"start":{"line":194,"column":8},"end":{"line":194,"column":20}},{"start":{"line":195,"column":8},"end":{"line":195,"column":22}},{"start":{"line":196,"column":8},"end":{"line":196,"column":18}},{"start":{"line":197,"column":8},"end":{"line":197,"column":17}},{"start":{"line":198,"column":8},"end":{"line":198,"column":18}},{"start":{"line":199,"column":8},"end":{"line":199,"column":17}}],"line":192},"16":{"loc":{"start":{"line":201,"column":8},"end":{"line":203,"column":9}},"type":"if","locations":[{"start":{"line":201,"column":8},"end":{"line":203,"column":9}},{"start":{},"end":{}}],"line":201},"17":{"loc":{"start":{"line":213,"column":4},"end":{"line":215,"column":5}},"type":"if","locations":[{"start":{"line":213,"column":4},"end":{"line":215,"column":5}},{"start":{},"end":{}}],"line":213},"18":{"loc":{"start":{"line":227,"column":4},"end":{"line":229,"column":5}},"type":"if","locations":[{"start":{"line":227,"column":4},"end":{"line":229,"column":5}},{"start":{},"end":{}}],"line":227},"19":{"loc":{"start":{"line":234,"column":4},"end":{"line":236,"column":5}},"type":"if","locations":[{"start":{"line":234,"column":4},"end":{"line":236,"column":5}},{"start":{},"end":{}}],"line":234},"20":{"loc":{"start":{"line":249,"column":4},"end":{"line":251,"column":5}},"type":"if","locations":[{"start":{"line":249,"column":4},"end":{"line":251,"column":5}},{"start":{},"end":{}}],"line":249},"21":{"loc":{"start":{"line":253,"column":4},"end":{"line":256,"column":5}},"type":"if","locations":[{"start":{"line":253,"column":4},"end":{"line":256,"column":5}},{"start":{},"end":{}}],"line":253},"22":{"loc":{"start":{"line":258,"column":13},"end":{"line":258,"column":58}},"type":"cond-expr","locations":[{"start":{"line":258,"column":40},"end":{"line":258,"column":42}},{"start":{"line":258,"column":45},"end":{"line":258,"column":58}}],"line":258},"23":{"loc":{"start":{"line":271,"column":6},"end":{"line":276,"column":19}},"type":"cond-expr","locations":[{"start":{"line":275,"column":10},"end":{"line":275,"column":22}},{"start":{"line":276,"column":10},"end":{"line":276,"column":19}}],"line":271},"24":{"loc":{"start":{"line":271,"column":6},"end":{"line":274,"column":43}},"type":"binary-expr","locations":[{"start":{"line":271,"column":6},"end":{"line":271,"column":18}},{"start":{"line":272,"column":6},"end":{"line":272,"column":36}},{"start":{"line":273,"column":6},"end":{"line":274,"column":43}}],"line":271},"25":{"loc":{"start":{"line":281,"column":12},"end":{"line":281,"column":104}},"type":"cond-expr","locations":[{"start":{"line":281,"column":40},"end":{"line":281,"column":96}},{"start":{"line":281,"column":99},"end":{"line":281,"column":104}}],"line":281},"26":{"loc":{"start":{"line":282,"column":22},"end":{"line":282,"column":98}},"type":"cond-expr","locations":[{"start":{"line":282,"column":50},"end":{"line":282,"column":90}},{"start":{"line":282,"column":93},"end":{"line":282,"column":98}}],"line":282},"27":{"loc":{"start":{"line":283,"column":26},"end":{"line":283,"column":106}},"type":"cond-expr","locations":[{"start":{"line":283,"column":54},"end":{"line":283,"column":98}},{"start":{"line":283,"column":101},"end":{"line":283,"column":106}}],"line":283},"28":{"loc":{"start":{"line":293,"column":4},"end":{"line":295,"column":5}},"type":"if","locations":[{"start":{"line":293,"column":4},"end":{"line":295,"column":5}},{"start":{},"end":{}}],"line":293},"29":{"loc":{"start":{"line":298,"column":4},"end":{"line":311,"column":5}},"type":"if","locations":[{"start":{"line":298,"column":4},"end":{"line":311,"column":5}},{"start":{},"end":{}}],"line":298},"30":{"loc":{"start":{"line":298,"column":8},"end":{"line":298,"column":66}},"type":"binary-expr","locations":[{"start":{"line":298,"column":8},"end":{"line":298,"column":33}},{"start":{"line":298,"column":38},"end":{"line":298,"column":42}},{"start":{"line":298,"column":46},"end":{"line":298,"column":65}}],"line":298},"31":{"loc":{"start":{"line":319,"column":4},"end":{"line":324,"column":5}},"type":"if","locations":[{"start":{"line":319,"column":4},"end":{"line":324,"column":5}},{"start":{},"end":{}}],"line":319},"32":{"loc":{"start":{"line":328,"column":4},"end":{"line":333,"column":5}},"type":"if","locations":[{"start":{"line":328,"column":4},"end":{"line":333,"column":5}},{"start":{},"end":{}}],"line":328},"33":{"loc":{"start":{"line":328,"column":8},"end":{"line":328,"column":59}},"type":"binary-expr","locations":[{"start":{"line":328,"column":8},"end":{"line":328,"column":29}},{"start":{"line":328,"column":33},"end":{"line":328,"column":59}}],"line":328},"34":{"loc":{"start":{"line":329,"column":6},"end":{"line":331,"column":7}},"type":"if","locations":[{"start":{"line":329,"column":6},"end":{"line":331,"column":7}},{"start":{},"end":{}}],"line":329},"35":{"loc":{"start":{"line":340,"column":6},"end":{"line":340,"column":116}},"type":"binary-expr","locations":[{"start":{"line":340,"column":6},"end":{"line":340,"column":29}},{"start":{"line":340,"column":33},"end":{"line":340,"column":62}},{"start":{"line":340,"column":66},"end":{"line":340,"column":116}}],"line":340},"36":{"loc":{"start":{"line":350,"column":4},"end":{"line":356,"column":5}},"type":"if","locations":[{"start":{"line":350,"column":4},"end":{"line":356,"column":5}},{"start":{},"end":{}}],"line":350},"37":{"loc":{"start":{"line":351,"column":6},"end":{"line":353,"column":56}},"type":"binary-expr","locations":[{"start":{"line":351,"column":6},"end":{"line":351,"column":27}},{"start":{"line":352,"column":6},"end":{"line":352,"column":70}},{"start":{"line":353,"column":6},"end":{"line":353,"column":56}}],"line":351},"38":{"loc":{"start":{"line":357,"column":4},"end":{"line":363,"column":5}},"type":"if","locations":[{"start":{"line":357,"column":4},"end":{"line":363,"column":5}},{"start":{},"end":{}}],"line":357},"39":{"loc":{"start":{"line":358,"column":6},"end":{"line":360,"column":58}},"type":"binary-expr","locations":[{"start":{"line":358,"column":6},"end":{"line":358,"column":35}},{"start":{"line":359,"column":6},"end":{"line":359,"column":64}},{"start":{"line":360,"column":6},"end":{"line":360,"column":58}}],"line":358},"40":{"loc":{"start":{"line":368,"column":4},"end":{"line":371,"column":5}},"type":"if","locations":[{"start":{"line":368,"column":4},"end":{"line":371,"column":5}},{"start":{},"end":{}}],"line":368},"41":{"loc":{"start":{"line":368,"column":8},"end":{"line":368,"column":87}},"type":"binary-expr","locations":[{"start":{"line":368,"column":8},"end":{"line":368,"column":29}},{"start":{"line":368,"column":33},"end":{"line":368,"column":87}}],"line":368},"42":{"loc":{"start":{"line":372,"column":4},"end":{"line":375,"column":5}},"type":"if","locations":[{"start":{"line":372,"column":4},"end":{"line":375,"column":5}},{"start":{},"end":{}}],"line":372},"43":{"loc":{"start":{"line":372,"column":8},"end":{"line":372,"column":89}},"type":"binary-expr","locations":[{"start":{"line":372,"column":8},"end":{"line":372,"column":37}},{"start":{"line":372,"column":41},"end":{"line":372,"column":89}}],"line":372},"44":{"loc":{"start":{"line":393,"column":4},"end":{"line":395,"column":5}},"type":"if","locations":[{"start":{"line":393,"column":4},"end":{"line":395,"column":5}},{"start":{},"end":{}}],"line":393},"45":{"loc":{"start":{"line":397,"column":4},"end":{"line":412,"column":5}},"type":"if","locations":[{"start":{"line":397,"column":4},"end":{"line":412,"column":5}},{"start":{},"end":{}}],"line":397},"46":{"loc":{"start":{"line":399,"column":8},"end":{"line":409,"column":9}},"type":"if","locations":[{"start":{"line":399,"column":8},"end":{"line":409,"column":9}},{"start":{},"end":{}}],"line":399},"47":{"loc":{"start":{"line":401,"column":12},"end":{"line":407,"column":13}},"type":"if","locations":[{"start":{"line":401,"column":12},"end":{"line":407,"column":13}},{"start":{},"end":{}}],"line":401},"48":{"loc":{"start":{"line":402,"column":14},"end":{"line":404,"column":92}},"type":"binary-expr","locations":[{"start":{"line":402,"column":14},"end":{"line":402,"column":73}},{"start":{"line":403,"column":14},"end":{"line":403,"column":58}},{"start":{"line":404,"column":14},"end":{"line":404,"column":92}}],"line":402}},"s":{"0":85,"1":85,"2":85,"3":0,"4":0,"5":85,"6":85,"7":85,"8":85,"9":70,"10":70,"11":8956,"12":70,"13":85,"14":85,"15":85,"16":85,"17":85,"18":85,"19":85,"20":85,"21":85,"22":85,"23":225,"24":84,"25":84,"26":1,"27":1,"28":1,"29":1,"30":1,"31":1,"32":154,"33":154,"34":70,"35":70,"36":70,"37":70,"38":84,"39":28,"40":28,"41":56,"42":2,"43":2,"44":9,"45":4167,"46":2746,"47":4352,"48":4352,"49":2220,"50":619,"51":3,"52":3,"53":619,"54":1,"55":1,"56":229,"57":70,"58":159,"59":17,"60":159,"61":1599,"62":159,"63":1560,"64":1560,"65":159,"66":1462,"67":159,"68":70,"69":9,"70":6,"71":28,"72":0,"73":28,"74":360,"75":0,"76":360,"77":41,"78":0,"79":41,"80":87,"81":0,"82":87,"83":2,"84":2,"85":87,"86":87,"87":87,"88":87,"89":87,"90":87,"91":4638,"92":4638,"93":4638,"94":4638,"95":8886,"96":0,"97":8886,"98":8886,"99":8634,"100":8634,"101":8634,"102":425,"103":425,"104":425,"105":30,"106":30,"107":395,"108":395,"109":2,"110":1,"111":2,"112":395,"113":395,"114":395,"115":395,"116":395,"117":395,"118":395,"119":24,"120":395,"121":177,"122":395,"123":395,"124":395,"125":395,"126":33,"127":33,"128":395,"129":163,"130":163,"131":395,"132":395,"133":395,"134":395,"135":395,"136":9016,"137":1886,"138":7130,"139":7130,"140":133,"141":133,"142":71,"143":424,"144":2,"145":131,"146":7130},"f":{"0":85,"1":70,"2":8956,"3":70,"4":84,"5":1,"6":154,"7":70,"8":84,"9":2,"10":9,"11":4167,"12":2746,"13":229,"14":1599,"15":1560,"16":1462,"17":70,"18":28,"19":360,"20":41,"21":87,"22":4638,"23":8886,"24":425,"25":395,"26":9016,"27":133},"b":{"0":[0,85],"1":[85,85],"2":[8956,8704],"3":[70,0],"4":[1,0],"5":[28,56],"6":[4352,0],"7":[619,1601],"8":[2220,622],"9":[3,616],"10":[70,159],"11":[17,142],"12":[1560,0],"13":[1560,1560],"14":[9,61],"15":[70,9,9,9,9,9,9,9],"16":[6,3],"17":[0,28],"18":[0,360],"19":[0,41],"20":[0,87],"21":[2,85],"22":[72,15],"23":[3078,1560],"24":[4638,3078,3078],"25":[3078,1560],"26":[3078,1560],"27":[3078,1560],"28":[0,8886],"29":[8634,252],"30":[8886,8634,7080],"31":[30,395],"32":[2,393],"33":[395,382],"34":[1,1],"35":[395,395,395],"36":[24,371],"37":[395,66,47],"38":[177,218],"39":[395,213,177],"40":[33,362],"41":[395,66],"42":[163,232],"43":[395,213],"44":[1886,7130],"45":[133,6997],"46":[71,62],"47":[2,422],"48":[424,2,2]},"_coverageSchema":"1a1c01bbd47fc00a2c39e90264f33305004495a9","hash":"084c42438e9fede1e3b79eda151ccec0c161c030"}
,"/Users/runner/work/quick-quoted-search/quick-quoted-search/src/options.js": {"path":"/Users/runner/work/quick-quoted-search/quick-quoted-search/src/options.js","statementMap":{"0":{"start":{"line":10,"column":0},"end":{"line":281,"column":5}},"1":{"start":{"line":15,"column":2},"end":{"line":15,"column":39}},"2":{"start":{"line":21,"column":26},"end":{"line":21,"column":39}},"3":{"start":{"line":23,"column":21},"end":{"line":33,"column":3}},"4":{"start":{"line":36,"column":23},"end":{"line":46,"column":3}},"5":{"start":{"line":55,"column":29},"end":{"line":55,"column":31}},"6":{"start":{"line":61,"column":2},"end":{"line":61,"column":67}},"7":{"start":{"line":62,"column":2},"end":{"line":62,"column":61}},"8":{"start":{"line":69,"column":4},"end":{"line":69,"column":43}},"9":{"start":{"line":71,"column":4},"end":{"line":71,"column":24}},"10":{"start":{"line":72,"column":4},"end":{"line":72,"column":32}},"11":{"start":{"line":73,"column":4},"end":{"line":73,"column":28}},"12":{"start":{"line":75,"column":4},"end":{"line":75,"column":46}},"13":{"start":{"line":77,"column":4},"end":{"line":77,"column":49}},"14":{"start":{"line":78,"column":4},"end":{"line":78,"column":46}},"15":{"start":{"line":80,"column":4},"end":{"line":80,"column":20}},"16":{"start":{"line":81,"column":4},"end":{"line":81,"column":25}},"17":{"start":{"line":83,"column":4},"end":{"line":83,"column":37}},"18":{"start":{"line":85,"column":4},"end":{"line":85,"column":29}},"19":{"start":{"line":89,"column":4},"end":{"line":89,"column":27}},"20":{"start":{"line":93,"column":4},"end":{"line":99,"column":5}},"21":{"start":{"line":94,"column":6},"end":{"line":94,"column":109}},"22":{"start":{"line":95,"column":6},"end":{"line":97,"column":9}},"23":{"start":{"line":96,"column":8},"end":{"line":96,"column":51}},"24":{"start":{"line":98,"column":6},"end":{"line":98,"column":42}},"25":{"start":{"line":103,"column":4},"end":{"line":106,"column":7}},"26":{"start":{"line":104,"column":6},"end":{"line":104,"column":79}},"27":{"start":{"line":105,"column":6},"end":{"line":105,"column":30}},"28":{"start":{"line":110,"column":22},"end":{"line":110,"column":104}},"29":{"start":{"line":111,"column":4},"end":{"line":115,"column":7}},"30":{"start":{"line":112,"column":6},"end":{"line":114,"column":7}},"31":{"start":{"line":113,"column":8},"end":{"line":113,"column":26}},"32":{"start":{"line":117,"column":19},"end":{"line":117,"column":66}},"33":{"start":{"line":118,"column":4},"end":{"line":118,"column":26}},"34":{"start":{"line":119,"column":4},"end":{"line":121,"column":7}},"35":{"start":{"line":120,"column":6},"end":{"line":120,"column":23}},"36":{"start":{"line":125,"column":4},"end":{"line":132,"column":7}},"37":{"start":{"line":126,"column":6},"end":{"line":126,"column":25}},"38":{"start":{"line":127,"column":6},"end":{"line":131,"column":8}},"39":{"start":{"line":136,"column":4},"end":{"line":143,"column":7}},"40":{"start":{"line":137,"column":6},"end":{"line":137,"column":25}},"41":{"start":{"line":138,"column":6},"end":{"line":142,"column":8}},"42":{"start":{"line":147,"column":4},"end":{"line":157,"column":5}},"43":{"start":{"line":148,"column":17},"end":{"line":148,"column":51}},"44":{"start":{"line":149,"column":31},"end":{"line":149,"column":91}},"45":{"start":{"line":150,"column":6},"end":{"line":150,"column":40}},"46":{"start":{"line":151,"column":22},"end":{"line":151,"column":78}},"47":{"start":{"line":152,"column":28},"end":{"line":152,"column":76}},"48":{"start":{"line":153,"column":6},"end":{"line":153,"column":35}},"49":{"start":{"line":154,"column":6},"end":{"line":156,"column":9}},"50":{"start":{"line":155,"column":8},"end":{"line":155,"column":23}},"51":{"start":{"line":161,"column":4},"end":{"line":165,"column":5}},"52":{"start":{"line":161,"column":57},"end":{"line":161,"column":93}},"53":{"start":{"line":162,"column":6},"end":{"line":164,"column":9}},"54":{"start":{"line":163,"column":8},"end":{"line":163,"column":65}},"55":{"start":{"line":173,"column":4},"end":{"line":176,"column":7}},"56":{"start":{"line":177,"column":4},"end":{"line":188,"column":5}},"57":{"start":{"line":178,"column":23},"end":{"line":178,"column":46}},"58":{"start":{"line":179,"column":6},"end":{"line":184,"column":7}},"59":{"start":{"line":180,"column":8},"end":{"line":180,"column":37}},"60":{"start":{"line":181,"column":8},"end":{"line":181,"column":62}},"61":{"start":{"line":183,"column":8},"end":{"line":183,"column":86}},"62":{"start":{"line":186,"column":6},"end":{"line":186,"column":87}},"63":{"start":{"line":187,"column":6},"end":{"line":187,"column":50}},"64":{"start":{"line":190,"column":4},"end":{"line":190,"column":34}},"65":{"start":{"line":194,"column":4},"end":{"line":196,"column":5}},"66":{"start":{"line":195,"column":6},"end":{"line":195,"column":57}},"67":{"start":{"line":198,"column":4},"end":{"line":198,"column":34}},"68":{"start":{"line":202,"column":4},"end":{"line":207,"column":5}},"69":{"start":{"line":203,"column":25},"end":{"line":205,"column":14}},"70":{"start":{"line":204,"column":8},"end":{"line":204,"column":70}},"71":{"start":{"line":206,"column":6},"end":{"line":206,"column":54}},"72":{"start":{"line":211,"column":4},"end":{"line":223,"column":5}},"73":{"start":{"line":211,"column":57},"end":{"line":211,"column":71}},"74":{"start":{"line":212,"column":6},"end":{"line":222,"column":7}},"75":{"start":{"line":213,"column":28},"end":{"line":213,"column":55}},"76":{"start":{"line":214,"column":8},"end":{"line":214,"column":50}},"77":{"start":{"line":215,"column":8},"end":{"line":215,"column":86}},"78":{"start":{"line":217,"column":8},"end":{"line":221,"column":9}},"79":{"start":{"line":220,"column":10},"end":{"line":220,"column":42}},"80":{"start":{"line":227,"column":4},"end":{"line":233,"column":5}},"81":{"start":{"line":228,"column":6},"end":{"line":232,"column":7}},"82":{"start":{"line":229,"column":8},"end":{"line":231,"column":9}},"83":{"start":{"line":230,"column":10},"end":{"line":230,"column":40}},"84":{"start":{"line":237,"column":4},"end":{"line":262,"column":5}},"85":{"start":{"line":237,"column":57},"end":{"line":237,"column":93}},"86":{"start":{"line":238,"column":19},"end":{"line":238,"column":48}},"87":{"start":{"line":239,"column":27},"end":{"line":239,"column":99}},"88":{"start":{"line":241,"column":23},"end":{"line":241,"column":47}},"89":{"start":{"line":242,"column":6},"end":{"line":242,"column":37}},"90":{"start":{"line":243,"column":6},"end":{"line":243,"column":43}},"91":{"start":{"line":244,"column":6},"end":{"line":244,"column":38}},"92":{"start":{"line":245,"column":6},"end":{"line":245,"column":43}},"93":{"start":{"line":246,"column":6},"end":{"line":246,"column":52}},"94":{"start":{"line":248,"column":23},"end":{"line":255,"column":7}},"95":{"start":{"line":251,"column":10},"end":{"line":251,"column":50}},"96":{"start":{"line":252,"column":10},"end":{"line":252,"column":65}},"97":{"start":{"line":257,"column":6},"end":{"line":257,"column":52}},"98":{"start":{"line":259,"column":6},"end":{"line":259,"column":53}},"99":{"start":{"line":266,"column":31},"end":{"line":272,"column":5}},"100":{"start":{"line":273,"column":4},"end":{"line":273,"column":94}},"101":{"start":{"line":273,"column":67},"end":{"line":273,"column":92}},"102":{"start":{"line":277,"column":4},"end":{"line":277,"column":24}},"103":{"start":{"line":278,"column":4},"end":{"line":278,"column":28}},"104":{"start":{"line":279,"column":4},"end":{"line":279,"column":96}}},"fnMap":{"0":{"name":"main","decl":{"start":{"line":10,"column":16},"end":{"line":10,"column":20}},"loc":{"start":{"line":10,"column":23},"end":{"line":281,"column":1}},"line":10},"1":{"name":"(anonymous_1)","decl":{"start":{"line":37,"column":128},"end":{"line":37,"column":129}},"loc":{"start":{"line":37,"column":134},"end":{"line":37,"column":136}},"line":37},"2":{"name":"(anonymous_2)","decl":{"start":{"line":39,"column":128},"end":{"line":39,"column":129}},"loc":{"start":{"line":39,"column":134},"end":{"line":39,"column":136}},"line":39},"3":{"name":"(anonymous_3)","decl":{"start":{"line":40,"column":128},"end":{"line":40,"column":129}},"loc":{"start":{"line":40,"column":134},"end":{"line":40,"column":136}},"line":40},"4":{"name":"(anonymous_4)","decl":{"start":{"line":41,"column":128},"end":{"line":41,"column":129}},"loc":{"start":{"line":41,"column":134},"end":{"line":41,"column":136}},"line":41},"5":{"name":"(anonymous_5)","decl":{"start":{"line":42,"column":128},"end":{"line":42,"column":129}},"loc":{"start":{"line":42,"column":134},"end":{"line":42,"column":136}},"line":42},"6":{"name":"(anonymous_6)","decl":{"start":{"line":43,"column":128},"end":{"line":43,"column":129}},"loc":{"start":{"line":43,"column":134},"end":{"line":43,"column":136}},"line":43},"7":{"name":"(anonymous_7)","decl":{"start":{"line":44,"column":128},"end":{"line":44,"column":129}},"loc":{"start":{"line":44,"column":134},"end":{"line":44,"column":136}},"line":44},"8":{"name":"(anonymous_8)","decl":{"start":{"line":45,"column":128},"end":{"line":45,"column":129}},"loc":{"start":{"line":45,"column":134},"end":{"line":45,"column":136}},"line":45},"9":{"name":"onDOMContentLoaded","decl":{"start":{"line":68,"column":11},"end":{"line":68,"column":29}},"loc":{"start":{"line":68,"column":32},"end":{"line":86,"column":3}},"line":68},"10":{"name":"onLoadCompleted","decl":{"start":{"line":88,"column":11},"end":{"line":88,"column":26}},"loc":{"start":{"line":88,"column":29},"end":{"line":90,"column":3}},"line":88},"11":{"name":"setupOptionInputs","decl":{"start":{"line":92,"column":11},"end":{"line":92,"column":28}},"loc":{"start":{"line":92,"column":31},"end":{"line":100,"column":3}},"line":92},"12":{"name":"(anonymous_12)","decl":{"start":{"line":95,"column":54},"end":{"line":95,"column":55}},"loc":{"start":{"line":95,"column":77},"end":{"line":97,"column":7}},"line":95},"13":{"name":"addEventListenerToOptions","decl":{"start":{"line":102,"column":11},"end":{"line":102,"column":36}},"loc":{"start":{"line":102,"column":39},"end":{"line":107,"column":3}},"line":102},"14":{"name":"(anonymous_14)","decl":{"start":{"line":103,"column":38},"end":{"line":103,"column":39}},"loc":{"start":{"line":103,"column":51},"end":{"line":106,"column":5}},"line":103},"15":{"name":"addEventListenerToRestoreDefaultsButton","decl":{"start":{"line":109,"column":11},"end":{"line":109,"column":50}},"loc":{"start":{"line":109,"column":53},"end":{"line":122,"column":3}},"line":109},"16":{"name":"(anonymous_16)","decl":{"start":{"line":111,"column":41},"end":{"line":111,"column":42}},"loc":{"start":{"line":111,"column":48},"end":{"line":115,"column":5}},"line":111},"17":{"name":"(anonymous_17)","decl":{"start":{"line":119,"column":37},"end":{"line":119,"column":38}},"loc":{"start":{"line":119,"column":45},"end":{"line":121,"column":5}},"line":119},"18":{"name":"addEventListenerToSearchEngineSettingsLink","decl":{"start":{"line":124,"column":11},"end":{"line":124,"column":53}},"loc":{"start":{"line":124,"column":56},"end":{"line":133,"column":3}},"line":124},"19":{"name":"(anonymous_19)","decl":{"start":{"line":125,"column":89},"end":{"line":125,"column":90}},"loc":{"start":{"line":125,"column":102},"end":{"line":132,"column":5}},"line":125},"20":{"name":"addEventListenerToShortcutsSettingsLink","decl":{"start":{"line":135,"column":11},"end":{"line":135,"column":50}},"loc":{"start":{"line":135,"column":53},"end":{"line":144,"column":3}},"line":135},"21":{"name":"(anonymous_21)","decl":{"start":{"line":136,"column":85},"end":{"line":136,"column":86}},"loc":{"start":{"line":136,"column":98},"end":{"line":143,"column":5}},"line":136},"22":{"name":"setupTooltips","decl":{"start":{"line":146,"column":11},"end":{"line":146,"column":24}},"loc":{"start":{"line":146,"column":27},"end":{"line":158,"column":3}},"line":146},"23":{"name":"(anonymous_23)","decl":{"start":{"line":154,"column":46},"end":{"line":154,"column":47}},"loc":{"start":{"line":154,"column":54},"end":{"line":156,"column":7}},"line":154},"24":{"name":"bindLabelsToSelect","decl":{"start":{"line":160,"column":11},"end":{"line":160,"column":29}},"loc":{"start":{"line":160,"column":32},"end":{"line":166,"column":3}},"line":160},"25":{"name":"(anonymous_25)","decl":{"start":{"line":161,"column":47},"end":{"line":161,"column":48}},"loc":{"start":{"line":161,"column":57},"end":{"line":161,"column":93}},"line":161},"26":{"name":"(anonymous_26)","decl":{"start":{"line":162,"column":91},"end":{"line":162,"column":92}},"loc":{"start":{"line":162,"column":98},"end":{"line":164,"column":7}},"line":162},"27":{"name":"updateOptionValue","decl":{"start":{"line":172,"column":11},"end":{"line":172,"column":28}},"loc":{"start":{"line":172,"column":54},"end":{"line":191,"column":3}},"line":172},"28":{"name":"updateOptionInputsAll","decl":{"start":{"line":193,"column":11},"end":{"line":193,"column":32}},"loc":{"start":{"line":193,"column":35},"end":{"line":199,"column":3}},"line":193},"29":{"name":"scanOptionInputDependencies","decl":{"start":{"line":201,"column":11},"end":{"line":201,"column":38}},"loc":{"start":{"line":201,"column":41},"end":{"line":208,"column":3}},"line":201},"30":{"name":"(anonymous_30)","decl":{"start":{"line":203,"column":45},"end":{"line":203,"column":46}},"loc":{"start":{"line":203,"column":77},"end":{"line":205,"column":7}},"line":203},"31":{"name":"refreshDisplayOfPrivateOptions","decl":{"start":{"line":210,"column":11},"end":{"line":210,"column":41}},"loc":{"start":{"line":210,"column":44},"end":{"line":224,"column":3}},"line":210},"32":{"name":"(anonymous_32)","decl":{"start":{"line":211,"column":47},"end":{"line":211,"column":48}},"loc":{"start":{"line":211,"column":57},"end":{"line":211,"column":71}},"line":211},"33":{"name":"adjustKeyboardNotation","decl":{"start":{"line":226,"column":11},"end":{"line":226,"column":33}},"loc":{"start":{"line":226,"column":36},"end":{"line":234,"column":3}},"line":226},"34":{"name":"adjustWidthsOfSelect","decl":{"start":{"line":236,"column":11},"end":{"line":236,"column":31}},"loc":{"start":{"line":236,"column":34},"end":{"line":263,"column":3}},"line":236},"35":{"name":"(anonymous_35)","decl":{"start":{"line":237,"column":47},"end":{"line":237,"column":48}},"loc":{"start":{"line":237,"column":57},"end":{"line":237,"column":93}},"line":237},"36":{"name":"(anonymous_36)","decl":{"start":{"line":250,"column":8},"end":{"line":250,"column":9}},"loc":{"start":{"line":250,"column":39},"end":{"line":253,"column":9}},"line":250},"37":{"name":"setupIconSize","decl":{"start":{"line":265,"column":11},"end":{"line":265,"column":24}},"loc":{"start":{"line":265,"column":44},"end":{"line":274,"column":3}},"line":265},"38":{"name":"(anonymous_38)","decl":{"start":{"line":273,"column":48},"end":{"line":273,"column":49}},"loc":{"start":{"line":273,"column":67},"end":{"line":273,"column":92}},"line":273},"39":{"name":"restoreDefaults","decl":{"start":{"line":276,"column":11},"end":{"line":276,"column":26}},"loc":{"start":{"line":276,"column":29},"end":{"line":280,"column":3}},"line":276}},"branchMap":{"0":{"loc":{"start":{"line":112,"column":6},"end":{"line":114,"column":7}},"type":"if","locations":[{"start":{"line":112,"column":6},"end":{"line":114,"column":7}},{"start":{},"end":{}}],"line":112},"1":{"loc":{"start":{"line":179,"column":6},"end":{"line":184,"column":7}},"type":"if","locations":[{"start":{"line":179,"column":6},"end":{"line":184,"column":7}},{"start":{"line":182,"column":13},"end":{"line":184,"column":7}}],"line":179},"2":{"loc":{"start":{"line":204,"column":15},"end":{"line":204,"column":69}},"type":"binary-expr","locations":[{"start":{"line":204,"column":15},"end":{"line":204,"column":29}},{"start":{"line":204,"column":33},"end":{"line":204,"column":69}}],"line":204},"3":{"loc":{"start":{"line":212,"column":6},"end":{"line":222,"column":7}},"type":"if","locations":[{"start":{"line":212,"column":6},"end":{"line":222,"column":7}},{"start":{"line":216,"column":13},"end":{"line":222,"column":7}}],"line":212},"4":{"loc":{"start":{"line":227,"column":4},"end":{"line":233,"column":5}},"type":"if","locations":[{"start":{"line":227,"column":4},"end":{"line":233,"column":5}},{"start":{},"end":{}}],"line":227},"5":{"loc":{"start":{"line":229,"column":8},"end":{"line":231,"column":9}},"type":"if","locations":[{"start":{"line":229,"column":8},"end":{"line":231,"column":9}},{"start":{},"end":{}}],"line":229}},"s":{"0":90,"1":90,"2":90,"3":90,"4":90,"5":90,"6":90,"7":90,"8":90,"9":90,"10":90,"11":90,"12":90,"13":90,"14":90,"15":90,"16":90,"17":90,"18":90,"19":90,"20":90,"21":810,"22":810,"23":1138,"24":810,"25":90,"26":3848,"27":3848,"28":90,"29":90,"30":13,"31":7,"32":90,"33":90,"34":90,"35":13,"36":90,"37":28,"38":28,"39":90,"40":28,"41":28,"42":90,"43":990,"44":990,"45":990,"46":990,"47":990,"48":990,"49":990,"50":94,"51":90,"52":810,"53":90,"54":23,"55":1138,"56":1138,"57":1138,"58":1138,"59":1138,"60":1138,"61":0,"62":0,"63":0,"64":1138,"65":3945,"66":35505,"67":3945,"68":5083,"69":45747,"70":15249,"71":45747,"72":90,"73":810,"74":90,"75":90,"76":90,"77":90,"78":0,"79":0,"80":90,"81":10,"82":90,"83":30,"84":90,"85":810,"86":90,"87":90,"88":90,"89":90,"90":90,"91":90,"92":90,"93":90,"94":90,"95":270,"96":270,"97":90,"98":90,"99":90,"100":90,"101":738,"102":7,"103":7,"104":7},"f":{"0":90,"1":90,"2":90,"3":90,"4":90,"5":90,"6":90,"7":90,"8":90,"9":90,"10":90,"11":90,"12":1138,"13":90,"14":3848,"15":90,"16":13,"17":13,"18":90,"19":28,"20":90,"21":28,"22":90,"23":94,"24":90,"25":810,"26":23,"27":1138,"28":3945,"29":5083,"30":15249,"31":90,"32":810,"33":90,"34":90,"35":810,"36":270,"37":90,"38":738,"39":7},"b":{"0":[7,6],"1":[1138,0],"2":[15249,15249],"3":[90,0],"4":[10,80],"5":[30,60]},"_coverageSchema":"1a1c01bbd47fc00a2c39e90264f33305004495a9","hash":"c457475ecf0ed831db644c96febd2cc41a105052"}
,"/Users/runner/work/quick-quoted-search/quick-quoted-search/src/modules/__config.js": {"path":"/Users/runner/work/quick-quoted-search/quick-quoted-search/src/modules/__config.js","statementMap":{"0":{"start":{"line":1,"column":0},"end":{"line":1,"column":91}}},"fnMap":{},"branchMap":{},"s":{"0":305,"1":0,"2":0,"3":0,"4":2},"f":{"0":0},"b":{},"_coverageSchema":"1a1c01bbd47fc00a2c39e90264f33305004495a9","hash":"6a940ec26dfd42d5d2e44bede6f790e8d09445b4"}
,"/Users/runner/work/quick-quoted-search/quick-quoted-search/src/modules/__constants.js": {"path":"/Users/runner/work/quick-quoted-search/quick-quoted-search/src/modules/__constants.js","statementMap":{"0":{"start":{"line":4,"column":24},"end":{"line":9,"column":1}},"1":{"start":{"line":14,"column":27},"end":{"line":17,"column":1}},"2":{"start":{"line":22,"column":27},"end":{"line":46,"column":1}},"3":{"start":{"line":59,"column":31},"end":{"line":59,"column":93}},"4":{"start":{"line":64,"column":41},"end":{"line":64,"column":45}},"5":{"start":{"line":73,"column":46},"end":{"line":73,"column":98}}},"fnMap":{},"branchMap":{},"s":{"0":303,"1":303,"2":303,"3":303,"4":303,"5":303},"f":{},"b":{},"_coverageSchema":"1a1c01bbd47fc00a2c39e90264f33305004495a9","hash":"2d10beff0a639cc9ceb32c65b3135f5fba8fc92c"}
,"/Users/runner/work/quick-quoted-search/quick-quoted-search/src/modules/__functions.js": {"path":"/Users/runner/work/quick-quoted-search/quick-quoted-search/src/modules/__functions.js","statementMap":{"0":{"start":{"line":15,"column":2},"end":{"line":15,"column":23}},"1":{"start":{"line":16,"column":2},"end":{"line":16,"column":107}},"2":{"start":{"line":32,"column":2},"end":{"line":32,"column":53}},"3":{"start":{"line":33,"column":2},"end":{"line":35,"column":88}},"4":{"start":{"line":45,"column":2},"end":{"line":45,"column":33}},"5":{"start":{"line":46,"column":2},"end":{"line":50,"column":4}},"6":{"start":{"line":60,"column":2},"end":{"line":60,"column":34}},"7":{"start":{"line":74,"column":2},"end":{"line":74,"column":47}},"8":{"start":{"line":87,"column":2},"end":{"line":91,"column":3}},"9":{"start":{"line":88,"column":4},"end":{"line":88,"column":64}},"10":{"start":{"line":90,"column":4},"end":{"line":90,"column":29}},"11":{"start":{"line":104,"column":2},"end":{"line":108,"column":3}},"12":{"start":{"line":105,"column":4},"end":{"line":105,"column":43}},"13":{"start":{"line":107,"column":4},"end":{"line":107,"column":29}},"14":{"start":{"line":117,"column":23},"end":{"line":117,"column":84}},"15":{"start":{"line":118,"column":2},"end":{"line":137,"column":3}},"16":{"start":{"line":119,"column":26},"end":{"line":133,"column":8}},"17":{"start":{"line":120,"column":21},"end":{"line":120,"column":23}},"18":{"start":{"line":121,"column":19},"end":{"line":121,"column":43}},"19":{"start":{"line":122,"column":6},"end":{"line":124,"column":7}},"20":{"start":{"line":123,"column":8},"end":{"line":123,"column":22}},"21":{"start":{"line":125,"column":18},"end":{"line":125,"column":33}},"22":{"start":{"line":126,"column":6},"end":{"line":131,"column":7}},"23":{"start":{"line":127,"column":27},"end":{"line":127,"column":49}},"24":{"start":{"line":128,"column":26},"end":{"line":128,"column":55}},"25":{"start":{"line":129,"column":8},"end":{"line":129,"column":104}},"26":{"start":{"line":130,"column":8},"end":{"line":130,"column":43}},"27":{"start":{"line":132,"column":6},"end":{"line":132,"column":20}},"28":{"start":{"line":134,"column":19},"end":{"line":134,"column":45}},"29":{"start":{"line":135,"column":4},"end":{"line":135,"column":91}},"30":{"start":{"line":136,"column":4},"end":{"line":136,"column":86}},"31":{"start":{"line":151,"column":4},"end":{"line":169,"column":5}},"32":{"start":{"line":152,"column":20},"end":{"line":152,"column":43}},"33":{"start":{"line":153,"column":6},"end":{"line":168,"column":7}},"34":{"start":{"line":154,"column":40},"end":{"line":154,"column":69}},"35":{"start":{"line":155,"column":8},"end":{"line":167,"column":9}},"36":{"start":{"line":156,"column":10},"end":{"line":166,"column":11}},"37":{"start":{"line":157,"column":12},"end":{"line":157,"column":95}},"38":{"start":{"line":159,"column":43},"end":{"line":162,"column":13}},"39":{"start":{"line":161,"column":27},"end":{"line":161,"column":47}},"40":{"start":{"line":163,"column":12},"end":{"line":165,"column":13}},"41":{"start":{"line":164,"column":14},"end":{"line":164,"column":99}},"42":{"start":{"line":170,"column":4},"end":{"line":170,"column":21}},"43":{"start":{"line":173,"column":2},"end":{"line":173,"column":54}},"44":{"start":{"line":195,"column":2},"end":{"line":202,"column":3}},"45":{"start":{"line":196,"column":4},"end":{"line":196,"column":30}},"46":{"start":{"line":198,"column":4},"end":{"line":201,"column":6}},"47":{"start":{"line":214,"column":16},"end":{"line":214,"column":78}},"48":{"start":{"line":215,"column":2},"end":{"line":215,"column":13}},"49":{"start":{"line":229,"column":2},"end":{"line":235,"column":5}},"50":{"start":{"line":248,"column":24},"end":{"line":248,"column":57}},"51":{"start":{"line":249,"column":2},"end":{"line":252,"column":5}},"52":{"start":{"line":267,"column":24},"end":{"line":267,"column":100}},"53":{"start":{"line":268,"column":2},"end":{"line":278,"column":3}},"54":{"start":{"line":269,"column":19},"end":{"line":269,"column":61}},"55":{"start":{"line":270,"column":4},"end":{"line":270,"column":81}},"56":{"start":{"line":273,"column":4},"end":{"line":275,"column":5}},"57":{"start":{"line":274,"column":6},"end":{"line":274,"column":60}},"58":{"start":{"line":277,"column":4},"end":{"line":277,"column":103}},"59":{"start":{"line":295,"column":24},"end":{"line":295,"column":76}},"60":{"start":{"line":296,"column":2},"end":{"line":302,"column":3}},"61":{"start":{"line":297,"column":4},"end":{"line":297,"column":51}},"62":{"start":{"line":298,"column":9},"end":{"line":302,"column":3}},"63":{"start":{"line":299,"column":4},"end":{"line":299,"column":40}},"64":{"start":{"line":301,"column":4},"end":{"line":301,"column":80}},"65":{"start":{"line":318,"column":14},"end":{"line":318,"column":51}},"66":{"start":{"line":319,"column":2},"end":{"line":319,"column":59}},"67":{"start":{"line":335,"column":14},"end":{"line":335,"column":40}},"68":{"start":{"line":336,"column":2},"end":{"line":336,"column":59}},"69":{"start":{"line":352,"column":14},"end":{"line":352,"column":45}},"70":{"start":{"line":353,"column":2},"end":{"line":353,"column":59}}},"fnMap":{"0":{"name":"filterSelectionText","decl":{"start":{"line":14,"column":16},"end":{"line":14,"column":35}},"loc":{"start":{"line":14,"column":51},"end":{"line":17,"column":1}},"line":14},"1":{"name":"normalizeSelectionText","decl":{"start":{"line":31,"column":16},"end":{"line":31,"column":38}},"loc":{"start":{"line":31,"column":54},"end":{"line":36,"column":1}},"line":31},"2":{"name":"isNormalizedSelectionTextValid","decl":{"start":{"line":44,"column":16},"end":{"line":44,"column":46}},"loc":{"start":{"line":44,"column":72},"end":{"line":51,"column":1}},"line":44},"3":{"name":"quoteText","decl":{"start":{"line":59,"column":16},"end":{"line":59,"column":25}},"loc":{"start":{"line":59,"column":32},"end":{"line":61,"column":1}},"line":59},"4":{"name":"cloneDto","decl":{"start":{"line":73,"column":16},"end":{"line":73,"column":24}},"loc":{"start":{"line":73,"column":30},"end":{"line":75,"column":1}},"line":73},"5":{"name":"addDOMContentLoadedEventListener","decl":{"start":{"line":86,"column":16},"end":{"line":86,"column":48}},"loc":{"start":{"line":86,"column":64},"end":{"line":92,"column":1}},"line":86},"6":{"name":"addLoadCompletedEventListener","decl":{"start":{"line":103,"column":16},"end":{"line":103,"column":45}},"loc":{"start":{"line":103,"column":61},"end":{"line":109,"column":1}},"line":103},"7":{"name":"injectI18NMessagesInHtml","decl":{"start":{"line":116,"column":16},"end":{"line":116,"column":40}},"loc":{"start":{"line":116,"column":46},"end":{"line":138,"column":1}},"line":1
[...]
tart":{"line":57,"column":6},"end":{"line":57,"column":86}},"21":{"start":{"line":58,"column":6},"end":{"line":58,"column":44}},"22":{"start":{"line":59,"column":6},"end":{"line":59,"column":44}},"23":{"start":{"line":64,"column":30},"end":{"line":64,"column":31}},"24":{"start":{"line":65,"column":4},"end":{"line":67,"column":5}},"25":{"start":{"line":66,"column":6},"end":{"line":66,"column":39}},"26":{"start":{"line":71,"column":4},"end":{"line":73,"column":5}},"27":{"start":{"line":72,"column":6},"end":{"line":72,"column":23}},"28":{"start":{"line":77,"column":4},"end":{"line":77,"column":31}},"29":{"start":{"line":79,"column":4},"end":{"line":81,"column":5}},"30":{"start":{"line":80,"column":6},"end":{"line":80,"column":23}},"31":{"start":{"line":87,"column":4},"end":{"line":138,"column":7}},"32":{"start":{"line":88,"column":24},"end":{"line":88,"column":51}},"33":{"start":{"line":89,"column":28},"end":{"line":89,"column":73}},"34":{"start":{"line":90,"column":6},"end":{"line":137,"column":7}},"35":{"start":{"line":95,"column":8},"end":{"line":99,"column":9}},"36":{"start":{"line":98,"column":10},"end":{"line":98,"column":17}},"37":{"start":{"line":101,"column":8},"end":{"line":101,"column":58}},"38":{"start":{"line":102,"column":8},"end":{"line":102,"column":62}},"39":{"start":{"line":104,"column":27},"end":{"line":104,"column":43}},"40":{"start":{"line":106,"column":27},"end":{"line":120,"column":12}},"41":{"start":{"line":107,"column":46},"end":{"line":107,"column":48}},"42":{"start":{"line":108,"column":29},"end":{"line":113,"column":36}},"43":{"start":{"line":115,"column":28},"end":{"line":117,"column":43}},"44":{"start":{"line":119,"column":10},"end":{"line":119,"column":94}},"45":{"start":{"line":122,"column":26},"end":{"line":132,"column":12}},"46":{"start":{"line":123,"column":10},"end":{"line":131,"column":11}},"47":{"start":{"line":124,"column":12},"end":{"line":124,"column":56}},"48":{"start":{"line":126,"column":40},"end":{"line":126,"column":87}},"49":{"start":{"line":127,"column":27},"end":{"line":127,"column":28}},"50":{"start":{"line":128,"column":12},"end":{"line":130,"column":52}},"51":{"start":{"line":134,"column":8},"end":{"line":134,"column":53}},"52":{"start":{"line":136,"column":8},"end":{"line":136,"column":25}},"53":{"start":{"line":146,"column":23},"end":{"line":152,"column":3}},"54":{"start":{"line":157,"column":14},"end":{"line":157,"column":16}},"55":{"start":{"line":158,"column":10},"end":{"line":158,"column":12}},"56":{"start":{"line":163,"column":14},"end":{"line":185,"column":10}},"57":{"start":{"line":165,"column":20},"end":{"line":165,"column":22}},"58":{"start":{"line":168,"column":6},"end":{"line":168,"column":26}},"59":{"start":{"line":171,"column":6},"end":{"line":171,"column":34}},"60":{"start":{"line":172,"column":6},"end":{"line":176,"column":7}},"61":{"start":{"line":173,"column":8},"end":{"line":173,"column":60}},"62":{"start":{"line":175,"column":8},"end":{"line":175,"column":63}},"63":{"start":{"line":179,"column":6},"end":{"line":179,"column":33}},"64":{"start":{"line":182,"column":6},"end":{"line":182,"column":30}},"65":{"start":{"line":183,"column":6},"end":{"line":183,"column":36}},"66":{"start":{"line":187,"column":15},"end":{"line":187,"column":20}},"67":{"start":{"line":191,"column":4},"end":{"line":191,"column":28}},"68":{"start":{"line":192,"column":4},"end":{"line":194,"column":5}},"69":{"start":{"line":193,"column":6},"end":{"line":193,"column":50}},"70":{"start":{"line":193,"column":24},"end":{"line":193,"column":47}},"71":{"start":{"line":197,"column":4},"end":{"line":197,"column":27}},"72":{"start":{"line":201,"column":4},"end":{"line":201,"column":20}},"73":{"start":{"line":202,"column":4},"end":{"line":202,"column":86}},"74":{"start":{"line":209,"column":4},"end":{"line":209,"column":61}},"75":{"start":{"line":210,"column":4},"end":{"line":210,"column":63}},"76":{"start":{"line":215,"column":25},"end":{"line":221,"column":5}},"77":{"start":{"line":216,"column":21},"end":{"line":216,"column":88}},"78":{"start":{"line":217,"column":6},"end":{"line":217,"column":40}},"79":{"start":{"line":218,"column":6},"end":{"line":218,"column":59}},"80":{"start":{"line":219,"column":20},"end":{"line":219,"column":77}},"81":{"start":{"line":220,"column":6},"end":{"line":220,"column":38}},"82":{"start":{"line":223,"column":4},"end":{"line":226,"column":7}},"83":{"start":{"line":224,"column":6},"end":{"line":224,"column":27}},"84":{"start":{"line":225,"column":6},"end":{"line":225,"column":31}},"85":{"start":{"line":228,"column":4},"end":{"line":231,"column":7}},"86":{"start":{"line":229,"column":6},"end":{"line":229,"column":27}},"87":{"start":{"line":230,"column":6},"end":{"line":230,"column":59}},"88":{"start":{"line":233,"column":4},"end":{"line":236,"column":7}},"89":{"start":{"line":234,"column":6},"end":{"line":234,"column":27}},"90":{"start":{"line":235,"column":6},"end":{"line":235,"column":32}},"91":{"start":{"line":241,"column":4},"end":{"line":241,"column":53}},"92":{"start":{"line":243,"column":22},"end":{"line":243,"column":38}},"93":{"start":{"line":244,"column":4},"end":{"line":248,"column":7}},"94":{"start":{"line":245,"column":6},"end":{"line":247,"column":7}},"95":{"start":{"line":246,"column":8},"end":{"line":246,"column":27}},"96":{"start":{"line":250,"column":4},"end":{"line":257,"column":7}},"97":{"start":{"line":251,"column":6},"end":{"line":251,"column":44}},"98":{"start":{"line":252,"column":6},"end":{"line":252,"column":44}},"99":{"start":{"line":254,"column":25},"end":{"line":254,"column":63}},"100":{"start":{"line":255,"column":6},"end":{"line":255,"column":55}},"101":{"start":{"line":256,"column":6},"end":{"line":256,"column":54}},"102":{"start":{"line":259,"column":4},"end":{"line":263,"column":7}},"103":{"start":{"line":260,"column":25},"end":{"line":260,"column":55}},"104":{"start":{"line":261,"column":24},"end":{"line":261,"column":54}},"105":{"start":{"line":262,"column":6},"end":{"line":262,"column":46}},"106":{"start":{"line":268,"column":4},"end":{"line":268,"column":26}},"107":{"start":{"line":281,"column":25},"end":{"line":281,"column":30}},"108":{"start":{"line":282,"column":4},"end":{"line":282,"column":52}},"109":{"start":{"line":283,"column":4},"end":{"line":283,"column":51}},"110":{"start":{"line":284,"column":4},"end":{"line":284,"column":56}},"111":{"start":{"line":288,"column":23},"end":{"line":288,"column":61}},"112":{"start":{"line":289,"column":4},"end":{"line":289,"column":82}},"113":{"start":{"line":290,"column":4},"end":{"line":290,"column":81}},"114":{"start":{"line":292,"column":4},"end":{"line":292,"column":22}},"115":{"start":{"line":306,"column":30},"end":{"line":306,"column":68}},"116":{"start":{"line":307,"column":20},"end":{"line":307,"column":48}},"117":{"start":{"line":308,"column":19},"end":{"line":308,"column":49}},"118":{"start":{"line":309,"column":32},"end":{"line":309,"column":74}},"119":{"start":{"line":310,"column":31},"end":{"line":310,"column":71}},"120":{"start":{"line":314,"column":17},"end":{"line":314,"column":81}},"121":{"start":{"line":315,"column":16},"end":{"line":315,"column":79}},"122":{"start":{"line":317,"column":4},"end":{"line":317,"column":44}},"123":{"start":{"line":318,"column":4},"end":{"line":318,"column":42}},"124":{"start":{"line":322,"column":4},"end":{"line":322,"column":83}},"125":{"start":{"line":324,"column":4},"end":{"line":328,"column":5}},"126":{"start":{"line":325,"column":6},"end":{"line":325,"column":62}},"127":{"start":{"line":327,"column":6},"end":{"line":327,"column":65}},"128":{"start":{"line":332,"column":4},"end":{"line":335,"column":5}},"129":{"start":{"line":333,"column":6},"end":{"line":333,"column":60}},"130":{"start":{"line":334,"column":6},"end":{"line":334,"column":30}}},"fnMap":{"0":{"name":"(anonymous_0)","decl":{"start":{"line":21,"column":2},"end":{"line":21,"column":3}},"loc":{"start":{"line":21,"column":88},"end":{"line":30,"column":3}},"line":21},"1":{"name":"(anonymous_1)","decl":{"start":{"line":25,"column":69},"end":{"line":25,"column":70}},"loc":{"start":{"line":25,"column":76},"end":{"line":25,"column":96}},"line":25},"2":{"name":"(anonymous_2)","decl":{"start":{"line":26,"column":67},"end":{"line":26,"column":68}},"loc":{"start":{"line":26,"column":74},"end":{"line":26,"column":92}},"line":26},"3":{"name":"(anonymous_3)","decl":{"start":{"line":27,"column":59},"end":{"line":27,"column":60}},"loc":{"start":{"line":27,"column":66},"end":{"line":27,"column":92}},"line":27},"4":{"name":"(anonymous_4)","decl":{"start":{"line":29,"column":38},"end":{"line":29,"column":39}},"loc":{"start":{"line":29,"column":51},"end":{"line":29,"column":82}},"line":29},"5":{"name":"(anonymous_5)","decl":{"start":{"line":35,"column":2},"end":{"line":35,"column":3}},"loc":{"start":{"line":35,"column":32},"end":{"line":37,"column":3}},"line":35},"6":{"name":"(anonymous_6)","decl":{"start":{"line":43,"column":2},"end":{"line":43,"column":3}},"loc":{"start":{"line":43,"column":11},"end":{"line":45,"column":3}},"line":43},"7":{"name":"(anonymous_7)","decl":{"start":{"line":47,"column":2},"end":{"line":47,"column":3}},"loc":{"start":{"line":47,"column":12},"end":{"line":50,"column":3}},"line":47},"8":{"name":"(anonymous_8)","decl":{"start":{"line":87,"column":15},"end":{"line":87,"column":16}},"loc":{"start":{"line":87,"column":21},"end":{"line":138,"column":5}},"line":87},"9":{"name":"(anonymous_9)","decl":{"start":{"line":106,"column":28},"end":{"line":106,"column":29}},"loc":{"start":{"line":106,"column":34},"end":{"line":120,"column":9}},"line":106},"10":{"name":"(anonymous_10)","decl":{"start":{"line":122,"column":27},"end":{"line":122,"column":28}},"loc":{"start":{"line":122,"column":33},"end":{"line":132,"column":9}},"line":122},"11":{"name":"(anonymous_11)","decl":{"start":{"line":167,"column":4},"end":{"line":167,"column":5}},"loc":{"start":{"line":167,"column":23},"end":{"line":169,"column":5}},"line":167},"12":{"name":"(anonymous_12)","decl":{"start":{"line":170,"column":4},"end":{"line":170,"column":5}},"loc":{"start":{"line":170,"column":28},"end":{"line":177,"column":5}},"line":170},"13":{"name":"(anonymous_13)","decl":{"start":{"line":178,"column":4},"end":{"line":178,"column":5}},"loc":{"start":{"line":178,"column":23},"end":{"line":180,"column":5}},"line":178},"14":{"name":"(anonymous_14)","decl":{"start":{"line":181,"column":4},"end":{"line":181,"column":5}},"loc":{"start":{"line":181,"column":13},"end":{"line":184,"column":5}},"line":181},"15":{"name":"(anonymous_15)","decl":{"start":{"line":188,"column":2},"end":{"line":188,"column":3}},"loc":{"start":{"line":188,"column":22},"end":{"line":195,"column":3}},"line":188},"16":{"name":"(anonymous_16)","decl":{"start":{"line":193,"column":17},"end":{"line":193,"column":18}},"loc":{"start":{"line":193,"column":24},"end":{"line":193,"column":47}},"line":193},"17":{"name":"(anonymous_17)","decl":{"start":{"line":196,"column":2},"end":{"line":196,"column":3}},"loc":{"start":{"line":196,"column":17},"end":{"line":198,"column":3}},"line":196},"18":{"name":"(anonymous_18)","decl":{"start":{"line":200,"column":2},"end":{"line":200,"column":3}},"loc":{"start":{"line":200,"column":88},"end":{"line":203,"column":3}},"line":200},"19":{"name":"(anonymous_19)","decl":{"start":{"line":215,"column":25},"end":{"line":215,"column":26}},"loc":{"start":{"line":215,"column":74},"end":{"line":221,"column":5}},"line":215},"20":{"name":"(anonymous_20)","decl":{"start":{"line":223,"column":57},"end":{"line":223,"column":58}},"loc":{"start":{"line":223,"column":64},"end":{"line":226,"column":5}},"line":223},"21":{"name":"(anonymous_21)","decl":{"start":{"line":228,"column":55},"end":{"line":228,"column":56}},"loc":{"start":{"line":228,"column":62},"end":{"line":231,"column":5}},"line":228},"22":{"name":"(anonymous_22)","decl":{"start":{"line":233,"column":59},"end":{"line":233,"column":60}},"loc":{"start":{"line":233,"column":66},"end":{"line":236,"column":5}},"line":233},"23":{"name":"(anonymous_23)","decl":{"start":{"line":244,"column":68},"end":{"line":244,"column":69}},"loc":{"start":{"line":244,"column":75},"end":{"line":248,"column":5}},"line":244},"24":{"name":"(anonymous_24)","decl":{"start":{"line":250,"column":49},"end":{"line":250,"column":50}},"loc":{"start":{"line":250,"column":56},"end":{"line":257,"column":5}},"line":250},"25":{"name":"(anonymous_25)","decl":{"start":{"line":259,"column":47},"end":{"line":259,"column":48}},"loc":{"start":{"line":259,"column":54},"end":{"line":263,"column":5}},"line":259},"26":{"name":"(anonymous_26)","decl":{"start":{"line":280,"column":2},"end":{"line":280,"column":3}},"loc":{"start":{"line":280,"column":9},"end":{"line":293,"column":3}},"line":280},"27":{"name":"(anonymous_27)","decl":{"start":{"line":304,"column":2},"end":{"line":304,"column":3}},"loc":{"start":{"line":304,"column":37},"end":{"line":319,"column":3}},"line":304},"28":{"name":"(anonymous_28)","decl":{"start":{"line":321,"column":2},"end":{"line":321,"column":3}},"loc":{"start":{"line":321,"column":19},"end":{"line":329,"column":3}},"line":321},"29":{"name":"(anonymous_29)","decl":{"start":{"line":331,"column":2},"end":{"line":331,"column":3}},"loc":{"start":{"line":331,"column":9},"end":{"line":336,"column":3}},"line":331}},"branchMap":{"0":{"loc":{"start":{"line":56,"column":4},"end":{"line":60,"column":5}},"type":"if","locations":[{"start":{"line":56,"column":4},"end":{"line":60,"column":5}},{"start":{},"end":{}}],"line":56},"1":{"loc":{"start":{"line":56,"column":8},"end":{"line":56,"column":74}},"type":"binary-expr","locations":[{"start":{"line":56,"column":8},"end":{"line":56,"column":39}},{"start":{"line":56,"column":43},"end":{"line":56,"column":74}}],"line":56},"2":{"loc":{"start":{"line":57,"column":38},"end":{"line":57,"column":85}},"type":"cond-expr","locations":[{"start":{"line":57,"column":56},"end":{"line":57,"column":69}},{"start":{"line":57,"column":72},"end":{"line":57,"column":85}}],"line":57},"3":{"loc":{"start":{"line":65,"column":4},"end":{"line":67,"column":5}},"type":"if","locations":[{"start":{"line":65,"column":4},"end":{"line":67,"column":5}},{"start":{},"end":{}}],"line":65},"4":{"loc":{"start":{"line":71,"column":4},"end":{"line":73,"column":5}},"type":"if","locations":[{"start":{"line":71,"column":4},"end":{"line":73,"column":5}},{"start":{},"end":{}}],"line":71},"5":{"loc":{"start":{"line":79,"column":4},"end":{"line":81,"column":5}},"type":"if","locations":[{"start":{"line":79,"column":4},"end":{"line":81,"column":5}},{"start":{},"end":{}}],"line":79},"6":{"loc":{"start":{"line":90,"column":6},"end":{"line":137,"column":7}},"type":"if","locations":[{"start":{"line":90,"column":6},"end":{"line":137,"column":7}},{"start":{"line":135,"column":13},"end":{"line":137,"column":7}}],"line":90},"7":{"loc":{"start":{"line":91,"column":8},"end":{"line":93,"column":85}},"type":"binary-expr","locations":[{"start":{"line":91,"column":8},"end":{"line":91,"column":29}},{"start":{"line":92,"column":8},"end":{"line":92,"column":21}},{"start":{"line":93,"column":8},"end":{"line":93,"column":85}}],"line":91},"8":{"loc":{"start":{"line":95,"column":8},"end":{"line":99,"column":9}},"type":"if","locations":[{"start":{"line":95,"column":8},"end":{"line":99,"column":9}},{"start":{},"end":{}}],"line":95},"9":{"loc":{"start":{"line":95,"column":12},"end":{"line":95,"column":85}},"type":"binary-expr","locations":[{"start":{"line":95,"column":12},"end":{"line":95,"column":63}},{"start":{"line":95,"column":67},"end":{"line":95,"column":85}}],"line":95},"10":{"loc":{"start":{"line":108,"column":29},"end":{"line":113,"column":36}},"type":"cond-expr","locations":[{"start":{"line":111,"column":14},"end":{"line":111,"column":64}},{"start":{"line":113,"column":14},"end":{"line":113,"column":36}}],"line":108},"11":{"loc":{"start":{"line":115,"column":28},"end":{"line":117,"column":43}},"type":"cond-expr","locations":[{"start":{"line":116,"column":14},"end":{"line":116,"column":66}},{"start":{"line":117,"column":14},"end":{"line":117,"column":43}}],"line":115},"12":{"loc":{"start":{"line":119,"column":56},"end":{"line":119,"column":92}},"type":"cond-expr","locations":[{"start":{"line":119,"column":68},"end":{"line":119,"column":78}},{"start":{"line":119,"column":81},"end":{"line":119,"column":92}}],"line":119},"13":{"loc":{"start":{"line":123,"column":10},"end":{"line":131,"column":11}},"type":"if","locations":[{"start":{"line":123,"column":10},"end":{"line":131,"column":11}},{"start":{"line":125,"column":17},"end":{"line":131,"column":11}}],"line":123},"14":{"loc":{"start":{"line":123,"column":14},"end":{"line":123,"column":63}},"type":"binary-expr","locations":[{"start":{"line":123,"column":14},"end":{"line":123,"column":41}},{"start":{"line":123,"column":45},"end":{"line":123,"column":63}}],"line":123},"15":{"loc":{"start":{"line":128,"column":19},"end":{"line":130,"column":51}},"type":"cond-expr","locations":[{"start":{"line":129,"column":16},"end":{"line":129,"column":68}},{"start":{"line":130,"column":16},"end":{"line":130,"column":51}}],"line":128},"16":{"loc":{"start":{"line":172,"column":6},"end":{"line":176,"column":7}},"type":"if","locations":[{"start":{"line":172,"column":6},"end":{"line":176,"column":7}},{"start":{"line":174,"column":13},"end":{"line":176,"column":7}}],"line":172},"17":{"loc":{"start":{"line":192,"column":4},"end":{"line":194,"column":5}},"type":"if","locations":[{"start":{"line":192,"column":4},"end":{"line":194,"column":5}},{"start":{},"end":{}}],"line":192},"18":{"loc":{"start":{"line":245,"column":6},"end":{"line":247,"column":7}},"type":"if","locations":[{"start":{"line":245,"column":6},"end":{"line":247,"column":7}},{"start":{},"end":{}}],"line":245},"19":{"loc":{"start":{"line":324,"column":4},"end":{"line":328,"column":5}},"type":"if","locations":[{"start":{"line":324,"column":4},"end":{"line":328,"column":5}},{"start":{"line":326,"column":11},"end":{"line":328,"column":5}}],"line":324},"20":{"loc":{"start":{"line":332,"column":4},"end":{"line":335,"column":5}},"type":"if","locations":[{"start":{"line":332,"column":4},"end":{"line":335,"column":5}},{"start":{},"end":{}}],"line":332}},"s":{"0":85,"1":85,"2":85,"3":85,"4":85,"5":830,"6":85,"7":1124,"8":85,"9":4167,"10":85,"11":1235,"12":4638,"13":87,"14":1,"15":1,"16":830,"17":830,"18":830,"19":830,"20":154,"21":154,"22":154,"23":1124,"24":1124,"25":1124,"26":4167,"27":1592,"28":1235,"29":1235,"30":9,"31":1124,"32":1124,"33":1124,"34":1124,"35":978,"36":429,"37":549,"38":549,"39":549,"40":549,"41":549,"42":549,"43":549,"44":549,"45":549,"46":549,"47":549,"48":0,"49":0,"50":0,"51":549,"52":146,"53":85,"54":85,"55":85,"56":85,"57":85,"58":85,"59":1029,"60":1029,"61":488,"62":541,"63":360,"64":480,"65":480,"66":85,"67":429,"68":429,"69":429,"70":429,"71":623,"72":85,"73":85,"74":85,"75":85,"76":85,"77":255,"78":255,"79":255,"80":255,"81":255,"82":85,"83":28,"84":28,"85":85,"86":360,"87":360,"88":85,"89":41,"90":41,"91":85,"92":85,"93":85,"94":0,"95":0,"96":85,"97":0,"98":0,"99":0,"100":0,"101":0,"102":85,"103":0,"104":0,"105":0,"106":85,"107":549,"108":549,"109":549,"110":549,"111":549,"112":549,"113":549,"114":549,"115":549,"116":549,"117":549,"118":549,"119":549,"120":549,"121":549,"122":549,"123":549,"124":1320,"125":1320,"126":1293,"127":27,"128":1748,"129":480,"130":480},"f":{"0":85,"1":830,"2":1124,"3":4167,"4":1235,"5":4638,"6":87,"7":1,"8":1124,"9":549,"10":549,"11":85,"12":1029,"13":360,"14":480,"15":429,"16":429,"17":623,"18":85,"19":255,"20":28,"21":360,"22":41,"23":0,"24":0,"25":0,"26":549,"27":549,"28":1320,"29":1748},"b":{"0":[154,676],"1":[830,703],"2":[127,27],"3":[1124,0],"4":[1592,2575],"5":[9,1226],"6":[978,146],"7":[1124,1118,1118],"8":[429,549],"9":[978,623],"10":[0,549],"11":[488,61],"12":[544,5],"13":[549,0],"14":[549,0],"15":[0,0],"16":[488,541],"17":[429,0],"18":[0,0],"19":[1293,27],"20":[480,1268]},"_coverageSchema":"1a1c01bbd47fc00a2c39e90264f33305004495a9","hash":"4152492e5caad2b65459ce30954525ac842d75b5"}
}
