{"total": {"lines":{"total":771,"covered":740,"skipped":0,"pct":95.98},"statements":{"total":791,"covered":757,"skipped":0,"pct":95.7},"functions":{"total":233,"covered":220,"skipped":0,"pct":94.42},"branches":{"total":308,"covered":283,"skipped":0,"pct":91.88}}
,"/Users/runner/work/quick-quoted-search/quick-quoted-search/src/action.js": {"lines":{"total":52,"covered":52,"skipped":0,"pct":100},"functions":{"total":9,"covered":9,"skipped":0,"pct":100},"statements":{"total":52,"covered":52,"skipped":0,"pct":100},"branches":{"total":10,"covered":10,"skipped":0,"pct":100}}
,"/Users/runner/work/quick-quoted-search/quick-quoted-search/src/background.js": {"lines":{"total":91,"covered":91,"skipped":0,"pct":100},"functions":{"total":25,"covered":25,"skipped":0,"pct":100},"statements":{"total":91,"covered":91,"skipped":0,"pct":100},"branches":{"total":42,"covered":42,"skipped":0,"pct":100}}
,"/Users/runner/work/quick-quoted-search/quick-quoted-search/src/content.js": {"lines":{"total":128,"covered":125,"skipped":0,"pct":97.66},"functions":{"total":29,"covered":29,"skipped":0,"pct":100},"statements":{"total":128,"covered":125,"skipped":0,"pct":97.66},"branches":{"total":98,"covered":93,"skipped":0,"pct":94.9}}
,"/Users/runner/work/quick-quoted-search/quick-quoted-search/src/options.js": {"lines":{"total":101,"covered":96,"skipped":0,"pct":95.05},"functions":{"total":40,"covered":40,"skipped":0,"pct":100},"statements":{"total":105,"covered":100,"skipped":0,"pct":95.24},"branches":{"total":12,"covered":10,"skipped":0,"pct":83.33}}
,"/Users/runner/work/quick-quoted-search/quick-quoted-search/src/modules/__config.js": {"lines":{"total":1,"covered":1,"skipped":0,"pct":100},"functions":{"total":1,"covered":0,"skipped":0,"pct":0},"statements":{"total":5,"covered":2,"skipped":0,"pct":40},"branches":{"total":0,"covered":0,"skipped":0,"pct":100}}
,"/Users/runner/work/quick-quoted-search/quick-quoted-search/src/modules/__constants.js": {"lines":{"total":6,"covered":6,"skipped":0,"pct":100},"functions":{"total":0,"covered":0,"skipped":0,"pct":100},"statements":{"total":6,"covered":6,"skipped":0,"pct":100},"branches":{"total":0,"covered":0,"skipped":0,"pct":100}}
,"/Users/runner/work/quick-quoted-search/quick-quoted-search/src/modules/__functions.js": {"lines":{"total":72,"covered":70,"skipped":0,"pct":97.22},"functions":{"total":23,"covered":23,"skipped":0,"pct":100},"statements":{"total":73,"covered":71,"skipped":0,"pct":97.26},"branches":{"total":43,"covered":35,"skipped":0,"pct":81.4}}
,"/Users/runner/work/quick-quoted-search/quick-quoted-search/src/modules/__globals.js": {"lines":{"total":12,"covered":12,"skipped":0,"pct":100},"functions":{"total":2,"covered":2,"skipped":0,"pct":100},"statements":{"total":12,"covered":12,"skipped":0,"pct":100},"branches":{"total":2,"covered":2,"skipped":0,"pct":100}}
,"/Users/runner/work/quick-quoted-search/quick-quoted-search/src/modules/__how_to_open_link.js": {"lines":{"total":19,"covered":19,"skipped":0,"pct":100},"functions":{"total":4,"covered":4,"skipped":0,"pct":100},"statements":{"total":22,"covered":22,"skipped":0,"pct":100},"branches":{"total":15,"covered":15,"skipped":0,"pct":100}}
,"/Users/runner/work/quick-quoted-search/quick-quoted-search/src/modules/__logger.js": {"lines":{"total":16,"covered":16,"skipped":0,"pct":100},"functions":{"total":8,"covered":8,"skipped":0,"pct":100},"statements":{"total":16,"covered":16,"skipped":0,"pct":100},"branches":{"total":9,"covered":9,"skipped":0,"pct":100}}
,"/Users/runner/work/quick-quoted-search/quick-quoted-search/src/modules/__options.js": {"lines":{"total":58,"covered":58,"skipped":0,"pct":100},"functions":{"total":17,"covered":17,"skipped":0,"pct":100},"statements":{"total":58,"covered":58,"skipped":0,"pct":100},"branches":{"total":17,"covered":16,"skipped":0,"pct":94.12}}
,"/Users/runner/work/quick-quoted-search/quick-quoted-search/src/modules/common.js": {"lines":{"total":0,"covered":0,"skipped":0,"pct":0},"functions":{"total":0,"covered":0,"skipped":0,"pct":0},"statements":{"total":0,"covered":0,"skipped":0,"pct":0},"branches":{"total":0,"covered":0,"skipped":0,"pct":0}}
,"/Users/runner/work/quick-quoted-search/quick-quoted-search/src/modules/input_components.js": {"lines":{"total":55,"covered":47,"skipped":0,"pct":85.45},"functions":{"total":34,"covered":26,"skipped":0,"pct":76.47},"statements":{"total":56,"covered":48,"skipped":0,"pct":85.71},"branches":{"total":7,"covered":7,"skipped":0,"pct":100}}
,"/Users/runner/work/quick-quoted-search/quick-quoted-search/src/modules/popup_icon.js": {"lines":{"total":126,"covered":113,"skipped":0,"pct":89.68},"functions":{"total":30,"covered":27,"skipped":0,"pct":90},"statements":{"total":131,"covered":118,"skipped":0,"pct":90.08},"branches":{"total":43,"covered":34,"skipped":0,"pct":79.07}}
,"/Users/runner/work/quick-quoted-search/quick-quoted-search/src/modules/port_to_background.js": {"lines":{"total":34,"covered":34,"skipped":0,"pct":100},"functions":{"total":11,"covered":10,"skipped":0,"pct":90.91},"statements":{"total":36,"covered":36,"skipped":0,"pct":100},"branches":{"total":10,"covered":10,"skipped":0,"pct":100}}
}
