{"total": {"lines":{"total":766,"covered":733,"skipped":0,"pct":95.69},"statements":{"total":785,"covered":749,"skipped":0,"pct":95.41},"functions":{"total":215,"covered":203,"skipped":0,"pct":94.41},"branches":{"total":306,"covered":274,"skipped":0,"pct":89.54},"branchesTrue":{"total":0,"covered":0,"skipped":0,"pct":100}}
,"D:\\a\\quick-quoted-search\\quick-quoted-search\\src\\action.js": {"lines":{"total":61,"covered":61,"skipped":0,"pct":100},"functions":{"total":10,"covered":10,"skipped":0,"pct":100},"statements":{"total":61,"covered":61,"skipped":0,"pct":100},"branches":{"total":14,"covered":12,"skipped":0,"pct":85.71}}
,"D:\\a\\quick-quoted-search\\quick-quoted-search\\src\\background.js": {"lines":{"total":87,"covered":87,"skipped":0,"pct":100},"functions":{"total":23,"covered":23,"skipped":0,"pct":100},"statements":{"total":87,"covered":87,"skipped":0,"pct":100},"branches":{"total":42,"covered":42,"skipped":0,"pct":100}}
,"D:\\a\\quick-quoted-search\\quick-quoted-search\\src\\content.js": {"lines":{"total":144,"covered":139,"skipped":0,"pct":96.52},"functions":{"total":28,"covered":28,"skipped":0,"pct":100},"statements":{"total":144,"covered":139,"skipped":0,"pct":96.52},"branches":{"total":108,"covered":99,"skipped":0,"pct":91.66}}
,"D:\\a\\quick-quoted-search\\quick-quoted-search\\src\\options.js": {"lines":{"total":102,"covered":97,"skipped":0,"pct":95.09},"functions":{"total":39,"covered":39,"skipped":0,"pct":100},"statements":{"total":106,"covered":101,"skipped":0,"pct":95.28},"branches":{"total":12,"covered":10,"skipped":0,"pct":83.33}}
,"D:\\a\\quick-quoted-search\\quick-quoted-search\\src\\modules\\__config.js": {"lines":{"total":1,"covered":1,"skipped":0,"pct":100},"functions":{"total":1,"covered":0,"skipped":0,"pct":0},"statements":{"total":5,"covered":2,"skipped":0,"pct":40},"branches":{"total":0,"covered":0,"skipped":0,"pct":100}}
,"D:\\a\\quick-quoted-search\\quick-quoted-search\\src\\modules\\__constants.js": {"lines":{"total":6,"covered":6,"skipped":0,"pct":100},"functions":{"total":0,"covered":0,"skipped":0,"pct":100},"statements":{"total":6,"covered":6,"skipped":0,"pct":100},"branches":{"total":0,"covered":0,"skipped":0,"pct":100}}
,"D:\\a\\quick-quoted-search\\quick-quoted-search\\src\\modules\\__functions.js": {"lines":{"total":71,"covered":69,"skipped":0,"pct":97.18},"functions":{"total":21,"covered":21,"skipped":0,"pct":100},"statements":{"total":71,"covered":69,"skipped":0,"pct":97.18},"branches":{"total":41,"covered":33,"skipped":0,"pct":80.48}}
,"D:\\a\\quick-quoted-search\\quick-quoted-search\\src\\modules\\__globals.js": {"lines":{"total":12,"covered":12,"skipped":0,"pct":100},"functions":{"total":2,"covered":2,"skipped":0,"pct":100},"statements":{"total":12,"covered":12,"skipped":0,"pct":100},"branches":{"total":2,"covered":2,"skipped":0,"pct":100}}
,"D:\\a\\quick-quoted-search\\quick-quoted-search\\src\\modules\\__how_to_open_link.js": {"lines":{"total":19,"covered":19,"skipped":0,"pct":100},"functions":{"total":4,"covered":4,"skipped":0,"pct":100},"statements":{"total":22,"covered":22,"skipped":0,"pct":100},"branches":{"total":15,"covered":15,"skipped":0,"pct":100}}
,"D:\\a\\quick-quoted-search\\quick-quoted-search\\src\\modules\\__logger.js": {"lines":{"total":24,"covered":24,"skipped":0,"pct":100},"functions":{"total":6,"covered":6,"skipped":0,"pct":100},"statements":{"total":26,"covered":26,"skipped":0,"pct":100},"branches":{"total":5,"covered":4,"skipped":0,"pct":80}}
,"D:\\a\\quick-quoted-search\\quick-quoted-search\\src\\modules\\__options.js": {"lines":{"total":58,"covered":58,"skipped":0,"pct":100},"functions":{"total":17,"covered":17,"skipped":0,"pct":100},"statements":{"total":58,"covered":58,"skipped":0,"pct":100},"branches":{"total":17,"covered":16,"skipped":0,"pct":94.11}}
,"D:\\a\\quick-quoted-search\\quick-quoted-search\\src\\modules\\common.js": {"lines":{"total":0,"covered":0,"skipped":0,"pct":0},"functions":{"total":0,"covered":0,"skipped":0,"pct":0},"statements":{"total":0,"covered":0,"skipped":0,"pct":0},"branches":{"total":0,"covered":0,"skipped":0,"pct":0}}
,"D:\\a\\quick-quoted-search\\quick-quoted-search\\src\\modules\\input_components.js": {"lines":{"total":55,"covered":47,"skipped":0,"pct":85.45},"functions":{"total":34,"covered":26,"skipped":0,"pct":76.47},"statements":{"total":56,"covered":48,"skipped":0,"pct":85.71},"branches":{"total":7,"covered":7,"skipped":0,"pct":100}}
,"D:\\a\\quick-quoted-search\\quick-quoted-search\\src\\modules\\popup_icon.js": {"lines":{"total":126,"covered":113,"skipped":0,"pct":89.68},"functions":{"total":30,"covered":27,"skipped":0,"pct":90},"statements":{"total":131,"covered":118,"skipped":0,"pct":90.07},"branches":{"total":43,"covered":34,"skipped":0,"pct":79.06}}
}
