{"D:\\a\\quick-quoted-search\\quick-quoted-search\\src\\action.js": {"path":"D:\\a\\quick-quoted-search\\quick-quoted-search\\src\\action.js","statementMap":{"0":{"start":{"line":7,"column":0},"end":{"line":161,"column":5}},"1":{"start":{"line":12,"column":2},"end":{"line":12,"column":38}},"2":{"start":{"line":18,"column":27},"end":{"line":20,"column":3}},"3":{"start":{"line":35,"column":2},"end":{"line":35,"column":39}},"4":{"start":{"line":36,"column":2},"end":{"line":36,"column":69}},"5":{"start":{"line":38,"column":2},"end":{"line":38,"column":79}},"6":{"start":{"line":39,"column":2},"end":{"line":39,"column":83}},"7":{"start":{"line":41,"column":2},"end":{"line":41,"column":58}},"8":{"start":{"line":42,"column":2},"end":{"line":42,"column":52}},"9":{"start":{"line":44,"column":2},"end":{"line":44,"column":67}},"10":{"start":{"line":51,"column":4},"end":{"line":51,"column":52}},"11":{"start":{"line":52,"column":4},"end":{"line":55,"column":5}},"12":{"start":{"line":53,"column":6},"end":{"line":53,"column":35}},"13":{"start":{"line":54,"column":6},"end":{"line":54,"column":93}},"14":{"start":{"line":59,"column":4},"end":{"line":59,"column":58}},"15":{"start":{"line":60,"column":4},"end":{"line":60,"column":50}},"16":{"start":{"line":64,"column":4},"end":{"line":71,"column":5}},"17":{"start":{"line":65,"column":38},"end":{"line":65,"column":88}},"18":{"start":{"line":66,"column":6},"end":{"line":70,"column":7}},"19":{"start":{"line":67,"column":26},"end":{"line":67,"column":72}},"20":{"start":{"line":68,"column":8},"end":{"line":68,"column":50}},"21":{"start":{"line":69,"column":8},"end":{"line":69,"column":74}},"22":{"start":{"line":79,"column":4},"end":{"line":81,"column":5}},"23":{"start":{"line":80,"column":6},"end":{"line":80,"column":97}},"24":{"start":{"line":83,"column":4},"end":{"line":83,"column":43}},"25":{"start":{"line":85,"column":4},"end":{"line":85,"column":31}},"26":{"start":{"line":87,"column":4},"end":{"line":87,"column":70}},"27":{"start":{"line":88,"column":4},"end":{"line":88,"column":68}},"28":{"start":{"line":89,"column":4},"end":{"line":89,"column":68}},"29":{"start":{"line":91,"column":4},"end":{"line":91,"column":94}},"30":{"start":{"line":93,"column":4},"end":{"line":93,"column":115}},"31":{"start":{"line":95,"column":30},"end":{"line":95,"column":73}},"32":{"start":{"line":96,"column":4},"end":{"line":96,"column":74}},"33":{"start":{"line":97,"column":36},"end":{"line":97,"column":68}},"34":{"start":{"line":98,"column":4},"end":{"line":98,"column":45}},"35":{"start":{"line":102,"column":4},"end":{"line":102,"column":80}},"36":{"start":{"line":106,"column":4},"end":{"line":106,"column":23}},"37":{"start":{"line":107,"column":36},"end":{"line":109,"column":5}},"38":{"start":{"line":110,"column":4},"end":{"line":115,"column":5}},"39":{"start":{"line":111,"column":6},"end":{"line":113,"column":7}},"40":{"start":{"line":112,"column":8},"end":{"line":112,"column":70}},"41":{"start":{"line":114,"column":6},"end":{"line":114,"column":77}},"42":{"start":{"line":119,"column":4},"end":{"line":119,"column":23}},"43":{"start":{"line":120,"column":4},"end":{"line":124,"column":6}},"44":{"start":{"line":128,"column":4},"end":{"line":132,"column":6}},"45":{"start":{"line":140,"column":25},"end":{"line":140,"column":65}},"46":{"start":{"line":141,"column":21},"end":{"line":141,"column":51}},"47":{"start":{"line":142,"column":4},"end":{"line":159,"column":5}},"48":{"start":{"line":143,"column":29},"end":{"line":143,"column":84}},"49":{"start":{"line":144,"column":6},"end":{"line":144,"column":49}},"50":{"start":{"line":145,"column":6},"end":{"line":145,"column":53}},"51":{"start":{"line":146,"column":30},"end":{"line":146,"column":88}},"52":{"start":{"line":147,"column":6},"end":{"line":152,"column":7}},"53":{"start":{"line":148,"column":8},"end":{"line":148,"column":70}},"54":{"start":{"line":150,"column":8},"end":{"line":150,"column":64}},"55":{"start":{"line":151,"column":8},"end":{"line":151,"column":94}},"56":{"start":{"line":154,"column":37},"end":{"line":154,"column":92}},"57":{"start":{"line":155,"column":6},"end":{"line":155,"column":57}},"58":{"start":{"line":156,"column":6},"end":{"line":156,"column":69}},"59":{"start":{"line":157,"column":38},"end":{"line":157,"column":104}},"60":{"start":{"line":158,"column":6},"end":{"line":158,"column":54}}},"fnMap":{"0":{"name":"main","decl":{"start":{"line":7,"column":16},"end":{"line":7,"column":20}},"loc":{"start":{"line":7,"column":23},"end":{"line":161,"column":1}},"line":7},"1":{"name":"onDisconnect","decl":{"start":{"line":50,"column":11},"end":{"line":50,"column":23}},"loc":{"start":{"line":50,"column":30},"end":{"line":56,"column":3}},"line":50},"2":{"name":"onMessage","decl":{"start":{"line":58,"column":11},"end":{"line":58,"column":20}},"loc":{"start":{"line":58,"column":36},"end":{"line":61,"column":3}},"line":58},"3":{"name":"onNotifySelection","decl":{"start":{"line":63,"column":11},"end":{"line":63,"column":28}},"loc":{"start":{"line":63,"column":45},"end":{"line":72,"column":3}},"line":63},"4":{"name":"onDOMContentLoaded","decl":{"start":{"line":78,"column":17},"end":{"line":78,"column":35}},"loc":{"start":{"line":78,"column":38},"end":{"line":99,"column":3}},"line":78},"5":{"name":"onKeystroke","decl":{"start":{"line":101,"column":17},"end":{"line":101,"column":28}},"loc":{"start":{"line":101,"column":32},"end":{"line":103,"column":3}},"line":101},"6":{"name":"onSearchFormSubmit","decl":{"start":{"line":105,"column":17},"end":{"line":105,"column":35}},"loc":{"start":{"line":105,"column":39},"end":{"line":116,"column":3}},"line":105},"7":{"name":"onShortcutsSettingsLinkClick","decl":{"start":{"line":118,"column":17},"end":{"line":118,"column":45}},"loc":{"start":{"line":118,"column":49},"end":{"line":125,"column":3}},"line":118},"8":{"name":"onOptionsPageButtonClick","decl":{"start":{"line":127,"column":17},"end":{"line":127,"column":41}},"loc":{"start":{"line":127,"column":45},"end":{"line":133,"column":3}},"line":127},"9":{"name":"fillShortcutsTable","decl":{"start":{"line":139,"column":17},"end":{"line":139,"column":35}},"loc":{"start":{"line":139,"column":38},"end":{"line":160,"column":3}},"line":139}},"branchMap":{"0":{"loc":{"start":{"line":52,"column":4},"end":{"line":55,"column":5}},"type":"if","locations":[{"start":{"line":52,"column":4},"end":{"line":55,"column":5}},{"start":{},"end":{}}],"line":52},"1":{"loc":{"start":{"line":64,"column":4},"end":{"line":71,"column":5}},"type":"if","locations":[{"start":{"line":64,"column":4},"end":{"line":71,"column":5}},{"start":{},"end":{}}],"line":64},"2":{"loc":{"start":{"line":66,"column":6},"end":{"line":70,"column":7}},"type":"if","locations":[{"start":{"line":66,"column":6},"end":{"line":70,"column":7}},{"start":{},"end":{}}],"line":66},"3":{"loc":{"start":{"line":79,"column":4},"end":{"line":81,"column":5}},"type":"if","locations":[{"start":{"line":79,"column":4},"end":{"line":81,"column":5}},{"start":{},"end":{}}],"line":79},"4":{"loc":{"start":{"line":110,"column":4},"end":{"line":115,"column":5}},"type":"if","locations":[{"start":{"line":110,"column":4},"end":{"line":115,"column":5}},{"start":{},"end":{}}],"line":110},"5":{"loc":{"start":{"line":111,"column":6},"end":{"line":113,"column":7}},"type":"if","locations":[{"start":{"line":111,"column":6},"end":{"line":113,"column":7}},{"start":{},"end":{}}],"line":111},"6":{"loc":{"start":{"line":147,"column":6},"end":{"line":152,"column":7}},"type":"if","locations":[{"start":{"line":147,"column":6},"end":{"line":152,"column":7}},{"start":{"line":149,"column":13},"end":{"line":152,"column":7}}],"line":147}},"s":{"0":56,"1":56,"2":56,"3":56,"4":56,"5":56,"6":56,"7":56,"8":56,"9":56,"10":2,"11":2,"12":2,"13":2,"14":8,"15":8,"16":8,"17":6,"18":6,"19":4,"20":4,"21":4,"22":56,"23":56,"24":56,"25":56,"26":56,"27":56,"28":56,"29":56,"30":56,"31":56,"32":56,"33":56,"34":56,"35":315,"36":123,"37":123,"38":123,"39":100,"40":91,"41":100,"42":24,"43":24,"44":28,"45":56,"46":56,"47":56,"48":112,"49":112,"50":112,"51":112,"52":112,"53":110,"54":2,"55":2,"56":112,"57":112,"58":112,"59":112,"60":112},"f":{"0":56,"1":2,"2":8,"3":8,"4":56,"5":315,"6":123,"7":24,"8":28,"9":56},"b":{"0":[2,0],"1":[6,2],"2":[4,2],"3":[56,0],"4":[100,23],"5":[91,9],"6":[110,2]},"_coverageSchema":"1a1c01bbd47fc00a2c39e90264f33305004495a9","hash":"111799044397c872a478e10d0d3b3e4d9859a9a7"}
,"D:\\a\\quick-quoted-search\\quick-quoted-search\\src\\background.js": {"path":"D:\\a\\quick-quoted-search\\quick-quoted-search\\src\\background.js","statementMap":{"0":{"start":{"line":5,"column":0},"end":{"line":302,"column":5}},"1":{"start":{"line":10,"column":2},"end":{"line":10,"column":42}},"2":{"start":{"line":16,"column":27},"end":{"line":22,"column":3}},"3":{"start":{"line":28,"column":27},"end":{"line":34,"column":3}},"4":{"start":{"line":36,"column":19},"end":{"line":75,"column":3}},"5":{"start":{"line":50,"column":8},"end":{"line":50,"column":73}},"6":{"start":{"line":53,"column":8},"end":{"line":53,"column":95}},"7":{"start":{"line":69,"column":8},"end":{"line":69,"column":75}},"8":{"start":{"line":72,"column":8},"end":{"line":72,"column":56}},"9":{"start":{"line":81,"column":2},"end":{"line":81,"column":50}},"10":{"start":{"line":82,"column":2},"end":{"line":82,"column":66}},"11":{"start":{"line":83,"column":2},"end":{"line":83,"column":51}},"12":{"start":{"line":85,"column":2},"end":{"line":85,"column":54}},"13":{"start":{"line":92,"column":4},"end":{"line":92,"column":65}},"14":{"start":{"line":94,"column":4},"end":{"line":101,"column":5}},"15":{"start":{"line":95,"column":6},"end":{"line":99,"column":9}},"16":{"start":{"line":100,"column":6},"end":{"line":100,"column":13}},"17":{"start":{"line":103,"column":4},"end":{"line":107,"column":7}},"18":{"start":{"line":109,"column":4},"end":{"line":109,"column":62}},"19":{"start":{"line":113,"column":4},"end":{"line":113,"column":57}},"20":{"start":{"line":116,"column":4},"end":{"line":123,"column":5}},"21":{"start":{"line":117,"column":6},"end":{"line":117,"column":37}},"22":{"start":{"line":118,"column":6},"end":{"line":118,"column":101}},"23":{"start":{"line":119,"column":6},"end":{"line":122,"column":7}},"24":{"start":{"line":120,"column":8},"end":{"line":120,"column":112}},"25":{"start":{"line":121,"column":8},"end":{"line":121,"column":15}},"26":{"start":{"line":125,"column":4},"end":{"line":132,"column":5}},"27":{"start":{"line":126,"column":6},"end":{"line":130,"column":9}},"28":{"start":{"line":131,"column":6},"end":{"line":131,"column":13}},"29":{"start":{"line":134,"column":4},"end":{"line":141,"column":5}},"30":{"start":{"line":135,"column":6},"end":{"line":139,"column":9}},"31":{"start":{"line":140,"column":6},"end":{"line":140,"column":13}},"32":{"start":{"line":143,"column":4},"end":{"line":143,"column":45}},"33":{"start":{"line":151,"column":4},"end":{"line":151,"column":49}},"34":{"start":{"line":152,"column":4},"end":{"line":152,"column":42}},"35":{"start":{"line":153,"column":4},"end":{"line":153,"column":35}},"36":{"start":{"line":157,"column":4},"end":{"line":157,"column":58}},"37":{"start":{"line":158,"column":4},"end":{"line":158,"column":50}},"38":{"start":{"line":162,"column":4},"end":{"line":165,"column":7}},"39":{"start":{"line":169,"column":4},"end":{"line":176,"column":5}},"40":{"start":{"line":170,"column":6},"end":{"line":175,"column":7}},"41":{"start":{"line":171,"column":8},"end":{"line":173,"column":10}},"42":{"start":{"line":174,"column":8},"end":{"line":174,"column":15}},"43":{"start":{"line":178,"column":4},"end":{"line":178,"column":59}},"44":{"start":{"line":179,"column":4},"end":{"line":179,"column":40}},"45":{"start":{"line":183,"column":4},"end":{"line":183,"column":99}},"46":{"start":{"line":187,"column":4},"end":{"line":187,"column":95}},"47":{"start":{"line":191,"column":4},"end":{"line":194,"column":7}},"48":{"start":{"line":202,"column":4},"end":{"line":202,"column":40}},"49":{"start":{"line":210,"column":4},"end":{"line":210,"column":47}},"50":{"start":{"line":211,"column":4},"end":{"line":211,"column":51}},"51":{"start":{"line":212,"column":4},"end":{"line":212,"column":71}},"52":{"start":{"line":216,"column":4},"end":{"line":220,"column":6}},"53":{"start":{"line":224,"column":21},"end":{"line":224,"column":51}},"54":{"start":{"line":225,"column":4},"end":{"line":227,"column":5}},"55":{"start":{"line":226,"column":6},"end":{"line":226,"column":41}},"56":{"start":{"line":231,"column":33},"end":{"line":231,"column":111}},"57":{"start":{"line":233,"column":4},"end":{"line":269,"column":5}},"58":{"start":{"line":234,"column":26},"end":{"line":234,"column":45}},"59":{"start":{"line":235,"column":25},"end":{"line":235,"column":47}},"60":{"start":{"line":237,"column":8},"end":{"line":240,"column":57}},"61":{"start":{"line":241,"column":6},"end":{"line":241,"column":74}},"62":{"start":{"line":243,"column":6},"end":{"line":268,"column":7}},"63":{"start":{"line":244,"column":30},"end":{"line":244,"column":32}},"64":{"start":{"line":245,"column":8},"end":{"line":247,"column":9}},"65":{"start":{"line":246,"column":10},"end":{"line":246,"column":100}},"66":{"start":{"line":248,"column":8},"end":{"line":250,"column":9}},"67":{"start":{"line":249,"column":10},"end":{"line":249,"column":56}},"68":{"start":{"line":252,"column":8},"end":{"line":262,"column":9}},"69":{"start":{"line":253,"column":10},"end":{"line":258,"column":13}},"70":{"start":{"line":259,"column":10},"end":{"line":259,"column":40}},"71":{"start":{"line":261,"column":10},"end":{"line":261,"column":88}},"72":{"start":{"line":264,"column":8},"end":{"line":267,"column":9}},"73":{"start":{"line":265,"column":10},"end":{"line":265,"column":41}},"74":{"start":{"line":266,"column":10},"end":{"line":266,"column":41}},"75":{"start":{"line":273,"column":36},"end":{"line":273,"column":77}},"76":{"start":{"line":274,"column":4},"end":{"line":279,"column":5}},"77":{"start":{"line":275,"column":6},"end":{"line":277,"column":9}},"78":{"start":{"line":278,"column":6},"end":{"line":278,"column":13}},"79":{"start":{"line":281,"column":4},"end":{"line":283,"column":5}},"80":{"start":{"line":282,"column":6},"end":{"line":282,"column":63}},"81":{"start":{"line":285,"column":4},"end":{"line":285,"column":69}},"82":{"start":{"line":289,"column":17},"end":{"line":289,"column":86}},"83":{"start":{"line":290,"column":4},"end":{"line":290,"column":64}},"84":{"start":{"line":291,"column":4},"end":{"line":291,"column":22}},"85":{"start":{"line":295,"column":4},"end":{"line":300,"column":7}},"86":{"start":{"line":299,"column":22},"end":{"line":299,"column":64}}},"fnMap":{"0":{"name":"main","decl":{"start":{"line":5,"column":16},"end":{"line":5,"column":20}},"loc":{"start":{"line":5,"column":23},"end":{"line":302,"column":1}},"line":5},"1":{"name":"(anonymous_1)","decl":{"start":{"line":49,"column":6},"end":{"line":49,"column":7}},"loc":{"start":{"line":49,"column":35},"end":{"line":51,"column":7}},"line":49},"2":{"name":"(anonymous_2)","decl":{"start":{"line":52,"column":6},"end":{"line":52,"column":7}},"loc":{"start":{"line":52,"column":44},"end":{"line":54,"column":7}},"line":52},"3":{"name":"(anonymous_3)","decl":{"start":{"line":68,"column":6},"end":{"line":68,"column":7}},"loc":{"start":{"line":68,"column":29},"end":{"line":70,"column":7}},"line":68},"4":{"name":"(anonymous_4)","decl":{"start":{"line":71,"column":6},"end":{"line":71,"column":7}},"loc":{"start":{"line":71,"column":38},"end":{"line":73,"column":7}},"line":71},"5":{"name":"onContextMenuClicked","decl":{"start":{"line":91,"column":11},"end":{"line":91,"column":31}},"loc":{"start":{"line":91,"column":43},"end":{"line":110,"column":3}},"line":91},"6":{"name":"onCommand","decl":{"start":{"line":112,"column":17},"end":{"line":112,"column":26}},"loc":{"start":{"line":112,"column":41},"end":{"line":144,"column":3}},"line":112},"7":{"name":"onConnect","decl":{"start":{"line":150,"column":17},"end":{"line":150,"column":26}},"loc":{"start":{"line":150,"column":33},"end":{"line":154,"column":3}},"line":150},"8":{"name":"onMessage","decl":{"start":{"line":156,"column":11},"end":{"line":156,"column":20}},"loc":{"start":{"line":156,"column":36},"end":{"line":159,"column":3}},"line":156},"9":{"name":"onHello","decl":{"start":{"line":161,"column":17},"end":{"line":161,"column":24}},"loc":{"start":{"line":161,"column":41},"end":{"line":166,"column":3}},"line":161},"10":{"name":"onNotifySelectionUpdated","decl":{"start":{"line":168,"column":11},"end":{"line":168,"column":35}},"loc":{"start":{"line":168,"column":51},"end":{"line":180,"column":3}},"line":168},"11":{"name":"onDoQuotedSearch","decl":{"start":{"line":182,"column":17},"end":{"line":182,"column":33}},"loc":{"start":{"line":182,"column":49},"end":{"line":184,"column":3}},"line":182},"12":{"name":"onOpenOptionsPage","decl":{"start":{"line":186,"column":17},"end":{"line":186,"column":34}},"loc":{"start":{"line":186,"column":50},"end":{"line":188,"column":3}},"line":186},"13":{"name":"onGetSelection","decl":{"start":{"line":190,"column":11},"end":{"line":190,"column":25}},"loc":{"start":{"line":190,"column":41},"end":{"line":195,"column":3}},"line":190},"14":{"name":"onOptionsChanged","decl":{"start":{"line":201,"column":11},"end":{"line":201,"column":27}},"loc":{"start":{"line":201,"column":38},"end":{"line":203,"column":3}},"line":201},"15":{"name":"updateCurrentSelection","decl":{"start":{"line":209,"column":11},"end":{"line":209,"column":33}},"loc":{"start":{"line":209,"column":53},"end":{"line":213,"column":3}},"line":209},"16":{"name":"isOwnerOfCurrentSelection","decl":{"start":{"line":215,"column":11},"end":{"line":215,"column":36}},"loc":{"start":{"line":215,"column":53},"end":{"line":221,"column":3}},"line":215},"17":{"name":"updateCommandShortcuts","decl":{"start":{"line":223,"column":17},"end":{"line":223,"column":39}},"loc":{"start":{"line":223,"column":42},"end":{"line":228,"column":3}},"line":223},"18":{"name":"updateContextMenu","decl":{"start":{"line":230,"column":11},"end":{"line":230,"column":28}},"loc":{"start":{"line":230,"column":40},"end":{"line":270,"column":3}},"line":230},"19":{"name":"doQuotedSearchForSelectionText","decl":{"start":{"line":272,"column":17},"end":{"line":272,"column":47}},"loc":{"start":{"line":272,"column":78},"end":{"line":286,"column":3}},"line":272},"20":{"name":"putQuotesAroundSelectionText","decl":{"start":{"line":288,"column":11},"end":{"line":288,"column":39}},"loc":{"start":{"line":288,"column":54},"end":{"line":292,"column":3}},"line":288},"21":{"name":"writeTextToClipboard","decl":{"start":{"line":294,"column":17},"end":{"line":294,"column":37}},"loc":{"start":{"line":294,"column":49},"end":{"line":301,"column":3}},"line":294},"22":{"name":"(anonymous_22)","decl":{"start":{"line":299,"column":12},"end":{"line":299,"column":13}},"loc":{"start":{"line":299,"column":22},"end":{"line":299,"column":64}},"line":299}},"branchMap":{"0":{"loc":{"start":{"line":94,"column":4},"end":{"line":101,"column":5}},"type":"if","locations":[{"start":{"line":94,"column":4},"end":{"line":101,"column":5}},{"start":{},"end":{}}],"line":94},"1":{"loc":{"start":{"line":116,"column":4},"end":{"line":123,"column":5}},"type":"if","locations":[{"start":{"line":116,"column":4},"end":{"line":123,"column":5}},{"start":{},"end":{}}],"line":116},"2":{"loc":{"start":{"line":119,"column":6},"end":{"line":122,"column":7}},"type":"if","locations":[{"start":{"line":119,"column":6},"end":{"line":122,"column":7}},{"start":{},"end":{}}],"line":119},"3":{"loc":{"start":{"line":125,"column":4},"end":{"line":132,"column":5}},"type":"if","locations":[{"start":{"line":125,"column":4},"end":{"line":132,"column":5}},{"start":{},"end":{}}],"line":125},"4":{"loc":{"start":{"line":134,"column":4},"end":{"line":141,"column":5}},"type":"if","locations":[{"start":{"line":134,"column":4},"end":{"line":141,"column":5}},{"start":{},"end":{}}],"line":134},"5":{"loc":{"start":{"line":169,"column":4},"end":{"line":176,"column":5}},"type":"if","locations":[{"start":{"line":169,"column":4},"end":{"line":176,"column":5}},{"start":{},"end":{}}],"line":169},"6":{"loc":{"start":{"line":170,"column":6},"end":{"line":175,"column":7}},"type":"if","locations":[{"start":{"line":170,"column":6},"end":{"line":175,"column":7}},{"start":{},"end":{}}],"line":170},"7":{"loc":{"start":{"line":193,"column":17},"end":{"line":193,"column":103}},"type":"cond-expr","locations":[{"start":{"line":193,"column":61},"end":{"line":193,"column":91}},{"start":{"line":193,"column":94},"end":{"line":193,"column":103}}],"line":193},"8":{"loc":{"start":{"line":217,"column":6},"end":{"line":219,"column":76}},"type":"binary-expr","locations":[{"start":{"line":217,"column":6},"end":{"line":217,"column":29}},{"start":{"line":218,"column":6},"end":{"line":218,"column":46}},{"start":{"line":219,"column":7},"end":{"line":219,"column":28}},{"start":{"line":219,"column":32},"end":{"line":219,"column":75}}],"line":217},"9":{"loc":{"start":{"line":237,"column":8},"end":{"line":240,"column":57}},"type":"binary-expr","locations":[{"start":{"line":237,"column":8},"end":{"line":237,"column":31}},{"start":{"line":238,"column":8},"end":{"line":238,"column":23}},{"start":{"line":239,"column":8},"end":{"line":239,"column":28}},{"start":{"line":240,"column":9},"end":{"line":240,"column":34}},{"start":{"line":240,"column":38},"end":{"line":240,"column":56}}],"line":237},"10":{"loc":{"start":{"line":243,"column":6},"end":{"line":268,"column":7}},"type":"if","locations":[{"start":{"line":243,"column":6},"end":{"line":268,"column":7}},{"start":{"line":263,"column":13},"end":{"line":268,"column":7}}],"line":243},"11":{"loc":{"start":{"line":245,"column":8},"end":{"line":247,"column":9}},"type":"if","locations":[{"start":{"line":245,"column":8},"end":{"line":247,"column":9}},{"start":{},"end":{}}],"line":245},"12":{"loc":{"start":{"line":245,"column":12},"end":{"line":245,"column":97}},"type":"binary-expr","locations":[{"start":{"line":245,"column":12},"end":{"line":245,"column":33}},{"start":{"line":245,"column":37},"end":{"line":245,"column":57}},{"start":{"line":245,"column":61},"end":{"line":245,"column":97}}],"line":245},"13":{"loc":{"start":{"line":248,"column":8},"end":{"line":250,"column":9}},"type":"if","locations":[{"start":{"line":248,"column":8},"end":{"line":250,"column":9}},{"start":{},"end":{}}],"line":248},"14":{"loc":{"start":{"line":252,"column":8},"end":{"line":262,"column":9}},"type":"if","locations":[{"start":{"line":252,"column":8},"end":{"line":262,"column":9}},{"start":{"line":260,"column":15},"end":{"line":262,"column":9}}],"line":252},"15":{"loc":{"start":{"line":264,"column":8},"end":{"line":267,"column":9}},"type":"if","locations":[{"start":{"line":264,"column":8},"end":{"line":267,"column":9}},{"start":{},"end":{}}],"line":264},"16":{"loc":{"start":{"line":274,"column":4},"end":{"line":279,"column":5}},"type":"if","locations":[{"start":{"line":274,"column":4},"end":{"line":279,"column":5}},{"start":{},"end":{}}],"line":274},"17":{"loc":{"start":{"line":281,"column":4},"end":{"line":283,"column":5}},"type":"if","locations":[{"start":{"line":281,"column":4},"end":{"line":283,"column":5}},{"start":{},"end":{}}],"line":281}},"s":{"0":71,"1":71,"2":71,"3":71,"4":71,"5":34,"6":34,"7":12,"8":17,"9":71,"10":71,"11":71,"12":71,"13":80,"14":80,"15":29,"16":29,"17":51,"18":51,"19":70,"20":70,"21":19,"22":19,"23":19,"24":9,"25":9,"26":61,"27":8,"28":8,"29":53,"30":7,"31":7,"32":46,"33":1450,"34":1450,"35":1450,"36":1410,"37":1410,"38":39,"39":795,"40":120,"41":71,"42":71,"43":724,"44":724,"45":205,"46":330,"47":41,"48":2370,"49":724,"50":724,"51":724,"52":302,"53":1450,"54":1450,"55":2900,"56":3094,"57":3094,"58":6188,"59":6188,"60":6188,"61":6188,"62":6188,"63":4520,"64":4520,"65":682,"66":4520,"67":4395,"68":4520,"69":425,"70":425,"71":4095,"72":1668,"73":325,"74":325,"75":273,"76":273,"77":8,"78":8,"79":265,"80":248,"81":265,"82":29,"83":29,"84":29,"85":248,"86":248},"f":{"0":71,"1":34,"2":34,"3":12,"4":17,"5":80,"6":70,"7":1450,"8":1410,"9":39,"10":795,"11":205,"12":330,"13":41,"14":2370,"15":724,"16":302,"17":1450,"18":3094,"19":273,"20":29,"21":248,"22":248},"b":{"0":[29,51],"1":[19,51],"2":[9,10],"3":[8,53],"4":[7,46],"5":[120,675],"6":[71,49],"7":[21,20],"8":[302,302,223,149],"9":[6188,6122,5532,4978,2489],"10":[4520,1668],"11":[682,3838],"12":[4520,4482,1364],"13":[4395,125],"14":[425,4095],"15":[325,1343],"16":[8,265],"17":[248,17]},"_coverageSchema":"1a1c01bbd47fc00a2c39e90264f33305004495a9","hash":"59846ccbf6abaf09a53e754c0b57127df717f9e3"}
,"D:\\a\\quick-quoted-search\\quick-quoted-search\\src\\content.js": {"path":"D:\\a\\quick-quoted-search\\quick-quoted-search\\src\\content.js","statementMap":{"0":{"start":{"line":6,"column":0},"end":{"line":406,"column":5}},"1":{"start":{"line":11,"column":2},"end":{"line":11,"column":39}},"2":{"start":{"line":17,"column":33},"end":{"line":17,"column":50}},"3":{"start":{"line":20,"column":25},"end":{"line":27,"column":3}},"4":{"start":{"line":29,"column":27},"end":{"line":32,"column":3}},"5":{"start":{"line":38,"column":20},"end":{"line":51,"column":3}},"6":{"start":{"line":42,"column":6},"end":{"line":42,"column":25}},"7":{"start":{"line":43,"column":6},"end":{"line":43,"column":29}},"8":{"start":{"line":46,"column":6},"end":{"line":46,"column":76}},"9":{"start":{"line":49,"column":6},"end":{"line":49,"column":74}},"10":{"start":{"line":53,"column":20},"end":{"line":53,"column":113}},"11":{"start":{"line":56,"column":34},"end":{"line":56,"column":39}},"12":{"start":{"line":64,"column":2},"end":{"line":64,"column":50}},"13":{"start":{"line":66,"column":2},"end":{"line":66,"column":24}},"14":{"start":{"line":68,"column":2},"end":{"line":68,"column":50}},"15":{"start":{"line":69,"column":2},"end":{"line":69,"column":48}},"16":{"start":{"line":70,"column":2},"end":{"line":70,"column":66}},"17":{"start":{"line":72,"column":19},"end":{"line":72,"column":51}},"18":{"start":{"line":73,"column":2},"end":{"line":73,"column":81}},"19":{"start":{"line":74,"column":2},"end":{"line":76,"column":3}},"20":{"start":{"line":75,"column":4},"end":{"line":75,"column":41}},"21":{"start":{"line":83,"column":4},"end":{"line":83,"column":49}},"22":{"start":{"line":84,"column":4},"end":{"line":84,"column":42}},"23":{"start":{"line":88,"column":4},"end":{"line":88,"column":52}},"24":{"start":{"line":89,"column":4},"end":{"line":95,"column":5}},"25":{"start":{"line":90,"column":6},"end":{"line":90,"column":35}},"26":{"start":{"line":91,"column":6},"end":{"line":91,"column":39}},"27":{"start":{"line":92,"column":6},"end":{"line":92,"column":93}},"28":{"start":{"line":94,"column":6},"end":{"line":94,"column":26}},"29":{"start":{"line":99,"column":4},"end":{"line":99,"column":58}},"30":{"start":{"line":100,"column":4},"end":{"line":100,"column":50}},"31":{"start":{"line":104,"column":4},"end":{"line":104,"column":76}},"32":{"start":{"line":105,"column":4},"end":{"line":105,"column":43}},"33":{"start":{"line":106,"column":4},"end":{"line":106,"column":65}},"34":{"start":{"line":107,"column":4},"end":{"line":107,"column":51}},"35":{"start":{"line":111,"column":4},"end":{"line":114,"column":5}},"36":{"start":{"line":112,"column":6},"end":{"line":112,"column":104}},"37":{"start":{"line":113,"column":6},"end":{"line":113,"column":13}},"38":{"start":{"line":115,"column":4},"end":{"line":115,"column":60}},"39":{"start":{"line":124,"column":4},"end":{"line":124,"column":26}},"40":{"start":{"line":126,"column":4},"end":{"line":126,"column":43}},"41":{"start":{"line":130,"column":4},"end":{"line":130,"column":42}},"42":{"start":{"line":134,"column":4},"end":{"line":134,"column":55}},"43":{"start":{"line":138,"column":4},"end":{"line":153,"column":5}},"44":{"start":{"line":139,"column":6},"end":{"line":152,"column":7}},"45":{"start":{"line":140,"column":8},"end":{"line":151,"column":9}},"46":{"start":{"line":141,"column":10},"end":{"line":150,"column":11}},"47":{"start":{"line":142,"column":12},"end":{"line":145,"column":13}},"48":{"start":{"line":143,"column":14},"end":{"line":143,"column":72}},"49":{"start":{"line":144,"column":14},"end":{"line":144,"column":51}},"50":{"start":{"line":146,"column":12},"end":{"line":149,"column":13}},"51":{"start":{"line":147,"column":14},"end":{"line":147,"column":82}},"52":{"start":{"line":148,"column":14},"end":{"line":148,"column":61}},"53":{"start":{"line":157,"column":4},"end":{"line":161,"column":5}},"54":{"start":{"line":160,"column":6},"end":{"line":160,"column":13}},"55":{"start":{"line":163,"column":4},"end":{"line":165,"column":5}},"56":{"start":{"line":164,"column":6},"end":{"line":164,"column":72}},"57":{"start":{"line":167,"column":4},"end":{"line":169,"column":7}},"58":{"start":{"line":168,"column":6},"end":{"line":168,"column":70}},"59":{"start":{"line":171,"column":4},"end":{"line":175,"column":7}},"60":{"start":{"line":172,"column":6},"end":{"line":174,"column":7}},"61":{"start":{"line":173,"column":8},"end":{"line":173,"column":68}},"62":{"start":{"line":177,"column":4},"end":{"line":179,"column":7}},"63":{"start":{"line":178,"column":6},"end":{"line":178,"column":71}},"64":{"start":{"line":181,"column":4},"end":{"line":196,"column":7}},"65":{"start":{"line":182,"column":6},"end":{"line":195,"column":7}},"66":{"start":{"line":192,"column":8},"end":{"line":194,"column":9}},"67":{"start":{"line":193,"column":10},"end":{"line":193,"column":29}},"68":{"start":{"line":204,"column":4},"end":{"line":206,"column":5}},"69":{"start":{"line":205,"column":6},"end":{"line":205,"column":13}},"70":{"start":{"line":207,"column":4},"end":{"line":211,"column":7}},"71":{"start":{"line":218,"column":4},"end":{"line":220,"column":5}},"72":{"start":{"line":219,"column":6},"end":{"line":219,"column":13}},"73":{"start":{"line":221,"column":4},"end":{"line":221,"column":47}},"74":{"start":{"line":225,"column":4},"end":{"line":227,"column":5}},"75":{"start":{"line":226,"column":6},"end":{"line":226,"column":13}},"76":{"start":{"line":228,"column":4},"end":{"line":232,"column":7}},"77":{"start":{"line":240,"column":4},"end":{"line":242,"column":5}},"78":{"start":{"line":241,"column":6},"end":{"line":241,"column":13}},"79":{"start":{"line":244,"column":4},"end":{"line":247,"column":5}},"80":{"start":{"line":245,"column":6},"end":{"line":245,"column":65}},"81":{"start":{"line":246,"column":6},"end":{"line":246,"column":36}},"82":{"start":{"line":248,"column":4},"end":{"line":250,"column":7}},"83":{"start":{"line":251,"column":4},"end":{"line":251,"column":85}},"84":{"start":{"line":253,"column":4},"end":{"line":253,"column":60}},"85":{"start":{"line":254,"column":4},"end":{"line":254,"column":54}},"86":{"start":{"line":255,"column":4},"end":{"line":255,"column":71}},"87":{"start":{"line":257,"column":4},"end":{"line":257,"column":23}},"88":{"start":{"line":261,"column":4},"end":{"line":267,"column":20}},"89":{"start":{"line":269,"column":4},"end":{"line":276,"column":7}},"90":{"start":{"line":278,"column":4},"end":{"line":278,"column":57}},"91":{"start":{"line":280,"column":4},"end":{"line":280,"column":35}},"92":{"start":{"line":284,"column":4},"end":{"line":286,"column":5}},"93":{"start":{"line":285,"column":6},"end":{"line":285,"column":13}},"94":{"start":{"line":288,"column":17},"end":{"line":288,"column":41}},"95":{"start":{"line":289,"column":4},"end":{"line":302,"column":5}},"96":{"start":{"line":290,"column":22},"end":{"line":299,"column":7}},"97":{"start":{"line":300,"column":6},"end":{"line":300,"column":49}},"98":{"start":{"line":301,"column":6},"end":{"line":301,"column":98}},"99":{"start":{"line":306,"column":26},"end":{"line":308,"column":5}},"100":{"start":{"line":309,"column":36},"end":{"line":309,"column":77}},"101":{"start":{"line":310,"column":4},"end":{"line":315,"column":5}},"102":{"start":{"line":311,"column":6},"end":{"line":313,"column":9}},"103":{"start":{"line":314,"column":6},"end":{"line":314,"column":19}},"104":{"start":{"line":317,"column":4},"end":{"line":317,"column":79}},"105":{"start":{"line":319,"column":4},"end":{"line":324,"column":5}},"106":{"start":{"line":320,"column":6},"end":{"line":322,"column":7}},"107":{"start":{"line":321,"column":8},"end":{"line":321,"column":70}},"108":{"start":{"line":323,"column":6},"end":{"line":323,"column":33}},"109":{"start":{"line":326,"column":4},"end":{"line":326,"column":16}},"110":{"start":{"line":330,"column":4},"end":{"line":334,"column":6}},"111":{"start":{"line":336,"column":25},"end":{"line":336,"column":29}},"112":{"start":{"line":338,"column":17},"end":{"line":338,"column":35}},"113":{"start":{"line":339,"column":28},"end":{"line":339,"column":55}},"114":{"start":{"line":340,"column":26},"end":{"line":340,"column":51}},"115":{"start":{"line":341,"column":4},"end":{"line":347,"column":5}},"116":{"start":{"line":346,"column":6},"end":{"line":346,"column":26}},"117":{"start":{"line":348,"column":4},"end":{"line":354,"column":5}},"118":{"start":{"line":353,"column":6},"end":{"line":353,"column":24}},"119":{"start":{"line":356,"column":26},"end":{"line":356,"column":37}},"120":{"start":{"line":357,"column":30},"end":{"line":357,"column":31}},"121":{"start":{"line":358,"column":28},"end":{"line":358,"column":30}},"122":{"start":{"line":359,"column":4},"end":{"line":362,"column":5}},"123":{"start":{"line":360,"column":6},"end":{"line":360,"column":46}},"124":{"start":{"line":361,"column":6},"end":{"line":361,"column":28}},"125":{"start":{"line":363,"column":4},"end":{"line":366,"column":5}},"126":{"start":{"line":364,"column":6},"end":{"line":364,"column":46}},"127":{"start":{"line":365,"column":6},"end":{"line":365,"column":26}},"128":{"start":{"line":368,"column":30},"end":{"line":368,"column":69}},"129":{"start":{"line":369,"column":28},"end":{"line":369,"column":90}},"130":{"start":{"line":371,"column":4},"end":{"line":371,"column":25}},"131":{"start":{"line":378,"column":4},"end":{"line":378,"column":114}},"132":{"start":{"line":380,"column":4},"end":{"line":380,"column":104}},"133":{"start":{"line":384,"column":4},"end":{"line":386,"column":5}},"134":{"start":{"line":385,"column":6},"end":{"line":385,"column":19}},"135":{"start":{"line":387,"column":4},"end":{"line":387,"column":28}},"136":{"start":{"line":388,"column":4},"end":{"line":403,"column":5}},"137":{"start":{"line":389,"column":6},"end":{"line":402,"column":11}},"138":{"start":{"line":390,"column":8},"end":{"line":400,"column":9}},"139":{"start":{"line":391,"column":10},"end":{"line":399,"column":11}},"140":{"start":{"line":392,"column":12},"end":{"line":398,"column":13}},"141":{"start":{"line":397,"column":14},"end":{"line":397,"column":26}},"142":{"start":{"line":401,"column":8},"end":{"line":401,"column":21}},"143":{"start":{"line":404,"column":4},"end":{"line":404,"column":41}}},"fnMap":{"0":{"name":"main","decl":{"start":{"line":6,"column":16},"end":{"line":6,"column":20}},"loc":{"start":{"line":6,"column":23},"end":{"line":406,"column":1}},"line":6},"1":{"name":"(anonymous_1)","decl":{"start":{"line":41,"column":4},"end":{"line":41,"column":5}},"loc":{"start":{"line":41,"column":31},"end":{"line":44,"column":5}},"line":41},"2":{"name":"(anonymous_2)","decl":{"start":{"line":45,"column":4},"end":{"line":45,"column":5}},"loc":{"start":{"line":45,"column":20},"end":{"line":47,"column":5}},"line":45},"3":{"name":"(anonymous_3)","decl":{"start":{"line":48,"column":4},"end":{"line":48,"column":5}},"loc":{"start":{"line":48,"column":15},"end":{"line":50,"column":5}},"line":48},"4":{"name":"onConnect","decl":{"start":{"line":82,"column":11},"end":{"line":82,"column":20}},"loc":{"start":{"line":82,"column":27},"end":{"line":85,"column":3}},"line":82},"5":{"name":"onDisconnect","decl":{"start":{"line":87,"column":11},"end":{"line":87,"column":23}},"loc":{"start":{"line":87,"column":30},"end":{"line":96,"column":3}},"line":87},"6":{"name":"onMessage","decl":{"start":{"line":98,"column":11},"end":{"line":98,"column":20}},"loc":{"start":{"line":98,"column":36},"end":{"line":101,"column":3}},"line":98},"7":{"name":"onWelcome","decl":{"start":{"line":103,"column":11},"end":{"line":103,"column":20}},"loc":{"start":{"line":103,"column":37},"end":{"line":108,"column":3}},"line":103},"8":{"name":"onPutQuotes","decl":{"start":{"line":110,"column":11},"end":{"line":110,"column":22}},"loc":{"start":{"line":110,"column":40},"end":{"line":116,"column":3}},"line":110},"9":{"name":"onWindowFocus","decl":{"start":{"line":122,"column":11},"end":{"line":122,"column":24}},"loc":{"start":{"line":122,"column":29},"end":{"line":127,"column":3}},"line":122},"10":{"name":"onWindowBlur","decl":{"start":{"line":129,"column":11},"end":{"line":129,"column":23}},"loc":{"start":{"line":129,"column":28},"end":{"line":131,"column":3}},"line":129},"11":{"name":"onSelectionChange","decl":{"start":{"line":133,"column":11},"end":{"line":133,"column":28}},"loc":{"start":{"line":133,"column":33},"end":{"line":135,"column":3}},"line":133},"12":{"name":"onMutation","decl":{"start":{"line":137,"column":11},"end":{"line":137,"column":21}},"loc":{"start":{"line":137,"column":47},"end":{"line":154,"column":3}},"line":137},"13":{"name":"addEventListenerToEditableNode","decl":{"start":{"line":156,"column":11},"end":{"line":156,"column":41}},"loc":{"start":{"line":156,"column":56},"end":{"line":197,"column":3}},"line":156},"14":{"name":"(anonymous_14)","decl":{"start":{"line":167,"column":43},"end":{"line":167,"column":44}},"loc":{"start":{"line":167,"column":51},"end":{"line":169,"column":5}},"line":167},"15":{"name":"(anonymous_15)","decl":{"start":{"line":171,"column":42},"end":{"line":171,"column":43}},"loc":{"start":{"line":171,"column":50},"end":{"line":175,"column":5}},"line":171},"16":{"name":"(anonymous_16)","decl":{"start":{"line":177,"column":44},"end":{"line":177,"column":45}},"loc":{"start":{"line":177,"column":52},"end":{"line":179,"column":5}},"line":177},"17":{"name":"(anonymous_17)","decl":{"start":{"line":181,"column":45},"end":{"line":181,"column":46}},"loc":{"start":{"line":181,"column":52},"end":{"line":196,"column":5}},"line":181},"18":{"name":"onClickPopupIconSearch","decl":{"start":{"line":203,"column":11},"end":{"line":203,"column":33}},"loc":{"start":{"line":203,"column":37},"end":{"line":212,"column":3}},"line":203},"19":{"name":"onClickPopupIconQuote","decl":{"start":{"line":214,"column":11},"end":{"line":214,"column":32}},"loc":{"start":{"line":214,"column":51},"end":{"line":222,"column":3}},"line":214},"20":{"name":"onClickPopupIconOptions","decl":{"start":{"line":224,"column":11},"end":{"line":224,"column":34}},"loc":{"start":{"line":224,"column":38},"end":{"line":233,"column":3}},"line":224},"21":{"name":"connectToBackground","decl":{"start":{"line":239,"column":11},"end":{"line":239,"column":30}},"loc":{"start":{"line":239,"column":33},"end":{"line":258,"column":3}},"line":239},"22":{"name":"updateEditableNodeWithSelection","decl":{"start":{"line":260,"column":11},"end":{"line":260,"column":42}},"loc":{"start":{"line":260,"column":65},"end":{"line":281,"column":3}},"line":260},"23":{"name":"notifySelectionUpdated","decl":{"start":{"line":283,"column":11},"end":{"line":283,"column":33}},"loc":{"start":{"line":283,"column":42},"end":{"line":303,"column":3}},"line":283},"24":{"name":"putQuotesAroundSelectionText","decl":{"start":{"line":305,"column":11},"end":{"line":305,"column":39}},"loc":{"start":{"line":305,"column":54},"end":{"line":327,"column":3}},"line":305},"25":{"name":"replaceSelectionText","decl":{"start":{"line":329,"column":11},"end":{"line":329,"column":31}},"loc":{"start":{"line":329,"column":59},"end":{"line":381,"column":3}},"line":329},"26":{"name":"isSearchable","decl":{"start":{"line":383,"column":11},"end":{"line":383,"column":23}},"loc":{"start":{"line":383,"column":38},"end":{"line":405,"column":3}},"line":383},"27":{"name":"(anonymous_27)","decl":{"start":{"line":389,"column":39},"end":{"line":389,"column":40}},"loc":{"start":{"line":389,"column":45},"end":{"line":402,"column":7}},"line":389}},"branchMap":{"0":{"loc":{"start":{"line":46,"column":13},"end":{"line":46,"column":75}},"type":"binary-expr","locations":[{"start":{"line":46,"column":13},"end":{"line":46,"column":41}},{"start":{"line":46,"column":45},"end":{"line":46,"column":75}}],"line":46},"1":{"loc":{"start":{"line":49,"column":13},"end":{"line":49,"column":73}},"type":"cond-expr","locations":[{"start":{"line":49,"column":36},"end":{"line":49,"column":67}},{"start":{"line":49,"column":70},"end":{"line":49,"column":73}}],"line":49},"2":{"loc":{"start":{"line":89,"column":4},"end":{"line":95,"column":5}},"type":"if","locations":[{"start":{"line":89,"column":4},"end":{"line":95,"column":5}},{"start":{},"end":{}}],"line":89},"3":{"loc":{"start":{"line":111,"column":4},"end":{"line":114,"column":5}},"type":"if","locations":[{"start":{"line":111,"column":4},"end":{"line":114,"column":5}},{"start":{},"end":{}}],"line":111},"4":{"loc":{"start":{"line":139,"column":6},"end":{"line":152,"column":7}},"type":"if","locations":[{"start":{"line":139,"column":6},"end":{"line":152,"column":7}},{"start":{},"end":{}}],"line":139},"5":{"loc":{"start":{"line":141,"column":10},"end":{"line":150,"column":11}},"type":"if","locations":[{"start":{"line":141,"column":10},"end":{"line":150,"column":11}},{"start":{},"end":{}}],"line":141},"6":{"loc":{"start":{"line":141,"column":14},"end":{"line":141,"column":57}},"type":"binary-expr","locations":[{"start":{"line":141,"column":14},"end":{"line":141,"column":30}},{"start":{"line":141,"column":34},"end":{"line":141,"column":57}}],"line":141},"7":{"loc":{"start":{"line":142,"column":12},"end":{"line":145,"column":13}},"type":"if","locations":[{"start":{"line":142,"column":12},"end":{"line":145,"column":13}},{"start":{},"end":{}}],"line":142},"8":{"loc":{"start":{"line":157,"column":4},"end":{"line":161,"column":5}},"type":"if","locations":[{"start":{"line":157,"column":4},"end":{"line":161,"column":5}},{"start":{},"end":{}}],"line":157},"9":{"loc":{"start":{"line":163,"column":4},"end":{"line":165,"column":5}},"type":"if","locations":[{"start":{"line":163,"column":4},"end":{"line":165,"column":5}},{"start":{},"end":{}}],"line":163},"10":{"loc":{"start":{"line":172,"column":6},"end":{"line":174,"column":7}},"type":"if","locations":[{"start":{"line":172,"column":6},"end":{"line":174,"column":7}},{"start":{},"end":{}}],"line":172},"11":{"loc":{"start":{"line":172,"column":10},"end":{"line":172,"column":95}},"type":"binary-expr","locations":[{"start":{"line":172,"column":10},"end":{"line":172,"column":49}},{"start":{"line":172,"column":53},"end":{"line":172,"column":95}}],"line":172},"12":{"loc":{"start":{"line":182,"column":6},"end":{"line":195,"column":7}},"type":"if","locations":[{"start":{"line":182,"column":6},"end":{"line":195,"column":7}},{"start":{},"end":{}}],"line":182},"13":{"loc":{"start":{"line":183,"column":8},"end":{"line":190,"column":17}},"type":"binary-expr","locations":[{"start":{"line":183,"column":8},"end":{"line":183,"column":32}},{"start":{"line":184,"column":8},"end":{"line":184,"column":21}},{"start":{"line":185,"column":8},"end":{"line":185,"column":20}},{"start":{"line":186,"column":8},"end":{"line":186,"column":22}},{"start":{"line":187,"column":8},"end":{"line":187,"column":18}},{"start":{"line":188,"column":8},"end":{"line":188,"column":17}},{"start":{"line":189,"column":8},"end":{"line":189,"column":18}},{"start":{"line":190,"column":8},"end":{"line":190,"column":17}}],"line":183},"14":{"loc":{"start":{"line":192,"column":8},"end":{"line":194,"column":9}},"type":"if","locations":[{"start":{"line":192,"column":8},"end":{"line":194,"column":9}},{"start":{},"end":{}}],"line":192},"15":{"loc":{"start":{"line":204,"column":4},"end":{"line":206,"column":5}},"type":"if","locations":[{"start":{"line":204,"column":4},"end":{"line":206,"column":5}},{"start":{},"end":{}}],"line":204},"16":{"loc":{"start":{"line":218,"column":4},"end":{"line":220,"column":5}},"type":"if","locations":[{"start":{"line":218,"column":4},"end":{"line":220,"column":5}},{"start":{},"end":{}}],"line":218},"17":{"loc":{"start":{"line":225,"column":4},"end":{"line":227,"column":5}},"type":"if","locations":[{"start":{"line":225,"column":4},"end":{"line":227,"column":5}},{"start":{},"end":{}}],"line":225},"18":{"loc":{"start":{"line":240,"column":4},"end":{"line":242,"column":5}},"type":"if","locations":[{"start":{"line":240,"column":4},"end":{"line":242,"column":5}},{"start":{},"end":{}}],"line":240},"19":{"loc":{"start":{"line":244,"column":4},"end":{"line":247,"column":5}},"type":"if","locations":[{"start":{"line":244,"column":4},"end":{"line":247,"column":5}},{"start":{},"end":{}}],"line":244},"20":{"loc":{"start":{"line":249,"column":13},"end":{"line":249,"column":58}},"type":"cond-expr","locations":[{"start":{"line":249,"column":40},"end":{"line":249,"column":42}},{"start":{"line":249,"column":45},"end":{"line":249,"column":58}}],"line":249},"21":{"loc":{"start":{"line":262,"column":6},"end":{"line":267,"column":19}},"type":"cond-expr","locations":[{"start":{"line":266,"column":10},"end":{"line":266,"column":22}},{"start":{"line":267,"column":10},"end":{"line":267,"column":19}}],"line":262},"22":{"loc":{"start":{"line":262,"column":6},"end":{"line":265,"column":43}},"type":"binary-expr","locations":[{"start":{"line":262,"column":6},"end":{"line":262,"column":18}},{"start":{"line":263,"column":6},"end":{"line":263,"column":36}},{"start":{"line":264,"column":6},"end":{"line":265,"column":43}}],"line":262},"23":{"loc":{"start":{"line":272,"column":12},"end":{"line":272,"column":104}},"type":"cond-expr","locations":[{"start":{"line":272,"column":40},"end":{"line":272,"column":96}},{"start":{"line":272,"column":99},"end":{"line":272,"column":104}}],"line":272},"24":{"loc":{"start":{"line":273,"column":22},"end":{"line":273,"column":98}},"type":"cond-expr","locations":[{"start":{"line":273,"column":50},"end":{"line":273,"column":90}},{"start":{"line":273,"column":93},"end":{"line":273,"column":98}}],"line":273},"25":{"loc":{"start":{"line":274,"column":26},"end":{"line":274,"column":106}},"type":"cond-expr","locations":[{"start":{"line":274,"column":54},"end":{"line":274,"column":98}},{"start":{"line":274,"column":101},"end":{"line":274,"column":106}}],"line":274},"26":{"loc":{"start":{"line":284,"column":4},"end":{"line":286,"column":5}},"type":"if","locations":[{"start":{"line":284,"column":4},"end":{"line":286,"column":5}},{"start":{},"end":{}}],"line":284},"27":{"loc":{"start":{"line":289,"column":4},"end":{"line":302,"column":5}},"type":"if","locations":[{"start":{"line":289,"column":4},"end":{"line":302,"column":5}},{"start":{},"end":{}}],"line":289},"28":{"loc":{"start":{"line":289,"column":8},"end":{"line":289,"column":66}},"type":"binary-expr","locations":[{"start":{"line":289,"column":8},"end":{"line":289,"column":33}},{"start":{"line":289,"column":38},"end":{"line":289,"column":42}},{"start":{"line":289,"column":46},"end":{"line":289,"column":65}}],"line":289},"29":{"loc":{"start":{"line":310,"column":4},"end":{"line":315,"column":5}},"type":"if","locations":[{"start":{"line":310,"column":4},"end":{"line":315,"column":5}},{"start":{},"end":{}}],"line":310},"30":{"loc":{"start":{"line":319,"column":4},"end":{"line":324,"column":5}},"type":"if","locations":[{"start":{"line":319,"column":4},"end":{"line":324,"column":5}},{"start":{},"end":{}}],"line":319},"31":{"loc":{"start":{"line":319,"column":8},"end":{"line":319,"column":59}},"type":"binary-expr","locations":[{"start":{"line":319,"column":8},"end":{"line":319,"column":29}},{"start":{"line":319,"column":33},"end":{"line":319,"column":59}}],"line":319},"32":{"loc":{"start":{"line":320,"column":6},"end":{"line":322,"column":7}},"type":"if","locations":[{"start":{"line":320,"column":6},"end":{"line":322,"column":7}},{"start":{},"end":{}}],"line":320},"33":{"loc":{"start":{"line":331,"column":6},"end":{"line":331,"column":116}},"type":"binary-expr","locations":[{"start":{"line":331,"column":6},"end":{"line":331,"column":29}},{"start":{"line":331,"column":33},"end":{"line":331,"column":62}},{"start":{"line":331,"column":66},"end":{"line":331,"column":116}}],"line":331},"34":{"loc":{"start":{"line":341,"column":4},"end":{"line":347,"column":5}},"type":"if","locations":[{"start":{"line":341,"column":4},"end":{"line":347,"column":5}},{"start":{},"end":{}}],"line":341},"35":{"loc":{"start":{"line":342,"column":6},"end":{"line":344,"column":56}},"type":"binary-expr","locations":[{"start":{"line":342,"column":6},"end":{"line":342,"column":27}},{"start":{"line":343,"column":6},"end":{"line":343,"column":70}},{"start":{"line":344,"column":6},"end":{"line":344,"column":56}}],"line":342},"36":{"loc":{"start":{"line":348,"column":4},"end":{"line":354,"column":5}},"type":"if","locations":[{"start":{"line":348,"column":4},"end":{"line":354,"column":5}},{"start":{},"end":{}}],"line":348},"37":{"loc":{"start":{"line":349,"column":6},"end":{"line":351,"column":58}},"type":"binary-expr","locations":[{"start":{"line":349,"column":6},"end":{"line":349,"column":35}},{"start":{"line":350,"column":6},"end":{"line":350,"column":64}},{"start":{"line":351,"column":6},"end":{"line":351,"column":58}}],"line":349},"38":{"loc":{"start":{"line":359,"column":4},"end":{"line":362,"column":5}},"type":"if","locations":[{"start":{"line":359,"column":4},"end":{"line":362,"column":5}},{"start":{},"end":{}}],"line":359},"39":{"loc":{"start":{"line":359,"column":8},"end":{"line":359,"column":87}},"type":"binary-expr","locations":[{"start":{"line":359,"column":8},"end":{"line":359,"column":29}},{"start":{"line":359,"column":33},"end":{"line":359,"column":87}}],"line":359},"40":{"loc":{"start":{"line":363,"column":4},"end":{"line":366,"column":5}},"type":"if","locations":[{"start":{"line":363,"column":4},"end":{"line":366,"column":5}},{"start":{},"end":{}}],"line":363},"41":{"loc":{"start":{"line":363,"column":8},"end":{"line":363,"column":89}},"type":"binary-expr","locations":[{"start":{"line":363,"column":8},"end":{"line":363,"column":37}},{"start":{"line":363,"column":41},"end":{"line":363,"column":89}}],"line":363},"42":{"loc":{"start":{"line":384,"column":4},"end":{"line":386,"column":5}},"type":"if","locations":[{"start":{"line":384,"column":4},"end":{"line":386,"column":5}},{"start":{},"end":{}}],"line":384},"43":{"loc":{"start":{"line":388,"column":4},"end":{"line":403,"column":5}},"type":"if","locations":[{"start":{"line":388,"column":4},"end":{"line":403,"column":5}},{"start":{},"end":{}}],"line":388},"44":{"loc":{"start":{"line":390,"column":8},"end":{"line":400,"column":9}},"type":"if","locations":[{"start":{"line":390,"column":8},"end":{"line":400,"column":9}},{"start":{},"end":{}}],"line":390},"45":{"loc":{"start":{"line":392,"column":12},"end":{"line":398,"column":13}},"type":"if","locations":[{"start":{"line":392,"column":12},"end":{"line":398,"column":13}},{"start":{},"end":{}}],"line":392},"46":{"loc":{"start":{"line":393,"column":14},"end":{"line":395,"column":92}},"type":"binary-expr","locations":[{"start":{"line":393,"column":14},"end":{"line":393,"column":73}},{"start":{"line":394,"column":14},"end":{"line":394,"column":58}},{"start":{"line":395,"column":14},"end":{"line":395,"column":92}}],"line":393}},"s":{"0":85,"1":85,"2":85,"3":85,"4":85,"5":85,"6":70,"7":70,"8":8826,"9":70,"10":85,"11":85,"12":85,"13":85,"14":85,"15":85,"16":85,"17":85,"18":85,"19":85,"20":225,"21":84,"22":84,"23":1,"24":1,"25":1,"26":1,"27":1,"28":1,"29":154,"30":154,"31":70,"32":70,"33":70,"34":70,"35":84,"36":28,"37":28,"38":56,"39":2,"40":2,"41":9,"42":4037,"43":3356,"44":5566,"45":5566,"46":2825,"47":634,"48":3,"49":3,"50":634,"51":1,"52":1,"53":229,"54":70,"55":159,"56":17,"57":159,"58":1599,"59":159,"60":1560,"61":1560,"62":159,"63":1462,"64":159,"65":70,"66":9,"67":6,"68":28,"69":0,"70":28,"71":360,"72":0,"73":360,"74":41,"75":0,"76":41,"77":87,"78":0,"79":87,"80":2,"81":2,"82":87,"83":87,"84":87,"85":87,"86":87,"87":87,"88":4638,"89":4638,"90":4638,"91":4638,"92":8756,"93":0,"94":8756,"95":8756,"96":8572,"97":8572,"98":8572,"99":425,"100":425,"101":425,"102":30,"103":30,"104":395,"105":395,"106":2,"107":1,"108":2,"109":395,"110":395,"111":395,"112":395,"113":395,"114":395,"115":395,"116":24,"117":395,"118":177,"119":395,"120":395,"121":395,"122":395,"123":33,"124":33,"125":395,"126":163,"127":163,"128":395,"129":395,"130":395,"131":395,"132":395,"133":8954,"134":1954,"135":7000,"136":7000,"137":133,"138":133,"139":71,"140":424,"141":2,"142":131,"143":7000},"f":{"0":85,"1":70,"2":8826,"3":70,"4":84,"5":1,"6":154,"7":70,"8":84,"9":2,"10":9,"11":4037,"12":3356,"13":229,"14":1599,"15":1560,"16":1462,"17":70,"18":28,"19":360,"20":41,"21":87,"22":4638,"23":8756,"24":425,"25":395,"26":8954,"27":133},"b":{"0":[8826,8642],"1":[70,0],"2":[1,0],"3":[28,56],"4":[5566,0],"5":[634,2191],"6":[2825,638],"7":[3,631],"8":[70,159],"9":[17,142],"10":[1560,0],"11":[1560,1560],"12":[9,61],"13":[70,9,9,9,9,9,9,9],"14":[6,3],"15":[0,28],"16":[0,360],"17":[0,41],"18":[0,87],"19":[2,85],"20":[72,15],"21":[3078,1560],"22":[4638,3078,3078],"23":[3078,1560],"24":[3078,1560],"25":[3078,1560],"26":[0,8756],"27":[8572,184],"28":[8756,8572,7018],"29":[30,395],"30":[2,393],"31":[395,382],"32":[1,1],"33":[395,395,395],"34":[24,371],"35":[395,66,47],"36":[177,218],"37":[395,213,177],"38":[33,362],"39":[395,66],"40":[163,232],"41":[395,213],"42":[1954,7000],"43":[133,6867],"44":[71,62],"45":[2,422],"46":[424,2,2]},"_coverageSchema":"1a1c01bbd47fc00a2c39e90264f33305004495a9","hash":"b9d5a1fc825a1e3248f2d9a1a516cca1b6ab347a"}
,"D:\\a\\quick-quoted-search\\quick-quoted-search\\src\\options.js": {"path":"D:\\a\\quick-quoted-search\\quick-quoted-search\\src\\options.js","statementMap":{"0":{"start":{"line":10,"column":0},"end":{"line":276,"column":5}},"1":{"start":{"line":15,"column":2},"end":{"line":15,"column":39}},"2":{"start":{"line":21,"column":26},"end":{"line":21,"column":39}},"3":{"start":{"line":23,"column":21},"end":{"line":33,"column":3}},"4":{"start":{"line":36,"column":23},"end":{"line":46,"column":3}},"5":{"start":{"line":55,"column":29},"end":{"line":55,"column":31}},"6":{"start":{"line":61,"column":2},"end":{"line":61,"column":67}},"7":{"start":{"line":62,"column":2},"end":{"line":62,"column":61}},"8":{"start":{"line":69,"column":4},"end":{"line":69,"column":43}},"9":{"start":{"line":71,"column":4},"end":{"line":71,"column":24}},"10":{"start":{"line":72,"column":4},"end":{"line":72,"column":32}},"11":{"start":{"line":73,"column":4},"end":{"line":73,"column":28}},"12":{"start":{"line":75,"column":4},"end":{"line":75,"column":46}},"13":{"start":{"line":77,"column":4},"end":{"line":77,"column":49}},"14":{"start":{"line":78,"column":4},"end":{"line":78,"column":46}},"15":{"start":{"line":80,"column":4},"end":{"line":80,"column":20}},"16":{"start":{"line":81,"column":4},"end":{"line":81,"column":25}},"17":{"start":{"line":83,"column":4},"end":{"line":83,"column":37}},"18":{"start":{"line":85,"column":4},"end":{"line":85,"column":29}},"19":{"start":{"line":89,"column":4},"end":{"line":89,"column":27}},"20":{"start":{"line":93,"column":4},"end":{"line":99,"column":5}},"21":{"start":{"line":94,"column":6},"end":{"line":94,"column":109}},"22":{"start":{"line":95,"column":6},"end":{"line":97,"column":9}},"23":{"start":{"line":96,"column":8},"end":{"line":96,"column":51}},"24":{"start":{"line":98,"column":6},"end":{"line":98,"column":42}},"25":{"start":{"line":103,"column":4},"end":{"line":106,"column":7}},"26":{"start":{"line":104,"column":6},"end":{"line":104,"column":79}},"27":{"start":{"line":105,"column":6},"end":{"line":105,"column":30}},"28":{"start":{"line":110,"column":22},"end":{"line":110,"column":104}},"29":{"start":{"line":111,"column":4},"end":{"line":115,"column":7}},"30":{"start":{"line":112,"column":6},"end":{"line":114,"column":7}},"31":{"start":{"line":113,"column":8},"end":{"line":113,"column":26}},"32":{"start":{"line":117,"column":19},"end":{"line":117,"column":66}},"33":{"start":{"line":118,"column":4},"end":{"line":118,"column":26}},"34":{"start":{"line":119,"column":4},"end":{"line":121,"column":7}},"35":{"start":{"line":120,"column":6},"end":{"line":120,"column":23}},"36":{"start":{"line":125,"column":4},"end":{"line":132,"column":7}},"37":{"start":{"line":126,"column":6},"end":{"line":126,"column":25}},"38":{"start":{"line":127,"column":6},"end":{"line":131,"column":8}},"39":{"start":{"line":136,"column":4},"end":{"line":143,"column":7}},"40":{"start":{"line":137,"column":6},"end":{"line":137,"column":25}},"41":{"start":{"line":138,"column":6},"end":{"line":142,"column":8}},"42":{"start":{"line":147,"column":4},"end":{"line":157,"column":5}},"43":{"start":{"line":148,"column":17},"end":{"line":148,"column":51}},"44":{"start":{"line":149,"column":31},"end":{"line":149,"column":91}},"45":{"start":{"line":150,"column":6},"end":{"line":150,"column":40}},"46":{"start":{"line":151,"column":22},"end":{"line":151,"column":78}},"47":{"start":{"line":152,"column":28},"end":{"line":152,"column":76}},"48":{"start":{"line":153,"column":6},"end":{"line":153,"column":35}},"49":{"start":{"line":154,"column":6},"end":{"line":156,"column":9}},"50":{"start":{"line":155,"column":8},"end":{"line":155,"column":23}},"51":{"start":{"line":161,"column":4},"end":{"line":165,"column":5}},"52":{"start":{"line":161,"column":57},"end":{"line":161,"column":93}},"53":{"start":{"line":162,"column":6},"end":{"line":164,"column":9}},"54":{"start":{"line":163,"column":8},"end":{"line":163,"column":65}},"55":{"start":{"line":173,"column":4},"end":{"line":176,"column":7}},"56":{"start":{"line":177,"column":4},"end":{"line":188,"column":5}},"57":{"start":{"line":178,"column":23},"end":{"line":178,"column":46}},"58":{"start":{"line":179,"column":6},"end":{"line":184,"column":7}},"59":{"start":{"line":180,"column":8},"end":{"line":180,"column":37}},"60":{"start":{"line":181,"column":8},"end":{"line":181,"column":62}},"61":{"start":{"line":183,"column":8},"end":{"line":183,"column":86}},"62":{"start":{"line":186,"column":6},"end":{"line":186,"column":87}},"63":{"start":{"line":187,"column":6},"end":{"line":187,"column":50}},"64":{"start":{"line":190,"column":4},"end":{"line":190,"column":34}},"65":{"start":{"line":194,"column":4},"end":{"line":196,"column":5}},"66":{"start":{"line":195,"column":6},"end":{"line":195,"column":57}},"67":{"start":{"line":198,"column":4},"end":{"line":198,"column":34}},"68":{"start":{"line":202,"column":4},"end":{"line":207,"column":5}},"69":{"start":{"line":203,"column":25},"end":{"line":205,"column":14}},"70":{"start":{"line":204,"column":8},"end":{"line":204,"column":71}},"71":{"start":{"line":206,"column":6},"end":{"line":206,"column":54}},"72":{"start":{"line":211,"column":4},"end":{"line":223,"column":5}},"73":{"start":{"line":211,"column":57},"end":{"line":211,"column":71}},"74":{"start":{"line":212,"column":6},"end":{"line":222,"column":7}},"75":{"start":{"line":213,"column":28},"end":{"line":213,"column":55}},"76":{"start":{"line":214,"column":8},"end":{"line":214,"column":50}},"77":{"start":{"line":215,"column":8},"end":{"line":215,"column":86}},"78":{"start":{"line":217,"column":8},"end":{"line":221,"column":9}},"79":{"start":{"line":220,"column":10},"end":{"line":220,"column":42}},"80":{"start":{"line":227,"column":4},"end":{"line":233,"column":5}},"81":{"start":{"line":228,"column":6},"end":{"line":232,"column":7}},"82":{"start":{"line":229,"column":8},"end":{"line":231,"column":9}},"83":{"start":{"line":230,"column":10},"end":{"line":230,"column":40}},"84":{"start":{"line":237,"column":4},"end":{"line":257,"column":5}},"85":{"start":{"line":237,"column":57},"end":{"line":237,"column":93}},"86":{"start":{"line":238,"column":19},"end":{"line":238,"column":48}},"87":{"start":{"line":239,"column":27},"end":{"line":239,"column":99}},"88":{"start":{"line":241,"column":23},"end":{"line":241,"column":47}},"89":{"start":{"line":242,"column":6},"end":{"line":242,"column":37}},"90":{"start":{"line":243,"column":6},"end":{"line":243,"column":43}},"91":{"start":{"line":244,"column":6},"end":{"line":244,"column":38}},"92":{"start":{"line":245,"column":6},"end":{"line":245,"column":43}},"93":{"start":{"line":246,"column":6},"end":{"line":246,"column":52}},"94":{"start":{"line":247,"column":21},"end":{"line":247,"column":22}},"95":{"start":{"line":248,"column":6},"end":{"line":251,"column":7}},"96":{"start":{"line":249,"column":8},"end":{"line":249,"column":48}},"97":{"start":{"line":250,"column":8},"end":{"line":250,"column":60}},"98":{"start":{"line":252,"column":6},"end":{"line":252,"column":48}},"99":{"start":{"line":254,"column":6},"end":{"line":254,"column":53}},"100":{"start":{"line":261,"column":31},"end":{"line":267,"column":5}},"101":{"start":{"line":268,"column":4},"end":{"line":268,"column":94}},"102":{"start":{"line":268,"column":67},"end":{"line":268,"column":92}},"103":{"start":{"line":272,"column":4},"end":{"line":272,"column":24}},"104":{"start":{"line":273,"column":4},"end":{"line":273,"column":28}},"105":{"start":{"line":274,"column":4},"end":{"line":274,"column":96}}},"fnMap":{"0":{"name":"main","decl":{"start":{"line":10,"column":16},"end":{"line":10,"column":20}},"loc":{"start":{"line":10,"column":23},"end":{"line":276,"column":1}},"line":10},"1":{"name":"(anonymous_1)","decl":{"start":{"line":37,"column":128},"end":{"line":37,"column":129}},"loc":{"start":{"line":37,"column":134},"end":{"line":37,"column":136}},"line":37},"2":{"name":"(anonymous_2)","decl":{"start":{"line":39,"column":128},"end":{"line":39,"column":129}},"loc":{"start":{"line":39,"column":134},"end":{"line":39,"column":136}},"line":39},"3":{"name":"(anonymous_3)","decl":{"start":{"line":40,"column":128},"end":{"line":40,"column":129}},"loc":{"start":{"line":40,"column":134},"end":{"line":40,"column":136}},"line":40},"4":{"name":"(anonymous_4)","decl":{"start":{"line":41,"column":128},"end":{"line":41,"column":129}},"loc":{"start":{"line":41,"column":134},"end":{"line":41,"column":136}},"line":41},"5":{"name":"(anonymous_5)","decl":{"start":{"line":42,"column":128},"end":{"line":42,"column":129}},"loc":{"start":{"line":42,"column":134},"end":{"line":42,"column":136}},"line":42},"6":{"name":"(anonymous_6)","decl":{"start":{"line":43,"column":128},"end":{"line":43,"column":129}},"loc":{"start":{"line":43,"column":134},"end":{"line":43,"column":136}},"line":43},"7":{"name":"(anonymous_7)","decl":{"start":{"line":44,"column":128},"end":{"line":44,"column":129}},"loc":{"start":{"line":44,"column":134},"end":{"line":44,"column":136}},"line":44},"8":{"name":"(anonymous_8)","decl":{"start":{"line":45,"column":128},"end":{"line":45,"column":129}},"loc":{"start":{"line":45,"column":134},"end":{"line":45,"column":136}},"line":45},"9":{"name":"onDOMContentLoaded","decl":{"start":{"line":68,"column":11},"end":{"line":68,"column":29}},"loc":{"start":{"line":68,"column":32},"end":{"line":86,"column":3}},"line":68},"10":{"name":"onLoadCompleted","decl":{"start":{"line":88,"column":11},"end":{"line":88,"column":26}},"loc":{"start":{"line":88,"column":29},"end":{"line":90,"column":3}},"line":88},"11":{"name":"setupOptionInputs","decl":{"start":{"line":92,"column":11},"end":{"line":92,"column":28}},"loc":{"start":{"line":92,"column":31},"end":{"line":100,"column":3}},"line":92},"12":{"name":"(anonymous_12)","decl":{"start":{"line":95,"column":54},"end":{"line":95,"column":55}},"loc":{"start":{"line":95,"column":77},"end":{"line":97,"column":7}},"line":95},"13":{"name":"addEventListenerToOptions","decl":{"start":{"line":102,"column":11},"end":{"line":102,"column":36}},"loc":{"start":{"line":102,"column":39},"end":{"line":107,"column":3}},"line":102},"14":{"name":"(anonymous_14)","decl":{"start":{"line":103,"column":38},"end":{"line":103,"column":39}},"loc":{"start":{"line":103,"column":51},"end":{"line":106,"column":5}},"line":103},"15":{"name":"addEventListenerToRestoreDefaultsButton","decl":{"start":{"line":109,"column":11},"end":{"line":109,"column":50}},"loc":{"start":{"line":109,"column":53},"end":{"line":122,"column":3}},"line":109},"16":{"name":"(anonymous_16)","decl":{"start":{"line":111,"column":41},"end":{"line":111,"column":42}},"loc":{"start":{"line":111,"column":48},"end":{"line":115,"column":5}},"line":111},"17":{"name":"(anonymous_17)","decl":{"start":{"line":119,"column":37},"end":{"line":119,"column":38}},"loc":{"start":{"line":119,"column":45},"end":{"line":121,"column":5}},"line":119},"18":{"name":"addEventListenerToSearchEngineSettingsLink","decl":{"start":{"line":124,"column":11},"end":{"line":124,"column":53}},"loc":{"start":{"line":124,"column":56},"end":{"line":133,"column":3}},"line":124},"19":{"name":"(anonymous_19)","decl":{"start":{"line":125,"column":89},"end":{"line":125,"column":90}},"loc":{"start":{"line":125,"column":102},"end":{"line":132,"column":5}},"line":125},"20":{"name":"addEventListenerToShortcutsSettingsLink","decl":{"start":{"line":135,"column":11},"end":{"line":135,"column":50}},"loc":{"start":{"line":135,"column":53},"end":{"line":144,"column":3}},"line":135},"21":{"name":"(anonymous_21)","decl":{"start":{"line":136,"column":85},"end":{"line":136,"column":86}},"loc":{"start":{"line":136,"column":98},"end":{"line":143,"column":5}},"line":136},"22":{"name":"setupTooltips","decl":{"start":{"line":146,"column":11},"end":{"line":146,"column":24}},"loc":{"start":{"line":146,"column":27},"end":{"line":158,"column":3}},"line":146},"23":{"name":"(anonymous_23)","decl":{"start":{"line":154,"column":46},"end":{"line":154,"column":47}},"loc":{"start":{"line":154,"column":54},"end":{"line":156,"column":7}},"line":154},"24":{"name":"bindLabelsToSelect","decl":{"start":{"line":160,"column":11},"end":{"line":160,"column":29}},"loc":{"start":{"line":160,"column":32},"end":{"line":166,"column":3}},"line":160},"25":{"name":"(anonymous_25)","decl":{"start":{"line":161,"column":47},"end":{"line":161,"column":48}},"loc":{"start":{"line":161,"column":57},"end":{"line":161,"column":93}},"line":161},"26":{"name":"(anonymous_26)","decl":{"start":{"line":162,"column":91},"end":{"line":162,"column":92}},"loc":{"start":{"line":162,"column":98},"end":{"line":164,"column":7}},"line":162},"27":{"name":"updateOptionValue","decl":{"start":{"line":172,"column":11},"end":{"line":172,"column":28}},"loc":{"start":{"line":172,"column":54},"end":{"line":191,"column":3}},"line":172},"28":{"name":"updateOptionInputsAll","decl":{"start":{"line":193,"column":11},"end":{"line":193,"column":32}},"loc":{"start":{"line":193,"column":35},"end":{"line":199,"column":3}},"line":193},"29":{"name":"scanOptionInputDependencies","decl":{"start":{"line":201,"column":11},"end":{"line":201,"column":38}},"loc":{"start":{"line":201,"column":41},"end":{"line":208,"column":3}},"line":201},"30":{"name":"(anonymous_30)","decl":{"start":{"line":203,"column":45},"end":{"line":203,"column":46}},"loc":{"start":{"line":203,"column":78},"end":{"line":205,"column":7}},"line":203},"31":{"name":"refreshDisplayOfPrivateOptions","decl":{"start":{"line":210,"column":11},"end":{"line":210,"column":41}},"loc":{"start":{"line":210,"column":44},"end":{"line":224,"column":3}},"line":210},"32":{"name":"(anonymous_32)","decl":{"start":{"line":211,"column":47},"end":{"line":211,"column":48}},"loc":{"start":{"line":211,"column":57},"end":{"line":211,"column":71}},"line":211},"33":{"name":"adjustKeyboardNotation","decl":{"start":{"line":226,"column":11},"end":{"line":226,"column":33}},"loc":{"start":{"line":226,"column":36},"end":{"line":234,"column":3}},"line":226},"34":{"name":"adjustWidthsOfSelect","decl":{"start":{"line":236,"column":11},"end":{"line":236,"column":31}},"loc":{"start":{"line":236,"column":34},"end":{"line":258,"column":3}},"line":236},"35":{"name":"(anonymous_35)","decl":{"start":{"line":237,"column":47},"end":{"line":237,"column":48}},"loc":{"start":{"line":237,"column":57},"end":{"line":237,"column":93}},"line":237},"36":{"name":"setupIconSize","decl":{"start":{"line":260,"column":11},"end":{"line":260,"column":24}},"loc":{"start":{"line":260,"column":44},"end":{"line":269,"column":3}},"line":260},"37":{"name":"(anonymous_37)","decl":{"start":{"line":268,"column":48},"end":{"line":268,"column":49}},"loc":{"start":{"line":268,"column":67},"end":{"line":268,"column":92}},"line":268},"38":{"name":"restoreDefaults","decl":{"start":{"line":271,"column":11},"end":{"line":271,"column":26}},"loc":{"start":{"line":271,"column":29},"end":{"line":275,"column":3}},"line":271}},"branchMap":{"0":{"loc":{"start":{"line":112,"column":6},"end":{"line":114,"column":7}},"type":"if","locations":[{"start":{"line":112,"column":6},"end":{"line":114,"column":7}},{"start":{},"end":{}}],"line":112},"1":{"loc":{"start":{"line":179,"column":6},"end":{"line":184,"column":7}},"type":"if","locations":[{"start":{"line":179,"column":6},"end":{"line":184,"column":7}},{"start":{"line":182,"column":13},"end":{"line":184,"column":7}}],"line":179},"2":{"loc":{"start":{"line":204,"column":15},"end":{"line":204,"column":70}},"type":"binary-expr","locations":[{"start":{"line":204,"column":15},"end":{"line":204,"column":28}},{"start":{"line":204,"column":32},"end":{"line":204,"column":70}}],"line":204},"3":{"loc":{"start":{"line":212,"column":6},"end":{"line":222,"column":7}},"type":"if","locations":[{"start":{"line":212,"column":6},"end":{"line":222,"column":7}},{"start":{"line":216,"column":13},"end":{"line":222,"column":7}}],"line":212},"4":{"loc":{"start":{"line":227,"column":4},"end":{"line":233,"column":5}},"type":"if","locations":[{"start":{"line":227,"column":4},"end":{"line":233,"column":5}},{"start":{},"end":{}}],"line":227},"5":{"loc":{"start":{"line":229,"column":8},"end":{"line":231,"column":9}},"type":"if","locations":[{"start":{"line":229,"column":8},"end":{"line":231,"column":9}},{"start":{},"end":{}}],"line":229}},"s":{"0":90,"1":90,"2":90,"3":90,"4":90,"5":90,"6":90,"7":90,"8":90,"9":90,"10":90,"11":90,"12":90,"13":90,"14":90,"15":90,"16":90,"17":90,"18":90,"19":90,"20":90,"21":810,"22":810,"23":1138,"24":810,"25":90,"26":3848,"27":3848,"28":90,"29":90,"30":13,"31":7,"32":90,"33":90,"34":90,"35":13,"36":90,"37":28,"38":28,"39":90,"40":28,"41":28,"42":90,"43":990,"44":990,"45":990,"46":990,"47":990,"48":990,"49":990,"50":94,"51":90,"52":810,"53":90,"54":23,"55":1138,"56":1138,"57":1138,"58":1138,"59":1138,"60":1138,"61":0,"62":0,"63":0,"64":1138,"65":3945,"66":35505,"67":3945,"68":5083,"69":45747,"70":15249,"71":45747,"72":90,"73":810,"74":90,"75":90,"76":90,"77":90,"78":0,"79":0,"80":90,"81":10,"82":90,"83":30,"84":90,"85":810,"86":90,"87":90,"88":90,"89":90,"90":90,"91":90,"92":90,"93":90,"94":90,"95":90,"96":270,"97":270,"98":90,"99":90,"100":90,"101":90,"102":738,"103":7,"104":7,"105":7},"f":{"0":90,"1":90,"2":90,"3":90,"4":90,"5":90,"6":90,"7":90,"8":90,"9":90,"10":90,"11":90,"12":1138,"13":90,"14":3848,"15":90,"16":13,"17":13,"18":90,"19":28,"20":90,"21":28,"22":90,"23":94,"24":90,"25":810,"26":23,"27":1138,"28":3945,"29":5083,"30":15249,"31":90,"32":810,"33":90,"34":90,"35":810,"36":90,"37":738,"38":7},"b":{"0":[7,6],"1":[1138,0],"2":[15249,15249],"3":[90,0],"4":[10,80],"5":[30,60]},"_coverageSchema":"1a1c01bbd47fc00a2c39e90264f33305004495a9","hash":"7ee6080d7ac563c979c7594a92ab973887ceb960"}
,"D:\\a\\quick-quoted-search\\quick-quoted-search\\src\\modules\\__config.js": {"path":"D:\\a\\quick-quoted-search\\quick-quoted-search\\src\\modules\\__config.js","statementMap":{"0":{"start":{"line":1,"column":0},"end":{"line":1,"column":91}}},"fnMap":{},"branchMap":{},"s":{"0":305,"1":0,"2":0,"3":0,"4":2},"f":{"0":0},"b":{},"_coverageSchema":"1a1c01bbd47fc00a2c39e90264f33305004495a9","hash":"5c625ce68fc32620cfb9d7865b5af58f6c577d66"}
,"D:\\a\\quick-quoted-search\\quick-quoted-search\\src\\modules\\__constants.js": {"path":"D:\\a\\quick-quoted-search\\quick-quoted-search\\src\\modules\\__constants.js","statementMap":{"0":{"start":{"line":4,"column":24},"end":{"line":9,"column":1}},"1":{"start":{"line":14,"column":27},"end":{"line":17,"column":1}},"2":{"start":{"line":22,"column":27},"end":{"line":46,"column":1}},"3":{"start":{"line":59,"column":31},"end":{"line":59,"column":93}},"4":{"start":{"line":64,"column":41},"end":{"line":64,"column":45}},"5":{"start":{"line":73,"column":46},"end":{"line":73,"column":98}}},"fnMap":{},"branchMap":{},"s":{"0":303,"1":303,"2":303,"3":303,"4":303,"5":303},"f":{},"b":{},"_coverageSchema":"1a1c01bbd47fc00a2c39e90264f33305004495a9","hash":"1130247bb6673743f2092f01ccd4ba3699f992df"}
,"D:\\a\\quick-quoted-search\\quick-quoted-search\\src\\modules\\__functions.js": {"path":"D:\\a\\quick-quoted-search\\quick-quoted-search\\src\\modules\\__functions.js","statementMap":{"0":{"start":{"line":15,"column":2},"end":{"line":15,"column":23}},"1":{"start":{"line":16,"column":2},"end":{"line":16,"column":107}},"2":{"start":{"line":32,"column":2},"end":{"line":32,"column":53}},"3":{"start":{"line":33,"column":2},"end":{"line":35,"column":88}},"4":{"start":{"line":45,"column":2},"end":{"line":45,"column":33}},"5":{"start":{"line":46,"column":2},"end":{"line":50,"column":4}},"6":{"start":{"line":60,"column":2},"end":{"line":60,"column":34}},"7":{"start":{"line":74,"column":2},"end":{"line":74,"column":47}},"8":{"start":{"line":87,"column":2},"end":{"line":91,"column":3}},"9":{"start":{"line":88,"column":4},"end":{"line":88,"column":64}},"10":{"start":{"line":90,"column":4},"end":{"line":90,"column":29}},"11":{"start":{"line":104,"column":2},"end":{"line":108,"column":3}},"12":{"start":{"line":105,"column":4},"end":{"line":105,"column":43}},"13":{"start":{"line":107,"column":4},"end":{"line":107,"column":29}},"14":{"start":{"line":117,"column":23},"end":{"line":117,"column":84}},"15":{"start":{"line":118,"column":2},"end":{"line":137,"column":3}},"16":{"start":{"line":119,"column":26},"end":{"line":133,"column":8}},"17":{"start":{"line":120,"column":21},"end":{"line":120,"column":23}},"18":{"start":{"line":121,"column":19},"end":{"line":121,"column":43}},"19":{"start":{"line":122,"column":6},"end":{"line":124,"column":7}},"20":{"start":{"line":123,"column":8},"end":{"line":123,"column":22}},"21":{"start":{"line":125,"column":18},"end":{"line":125,"column":33}},"22":{"start":{"line":126,"column":6},"end":{"line":131,"column":7}},"23":{"start":{"line":127,"column":27},"end":{"line":127,"column":49}},"24":{"start":{"line":128,"column":26},"end":{"line":128,"column":55}},"25":{"start":{"line":129,"column":8},"end":{"line":129,"column":104}},"26":{"start":{"line":130,"column":8},"end":{"line":130,"column":43}},"27":{"start":{"line":132,"column":6},"end":{"line":132,"column":20}},"28":{"start":{"line":134,"column":19},"end":{"line":134,"column":45}},"29":{"start":{"line":135,"column":4},"end":{"line":135,"column":91}},"30":{"start":{"line":136,"column":4},"end":{"line":136,"column":86}},"31":{"start":{"line":151,"column":4},"end":{"line":169,"column":5}},"32":{"start":{"line":152,"column":20},"end":{"line":152,"column":43}},"33":{"start":{"line":153,"column":6},"end":{"line":168,"column":7}},"34":{"start":{"line":154,"column":40},"end":{"line":154,"column":69}},"35":{"start":{"line":155,"column":8},"end":{"line":167,"column":9}},"36":{"start":{"line":156,"column":10},"end":{"line":166,"column":11}},"37":{"start":{"line":157,"column":12},"end":{"line":157,"column":95}},"38":{"start":{"line":159,"column":43},"end":{"line":162,"column":13}},"39":{"start":{"line":161,"column":27},"end":{"line":161,"column":47}},"40":{"start":{"line":163,"column":12},"end":{"line":165,"column":13}},"41":{"start":{"line":164,"column":14},"end":{"line":164,"column":99}},"42":{"start":{"line":170,"column":4},"end":{"line":170,"column":21}},"43":{"start":{"line":173,"column":2},"end":{"line":173,"column":54}},"44":{"start":{"line":195,"column":2},"end":{"line":202,"column":3}},"45":{"start":{"line":196,"column":4},"end":{"line":196,"column":30}},"46":{"start":{"line":198,"column":4},"end":{"line":201,"column":6}},"47":{"start":{"line":214,"column":16},"end":{"line":214,"column":78}},"48":{"start":{"line":215,"column":2},"end":{"line":215,"column":13}},"49":{"start":{"line":229,"column":2},"end":{"line":235,"column":5}},"50":{"start":{"line":248,"column":24},"end":{"line":248,"column":57}},"51":{"start":{"line":249,"column":2},"end":{"line":252,"column":5}},"52":{"start":{"line":267,"column":24},"end":{"line":267,"column":100}},"53":{"start":{"line":268,"column":2},"end":{"line":278,"column":3}},"54":{"start":{"line":269,"column":19},"end":{"line":269,"column":61}},"55":{"start":{"line":270,"column":4},"end":{"line":270,"column":81}},"56":{"start":{"line":273,"column":4},"end":{"line":275,"column":5}},"57":{"start":{"line":274,"column":6},"end":{"line":274,"column":60}},"58":{"start":{"line":277,"column":4},"end":{"line":277,"column":103}},"59":{"start":{"line":295,"column":24},"end":{"line":295,"column":76}},"60":{"start":{"line":296,"column":2},"end":{"line":302,"column":3}},"61":{"start":{"line":297,"column":4},"end":{"line":297,"column":51}},"62":{"start":{"line":298,"column":9},"end":{"line":302,"column":3}},"63":{"start":{"line":299,"column":4},"end":{"line":299,"column":40}},"64":{"start":{"line":301,"column":4},"end":{"line":301,"column":80}},"65":{"start":{"line":318,"column":14},"end":{"line":318,"column":51}},"66":{"start":{"line":319,"column":2},"end":{"line":319,"column":59}},"67":{"start":{"line":335,"column":14},"end":{"line":335,"column":40}},"68":{"start":{"line":336,"column":2},"end":{"line":336,"column":59}},"69":{"start":{"line":352,"column":14},"end":{"line":352,"column":45}},"70":{"start":{"line":353,"column":2},"end":{"line":353,"column":59}}},"fnMap":{"0":{"name":"filterSelectionText","decl":{"start":{"line":14,"column":16},"end":{"line":14,"column":35}},"loc":{"start":{"line":14,"column":51},"end":{"line":17,"column":1}},"line":14},"1":{"name":"normalizeSelectionText","decl":{"start":{"line":31,"column":16},"end":{"line":31,"column":38}},"loc":{"start":{"line":31,"column":54},"end":{"line":36,"column":1}},"line":31},"2":{"name":"isNormalizedSelectionTextValid","decl":{"start":{"line":44,"column":16},"end":{"line":44,"column":46}},"loc":{"start":{"line":44,"column":72},"end":{"line":51,"column":1}},"line":44},"3":{"name":"quoteText","decl":{"start":{"line":59,"column":16},"end":{"line":59,"column":25}},"loc":{"start":{"line":59,"column":32},"end":{"line":61,"column":1}},"line":59},"4":{"name":"cloneDto","decl":{"start":{"line":73,"column":16},"end":{"line":73,"column":24}},"loc":{"start":{"line":73,"column":30},"end":{"line":75,"column":1}},"line":73},"5":{"name":"addDOMContentLoadedEventListener","decl":{"start":{"line":86,"column":16},"end":{"line":86,"column":48}},"loc":{"start":{"line":86,"column":64},"end":{"line":92,"column":1}},"line":86},"6":{"name":"addLoadCompletedEventListener","decl":{"start":{"line":103,"column":16},"end":{"line":103,"column":45}},"loc":{"start":{"line":103,"column":61},"end":{"line":109,"column":1}},"line":103},"7":{"name":"injectI18NMessagesInHtml","decl":{"start":{"line":116,"column":16},"end":{"line":116,"column":40}},"loc":{"start":{"line":116,"column":46},"end":{"line":138,"column":1}},"line":116},"8":{"name":"(anonymous_8)","decl":{"start":{"line":119,"column":27},"end":{"line":119,"column":28}},"loc":{"start":{"line":119,"column":33},"end":{"line":133,"column":5}},"line":119},"9":{"name":"getSelection","decl":{"start":{"line":149,"column":16},"end":{"line":149,"column":28}},"loc":{"start":{"line":149,"column":34},"end":{"line":174,"column":1}},"line":149},"10":{"name":"findSelectionRecursively","decl":{"start":{"line":150,"column":11},"end":{"line":150,"column":35}},"loc":{"start":{"line":150,"column":47},"end":{"line":171,"column":3}},"line":150},"11":{"name":"(anonymous_11)","decl":{"start":{"line":161,"column":14},"end":{"line":161,"column":15}},"loc":{"start":{"line":161,"column":27},"end":{"line":161,"column":47}},"line":161},"12":{"name":"postMessage","decl":{"start":{"line":194,"column":16},"end":{"line":194,"column":27}},"loc":{"start":{"line":194,"column":43},"end":{"line":203,"column":1}},"line":194},"13":{"name"
[...]
tart":{"line":57,"column":6},"end":{"line":57,"column":86}},"21":{"start":{"line":58,"column":6},"end":{"line":58,"column":44}},"22":{"start":{"line":59,"column":6},"end":{"line":59,"column":44}},"23":{"start":{"line":64,"column":30},"end":{"line":64,"column":31}},"24":{"start":{"line":65,"column":4},"end":{"line":67,"column":5}},"25":{"start":{"line":66,"column":6},"end":{"line":66,"column":39}},"26":{"start":{"line":71,"column":4},"end":{"line":73,"column":5}},"27":{"start":{"line":72,"column":6},"end":{"line":72,"column":23}},"28":{"start":{"line":77,"column":4},"end":{"line":77,"column":31}},"29":{"start":{"line":79,"column":4},"end":{"line":81,"column":5}},"30":{"start":{"line":80,"column":6},"end":{"line":80,"column":23}},"31":{"start":{"line":87,"column":4},"end":{"line":138,"column":7}},"32":{"start":{"line":88,"column":24},"end":{"line":88,"column":51}},"33":{"start":{"line":89,"column":28},"end":{"line":89,"column":73}},"34":{"start":{"line":90,"column":6},"end":{"line":137,"column":7}},"35":{"start":{"line":95,"column":8},"end":{"line":99,"column":9}},"36":{"start":{"line":98,"column":10},"end":{"line":98,"column":17}},"37":{"start":{"line":101,"column":8},"end":{"line":101,"column":58}},"38":{"start":{"line":102,"column":8},"end":{"line":102,"column":62}},"39":{"start":{"line":104,"column":27},"end":{"line":104,"column":43}},"40":{"start":{"line":106,"column":27},"end":{"line":120,"column":12}},"41":{"start":{"line":107,"column":46},"end":{"line":107,"column":48}},"42":{"start":{"line":108,"column":29},"end":{"line":113,"column":36}},"43":{"start":{"line":115,"column":28},"end":{"line":117,"column":43}},"44":{"start":{"line":119,"column":10},"end":{"line":119,"column":94}},"45":{"start":{"line":122,"column":26},"end":{"line":132,"column":12}},"46":{"start":{"line":123,"column":10},"end":{"line":131,"column":11}},"47":{"start":{"line":124,"column":12},"end":{"line":124,"column":56}},"48":{"start":{"line":126,"column":40},"end":{"line":126,"column":87}},"49":{"start":{"line":127,"column":27},"end":{"line":127,"column":28}},"50":{"start":{"line":128,"column":12},"end":{"line":130,"column":52}},"51":{"start":{"line":134,"column":8},"end":{"line":134,"column":53}},"52":{"start":{"line":136,"column":8},"end":{"line":136,"column":25}},"53":{"start":{"line":146,"column":23},"end":{"line":152,"column":3}},"54":{"start":{"line":157,"column":14},"end":{"line":157,"column":16}},"55":{"start":{"line":158,"column":10},"end":{"line":158,"column":12}},"56":{"start":{"line":163,"column":14},"end":{"line":185,"column":10}},"57":{"start":{"line":165,"column":20},"end":{"line":165,"column":22}},"58":{"start":{"line":168,"column":6},"end":{"line":168,"column":26}},"59":{"start":{"line":171,"column":6},"end":{"line":171,"column":34}},"60":{"start":{"line":172,"column":6},"end":{"line":176,"column":7}},"61":{"start":{"line":173,"column":8},"end":{"line":173,"column":60}},"62":{"start":{"line":175,"column":8},"end":{"line":175,"column":63}},"63":{"start":{"line":179,"column":6},"end":{"line":179,"column":33}},"64":{"start":{"line":182,"column":6},"end":{"line":182,"column":30}},"65":{"start":{"line":183,"column":6},"end":{"line":183,"column":36}},"66":{"start":{"line":187,"column":15},"end":{"line":187,"column":20}},"67":{"start":{"line":191,"column":4},"end":{"line":191,"column":28}},"68":{"start":{"line":192,"column":4},"end":{"line":194,"column":5}},"69":{"start":{"line":193,"column":6},"end":{"line":193,"column":50}},"70":{"start":{"line":193,"column":24},"end":{"line":193,"column":47}},"71":{"start":{"line":197,"column":4},"end":{"line":197,"column":27}},"72":{"start":{"line":201,"column":4},"end":{"line":201,"column":20}},"73":{"start":{"line":202,"column":4},"end":{"line":202,"column":86}},"74":{"start":{"line":209,"column":4},"end":{"line":209,"column":61}},"75":{"start":{"line":210,"column":4},"end":{"line":210,"column":63}},"76":{"start":{"line":215,"column":25},"end":{"line":221,"column":5}},"77":{"start":{"line":216,"column":21},"end":{"line":216,"column":88}},"78":{"start":{"line":217,"column":6},"end":{"line":217,"column":40}},"79":{"start":{"line":218,"column":6},"end":{"line":218,"column":59}},"80":{"start":{"line":219,"column":20},"end":{"line":219,"column":77}},"81":{"start":{"line":220,"column":6},"end":{"line":220,"column":38}},"82":{"start":{"line":223,"column":4},"end":{"line":226,"column":7}},"83":{"start":{"line":224,"column":6},"end":{"line":224,"column":27}},"84":{"start":{"line":225,"column":6},"end":{"line":225,"column":31}},"85":{"start":{"line":228,"column":4},"end":{"line":231,"column":7}},"86":{"start":{"line":229,"column":6},"end":{"line":229,"column":27}},"87":{"start":{"line":230,"column":6},"end":{"line":230,"column":59}},"88":{"start":{"line":233,"column":4},"end":{"line":236,"column":7}},"89":{"start":{"line":234,"column":6},"end":{"line":234,"column":27}},"90":{"start":{"line":235,"column":6},"end":{"line":235,"column":32}},"91":{"start":{"line":241,"column":4},"end":{"line":241,"column":53}},"92":{"start":{"line":243,"column":22},"end":{"line":243,"column":38}},"93":{"start":{"line":244,"column":4},"end":{"line":248,"column":7}},"94":{"start":{"line":245,"column":6},"end":{"line":247,"column":7}},"95":{"start":{"line":246,"column":8},"end":{"line":246,"column":27}},"96":{"start":{"line":250,"column":4},"end":{"line":257,"column":7}},"97":{"start":{"line":251,"column":6},"end":{"line":251,"column":44}},"98":{"start":{"line":252,"column":6},"end":{"line":252,"column":44}},"99":{"start":{"line":254,"column":25},"end":{"line":254,"column":63}},"100":{"start":{"line":255,"column":6},"end":{"line":255,"column":55}},"101":{"start":{"line":256,"column":6},"end":{"line":256,"column":54}},"102":{"start":{"line":259,"column":4},"end":{"line":263,"column":7}},"103":{"start":{"line":260,"column":25},"end":{"line":260,"column":55}},"104":{"start":{"line":261,"column":24},"end":{"line":261,"column":54}},"105":{"start":{"line":262,"column":6},"end":{"line":262,"column":46}},"106":{"start":{"line":268,"column":4},"end":{"line":268,"column":26}},"107":{"start":{"line":281,"column":25},"end":{"line":281,"column":30}},"108":{"start":{"line":282,"column":4},"end":{"line":282,"column":52}},"109":{"start":{"line":283,"column":4},"end":{"line":283,"column":51}},"110":{"start":{"line":284,"column":4},"end":{"line":284,"column":56}},"111":{"start":{"line":288,"column":23},"end":{"line":288,"column":61}},"112":{"start":{"line":289,"column":4},"end":{"line":289,"column":82}},"113":{"start":{"line":290,"column":4},"end":{"line":290,"column":81}},"114":{"start":{"line":292,"column":4},"end":{"line":292,"column":22}},"115":{"start":{"line":306,"column":30},"end":{"line":306,"column":68}},"116":{"start":{"line":307,"column":20},"end":{"line":307,"column":48}},"117":{"start":{"line":308,"column":19},"end":{"line":308,"column":49}},"118":{"start":{"line":309,"column":32},"end":{"line":309,"column":74}},"119":{"start":{"line":310,"column":31},"end":{"line":310,"column":71}},"120":{"start":{"line":314,"column":17},"end":{"line":314,"column":81}},"121":{"start":{"line":315,"column":16},"end":{"line":315,"column":79}},"122":{"start":{"line":317,"column":4},"end":{"line":317,"column":44}},"123":{"start":{"line":318,"column":4},"end":{"line":318,"column":42}},"124":{"start":{"line":322,"column":4},"end":{"line":322,"column":83}},"125":{"start":{"line":324,"column":4},"end":{"line":328,"column":5}},"126":{"start":{"line":325,"column":6},"end":{"line":325,"column":62}},"127":{"start":{"line":327,"column":6},"end":{"line":327,"column":65}},"128":{"start":{"line":332,"column":4},"end":{"line":335,"column":5}},"129":{"start":{"line":333,"column":6},"end":{"line":333,"column":60}},"130":{"start":{"line":334,"column":6},"end":{"line":334,"column":30}}},"fnMap":{"0":{"name":"(anonymous_0)","decl":{"start":{"line":21,"column":2},"end":{"line":21,"column":3}},"loc":{"start":{"line":21,"column":88},"end":{"line":30,"column":3}},"line":21},"1":{"name":"(anonymous_1)","decl":{"start":{"line":25,"column":69},"end":{"line":25,"column":70}},"loc":{"start":{"line":25,"column":76},"end":{"line":25,"column":96}},"line":25},"2":{"name":"(anonymous_2)","decl":{"start":{"line":26,"column":67},"end":{"line":26,"column":68}},"loc":{"start":{"line":26,"column":74},"end":{"line":26,"column":92}},"line":26},"3":{"name":"(anonymous_3)","decl":{"start":{"line":27,"column":59},"end":{"line":27,"column":60}},"loc":{"start":{"line":27,"column":66},"end":{"line":27,"column":92}},"line":27},"4":{"name":"(anonymous_4)","decl":{"start":{"line":29,"column":38},"end":{"line":29,"column":39}},"loc":{"start":{"line":29,"column":51},"end":{"line":29,"column":82}},"line":29},"5":{"name":"(anonymous_5)","decl":{"start":{"line":35,"column":2},"end":{"line":35,"column":3}},"loc":{"start":{"line":35,"column":32},"end":{"line":37,"column":3}},"line":35},"6":{"name":"(anonymous_6)","decl":{"start":{"line":43,"column":2},"end":{"line":43,"column":3}},"loc":{"start":{"line":43,"column":11},"end":{"line":45,"column":3}},"line":43},"7":{"name":"(anonymous_7)","decl":{"start":{"line":47,"column":2},"end":{"line":47,"column":3}},"loc":{"start":{"line":47,"column":12},"end":{"line":50,"column":3}},"line":47},"8":{"name":"(anonymous_8)","decl":{"start":{"line":87,"column":15},"end":{"line":87,"column":16}},"loc":{"start":{"line":87,"column":21},"end":{"line":138,"column":5}},"line":87},"9":{"name":"(anonymous_9)","decl":{"start":{"line":106,"column":28},"end":{"line":106,"column":29}},"loc":{"start":{"line":106,"column":34},"end":{"line":120,"column":9}},"line":106},"10":{"name":"(anonymous_10)","decl":{"start":{"line":122,"column":27},"end":{"line":122,"column":28}},"loc":{"start":{"line":122,"column":33},"end":{"line":132,"column":9}},"line":122},"11":{"name":"(anonymous_11)","decl":{"start":{"line":167,"column":4},"end":{"line":167,"column":5}},"loc":{"start":{"line":167,"column":23},"end":{"line":169,"column":5}},"line":167},"12":{"name":"(anonymous_12)","decl":{"start":{"line":170,"column":4},"end":{"line":170,"column":5}},"loc":{"start":{"line":170,"column":28},"end":{"line":177,"column":5}},"line":170},"13":{"name":"(anonymous_13)","decl":{"start":{"line":178,"column":4},"end":{"line":178,"column":5}},"loc":{"start":{"line":178,"column":23},"end":{"line":180,"column":5}},"line":178},"14":{"name":"(anonymous_14)","decl":{"start":{"line":181,"column":4},"end":{"line":181,"column":5}},"loc":{"start":{"line":181,"column":13},"end":{"line":184,"column":5}},"line":181},"15":{"name":"(anonymous_15)","decl":{"start":{"line":188,"column":2},"end":{"line":188,"column":3}},"loc":{"start":{"line":188,"column":22},"end":{"line":195,"column":3}},"line":188},"16":{"name":"(anonymous_16)","decl":{"start":{"line":193,"column":17},"end":{"line":193,"column":18}},"loc":{"start":{"line":193,"column":24},"end":{"line":193,"column":47}},"line":193},"17":{"name":"(anonymous_17)","decl":{"start":{"line":196,"column":2},"end":{"line":196,"column":3}},"loc":{"start":{"line":196,"column":17},"end":{"line":198,"column":3}},"line":196},"18":{"name":"(anonymous_18)","decl":{"start":{"line":200,"column":2},"end":{"line":200,"column":3}},"loc":{"start":{"line":200,"column":88},"end":{"line":203,"column":3}},"line":200},"19":{"name":"(anonymous_19)","decl":{"start":{"line":215,"column":25},"end":{"line":215,"column":26}},"loc":{"start":{"line":215,"column":74},"end":{"line":221,"column":5}},"line":215},"20":{"name":"(anonymous_20)","decl":{"start":{"line":223,"column":57},"end":{"line":223,"column":58}},"loc":{"start":{"line":223,"column":64},"end":{"line":226,"column":5}},"line":223},"21":{"name":"(anonymous_21)","decl":{"start":{"line":228,"column":55},"end":{"line":228,"column":56}},"loc":{"start":{"line":228,"column":62},"end":{"line":231,"column":5}},"line":228},"22":{"name":"(anonymous_22)","decl":{"start":{"line":233,"column":59},"end":{"line":233,"column":60}},"loc":{"start":{"line":233,"column":66},"end":{"line":236,"column":5}},"line":233},"23":{"name":"(anonymous_23)","decl":{"start":{"line":244,"column":68},"end":{"line":244,"column":69}},"loc":{"start":{"line":244,"column":75},"end":{"line":248,"column":5}},"line":244},"24":{"name":"(anonymous_24)","decl":{"start":{"line":250,"column":49},"end":{"line":250,"column":50}},"loc":{"start":{"line":250,"column":56},"end":{"line":257,"column":5}},"line":250},"25":{"name":"(anonymous_25)","decl":{"start":{"line":259,"column":47},"end":{"line":259,"column":48}},"loc":{"start":{"line":259,"column":54},"end":{"line":263,"column":5}},"line":259},"26":{"name":"(anonymous_26)","decl":{"start":{"line":280,"column":2},"end":{"line":280,"column":3}},"loc":{"start":{"line":280,"column":9},"end":{"line":293,"column":3}},"line":280},"27":{"name":"(anonymous_27)","decl":{"start":{"line":304,"column":2},"end":{"line":304,"column":3}},"loc":{"start":{"line":304,"column":37},"end":{"line":319,"column":3}},"line":304},"28":{"name":"(anonymous_28)","decl":{"start":{"line":321,"column":2},"end":{"line":321,"column":3}},"loc":{"start":{"line":321,"column":19},"end":{"line":329,"column":3}},"line":321},"29":{"name":"(anonymous_29)","decl":{"start":{"line":331,"column":2},"end":{"line":331,"column":3}},"loc":{"start":{"line":331,"column":9},"end":{"line":336,"column":3}},"line":331}},"branchMap":{"0":{"loc":{"start":{"line":56,"column":4},"end":{"line":60,"column":5}},"type":"if","locations":[{"start":{"line":56,"column":4},"end":{"line":60,"column":5}},{"start":{},"end":{}}],"line":56},"1":{"loc":{"start":{"line":56,"column":8},"end":{"line":56,"column":74}},"type":"binary-expr","locations":[{"start":{"line":56,"column":8},"end":{"line":56,"column":39}},{"start":{"line":56,"column":43},"end":{"line":56,"column":74}}],"line":56},"2":{"loc":{"start":{"line":57,"column":38},"end":{"line":57,"column":85}},"type":"cond-expr","locations":[{"start":{"line":57,"column":56},"end":{"line":57,"column":69}},{"start":{"line":57,"column":72},"end":{"line":57,"column":85}}],"line":57},"3":{"loc":{"start":{"line":65,"column":4},"end":{"line":67,"column":5}},"type":"if","locations":[{"start":{"line":65,"column":4},"end":{"line":67,"column":5}},{"start":{},"end":{}}],"line":65},"4":{"loc":{"start":{"line":71,"column":4},"end":{"line":73,"column":5}},"type":"if","locations":[{"start":{"line":71,"column":4},"end":{"line":73,"column":5}},{"start":{},"end":{}}],"line":71},"5":{"loc":{"start":{"line":79,"column":4},"end":{"line":81,"column":5}},"type":"if","locations":[{"start":{"line":79,"column":4},"end":{"line":81,"column":5}},{"start":{},"end":{}}],"line":79},"6":{"loc":{"start":{"line":90,"column":6},"end":{"line":137,"column":7}},"type":"if","locations":[{"start":{"line":90,"column":6},"end":{"line":137,"column":7}},{"start":{"line":135,"column":13},"end":{"line":137,"column":7}}],"line":90},"7":{"loc":{"start":{"line":91,"column":8},"end":{"line":93,"column":85}},"type":"binary-expr","locations":[{"start":{"line":91,"column":8},"end":{"line":91,"column":29}},{"start":{"line":92,"column":8},"end":{"line":92,"column":21}},{"start":{"line":93,"column":8},"end":{"line":93,"column":85}}],"line":91},"8":{"loc":{"start":{"line":95,"column":8},"end":{"line":99,"column":9}},"type":"if","locations":[{"start":{"line":95,"column":8},"end":{"line":99,"column":9}},{"start":{},"end":{}}],"line":95},"9":{"loc":{"start":{"line":95,"column":12},"end":{"line":95,"column":85}},"type":"binary-expr","locations":[{"start":{"line":95,"column":12},"end":{"line":95,"column":63}},{"start":{"line":95,"column":67},"end":{"line":95,"column":85}}],"line":95},"10":{"loc":{"start":{"line":108,"column":29},"end":{"line":113,"column":36}},"type":"cond-expr","locations":[{"start":{"line":111,"column":14},"end":{"line":111,"column":64}},{"start":{"line":113,"column":14},"end":{"line":113,"column":36}}],"line":108},"11":{"loc":{"start":{"line":115,"column":28},"end":{"line":117,"column":43}},"type":"cond-expr","locations":[{"start":{"line":116,"column":14},"end":{"line":116,"column":66}},{"start":{"line":117,"column":14},"end":{"line":117,"column":43}}],"line":115},"12":{"loc":{"start":{"line":119,"column":56},"end":{"line":119,"column":92}},"type":"cond-expr","locations":[{"start":{"line":119,"column":68},"end":{"line":119,"column":78}},{"start":{"line":119,"column":81},"end":{"line":119,"column":92}}],"line":119},"13":{"loc":{"start":{"line":123,"column":10},"end":{"line":131,"column":11}},"type":"if","locations":[{"start":{"line":123,"column":10},"end":{"line":131,"column":11}},{"start":{"line":125,"column":17},"end":{"line":131,"column":11}}],"line":123},"14":{"loc":{"start":{"line":123,"column":14},"end":{"line":123,"column":63}},"type":"binary-expr","locations":[{"start":{"line":123,"column":14},"end":{"line":123,"column":41}},{"start":{"line":123,"column":45},"end":{"line":123,"column":63}}],"line":123},"15":{"loc":{"start":{"line":128,"column":19},"end":{"line":130,"column":51}},"type":"cond-expr","locations":[{"start":{"line":129,"column":16},"end":{"line":129,"column":68}},{"start":{"line":130,"column":16},"end":{"line":130,"column":51}}],"line":128},"16":{"loc":{"start":{"line":172,"column":6},"end":{"line":176,"column":7}},"type":"if","locations":[{"start":{"line":172,"column":6},"end":{"line":176,"column":7}},{"start":{"line":174,"column":13},"end":{"line":176,"column":7}}],"line":172},"17":{"loc":{"start":{"line":192,"column":4},"end":{"line":194,"column":5}},"type":"if","locations":[{"start":{"line":192,"column":4},"end":{"line":194,"column":5}},{"start":{},"end":{}}],"line":192},"18":{"loc":{"start":{"line":245,"column":6},"end":{"line":247,"column":7}},"type":"if","locations":[{"start":{"line":245,"column":6},"end":{"line":247,"column":7}},{"start":{},"end":{}}],"line":245},"19":{"loc":{"start":{"line":324,"column":4},"end":{"line":328,"column":5}},"type":"if","locations":[{"start":{"line":324,"column":4},"end":{"line":328,"column":5}},{"start":{"line":326,"column":11},"end":{"line":328,"column":5}}],"line":324},"20":{"loc":{"start":{"line":332,"column":4},"end":{"line":335,"column":5}},"type":"if","locations":[{"start":{"line":332,"column":4},"end":{"line":335,"column":5}},{"start":{},"end":{}}],"line":332}},"s":{"0":85,"1":85,"2":85,"3":85,"4":85,"5":830,"6":85,"7":1124,"8":85,"9":4037,"10":85,"11":1235,"12":4638,"13":87,"14":1,"15":1,"16":830,"17":830,"18":830,"19":830,"20":154,"21":154,"22":154,"23":1124,"24":1124,"25":1124,"26":4037,"27":1476,"28":1235,"29":1235,"30":9,"31":1124,"32":1124,"33":1124,"34":1124,"35":978,"36":429,"37":549,"38":549,"39":549,"40":549,"41":549,"42":549,"43":549,"44":549,"45":549,"46":549,"47":549,"48":0,"49":0,"50":0,"51":549,"52":146,"53":85,"54":85,"55":85,"56":85,"57":85,"58":85,"59":1029,"60":1029,"61":488,"62":541,"63":360,"64":480,"65":480,"66":85,"67":429,"68":429,"69":429,"70":429,"71":623,"72":85,"73":85,"74":85,"75":85,"76":85,"77":255,"78":255,"79":255,"80":255,"81":255,"82":85,"83":28,"84":28,"85":85,"86":360,"87":360,"88":85,"89":41,"90":41,"91":85,"92":85,"93":85,"94":0,"95":0,"96":85,"97":0,"98":0,"99":0,"100":0,"101":0,"102":85,"103":0,"104":0,"105":0,"106":85,"107":549,"108":549,"109":549,"110":549,"111":549,"112":549,"113":549,"114":549,"115":549,"116":549,"117":549,"118":549,"119":549,"120":549,"121":549,"122":549,"123":549,"124":1320,"125":1320,"126":1293,"127":27,"128":1632,"129":480,"130":480},"f":{"0":85,"1":830,"2":1124,"3":4037,"4":1235,"5":4638,"6":87,"7":1,"8":1124,"9":549,"10":549,"11":85,"12":1029,"13":360,"14":480,"15":429,"16":429,"17":623,"18":85,"19":255,"20":28,"21":360,"22":41,"23":0,"24":0,"25":0,"26":549,"27":549,"28":1320,"29":1632},"b":{"0":[154,676],"1":[830,703],"2":[127,27],"3":[1124,0],"4":[1476,2561],"5":[9,1226],"6":[978,146],"7":[1124,1118,1118],"8":[429,549],"9":[978,623],"10":[0,549],"11":[488,61],"12":[544,5],"13":[549,0],"14":[549,0],"15":[0,0],"16":[488,541],"17":[429,0],"18":[0,0],"19":[1293,27],"20":[480,1152]},"_coverageSchema":"1a1c01bbd47fc00a2c39e90264f33305004495a9","hash":"1756e99a16600a7dc82bd102ed2c04a5dbe7b91b"}
}
