TN:
SF:src/action.js
FN:9,main
FN:45,onMessage
FN:49,onNotifySelection
FN:64,onDOMContentLoaded
FN:81,onSearchFormSubmit
FN:94,onShortcutsSettingsLinkClick
FN:103,onOptionsPageButtonClick
FN:115,fillShortcutsTable
FNF:8
FNH:8
FNDA:55,main
FNDA:8,onMessage
FNDA:8,onNotifySelection
FNDA:55,onDOMContentLoaded
FNDA:122,onSearchFormSubmit
FNDA:24,onShortcutsSettingsLinkClick
FNDA:28,onOptionsPageButtonClick
FNDA:55,fillShortcutsTable
DA:9,55
DA:14,55
DA:20,55
DA:28,55
DA:30,55
DA:31,55
DA:33,55
DA:39,55
DA:46,8
DA:50,8
DA:51,6
DA:52,6
DA:53,4
DA:54,4
DA:55,4
DA:65,55
DA:67,55
DA:69,55
DA:71,55
DA:73,55
DA:75,55
DA:76,55
DA:77,55
DA:78,55
DA:82,122
DA:83,122
DA:86,122
DA:87,99
DA:88,90
DA:90,99
DA:95,24
DA:96,24
DA:104,28
DA:116,55
DA:117,55
DA:118,55
DA:119,110
DA:120,110
DA:121,110
DA:122,110
DA:123,110
DA:124,108
DA:126,2
DA:127,2
DA:130,110
DA:131,110
DA:132,110
DA:133,110
DA:134,110
LF:49
LH:49
BRDA:50,0,0,6
BRDA:50,0,1,2
BRDA:52,1,0,4
BRDA:52,1,1,2
BRDA:86,2,0,99
BRDA:86,2,1,23
BRDA:87,3,0,90
BRDA:87,3,1,9
BRDA:123,4,0,108
BRDA:123,4,1,2
BRF:10
BRH:10
end_of_record
TN:
SF:src/background.js
FN:5,main
FN:49,(anonymous_1)
FN:52,(anonymous_2)
FN:68,(anonymous_3)
FN:71,(anonymous_4)
FN:95,onConnect
FN:101,onMessage
FN:106,onHello
FN:113,onNotifySelectionUpdated
FN:127,onDoQuotedSearch
FN:131,onOpenOptionsPage
FN:135,onGetSelection
FN:149,onTabsActivate
FN:153,onTabsUpdated
FN:161,onContextMenuClicked
FN:182,onCommand
FN:220,onOptionsChanged
FN:228,updateCurrentSelection
FN:234,isOwnerOfCurrentSelection
FN:242,updateCommandShortcuts
FN:249,updateContextMenu
FN:291,doQuotedSearchForSelectionText
FN:307,putQuotesAroundSelectionText
FN:313,writeTextToClipboard
FN:318,(anonymous_24)
FNF:25
FNH:25
FNDA:73,main
FNDA:34,(anonymous_1)
FNDA:34,(anonymous_2)
FNDA:12,(anonymous_3)
FNDA:17,(anonymous_4)
FNDA:1504,onConnect
FNDA:1462,onMessage
FNDA:41,onHello
FNDA:815,onNotifySelectionUpdated
FNDA:207,onDoQuotedSearch
FNDA:354,onOpenOptionsPage
FNDA:45,onGetSelection
FNDA:21,onTabsActivate
FNDA:20,onTabsUpdated
FNDA:80,onContextMenuClicked
FNDA:70,onCommand
FNDA:489,onOptionsChanged
FNDA:740,updateCurrentSelection
FNDA:312,isOwnerOfCurrentSelection
FNDA:1504,updateCommandShortcuts
FNDA:1229,updateContextMenu
FNDA:275,doQuotedSearchForSelectionText
FNDA:29,putQuotesAroundSelectionText
FNDA:250,writeTextToClipboard
FNDA:250,(anonymous_24)
DA:5,73
DA:10,73
DA:16,73
DA:28,73
DA:36,73
DA:50,34
DA:53,34
DA:69,12
DA:72,17
DA:81,73
DA:83,73
DA:84,73
DA:86,73
DA:87,73
DA:89,73
DA:96,1504
DA:97,1504
DA:98,1504
DA:102,1462
DA:103,1462
DA:107,41
DA:114,815
DA:115,126
DA:116,75
DA:119,75
DA:123,740
DA:124,740
DA:128,207
DA:132,354
DA:136,45
DA:150,21
DA:154,20
DA:162,80
DA:164,80
DA:165,29
DA:170,29
DA:173,51
DA:179,51
DA:183,70
DA:186,70
DA:187,19
DA:188,19
DA:189,19
DA:190,9
DA:191,9
DA:195,61
DA:196,8
DA:201,8
DA:204,53
DA:205,7
DA:210,7
DA:213,46
DA:221,489
DA:229,740
DA:230,740
DA:231,740
DA:235,312
DA:243,1504
DA:244,1504
DA:245,3008
DA:250,1229
DA:252,1229
DA:253,2458
DA:254,2458
DA:256,2458
DA:260,2458
DA:262,2458
DA:263,1626
DA:264,1626
DA:265,413
DA:267,1626
DA:268,1583
DA:271,1626
DA:272,433
DA:278,433
DA:280,1193
DA:283,832
DA:284,329
DA:285,329
DA:292,275
DA:293,275
DA:294,8
DA:297,8
DA:300,267
DA:301,250
DA:304,267
DA:308,29
DA:309,29
DA:310,29
DA:314,250
DA:318,250
LF:91
LH:91
BRDA:114,0,0,126
BRDA:114,0,1,689
BRDA:115,1,0,75
BRDA:115,1,1,51
BRDA:138,2,0,23
BRDA:138,2,1,22
BRDA:164,3,0,29
BRDA:164,3,1,51
BRDA:186,4,0,19
BRDA:186,4,1,51
BRDA:189,5,0,9
BRDA:189,5,1,10
BRDA:195,6,0,8
BRDA:195,6,1,53
BRDA:204,7,0,7
BRDA:204,7,1,46
BRDA:236,8,0,312
BRDA:236,8,1,312
BRDA:236,8,2,229
BRDA:236,8,3,153
BRDA:256,9,0,2458
BRDA:256,9,1,2392
BRDA:256,9,2,2290
BRDA:256,9,3,1836
BRDA:256,9,4,918
BRDA:262,10,0,1626
BRDA:262,10,1,832
BRDA:264,11,0,413
BRDA:264,11,1,1213
BRDA:264,12,0,1626
BRDA:264,12,1,1588
BRDA:264,12,2,826
BRDA:267,13,0,1583
BRDA:267,13,1,43
BRDA:271,14,0,433
BRDA:271,14,1,1193
BRDA:283,15,0,329
BRDA:283,15,1,503
BRDA:293,16,0,8
BRDA:293,16,1,267
BRDA:300,17,0,250
BRDA:300,17,1,17
BRF:42
BRH:42
end_of_record
TN:
SF:src/content.js
FN:7,main
FN:51,(anonymous_1)
FN:55,(anonymous_2)
FN:58,(anonymous_3)
FN:97,onPortToBackgroundConnect
FN:103,onPortToBackgroundDisconnect
FN:107,onPortToBackgroundMessage
FN:111,onConnect
FN:117,onMessage
FN:123,onWelcome
FN:130,onPutQuotes
FN:142,onWindowFocus
FN:149,onWindowBlur
FN:153,onSelectionChange
FN:157,onMutation
FN:176,addEventListenerToEditableNode
FN:187,(anonymous_16)
FN:191,(anonymous_17)
FN:197,(anonymous_18)
FN:201,(anonymous_19)
FN:223,onClickPopupIconSearch
FN:231,onClickPopupIconQuote
FN:241,onClickPopupIconOptions
FN:253,updateEditableNodeWithSelection
FN:278,notifySelectionUpdated
FN:296,putQuotesAroundSelectionText
FN:328,replaceSelectionText
FN:382,isSearchable
FN:388,(anonymous_28)
FNF:29
FNH:29
FNDA:91,main
FNDA:89,(anonymous_1)
FNDA:9757,(anonymous_2)
FNDA:89,(anonymous_3)
FNDA:104,onPortToBackgroundConnect
FNDA:9,onPortToBackgroundDisconnect
FNDA:89,onPortToBackgroundMessage
FNDA:90,onConnect
FNDA:90,onMessage
FNDA:89,onWelcome
FNDA:90,onPutQuotes
FNDA:5,onWindowFocus
FNDA:5,onWindowBlur
FNDA:4479,onSelectionChange
FNDA:2840,onMutation
FNDA:247,addEventListenerToEditableNode
FNDA:1758,(anonymous_16)
FNDA:1715,(anonymous_17)
FNDA:1606,(anonymous_18)
FNDA:68,(anonymous_19)
FNDA:28,onClickPopupIconSearch
FNDA:400,onClickPopupIconQuote
FNDA:41,onClickPopupIconOptions
FNDA:5090,updateEditableNodeWithSelection
FNDA:9668,notifySelectionUpdated
FNDA:477,putQuotesAroundSelectionText
FNDA:439,replaceSelectionText
FNDA:9818,isSearchable
FNDA:144,(anonymous_28)
DA:7,91
DA:12,91
DA:14,91
DA:16,0
DA:20,0
DA:27,91
DA:30,91
DA:39,91
DA:48,91
DA:52,89
DA:53,89
DA:56,9757
DA:59,89
DA:63,91
DA:71,91
DA:79,91
DA:81,91
DA:83,91
DA:84,91
DA:85,91
DA:87,91
DA:88,91
DA:89,91
DA:90,243
DA:98,104
DA:100,104
DA:104,9
DA:108,89
DA:112,90
DA:114,90
DA:118,90
DA:120,90
DA:124,89
DA:125,89
DA:126,89
DA:127,89
DA:131,90
DA:132,30
DA:133,30
DA:135,60
DA:144,5
DA:146,5
DA:150,5
DA:154,4479
DA:158,2840
DA:159,4474
DA:160,4474
DA:161,2271
DA:162,642
DA:163,3
DA:164,3
DA:166,642
DA:167,1
DA:168,1
DA:177,247
DA:180,76
DA:183,171
DA:184,17
DA:187,171
DA:188,1758
DA:191,171
DA:192,1715
DA:193,1709
DA:197,171
DA:198,1606
DA:201,171
DA:202,68
DA:212,17
DA:213,8
DA:224,28
DA:235,400
DA:236,0
DA:238,400
DA:242,41
DA:254,5090
DA:264,5090
DA:273,5090
DA:275,5090
DA:279,9668
DA:280,9668
DA:281,9392
DA:291,9392
DA:292,9392
DA:297,477
DA:298,4
DA:302,4
DA:305,473
DA:308,473
DA:309,473
DA:310,34
DA:313,34
DA:316,439
DA:318,439
DA:319,2
DA:320,1
DA:322,2
DA:325,439
DA:329,439
DA:335,439
DA:337,439
DA:338,439
DA:339,439
DA:340,439
DA:345,26
DA:347,439
DA:352,199
DA:355,439
DA:356,439
DA:357,439
DA:358,439
DA:359,37
DA:360,37
DA:362,439
DA:363,185
DA:364,185
DA:367,439
DA:368,439
DA:370,439
DA:377,439
DA:379,439
DA:383,9818
DA:384,2042
DA:386,7776
DA:387,7776
DA:388,144
DA:389,144
DA:390,77
DA:391,460
DA:396,2
DA:400,142
DA:403,7776
LF:131
LH:128
BRDA:14,0,0,0
BRDA:14,0,1,91
BRDA:14,1,0,91
BRDA:14,1,1,91
BRDA:56,2,0,9757
BRDA:56,2,1,9481
BRDA:59,3,0,89
BRDA:59,3,1,0
BRDA:64,4,0,76
BRDA:64,4,1,15
BRDA:131,5,0,30
BRDA:131,5,1,60
BRDA:159,6,0,4474
BRDA:159,6,1,0
BRDA:161,7,0,642
BRDA:161,7,1,1629
BRDA:161,8,0,2271
BRDA:161,8,1,647
BRDA:162,9,0,3
BRDA:162,9,1,639
BRDA:177,10,0,76
BRDA:177,10,1,171
BRDA:183,11,0,17
BRDA:183,11,1,154
BRDA:192,12,0,1709
BRDA:192,12,1,6
BRDA:192,13,0,1715
BRDA:192,13,1,1715
BRDA:202,14,0,17
BRDA:202,14,1,51
BRDA:203,15,0,68
BRDA:203,15,1,17
BRDA:203,15,2,17
BRDA:203,15,3,17
BRDA:203,15,4,17
BRDA:203,15,5,17
BRDA:203,15,6,17
BRDA:203,15,7,17
BRDA:212,16,0,8
BRDA:212,16,1,9
BRDA:235,17,0,0
BRDA:235,17,1,400
BRDA:255,18,0,3363
BRDA:255,18,1,1727
BRDA:255,19,0,5090
BRDA:255,19,1,3381
BRDA:255,19,2,3375
BRDA:255,19,3,3375
BRDA:255,19,4,3363
BRDA:267,20,0,3363
BRDA:267,20,1,1727
BRDA:268,21,0,3363
BRDA:268,21,1,1727
BRDA:269,22,0,3363
BRDA:269,22,1,1727
BRDA:280,23,0,9392
BRDA:280,23,1,276
BRDA:280,24,0,9668
BRDA:280,24,1,9392
BRDA:280,24,2,7693
BRDA:297,25,0,4
BRDA:297,25,1,473
BRDA:297,26,0,477
BRDA:297,26,1,477
BRDA:309,27,0,34
BRDA:309,27,1,439
BRDA:318,28,0,2
BRDA:318,28,1,437
BRDA:318,29,0,439
BRDA:318,29,1,426
BRDA:319,30,0,1
BRDA:319,30,1,1
BRDA:330,31,0,439
BRDA:330,31,1,439
BRDA:330,31,2,439
BRDA:340,32,0,26
BRDA:340,32,1,413
BRDA:341,33,0,439
BRDA:341,33,1,74
BRDA:341,33,2,51
BRDA:347,34,0,199
BRDA:347,34,1,240
BRDA:348,35,0,439
BRDA:348,35,1,241
BRDA:348,35,2,199
BRDA:358,36,0,37
BRDA:358,36,1,402
BRDA:358,37,0,439
BRDA:358,37,1,74
BRDA:362,38,0,185
BRDA:362,38,1,254
BRDA:362,39,0,439
BRDA:362,39,1,241
BRDA:383,40,0,2042
BRDA:383,40,1,7776
BRDA:387,41,0,144
BRDA:387,41,1,7632
BRDA:389,42,0,77
BRDA:389,42,1,67
BRDA:391,43,0,2
BRDA:391,43,1,458
BRDA:392,44,0,460
BRDA:392,44,1,2
BRDA:392,44,2,2
BRF:104
BRH:100
end_of_record
TN:
SF:src/options.js
FN:10,main
FN:37,(anonymous_1)
FN:39,(anonymous_2)
FN:40,(anonymous_3)
FN:41,(anonymous_4)
FN:42,(anonymous_5)
FN:43,(anonymous_6)
FN:44,(anonymous_7)
FN:45,(anonymous_8)
FN:68,onDOMContentLoaded
FN:88,onLoadCompleted
FN:92,setupOptionInputs
FN:95,(anonymous_12)
FN:102,addEventListenerToOptions
FN:103,(anonymous_14)
FN:109,addEventListenerToRestoreDefaultsButton
FN:111,(anonymous_16)
FN:119,(anonymous_17)
FN:124,addEventListenerToSearchEngineSettingsLink
FN:125,(anonymous_19)
FN:135,addEventListenerToShortcutsSettingsLink
FN:136,(anonymous_21)
FN:146,setupTooltips
FN:154,(anonymous_23)
FN:160,bindLabelsToSelect
FN:161,(anonymous_25)
FN:162,(anonymous_26)
FN:172,updateOptionValue
FN:193,updateOptionInputsAll
FN:201,scanOptionInputDependencies
FN:203,(anonymous_30)
FN:210,refreshDisplayOfPrivateOptions
FN:211,(anonymous_32)
FN:226,adjustKeyboardNotation
FN:236,adjustWidthsOfSelect
FN:237,(anonymous_35)
FN:250,(anonymous_36)
FN:265,setupIconSize
FN:273,(anonymous_38)
FN:276,restoreDefaults
FNF:40
FNH:40
FNDA:90,main
FNDA:90,(anonymous_1)
FNDA:90,(anonymous_2)
FNDA:90,(anonymous_3)
FNDA:90,(anonymous_4)
FNDA:90,(anonymous_5)
FNDA:90,(anonymous_6)
FNDA:90,(anonymous_7)
FNDA:90,(anonymous_8)
FNDA:90,onDOMContentLoaded
FNDA:90,onLoadCompleted
FNDA:90,setupOptionInputs
FNDA:1138,(anonymous_12)
FNDA:90,addEventListenerToOptions
FNDA:2316,(anonymous_14)
FNDA:90,addEventListenerToRestoreDefaultsButton
FNDA:13,(anonymous_16)
FNDA:13,(anonymous_17)
FNDA:90,addEventListenerToSearchEngineSettingsLink
FNDA:28,(anonymous_19)
FNDA:90,addEventListenerToShortcutsSettingsLink
FNDA:28,(anonymous_21)
FNDA:90,setupTooltips
FNDA:94,(anonymous_23)
FNDA:90,bindLabelsToSelect
FNDA:810,(anonymous_25)
FNDA:23,(anonymous_26)
FNDA:1138,updateOptionValue
FNDA:2413,updateOptionInputsAll
FNDA:3551,scanOptionInputDependencies
FNDA:10653,(anonymous_30)
FNDA:90,refreshDisplayOfPrivateOptions
FNDA:810,(anonymous_32)
FNDA:90,adjustKeyboardNotation
FNDA:90,adjustWidthsOfSelect
FNDA:810,(anonymous_35)
FNDA:270,(anonymous_36)
FNDA:90,setupIconSize
FNDA:738,(anonymous_38)
FNDA:7,restoreDefaults
DA:10,90
DA:15,90
DA:21,90
DA:23,90
DA:36,90
DA:55,90
DA:61,90
DA:62,90
DA:69,90
DA:71,90
DA:72,90
DA:73,90
DA:75,90
DA:77,90
DA:78,90
DA:80,90
DA:81,90
DA:83,90
DA:85,90
DA:89,90
DA:93,90
DA:94,810
DA:95,810
DA:96,1138
DA:98,810
DA:103,90
DA:104,2316
DA:105,2316
DA:110,90
DA:111,90
DA:112,13
DA:113,7
DA:117,90
DA:118,90
DA:119,90
DA:120,13
DA:125,90
DA:126,28
DA:127,28
DA:136,90
DA:137,28
DA:138,28
DA:147,90
DA:148,990
DA:149,990
DA:150,990
DA:151,990
DA:152,990
DA:153,990
DA:154,990
DA:155,94
DA:161,810
DA:162,90
DA:163,23
DA:173,1138
DA:177,1138
DA:178,1138
DA:179,1138
DA:180,1138
DA:181,1138
DA:183,0
DA:186,0
DA:187,0
DA:190,1138
DA:194,2413
DA:195,21717
DA:198,2413
DA:202,3551
DA:203,31959
DA:204,10653
DA:206,31959
DA:211,810
DA:212,90
DA:213,90
DA:214,90
DA:215,90
DA:217,0
DA:220,0
DA:227,90
DA:228,10
DA:229,90
DA:230,30
DA:237,810
DA:238,90
DA:239,90
DA:241,90
DA:242,90
DA:243,90
DA:244,90
DA:245,90
DA:246,90
DA:248,90
DA:251,270
DA:252,270
DA:257,90
DA:259,90
DA:266,90
DA:273,738
DA:277,7
DA:278,7
DA:279,7
LF:101
LH:96
BRDA:112,0,0,7
BRDA:112,0,1,6
BRDA:179,1,0,1138
BRDA:179,1,1,0
BRDA:204,2,0,10653
BRDA:204,2,1,10653
BRDA:212,3,0,90
BRDA:212,3,1,0
BRDA:227,4,0,10
BRDA:227,4,1,80
BRDA:229,5,0,30
BRDA:229,5,1,60
BRF:12
BRH:10
end_of_record
TN:
SF:src/modules/__config.js
FNF:1
FNH:0
DA:1,313
LF:1
LH:1
BRF:0
BRH:0
end_of_record
TN:
SF:src/modules/__constants.js
FNF:0
FNH:0
DA:4,311
DA:14,311
DA:22,311
DA:59,311
DA:64,311
DA:73,311
LF:6
LH:6
BRF:0
BRH:0
end_of_record
TN:
SF:src/modules/__functions.js
FN:14,filterSelectionText
FN:31,normalizeSelectionText
FN:44,isNormalizedSelectionTextValid
FN:59,quoteText
FN:73,cloneDto
FN:84,mergeObject
FN:85,(anonymous_6)
FN:97,addDOMContentLoadedEventListener
FN:114,addLoadCompletedEventListener
FN:127,injectI18NMessagesInHtml
FN:130,(anonymous_10)
FN:160,getSelection
FN:161,findSelectionRecursively
FN:172,(anonymous_13)
FN:205,postMessage
FN:224,getActiveTab
FN:239,createNewTab
FN:258,createNewWindow
FN:277,doQuotedSearch
FN:305,openLink
FN:328,openOptionsPage
FN:345,openSearchEngineSettings
FN:362,openShortcutsSettings
FNF:23
FNH:23
FNDA:17817,filterSelectionText
FNDA:3252,normalizeSelectionText
FNDA:3252,isNormalizedSelectionTextValid
FNDA:805,quoteText
FNDA:804,cloneDto
FNDA:169,mergeObject
FNDA:644,(anonymous_6)
FNDA:146,addDOMContentLoadedEventListener
FNDA:91,addLoadCompletedEventListener
FNDA:145,injectI18NMessagesInHtml
FNDA:6340,(anonymous_10)
FNDA:18415,getSelection
FNDA:18415,findSelectionRecursively
FNDA:110140,(anonymous_13)
FNDA:9739,postMessage
FNDA:74,getActiveTab
FNDA:478,createNewTab
FNDA:112,createNewWindow
FNDA:366,doQuotedSearch
FNDA:462,openLink
FNDA:382,openOptionsPage
FNDA:28,openSearchEngineSettings
FNDA:52,openShortcutsSettings
DA:15,17817
DA:16,17817
DA:32,3252
DA:33,3252
DA:45,3252
DA:46,3252
DA:60,805
DA:74,804
DA:85,644
DA:98,146
DA:99,145
DA:101,1
DA:115,91
DA:116,90
DA:118,1
DA:128,145
DA:129,145
DA:130,6340
DA:131,6340
DA:132,6340
DA:133,6340
DA:134,5620
DA:136,720
DA:137,720
DA:138,990
DA:139,990
DA:140,990
DA:141,990
DA:143,720
DA:145,6340
DA:146,6340
DA:147,6340
DA:162,18415
DA:163,18379
DA:164,18379
DA:165,18379
DA:166,18379
DA:167,18379
DA:168,0
DA:170,18379
DA:172,110140
DA:174,18379
DA:175,0
DA:181,18415
DA:184,18415
DA:206,9739
DA:207,9739
DA:209,1
DA:225,74
DA:226,74
DA:240,478
DA:259,112
DA:260,112
DA:278,366
DA:279,366
DA:280,229
DA:281,229
DA:284,229
DA:285,211
DA:288,137
DA:306,462
DA:307,462
DA:308,101
DA:309,361
DA:310,112
DA:312,249
DA:329,382
DA:330,382
DA:346,28
DA:347,28
DA:363,52
DA:364,52
LF:72
LH:70
BRDA:16,0,0,78
BRDA:16,0,1,17739
BRDA:33,1,0,18
BRDA:33,1,1,3234
BRDA:47,2,0,3252
BRDA:47,2,1,3234
BRDA:47,2,2,2870
BRDA:60,3,0,805
BRDA:60,3,1,0
BRDA:74,4,0,804
BRDA:74,4,1,0
BRDA:85,5,0,169
BRDA:85,5,1,7
BRDA:98,6,0,145
BRDA:98,6,1,1
BRDA:115,7,0,90
BRDA:115,7,1,1
BRDA:133,8,0,5620
BRDA:133,8,1,720
BRDA:162,9,0,18379
BRDA:162,9,1,36
BRDA:164,10,0,18379
BRDA:164,10,1,0
BRDA:166,11,0,18379
BRDA:166,11,1,0
BRDA:167,12,0,0
BRDA:167,12,1,18379
BRDA:174,13,0,0
BRDA:174,13,1,18379
BRDA:245,14,0,478
BRDA:245,14,1,0
BRDA:279,15,0,229
BRDA:279,15,1,137
BRDA:284,16,0,211
BRDA:284,16,1,18
BRDA:284,17,0,229
BRDA:284,17,1,0
BRDA:307,18,0,101
BRDA:307,18,1,361
BRDA:309,19,0,112
BRDA:309,19,1,249
BRDA:312,20,0,249
BRDA:312,20,1,0
BRF:43
BRH:34
end_of_record
TN:
SF:src/modules/__globals.js
FN:33,init
FN:43,checkOsIsMac
FNF:2
FNH:2
FNDA:311,init
FNDA:311,checkOsIsMac
DA:34,311
DA:35,311
DA:37,311
DA:38,311
DA:40,311
DA:44,311
DA:45,311
DA:46,311
DA:47,73
DA:48,73
DA:50,238
DA:52,311
LF:12
LH:12
BRDA:46,0,0,73
BRDA:46,0,1,238
BRF:2
BRH:2
end_of_record
TN:
SF:src/modules/__how_to_open_link.js
FN:32,(anonymous_0)
FN:37,(anonymous_1)
FN:63,(anonymous_2)
FN:80,(anonymous_3)
FNF:4
FNH:4
FNDA:1737,(anonymous_0)
FNDA:2292,(anonymous_1)
FNDA:1614,(anonymous_2)
FNDA:828,(anonymous_3)
DA:16,312
DA:22,312
DA:33,1737
DA:34,1737
DA:38,2292
DA:41,312
DA:42,312
DA:43,312
DA:44,312
DA:64,1614
DA:65,1614
DA:68,312
DA:69,312
DA:70,312
DA:71,312
DA:81,828
DA:82,772
DA:83,692
DA:84,624
LF:19
LH:19
BRDA:32,0,0,1248
BRDA:33,1,0,132
BRDA:33,1,1,1605
BRDA:38,2,0,2292
BRDA:38,2,1,1290
BRDA:38,2,2,574
BRDA:63,3,0,624
BRDA:81,4,0,56
BRDA:81,4,1,772
BRDA:82,5,0,80
BRDA:82,5,1,692
BRDA:83,6,0,68
BRDA:83,6,1,624
BRDA:84,7,0,624
BRDA:84,7,1,24
BRF:15
BRH:15
end_of_record
TN:
SF:src/modules/__logger.js
FN:14,(anonymous_0)
FN:21,(anonymous_1)
FN:33,(anonymous_2)
FN:45,(anonymous_3)
FN:57,(anonymous_4)
FN:69,(anonymous_5)
FN:81,(anonymous_6)
FN:94,(anonymous_7)
FNF:8
FNH:8
FNDA:338,(anonymous_0)
FNDA:90,(anonymous_1)
FNDA:12044,(anonymous_2)
FNDA:16293,(anonymous_3)
FNDA:11475,(anonymous_4)
FNDA:8,(anonymous_5)
FNDA:5,(anonymous_6)
FNDA:7825,(anonymous_7)
DA:15,338
DA:22,90
DA:34,12044
DA:46,16293
DA:58,11475
DA:70,8
DA:82,5
DA:95,7825
DA:108,47650
DA:109,6
DA:112,47644
DA:113,47644
DA:114,46363
DA:115,90513
DA:116,90513
DA:120,47644
LF:16
LH:16
BRDA:108,0,0,6
BRDA:108,0,1,47644
BRDA:113,1,0,46363
BRDA:113,1,1,1281
BRDA:113,2,0,47644
BRDA:113,2,1,47644
BRDA:113,2,2,46369
BRDA:121,3,0,7824
BRDA:121,3,1,39820
BRF:9
BRH:9
end_of_record
TN:
SF:src/modules/__options.js
FN:36,(anonymous_0)
FN:37,(anonymous_1)
FN:38,(anonymous_2)
FN:39,(anonymous_3)
FN:40,(anonymous_4)
FN:41,(anonymous_5)
FN:42,(anonymous_6)
FN:43,(anonymous_7)
FN:44,(anonymous_8)
FN:51,(anonymous_9)
FN:60,(anonymous_10)
FN:79,(anonymous_11)
FN:82,(anonymous_12)
FN:95,(anonymous_13)
FN:99,(anonymous_14)
FN:107,(anonymous_15)
FN:118,(anonymous_16)
FNF:17
FNH:17
FNDA:4364,(anonymous_0)
FNDA:3449,(anonymous_1)
FNDA:3979,(anonymous_2)
FNDA:3059,(anonymous_3)
FNDA:5215,(anonymous_4)
FNDA:3150,(anonymous_5)
FNDA:3089,(anonymous_6)
FNDA:4771,(anonymous_7)
FNDA:2759,(anonymous_8)
FNDA:1184,(anonymous_9)
FNDA:32651,(anonymous_10)
FNDA:256,(anonymous_11)
FNDA:4421,(anonymous_12)
FNDA:375,(anonymous_13)
FNDA:5707,(anonymous_14)
FNDA:357,(anonymous_15)
FNDA:8,(anonymous_16)
DA:11,312
DA:13,312
DA:15,312
DA:17,312
DA:21,312
DA:23,312
DA:24,312
DA:35,312
DA:36,4364
DA:37,3449
DA:38,3979
DA:39,3059
DA:40,5215
DA:41,3150
DA:42,3089
DA:43,4771
DA:44,2759
DA:48,312
DA:49,2808
DA:50,2808
DA:52,1184
DA:53,27
DA:55,1157
DA:56,1157
DA:57,1157
DA:61,32651
DA:68,312
DA:74,375
DA:75,375
DA:80,256
DA:83,4421
DA:84,3004
DA:96,375
DA:97,375
DA:99,375
DA:100,5707
DA:108,357
DA:111,357
DA:112,357
DA:119,8
DA:120,8
DA:124,1165
DA:125,1165
DA:126,1165
DA:127,1165
DA:131,5707
DA:133,5707
DA:134,61
DA:137,5646
DA:138,3714
DA:139,3714
DA:140,1225
DA:143,1225
DA:148,2489
DA:149,2489
DA:155,1932
DA:156,1932
DA:161,4421
LF:58
LH:58
BRDA:37,0,0,3449
BRDA:37,0,1,3445
BRDA:37,0,2,3445
BRDA:41,1,0,3150
BRDA:41,1,1,3146
BRDA:52,2,0,27
BRDA:52,2,1,1157
BRDA:55,3,0,1157
BRDA:55,3,1,0
BRDA:61,4,0,32642
BRDA:61,4,1,9
BRDA:133,5,0,61
BRDA:133,5,1,5646
BRDA:137,6,0,3714
BRDA:137,6,1,1932
BRDA:139,7,0,1225
BRDA:139,7,1,2489
BRF:17
BRH:16
end_of_record
TN:
SF:src/modules/common.js
FNF:0
FNH:0
LF:0
LH:0
BRF:0
BRH:0
end_of_record
TN:
SF:src/modules/input_components.js
FN:21,(anonymous_0)
FN:30,(anonymous_1)
FN:38,(anonymous_2)
FN:45,(anonymous_3)
FN:53,(anonymous_4)
FN:60,(anonymous_5)
FN:67,(anonymous_6)
FN:74,(anonymous_7)
FN:89,(anonymous_8)
FN:98,(anonymous_9)
FN:107,(anonymous_10)
FN:118,(anonymous_11)
FN:128,(anonymous_12)
FN:136,(anonymous_13)
FN:147,(anonymous_14)
FN:154,(anonymous_15)
FN:173,(anonymous_16)
FN:183,(anonymous_17)
FN:191,(anonymous_18)
FN:199,(anonymous_19)
FN:204,(anonymous_20)
FN:214,(anonymous_21)
FN:224,(anonymous_22)
FN:232,(anonymous_23)
FN:240,(anonymous_24)
FN:245,(anonymous_25)
FN:256,(anonymous_26)
FN:257,(anonymous_27)
FN:260,(anonymous_28)
FNF:29
FNH:26
FNDA:810,(anonymous_0)
FNDA:89073,(anonymous_1)
FNDA:90,(anonymous_2)
FNDA:21717,(anonymous_3)
FNDA:12929,(anonymous_4)
FNDA:31959,(anonymous_5)
FNDA:810,(anonymous_6)
FNDA:2854,(anonymous_7)
FNDA:0,(anonymous_8)
FNDA:0,(anonymous_9)
FNDA:0,(anonymous_10)
FNDA:630,(anonymous_11)
FNDA:16891,(anonymous_12)
FNDA:14410,(anonymous_13)
FNDA:24857,(anonymous_14)
FNDA:5462,(anonymous_15)
FNDA:90,(anonymous_16)
FNDA:2413,(anonymous_17)
FNDA:653,(anonymous_18)
FNDA:3551,(anonymous_19)
FNDA:425,(anonymous_20)
FNDA:90,(anonymous_21)
FNDA:2413,(anonymous_22)
FNDA:720,(anonymous_23)
FNDA:3551,(anonymous_24)
FNDA:240,(anonymous_25)
FNDA:90,(anonymous_26)
FNDA:738,(anonymous_27)
FNDA:738,(anonymous_28)
DA:19,810
DA:22,810
DA:23,810
DA:31,89073
DA:39,90
DA:46,21717
DA:47,21717
DA:54,12929
DA:61,31959
DA:68,810
DA:75,2854
DA:76,2854
DA:77,1138
DA:78,1138
DA:79,1138
DA:90,0
DA:99,0
DA:108,0
DA:113,90
DA:119,630
DA:120,630
DA:121,630
DA:129,16891
DA:140,14410
DA:148,24857
DA:154,630
DA:155,5462
DA:156,17976
DA:161,2189
DA:165,630
DA:174,90
DA:175,90
DA:176,90
DA:184,2413
DA:192,653
DA:200,3551
DA:204,90
DA:205,425
DA:215,90
DA:216,90
DA:217,90
DA:225,2413
DA:233,720
DA:241,3551
DA:245,90
DA:246,240
DA:257,90
DA:258,738
DA:260,738
DA:261,738
LF:50
LH:47
BRDA:76,0,0,1138
BRDA:76,0,1,1716
BRDA:156,1,0,2189
BRDA:156,1,1,15787
BRDA:157,2,0,17976
BRDA:157,2,1,17976
BRDA:157,2,2,17976
BRF:7
BRH:7
end_of_record
TN:
SF:src/modules/modifier_keys.js
FN:15,(anonymous_0)
FN:16,(anonymous_1)
FN:19,(anonymous_2)
FN:27,(anonymous_3)
FNF:4
FNH:4
FNDA:55,(anonymous_0)
FNDA:165,(anonymous_1)
FNDA:257,(anonymous_2)
FNDA:99,(anonymous_3)
DA:10,55
DA:16,55
DA:17,165
DA:19,257
DA:28,99
LF:5
LH:5
BRF:0
BRH:0
end_of_record
TN:
SF:src/modules/popup_icon.js
FN:21,(anonymous_0)
FN:25,(anonymous_1)
FN:26,(anonymous_2)
FN:27,(anonymous_3)
FN:29,(anonymous_4)
FN:35,(anonymous_5)
FN:43,(anonymous_6)
FN:47,(anonymous_7)
FN:87,(anonymous_8)
FN:106,(anonymous_9)
FN:122,(anonymous_10)
FN:167,(anonymous_11)
FN:170,(anonymous_12)
FN:178,(anonymous_13)
FN:181,(anonymous_14)
FN:188,(anonymous_15)
FN:193,(anonymous_16)
FN:196,(anonymous_17)
FN:200,(anonymous_18)
FN:215,(anonymous_19)
FN:223,(anonymous_20)
FN:228,(anonymous_21)
FN:233,(anonymous_22)
FN:244,(anonymous_23)
FN:250,(anonymous_24)
FN:259,(anonymous_25)
FN:280,(anonymous_26)
FN:304,(anonymous_27)
FN:321,(anonymous_28)
FN:331,(anonymous_29)
FNF:30
FNH:27
FNDA:91,(anonymous_0)
FNDA:910,(anonymous_1)
FNDA:1153,(anonymous_2)
FNDA:4479,(anonymous_3)
FNDA:196,(anonymous_4)
FNDA:5090,(anonymous_5)
FNDA:104,(anonymous_6)
FNDA:9,(anonymous_7)
FNDA:1153,(anonymous_8)
FNDA:596,(anonymous_9)
FNDA:596,(anonymous_10)
FNDA:91,(anonymous_11)
FNDA:1121,(anonymous_12)
FNDA:400,(anonymous_13)
FNDA:525,(anonymous_14)
FNDA:469,(anonymous_15)
FNDA:469,(anonymous_16)
FNDA:676,(anonymous_17)
FNDA:91,(anonymous_18)
FNDA:273,(anonymous_19)
FNDA:28,(anonymous_20)
FNDA:400,(anonymous_21)
FNDA:41,(anonymous_22)
FNDA:0,(anonymous_23)
FNDA:0,(anonymous_24)
FNDA:0,(anonymous_25)
FNDA:596,(anonymous_26)
FNDA:596,(anonymous_27)
FNDA:287,(anonymous_28)
FNDA:1748,(anonymous_29)
DA:11,91
DA:13,91
DA:22,91
DA:23,91
DA:25,910
DA:26,1153
DA:27,4479
DA:29,196
DA:36,5090
DA:44,104
DA:48,9
DA:49,9
DA:53,910
DA:54,910
DA:55,910
DA:56,910
DA:57,158
DA:58,158
DA:59,158
DA:64,1153
DA:65,1153
DA:66,1153
DA:71,4479
DA:72,1642
DA:77,196
DA:79,196
DA:80,9
DA:87,1153
DA:88,1153
DA:89,1153
DA:90,1153
DA:95,1065
DA:98,469
DA:101,596
DA:102,596
DA:104,596
DA:106,596
DA:107,596
DA:108,596
DA:115,596
DA:119,596
DA:122,596
DA:123,596
DA:124,596
DA:126,0
DA:127,0
DA:128,0
DA:134,596
DA:136,88
DA:146,91
DA:157,91
DA:158,91
DA:163,91
DA:165,91
DA:168,91
DA:171,1121
DA:172,1121
DA:173,528
DA:175,593
DA:179,400
DA:182,525
DA:183,525
DA:187,91
DA:191,469
DA:192,469
DA:193,469
DA:197,676
DA:201,91
DA:202,91
DA:209,91
DA:210,91
DA:215,91
DA:216,273
DA:217,273
DA:218,273
DA:219,273
DA:220,273
DA:223,91
DA:224,28
DA:225,28
DA:228,91
DA:229,400
DA:230,400
DA:233,91
DA:234,41
DA:235,41
DA:241,91
DA:243,91
DA:244,91
DA:245,0
DA:246,0
DA:250,91
DA:251,0
DA:252,0
DA:254,0
DA:255,0
DA:256,0
DA:259,91
DA:260,0
DA:261,0
DA:262,0
DA:268,91
DA:281,596
DA:282,596
DA:283,596
DA:284,596
DA:288,596
DA:289,596
DA:290,596
DA:292,596
DA:306,596
DA:307,596
DA:308,596
DA:309,596
DA:310,596
DA:314,596
DA:315,596
DA:317,596
DA:318,596
DA:322,287
DA:324,287
DA:325,260
DA:327,27
DA:332,1748
DA:333,525
DA:334,525
LF:126
LH:113
BRDA:56,0,0,158
BRDA:56,0,1,752
BRDA:56,1,0,910
BRDA:56,1,1,781
BRDA:57,2,0,129
BRDA:57,2,1,29
BRDA:65,3,0,1153
BRDA:65,3,1,0
BRDA:71,4,0,1642
BRDA:71,4,1,2837
BRDA:79,5,0,9
BRDA:79,5,1,187
BRDA:90,6,0,1065
BRDA:90,6,1,88
BRDA:91,7,0,1153
BRDA:91,7,1,1147
BRDA:91,7,2,1147
BRDA:95,8,0,469
BRDA:95,8,1,596
BRDA:95,9,0,1065
BRDA:95,9,1,676
BRDA:108,10,0,0
BRDA:108,10,1,596
BRDA:115,11,0,528
BRDA:115,11,1,68
BRDA:119,12,0,589
BRDA:119,12,1,7
BRDA:123,13,0,596
BRDA:123,13,1,0
BRDA:123,14,0,596
BRDA:123,14,1,0
BRDA:128,15,0,0
BRDA:128,15,1,0
BRDA:172,16,0,528
BRDA:172,16,1,593
BRDA:192,17,0,469
BRDA:192,17,1,0
BRDA:245,18,0,0
BRDA:245,18,1,0
BRDA:324,19,0,260
BRDA:324,19,1,27
BRDA:332,20,0,525
BRDA:332,20,1,1223
BRF:43
BRH:34
end_of_record
TN:
SF:src/modules/port_to_background.js
FN:13,(anonymous_0)
FN:14,(anonymous_1)
FN:15,(anonymous_2)
FN:21,(anonymous_3)
FN:25,(anonymous_4)
FN:44,(anonymous_5)
FN:45,(anonymous_6)
FN:50,(anonymous_7)
FN:58,(anonymous_8)
FN:66,(anonymous_9)
FN:73,(anonymous_10)
FNF:11
FNH:10
FNDA:67,(anonymous_0)
FNDA:2,(anonymous_1)
FNDA:0,(anonymous_2)
FNDA:164,(anonymous_3)
FNDA:179,(anonymous_4)
FNDA:12,(anonymous_5)
FNDA:98,(anonymous_6)
FNDA:15,(anonymous_7)
FNDA:7,(anonymous_8)
FNDA:96,(anonymous_9)
FNDA:9624,(anonymous_10)
DA:10,164
DA:22,164
DA:26,179
DA:27,1
DA:28,1
DA:31,178
DA:32,178
DA:36,1
DA:40,1
DA:42,177
DA:44,177
DA:45,177
DA:47,177
DA:51,15
DA:52,12
DA:53,12
DA:54,12
DA:59,7
DA:60,7
DA:67,96
DA:74,9624
DA:75,1
DA:78,9623
DA:82,9624
DA:83,66
DA:84,65
DA:86,1
DA:89,9624
DA:93,12
DA:95,12
DA:96,12
DA:98,12
DA:102,98
DA:104,98
LF:34
LH:34
BRDA:26,0,0,1
BRDA:26,0,1,178
BRDA:51,1,0,12
BRDA:51,1,1,3
BRDA:74,2,0,1
BRDA:74,2,1,9623
BRDA:82,3,0,66
BRDA:82,3,1,9558
BRDA:83,4,0,65
BRDA:83,4,1,1
BRF:10
BRH:10
end_of_record
