TN:
SF:src/action.js
FN:9,main
FN:45,onMessage
FN:49,onNotifySelection
FN:68,onDOMContentLoaded
FN:85,onSearchFormSubmit
FN:100,onShortcutsSettingsLinkClick
FN:109,onOptionsPageButtonClick
FN:121,fillShortcutsTable
FNF:8
FNH:8
FNDA:55,main
FNDA:8,onMessage
FNDA:8,onNotifySelection
FNDA:55,onDOMContentLoaded
FNDA:122,onSearchFormSubmit
FNDA:24,onShortcutsSettingsLinkClick
FNDA:28,onOptionsPageButtonClick
FNDA:55,fillShortcutsTable
DA:9,55
DA:14,55
DA:20,55
DA:28,55
DA:30,55
DA:31,55
DA:33,55
DA:39,55
DA:46,8
DA:50,8
DA:51,2
DA:54,6
DA:55,6
DA:56,2
DA:59,4
DA:60,4
DA:61,4
DA:69,55
DA:71,55
DA:73,55
DA:75,55
DA:77,55
DA:79,55
DA:80,55
DA:81,55
DA:82,55
DA:86,122
DA:88,122
DA:92,122
DA:93,99
DA:94,90
DA:96,99
DA:101,24
DA:102,24
DA:110,28
DA:122,55
DA:123,55
DA:124,55
DA:125,110
DA:126,110
DA:127,110
DA:128,110
DA:129,110
DA:130,108
DA:132,2
DA:133,2
DA:136,110
DA:137,110
DA:138,110
DA:139,110
DA:140,110
LF:51
LH:51
BRDA:50,0,0,2
BRDA:50,0,1,6
BRDA:55,1,0,2
BRDA:55,1,1,4
BRDA:92,2,0,99
BRDA:92,2,1,23
BRDA:93,3,0,90
BRDA:93,3,1,9
BRDA:129,4,0,108
BRDA:129,4,1,2
BRF:10
BRH:10
end_of_record
TN:
SF:src/background.js
FN:5,main
FN:49,(anonymous_1)
FN:52,(anonymous_2)
FN:68,(anonymous_3)
FN:71,(anonymous_4)
FN:95,onConnect
FN:100,onMessage
FN:104,onHello
FN:112,onNotifySelectionUpdated
FN:124,onDoQuotedSearch
FN:128,onOpenOptionsPage
FN:132,onGetSelection
FN:146,onTabsActivate
FN:150,onTabsUpdated
FN:158,onContextMenuClicked
FN:179,onCommand
FN:217,onOptionsChanged
FN:225,updateCurrentSelection
FN:231,isOwnerOfCurrentSelection
FN:239,updateCommandShortcuts
FN:246,updateContextMenu
FN:288,doQuotedSearchForSelectionText
FN:304,putQuotesAroundSelectionText
FN:310,writeTextToClipboard
FN:315,(anonymous_24)
FNF:25
FNH:25
FNDA:73,main
FNDA:34,(anonymous_1)
FNDA:34,(anonymous_2)
FNDA:12,(anonymous_3)
FNDA:17,(anonymous_4)
FNDA:1504,onConnect
FNDA:1462,onMessage
FNDA:41,onHello
FNDA:815,onNotifySelectionUpdated
FNDA:207,onDoQuotedSearch
FNDA:354,onOpenOptionsPage
FNDA:45,onGetSelection
FNDA:21,onTabsActivate
FNDA:20,onTabsUpdated
FNDA:80,onContextMenuClicked
FNDA:70,onCommand
FNDA:489,onOptionsChanged
FNDA:740,updateCurrentSelection
FNDA:312,isOwnerOfCurrentSelection
FNDA:1504,updateCommandShortcuts
FNDA:1229,updateContextMenu
FNDA:275,doQuotedSearchForSelectionText
FNDA:29,putQuotesAroundSelectionText
FNDA:250,writeTextToClipboard
FNDA:250,(anonymous_24)
DA:5,73
DA:10,73
DA:16,73
DA:28,73
DA:36,73
DA:50,34
DA:53,34
DA:69,12
DA:72,17
DA:81,73
DA:83,73
DA:84,73
DA:86,73
DA:87,73
DA:89,73
DA:96,1504
DA:97,1504
DA:101,1462
DA:105,41
DA:113,815
DA:114,75
DA:117,75
DA:120,740
DA:121,740
DA:125,207
DA:129,354
DA:133,45
DA:147,21
DA:151,20
DA:159,80
DA:161,80
DA:162,29
DA:167,29
DA:170,51
DA:176,51
DA:180,70
DA:183,70
DA:184,19
DA:185,19
DA:186,19
DA:187,9
DA:188,9
DA:192,61
DA:193,8
DA:198,8
DA:201,53
DA:202,7
DA:207,7
DA:210,46
DA:218,489
DA:226,740
DA:227,740
DA:228,740
DA:232,312
DA:240,1504
DA:241,1504
DA:242,3008
DA:247,1229
DA:249,1229
DA:250,2458
DA:251,2458
DA:253,2458
DA:257,2458
DA:259,2458
DA:260,1626
DA:261,1626
DA:262,413
DA:264,1626
DA:265,1583
DA:268,1626
DA:269,433
DA:275,433
DA:277,1193
DA:280,832
DA:281,329
DA:282,329
DA:289,275
DA:290,275
DA:291,8
DA:294,8
DA:297,267
DA:298,250
DA:301,267
DA:305,29
DA:306,29
DA:307,29
DA:311,250
DA:315,250
LF:88
LH:88
BRDA:113,0,0,75
BRDA:113,0,1,740
BRDA:113,1,0,815
BRDA:113,1,1,126
BRDA:135,2,0,23
BRDA:135,2,1,22
BRDA:161,3,0,29
BRDA:161,3,1,51
BRDA:183,4,0,19
BRDA:183,4,1,51
BRDA:186,5,0,9
BRDA:186,5,1,10
BRDA:192,6,0,8
BRDA:192,6,1,53
BRDA:201,7,0,7
BRDA:201,7,1,46
BRDA:233,8,0,312
BRDA:233,8,1,312
BRDA:233,8,2,229
BRDA:233,8,3,153
BRDA:253,9,0,2458
BRDA:253,9,1,2392
BRDA:253,9,2,2290
BRDA:253,9,3,1836
BRDA:253,9,4,918
BRDA:259,10,0,1626
BRDA:259,10,1,832
BRDA:261,11,0,413
BRDA:261,11,1,1213
BRDA:261,12,0,1626
BRDA:261,12,1,1588
BRDA:261,12,2,826
BRDA:264,13,0,1583
BRDA:264,13,1,43
BRDA:268,14,0,433
BRDA:268,14,1,1193
BRDA:280,15,0,329
BRDA:280,15,1,503
BRDA:290,16,0,8
BRDA:290,16,1,267
BRDA:297,17,0,250
BRDA:297,17,1,17
BRF:42
BRH:42
end_of_record
TN:
SF:src/content.js
FN:7,main
FN:51,(anonymous_1)
FN:55,(anonymous_2)
FN:58,(anonymous_3)
FN:97,onPortToBackgroundConnect
FN:103,onPortToBackgroundDisconnect
FN:107,onPortToBackgroundMessage
FN:111,onConnect
FN:115,onMessage
FN:119,onWelcome
FN:129,onPutQuotes
FN:142,onWindowFocus
FN:149,onWindowBlur
FN:153,onSelectionChange
FN:157,onMutation
FN:176,addEventListenerToEditableNode
FN:187,(anonymous_16)
FN:191,(anonymous_17)
FN:197,(anonymous_18)
FN:201,(anonymous_19)
FN:223,onClickPopupIconSearch
FN:231,onClickPopupIconQuote
FN:243,onClickPopupIconOptions
FN:255,updateEditableNodeWithSelection
FN:280,notifySelectionUpdated
FN:306,putQuotesAroundSelectionText
FN:338,replaceSelectionText
FN:392,isSearchable
FN:399,(anonymous_28)
FNF:29
FNH:29
FNDA:107,main
FNDA:104,(anonymous_1)
FNDA:10134,(anonymous_2)
FNDA:104,(anonymous_3)
FNDA:120,onPortToBackgroundConnect
FNDA:9,onPortToBackgroundDisconnect
FNDA:104,onPortToBackgroundMessage
FNDA:90,onConnect
FNDA:90,onMessage
FNDA:104,onWelcome
FNDA:90,onPutQuotes
FNDA:5,onWindowFocus
FNDA:5,onWindowBlur
FNDA:4655,onSelectionChange
FNDA:3334,onMutation
FNDA:293,addEventListenerToEditableNode
FNDA:1814,(anonymous_16)
FNDA:1756,(anonymous_17)
FNDA:1679,(anonymous_18)
FNDA:70,(anonymous_19)
FNDA:28,onClickPopupIconSearch
FNDA:401,onClickPopupIconQuote
FNDA:41,onClickPopupIconOptions
FNDA:5261,updateEditableNodeWithSelection
FNDA:10030,notifySelectionUpdated
FNDA:478,putQuotesAroundSelectionText
FNDA:440,replaceSelectionText
FNDA:10134,isSearchable
FNDA:166,(anonymous_28)
DA:7,107
DA:12,107
DA:14,107
DA:16,0
DA:20,0
DA:27,107
DA:30,107
DA:39,107
DA:48,107
DA:52,104
DA:53,104
DA:56,10134
DA:59,104
DA:63,107
DA:71,107
DA:79,107
DA:81,107
DA:83,107
DA:84,107
DA:85,107
DA:87,107
DA:88,107
DA:89,107
DA:90,289
DA:98,120
DA:100,120
DA:104,9
DA:108,104
DA:112,90
DA:116,90
DA:120,104
DA:121,104
DA:122,104
DA:124,104
DA:126,104
DA:130,90
DA:131,30
DA:132,30
DA:135,60
DA:144,5
DA:146,5
DA:150,5
DA:154,4655
DA:158,3334
DA:159,5372
DA:160,5372
DA:161,2735
DA:162,702
DA:163,3
DA:164,3
DA:166,702
DA:167,1
DA:168,1
DA:177,293
DA:180,91
DA:183,202
DA:184,18
DA:187,202
DA:188,1814
DA:191,202
DA:192,1756
DA:193,1750
DA:197,202
DA:198,1679
DA:201,202
DA:202,70
DA:212,17
DA:213,8
DA:224,28
DA:236,401
DA:237,0
DA:240,401
DA:244,41
DA:256,5261
DA:266,5261
DA:275,5261
DA:277,5261
DA:281,10030
DA:283,318
DA:286,9712
DA:287,9712
DA:291,5
DA:294,9707
DA:307,478
DA:308,4
DA:312,4
DA:315,474
DA:318,474
DA:319,474
DA:320,34
DA:323,34
DA:326,440
DA:328,440
DA:329,3
DA:330,1
DA:332,3
DA:335,440
DA:339,440
DA:345,440
DA:347,440
DA:348,440
DA:349,440
DA:350,440
DA:355,26
DA:357,440
DA:362,199
DA:365,440
DA:366,440
DA:367,440
DA:368,440
DA:369,37
DA:370,37
DA:372,440
DA:373,185
DA:374,185
DA:377,440
DA:378,440
DA:380,440
DA:387,440
DA:389,440
DA:393,10134
DA:394,2098
DA:397,8036
DA:398,8036
DA:399,166
DA:400,166
DA:401,993
DA:406,3
DA:409,163
DA:412,8036
LF:130
LH:127
BRDA:14,0,0,0
BRDA:14,0,1,107
BRDA:14,1,0,107
BRDA:14,1,1,107
BRDA:56,2,0,10134
BRDA:56,2,1,9816
BRDA:59,3,0,104
BRDA:59,3,1,0
BRDA:64,4,0,91
BRDA:64,4,1,16
BRDA:130,5,0,30
BRDA:130,5,1,60
BRDA:159,6,0,5372
BRDA:159,6,1,0
BRDA:161,7,0,702
BRDA:161,7,1,2033
BRDA:161,8,0,2735
BRDA:161,8,1,705
BRDA:162,9,0,3
BRDA:162,9,1,699
BRDA:177,10,0,91
BRDA:177,10,1,202
BRDA:183,11,0,18
BRDA:183,11,1,184
BRDA:192,12,0,1750
BRDA:192,12,1,6
BRDA:192,13,0,1756
BRDA:192,13,1,1756
BRDA:202,14,0,17
BRDA:202,14,1,53
BRDA:203,15,0,70
BRDA:203,15,1,17
BRDA:203,15,2,17
BRDA:203,15,3,17
BRDA:203,15,4,17
BRDA:203,15,5,17
BRDA:203,15,6,17
BRDA:203,15,7,17
BRDA:212,16,0,8
BRDA:212,16,1,9
BRDA:236,17,0,0
BRDA:236,17,1,401
BRDA:257,18,0,3493
BRDA:257,18,1,1768
BRDA:257,19,0,5261
BRDA:257,19,1,3511
BRDA:257,19,2,3505
BRDA:257,19,3,3505
BRDA:257,19,4,3493
BRDA:269,20,0,3493
BRDA:269,20,1,1768
BRDA:270,21,0,3493
BRDA:270,21,1,1768
BRDA:271,22,0,3493
BRDA:271,22,1,1768
BRDA:281,23,0,318
BRDA:281,23,1,9712
BRDA:287,24,0,5
BRDA:287,24,1,9707
BRDA:287,25,0,9712
BRDA:287,25,1,7973
BRDA:307,26,0,4
BRDA:307,26,1,474
BRDA:307,27,0,478
BRDA:307,27,1,478
BRDA:319,28,0,34
BRDA:319,28,1,440
BRDA:328,29,0,3
BRDA:328,29,1,437
BRDA:328,30,0,440
BRDA:328,30,1,427
BRDA:329,31,0,1
BRDA:329,31,1,2
BRDA:340,32,0,440
BRDA:340,32,1,440
BRDA:340,32,2,440
BRDA:350,33,0,26
BRDA:350,33,1,414
BRDA:351,34,0,440
BRDA:351,34,1,74
BRDA:351,34,2,51
BRDA:357,35,0,199
BRDA:357,35,1,241
BRDA:358,36,0,440
BRDA:358,36,1,241
BRDA:358,36,2,199
BRDA:368,37,0,37
BRDA:368,37,1,403
BRDA:368,38,0,440
BRDA:368,38,1,74
BRDA:372,39,0,185
BRDA:372,39,1,255
BRDA:372,40,0,440
BRDA:372,40,1,241
BRDA:393,41,0,2098
BRDA:393,41,1,8036
BRDA:398,42,0,166
BRDA:398,42,1,7870
BRDA:401,43,0,3
BRDA:401,43,1,990
BRDA:402,44,0,993
BRDA:402,44,1,3
BRDA:402,44,2,3
BRF:103
BRH:99
end_of_record
TN:
SF:src/options.js
FN:10,main
FN:38,(anonymous_1)
FN:40,(anonymous_2)
FN:41,(anonymous_3)
FN:42,(anonymous_4)
FN:43,(anonymous_5)
FN:44,(anonymous_6)
FN:45,(anonymous_7)
FN:46,(anonymous_8)
FN:47,(anonymous_9)
FN:70,onDOMContentLoaded
FN:90,onLoadCompleted
FN:94,setupOptionInputs
FN:97,(anonymous_13)
FN:104,addEventListenerToOptions
FN:105,(anonymous_15)
FN:111,addEventListenerToRestoreDefaultsButton
FN:113,(anonymous_17)
FN:121,(anonymous_18)
FN:126,addEventListenerToSearchEngineSettingsLink
FN:127,(anonymous_20)
FN:137,addEventListenerToShortcutsSettingsLink
FN:138,(anonymous_22)
FN:148,setupTooltips
FN:156,(anonymous_24)
FN:162,bindLabelsToSelect
FN:163,(anonymous_26)
FN:164,(anonymous_27)
FN:174,updateOptionValue
FN:195,updateOptionInputsAll
FN:203,scanOptionInputDependencies
FN:205,(anonymous_31)
FN:212,refreshDisplayOfPrivateOptions
FN:213,(anonymous_33)
FN:228,adjustKeyboardNotation
FN:238,adjustWidthsOfSelect
FN:239,(anonymous_36)
FN:252,(anonymous_37)
FN:267,setupIconSize
FN:275,(anonymous_39)
FN:278,restoreDefaults
FNF:41
FNH:41
FNDA:95,main
FNDA:95,(anonymous_1)
FNDA:95,(anonymous_2)
FNDA:95,(anonymous_3)
FNDA:95,(anonymous_4)
FNDA:95,(anonymous_5)
FNDA:95,(anonymous_6)
FNDA:95,(anonymous_7)
FNDA:95,(anonymous_8)
FNDA:95,(anonymous_9)
FNDA:95,onDOMContentLoaded
FNDA:95,onLoadCompleted
FNDA:95,setupOptionInputs
FNDA:1367,(anonymous_13)
FNDA:95,addEventListenerToOptions
FNDA:2775,(anonymous_15)
FNDA:95,addEventListenerToRestoreDefaultsButton
FNDA:13,(anonymous_17)
FNDA:13,(anonymous_18)
FNDA:95,addEventListenerToSearchEngineSettingsLink
FNDA:28,(anonymous_20)
FNDA:95,addEventListenerToShortcutsSettingsLink
FNDA:28,(anonymous_22)
FNDA:95,setupTooltips
FNDA:114,(anonymous_24)
FNDA:95,bindLabelsToSelect
FNDA:950,(anonymous_26)
FNDA:25,(anonymous_27)
FNDA:1367,updateOptionValue
FNDA:2877,updateOptionInputsAll
FNDA:4244,scanOptionInputDependencies
FNDA:16976,(anonymous_31)
FNDA:95,refreshDisplayOfPrivateOptions
FNDA:950,(anonymous_33)
FNDA:95,adjustKeyboardNotation
FNDA:95,adjustWidthsOfSelect
FNDA:950,(anonymous_36)
FNDA:285,(anonymous_37)
FNDA:95,setupIconSize
FNDA:808,(anonymous_39)
FNDA:7,restoreDefaults
DA:10,95
DA:15,95
DA:21,95
DA:23,95
DA:37,95
DA:57,95
DA:63,95
DA:64,95
DA:71,95
DA:73,95
DA:74,95
DA:75,95
DA:77,95
DA:79,95
DA:80,95
DA:82,95
DA:83,95
DA:85,95
DA:87,95
DA:91,95
DA:95,95
DA:96,950
DA:97,950
DA:98,1367
DA:100,950
DA:105,95
DA:106,2775
DA:107,2775
DA:112,95
DA:113,95
DA:114,13
DA:115,7
DA:119,95
DA:120,95
DA:121,95
DA:122,13
DA:127,95
DA:128,28
DA:129,28
DA:138,95
DA:139,28
DA:140,28
DA:149,95
DA:150,1140
DA:151,1140
DA:152,1140
DA:153,1140
DA:154,1140
DA:155,1140
DA:156,1140
DA:157,114
DA:163,950
DA:164,95
DA:165,25
DA:175,1367
DA:179,1367
DA:180,1367
DA:181,1367
DA:182,1367
DA:183,1367
DA:185,0
DA:188,0
DA:189,0
DA:192,1367
DA:196,2877
DA:197,28770
DA:200,2877
DA:204,4244
DA:205,42440
DA:206,16976
DA:208,42440
DA:213,950
DA:214,95
DA:215,95
DA:216,95
DA:217,95
DA:219,0
DA:222,0
DA:229,95
DA:230,10
DA:231,90
DA:232,30
DA:239,950
DA:240,95
DA:241,95
DA:243,95
DA:244,95
DA:245,95
DA:246,95
DA:247,95
DA:248,95
DA:250,95
DA:253,285
DA:254,285
DA:259,95
DA:261,95
DA:268,95
DA:275,808
DA:279,7
DA:280,7
DA:281,7
LF:101
LH:96
BRDA:114,0,0,7
BRDA:114,0,1,6
BRDA:181,1,0,1367
BRDA:181,1,1,0
BRDA:206,2,0,16976
BRDA:206,2,1,16976
BRDA:214,3,0,95
BRDA:214,3,1,0
BRDA:229,4,0,10
BRDA:229,4,1,85
BRDA:231,5,0,30
BRDA:231,5,1,60
BRF:12
BRH:10
end_of_record
TN:
SF:src/modules/__communication_proxy.js
FN:4,setupPortProxy
FN:7,(anonymous_1)
FN:8,(anonymous_2)
FN:16,(anonymous_3)
FN:17,(anonymous_4)
FN:24,(anonymous_5)
FN:30,(anonymous_6)
FN:36,setupCommunicationProxy
FN:42,(anonymous_8)
FN:50,(anonymous_9)
FN:51,(anonymous_10)
FN:60,(anonymous_11)
FNF:12
FNH:12
FNDA:1818,setupPortProxy
FNDA:195,(anonymous_1)
FNDA:12,(anonymous_2)
FNDA:1789,(anonymous_3)
FNDA:1665,(anonymous_4)
FNDA:42,(anonymous_5)
FNDA:10069,(anonymous_6)
FNDA:332,setupCommunicationProxy
FNDA:195,(anonymous_8)
FNDA:180,(anonymous_9)
FNDA:1594,(anonymous_10)
FNDA:29,(anonymous_11)
DA:5,1818
DA:6,1818
DA:7,1818
DA:8,195
DA:9,12
DA:10,12
DA:14,1818
DA:15,1818
DA:16,1818
DA:17,1789
DA:18,1665
DA:19,1665
DA:23,1818
DA:24,1818
DA:25,42
DA:26,42
DA:29,1818
DA:30,1818
DA:31,10069
DA:32,10069
DA:37,332
DA:38,0
DA:41,332
DA:42,332
DA:43,195
DA:44,195
DA:45,195
DA:46,195
DA:49,332
DA:50,332
DA:51,180
DA:52,1594
DA:53,1594
DA:54,1594
DA:58,332
DA:59,332
DA:60,332
DA:61,29
DA:62,29
DA:63,29
DA:64,29
LF:41
LH:40
BRDA:37,0,0,0
BRDA:37,0,1,332
BRDA:58,1,0,332
BRDA:58,1,1,0
BRF:4
BRH:2
end_of_record
TN:
SF:src/modules/__config.js
FNF:1
FNH:0
DA:1,334
LF:1
LH:1
BRF:0
BRH:0
end_of_record
TN:
SF:src/modules/__constants.js
FNF:0
FNH:0
DA:4,332
DA:14,332
DA:22,332
DA:59,332
DA:64,332
DA:73,332
LF:6
LH:6
BRF:0
BRH:0
end_of_record
TN:
SF:src/modules/__functions.js
FN:14,filterSelectionText
FN:31,normalizeSelectionText
FN:44,isNormalizedSelectionTextValid
FN:59,quoteText
FN:73,cloneDto
FN:84,mergeObject
FN:85,(anonymous_6)
FN:97,addDOMContentLoadedEventListener
FN:114,addLoadCompletedEventListener
FN:127,injectI18NMessagesInHtml
FN:130,(anonymous_10)
FN:160,getSelection
FN:161,findSelectionRecursively
FN:172,(anonymous_13)
FN:205,postMessage
FN:224,getActiveTab
FN:239,createNewTab
FN:258,createNewWindow
FN:277,doQuotedSearch
FN:305,openLink
FN:328,openOptionsPage
FN:345,openSearchEngineSettings
FN:362,openShortcutsSettings
FNF:23
FNH:23
FNDA:18338,filterSelectionText
FNDA:3290,normalizeSelectionText
FNDA:3290,isNormalizedSelectionTextValid
FNDA:806,quoteText
FNDA:845,cloneDto
FNDA:188,mergeObject
FNDA:726,(anonymous_6)
FNDA:151,addDOMContentLoadedEventListener
FNDA:96,addLoadCompletedEventListener
FNDA:150,injectI18NMessagesInHtml
FNDA:7060,(anonymous_10)
FNDA:19073,getSelection
FNDA:19073,findSelectionRecursively
FNDA:114062,(anonymous_13)
FNDA:10070,postMessage
FNDA:74,getActiveTab
FNDA:478,createNewTab
FNDA:112,createNewWindow
FNDA:366,doQuotedSearch
FNDA:462,openLink
FNDA:382,openOptionsPage
FNDA:28,openSearchEngineSettings
FNDA:52,openShortcutsSettings
DA:15,18338
DA:16,18338
DA:32,3290
DA:33,3290
DA:45,3290
DA:46,3290
DA:60,806
DA:74,845
DA:85,726
DA:98,151
DA:99,150
DA:101,1
DA:115,96
DA:116,95
DA:118,1
DA:128,150
DA:129,150
DA:130,7060
DA:131,7060
DA:132,7060
DA:133,7060
DA:134,6205
DA:136,855
DA:137,855
DA:138,1140
DA:139,1140
DA:140,1140
DA:141,1140
DA:143,855
DA:145,7060
DA:146,7060
DA:147,7060
DA:162,19073
DA:163,19037
DA:164,19037
DA:165,19037
DA:166,19037
DA:167,19037
DA:168,0
DA:170,19037
DA:172,114062
DA:174,19037
DA:175,0
DA:181,19073
DA:184,19073
DA:206,10070
DA:207,10070
DA:209,1
DA:225,74
DA:226,74
DA:240,478
DA:259,112
DA:260,112
DA:278,366
DA:279,366
DA:280,229
DA:281,229
DA:284,229
DA:285,211
DA:288,137
DA:306,462
DA:307,462
DA:308,101
DA:309,361
DA:310,112
DA:312,249
DA:329,382
DA:330,382
DA:346,28
DA:347,28
DA:363,52
DA:364,52
LF:72
LH:70
BRDA:16,0,0,78
BRDA:16,0,1,18260
BRDA:33,1,0,18
BRDA:33,1,1,3272
BRDA:47,2,0,3290
BRDA:47,2,1,3272
BRDA:47,2,2,2908
BRDA:60,3,0,806
BRDA:60,3,1,0
BRDA:74,4,0,845
BRDA:74,4,1,0
BRDA:85,5,0,188
BRDA:85,5,1,8
BRDA:98,6,0,150
BRDA:98,6,1,1
BRDA:115,7,0,95
BRDA:115,7,1,1
BRDA:133,8,0,6205
BRDA:133,8,1,855
BRDA:162,9,0,19037
BRDA:162,9,1,36
BRDA:164,10,0,19037
BRDA:164,10,1,0
BRDA:166,11,0,19037
BRDA:166,11,1,0
BRDA:167,12,0,0
BRDA:167,12,1,19037
BRDA:174,13,0,0
BRDA:174,13,1,19037
BRDA:245,14,0,478
BRDA:245,14,1,0
BRDA:279,15,0,229
BRDA:279,15,1,137
BRDA:284,16,0,211
BRDA:284,16,1,18
BRDA:284,17,0,229
BRDA:284,17,1,0
BRDA:307,18,0,101
BRDA:307,18,1,361
BRDA:309,19,0,112
BRDA:309,19,1,249
BRDA:312,20,0,249
BRDA:312,20,1,0
BRF:43
BRH:34
end_of_record
TN:
SF:src/modules/__globals.js
FN:30,initGlobals
FNF:1
FNH:1
FNDA:332,initGlobals
DA:31,332
DA:32,332
DA:34,332
DA:35,332
LF:4
LH:4
BRF:0
BRH:0
end_of_record
TN:
SF:src/modules/__how_to_open_link.js
FN:32,(anonymous_0)
FN:37,(anonymous_1)
FN:63,(anonymous_2)
FN:80,(anonymous_3)
FNF:4
FNH:4
FNDA:1821,(anonymous_0)
FNDA:2292,(anonymous_1)
FNDA:1698,(anonymous_2)
FNDA:828,(anonymous_3)
DA:16,333
DA:22,333
DA:33,1821
DA:34,1821
DA:38,2292
DA:41,333
DA:42,333
DA:43,333
DA:44,333
DA:64,1698
DA:65,1698
DA:68,333
DA:69,333
DA:70,333
DA:71,333
DA:81,828
DA:82,772
DA:83,692
DA:84,624
LF:19
LH:19
BRDA:32,0,0,1332
BRDA:33,1,0,132
BRDA:33,1,1,1689
BRDA:38,2,0,2292
BRDA:38,2,1,1290
BRDA:38,2,2,574
BRDA:63,3,0,666
BRDA:81,4,0,56
BRDA:81,4,1,772
BRDA:82,5,0,80
BRDA:82,5,1,692
BRDA:83,6,0,68
BRDA:83,6,1,624
BRDA:84,7,0,624
BRDA:84,7,1,24
BRF:15
BRH:15
end_of_record
TN:
SF:src/modules/__initializer.js
FN:15,init
FN:23,checkOsIsMac
FNF:2
FNH:2
FNDA:332,init
FNDA:332,checkOsIsMac
DA:16,332
DA:18,332
DA:20,332
DA:24,332
DA:25,332
DA:26,332
DA:27,73
DA:28,73
DA:30,259
DA:32,332
LF:10
LH:10
BRDA:26,0,0,73
BRDA:26,0,1,259
BRF:2
BRH:2
end_of_record
TN:
SF:src/modules/__logger.js
FN:14,(anonymous_0)
FN:21,(anonymous_1)
FN:33,(anonymous_2)
FN:45,(anonymous_3)
FN:57,(anonymous_4)
FN:69,(anonymous_5)
FN:81,(anonymous_6)
FN:93,(anonymous_7)
FN:106,(anonymous_8)
FN:121,(anonymous_9)
FNF:10
FNH:10
FNDA:374,(anonymous_0)
FNDA:105,(anonymous_1)
FNDA:3118,(anonymous_2)
FNDA:19158,(anonymous_3)
FNDA:10340,(anonymous_4)
FNDA:14324,(anonymous_5)
FNDA:7,(anonymous_6)
FNDA:5,(anonymous_7)
FNDA:8696,(anonymous_8)
FNDA:9,(anonymous_9)
DA:15,374
DA:22,105
DA:34,3118
DA:46,19158
DA:58,10340
DA:70,14324
DA:82,7
DA:94,5
DA:107,8696
DA:122,9
DA:135,55657
DA:136,7
DA:139,55650
DA:140,55650
DA:141,54133
DA:142,112924
DA:143,112924
DA:147,55650
LF:18
LH:18
BRDA:135,0,0,7
BRDA:135,0,1,55650
BRDA:135,1,0,55657
BRDA:135,1,1,8
BRDA:140,2,0,54133
BRDA:140,2,1,1517
BRDA:140,3,0,55650
BRDA:140,3,1,55650
BRDA:140,3,2,54141
BRDA:148,4,0,8695
BRDA:148,4,1,46955
BRF:11
BRH:11
end_of_record
TN:
SF:src/modules/__options.js
FN:36,(anonymous_0)
FN:37,(anonymous_1)
FN:38,(anonymous_2)
FN:39,(anonymous_3)
FN:40,(anonymous_4)
FN:41,(anonymous_5)
FN:42,(anonymous_6)
FN:43,(anonymous_7)
FN:44,(anonymous_8)
FN:45,(anonymous_9)
FN:52,(anonymous_10)
FN:61,(anonymous_11)
FN:80,(anonymous_12)
FN:83,(anonymous_13)
FN:96,(anonymous_14)
FN:100,(anonymous_15)
FN:108,(anonymous_16)
FN:119,(anonymous_17)
FNF:18
FNH:18
FNDA:4970,(anonymous_0)
FNDA:4052,(anonymous_1)
FNDA:4554,(anonymous_2)
FNDA:3626,(anonymous_3)
FNDA:3611,(anonymous_4)
FNDA:5703,(anonymous_5)
FNDA:3641,(anonymous_6)
FNDA:3578,(anonymous_7)
FNDA:5260,(anonymous_8)
FNDA:3249,(anonymous_9)
FNDA:1418,(anonymous_10)
FNDA:40826,(anonymous_11)
FNDA:277,(anonymous_12)
FNDA:6553,(anonymous_13)
FNDA:402,(anonymous_14)
FNDA:8082,(anonymous_15)
FNDA:382,(anonymous_16)
FNDA:8,(anonymous_17)
DA:11,333
DA:13,333
DA:15,333
DA:17,333
DA:21,333
DA:23,333
DA:24,333
DA:35,333
DA:36,4970
DA:37,4052
DA:38,4554
DA:39,3626
DA:40,3611
DA:41,5703
DA:42,3641
DA:43,3578
DA:44,5260
DA:45,3249
DA:49,333
DA:50,3330
DA:51,3330
DA:53,1418
DA:54,30
DA:56,1388
DA:57,1388
DA:58,1388
DA:62,40826
DA:69,333
DA:75,402
DA:76,402
DA:81,277
DA:84,6553
DA:85,3511
DA:97,402
DA:98,402
DA:100,402
DA:101,8082
DA:109,382
DA:112,382
DA:113,382
DA:120,8
DA:121,8
DA:125,1396
DA:126,1396
DA:127,1396
DA:128,1396
DA:132,8082
DA:134,8082
DA:135,67
DA:138,8015
DA:139,5765
DA:140,5765
DA:141,1462
DA:144,1462
DA:149,4303
DA:150,4303
DA:156,2250
DA:157,2250
DA:162,6553
LF:59
LH:59
BRDA:37,0,0,4052
BRDA:37,0,1,4048
BRDA:37,0,2,4048
BRDA:42,1,0,3641
BRDA:42,1,1,3637
BRDA:53,2,0,30
BRDA:53,2,1,1388
BRDA:56,3,0,1388
BRDA:56,3,1,0
BRDA:62,4,0,40816
BRDA:62,4,1,10
BRDA:134,5,0,67
BRDA:134,5,1,8015
BRDA:138,6,0,5765
BRDA:138,6,1,2250
BRDA:140,7,0,1462
BRDA:140,7,1,4303
BRF:17
BRH:16
end_of_record
TN:
SF:src/modules/common.js
FNF:0
FNH:0
LF:0
LH:0
BRF:0
BRH:0
end_of_record
TN:
SF:src/modules/input_components.js
FN:21,(anonymous_0)
FN:30,(anonymous_1)
FN:38,(anonymous_2)
FN:45,(anonymous_3)
FN:53,(anonymous_4)
FN:60,(anonymous_5)
FN:67,(anonymous_6)
FN:74,(anonymous_7)
FN:89,(anonymous_8)
FN:98,(anonymous_9)
FN:107,(anonymous_10)
FN:118,(anonymous_11)
FN:128,(anonymous_12)
FN:136,(anonymous_13)
FN:147,(anonymous_14)
FN:154,(anonymous_15)
FN:173,(anonymous_16)
FN:183,(anonymous_17)
FN:191,(anonymous_18)
FN:199,(anonymous_19)
FN:204,(anonymous_20)
FN:214,(anonymous_21)
FN:224,(anonymous_22)
FN:232,(anonymous_23)
FN:240,(anonymous_24)
FN:245,(anonymous_25)
FN:256,(anonymous_26)
FN:257,(anonymous_27)
FN:260,(anonymous_28)
FNF:29
FNH:26
FNDA:950,(anonymous_0)
FNDA:118747,(anonymous_1)
FNDA:95,(anonymous_2)
FNDA:28770,(anonymous_3)
FNDA:19710,(anonymous_4)
FNDA:42440,(anonymous_5)
FNDA:950,(anonymous_6)
FNDA:3443,(anonymous_7)
FNDA:0,(anonymous_8)
FNDA:0,(anonymous_9)
FNDA:0,(anonymous_10)
FNDA:760,(anonymous_11)
FNDA:23016,(anonymous_12)
FNDA:21657,(anonymous_13)
FNDA:33952,(anonymous_14)
FNDA:7064,(anonymous_15)
FNDA:95,(anonymous_16)
FNDA:2877,(anonymous_17)
FNDA:701,(anonymous_18)
FNDA:4244,(anonymous_19)
FNDA:455,(anonymous_20)
FNDA:95,(anonymous_21)
FNDA:2877,(anonymous_22)
FNDA:795,(anonymous_23)
FNDA:4244,(anonymous_24)
FNDA:265,(anonymous_25)
FNDA:95,(anonymous_26)
FNDA:808,(anonymous_27)
FNDA:808,(anonymous_28)
DA:19,950
DA:22,950
DA:23,950
DA:31,118747
DA:39,95
DA:46,28770
DA:47,28770
DA:54,19710
DA:61,42440
DA:68,950
DA:75,3443
DA:76,3443
DA:77,1367
DA:78,1367
DA:79,1367
DA:90,0
DA:99,0
DA:108,0
DA:113,95
DA:119,760
DA:120,760
DA:121,760
DA:129,23016
DA:140,21657
DA:148,33952
DA:154,760
DA:155,7064
DA:156,22531
DA:161,2723
DA:165,760
DA:174,95
DA:175,95
DA:176,95
DA:184,2877
DA:192,701
DA:200,4244
DA:204,95
DA:205,455
DA:215,95
DA:216,95
DA:217,95
DA:225,2877
DA:233,795
DA:241,4244
DA:245,95
DA:246,265
DA:257,95
DA:258,808
DA:260,808
DA:261,808
LF:50
LH:47
BRDA:76,0,0,1367
BRDA:76,0,1,2076
BRDA:156,1,0,2723
BRDA:156,1,1,19808
BRDA:157,2,0,22531
BRDA:157,2,1,22531
BRDA:157,2,2,22531
BRF:7
BRH:7
end_of_record
TN:
SF:src/modules/modifier_keys.js
FN:15,(anonymous_0)
FN:16,(anonymous_1)
FN:19,(anonymous_2)
FN:27,(anonymous_3)
FNF:4
FNH:4
FNDA:55,(anonymous_0)
FNDA:165,(anonymous_1)
FNDA:257,(anonymous_2)
FNDA:99,(anonymous_3)
DA:10,55
DA:16,55
DA:17,165
DA:19,257
DA:28,99
LF:5
LH:5
BRF:0
BRH:0
end_of_record
TN:
SF:src/modules/popup_icon.js
FN:21,(anonymous_0)
FN:25,(anonymous_1)
FN:26,(anonymous_2)
FN:27,(anonymous_3)
FN:29,(anonymous_4)
FN:35,(anonymous_5)
FN:42,(anonymous_6)
FN:50,(anonymous_7)
FN:54,(anonymous_8)
FN:94,(anonymous_9)
FN:113,(anonymous_10)
FN:129,(anonymous_11)
FN:174,(anonymous_12)
FN:177,(anonymous_13)
FN:185,(anonymous_14)
FN:188,(anonymous_15)
FN:195,(anonymous_16)
FN:200,(anonymous_17)
FN:203,(anonymous_18)
FN:207,(anonymous_19)
FN:222,(anonymous_20)
FN:250,(anonymous_21)
FN:255,(anonymous_22)
FN:260,(anonymous_23)
FN:273,(anonymous_24)
FN:279,(anonymous_25)
FN:288,(anonymous_26)
FN:303,(anonymous_27)
FN:311,(anonymous_28)
FN:329,(anonymous_29)
FN:353,(anonymous_30)
FN:370,(anonymous_31)
FN:386,(anonymous_32)
FNF:33
FNH:30
FNDA:107,(anonymous_0)
FNDA:982,(anonymous_1)
FNDA:1190,(anonymous_2)
FNDA:4655,(anonymous_3)
FNDA:244,(anonymous_4)
FNDA:104,(anonymous_5)
FNDA:5261,(anonymous_6)
FNDA:120,(anonymous_7)
FNDA:9,(anonymous_8)
FNDA:1190,(anonymous_9)
FNDA:632,(anonymous_10)
FNDA:632,(anonymous_11)
FNDA:107,(anonymous_12)
FNDA:1178,(anonymous_13)
FNDA:401,(anonymous_14)
FNDA:546,(anonymous_15)
FNDA:470,(anonymous_16)
FNDA:470,(anonymous_17)
FNDA:712,(anonymous_18)
FNDA:107,(anonymous_19)
FNDA:321,(anonymous_20)
FNDA:28,(anonymous_21)
FNDA:401,(anonymous_22)
FNDA:41,(anonymous_23)
FNDA:0,(anonymous_24)
FNDA:0,(anonymous_25)
FNDA:0,(anonymous_26)
FNDA:104,(anonymous_27)
FNDA:16,(anonymous_28)
FNDA:632,(anonymous_29)
FNDA:632,(anonymous_30)
FNDA:351,(anonymous_31)
FNDA:1816,(anonymous_32)
DA:11,107
DA:13,107
DA:22,107
DA:23,107
DA:25,982
DA:26,1190
DA:27,4655
DA:29,244
DA:36,104
DA:43,5261
DA:51,120
DA:55,9
DA:56,9
DA:60,982
DA:61,982
DA:62,982
DA:63,982
DA:64,181
DA:65,181
DA:66,181
DA:71,1190
DA:72,1190
DA:73,1190
DA:78,4655
DA:79,1710
DA:84,244
DA:86,244
DA:87,9
DA:94,1190
DA:95,1190
DA:96,1190
DA:97,1190
DA:102,1102
DA:105,470
DA:108,632
DA:109,632
DA:111,632
DA:113,632
DA:114,632
DA:115,632
DA:122,632
DA:126,632
DA:129,632
DA:130,632
DA:131,632
DA:133,0
DA:134,0
DA:135,0
DA:141,632
DA:143,88
DA:153,107
DA:164,107
DA:165,107
DA:170,107
DA:172,107
DA:175,107
DA:178,1178
DA:179,1178
DA:180,564
DA:182,614
DA:186,401
DA:189,546
DA:190,546
DA:194,107
DA:198,470
DA:199,470
DA:200,470
DA:204,712
DA:208,107
DA:209,107
DA:216,107
DA:217,107
DA:222,107
DA:223,321
DA:224,321
DA:225,321
DA:227,321
DA:228,321
DA:229,321
DA:230,214
DA:231,214
DA:233,321
DA:235,321
DA:236,321
DA:238,321
DA:239,321
DA:240,321
DA:241,321
DA:242,321
DA:243,214
DA:244,214
DA:246,107
DA:250,107
DA:251,28
DA:252,28
DA:255,107
DA:256,401
DA:257,401
DA:260,107
DA:261,41
DA:262,41
DA:265,107
DA:270,107
DA:272,107
DA:273,107
DA:274,0
DA:275,0
DA:279,107
DA:280,0
DA:281,0
DA:283,0
DA:284,0
DA:285,0
DA:288,107
DA:289,0
DA:290,0
DA:291,0
DA:297,107
DA:304,104
DA:311,211
DA:312,211
DA:313,422
DA:314,422
DA:315,422
DA:316,422
DA:330,632
DA:331,632
DA:332,632
DA:333,632
DA:337,632
DA:338,632
DA:339,632
DA:341,632
DA:355,632
DA:356,632
DA:357,632
DA:358,632
DA:359,632
DA:363,632
DA:364,632
DA:366,632
DA:367,632
DA:371,351
DA:373,351
DA:374,324
DA:376,27
DA:379,351
DA:380,339
DA:382,12
DA:387,1816
DA:388,546
DA:389,546
LF:152
LH:139
BRDA:63,0,0,181
BRDA:63,0,1,801
BRDA:63,1,0,982
BRDA:63,1,1,830
BRDA:64,2,0,152
BRDA:64,2,1,29
BRDA:72,3,0,1190
BRDA:72,3,1,0
BRDA:78,4,0,1710
BRDA:78,4,1,2945
BRDA:86,5,0,9
BRDA:86,5,1,235
BRDA:97,6,0,1102
BRDA:97,6,1,88
BRDA:98,7,0,1190
BRDA:98,7,1,1184
BRDA:98,7,2,1184
BRDA:102,8,0,470
BRDA:102,8,1,632
BRDA:102,9,0,1102
BRDA:102,9,1,712
BRDA:115,10,0,0
BRDA:115,10,1,632
BRDA:122,11,0,564
BRDA:122,11,1,68
BRDA:126,12,0,625
BRDA:126,12,1,7
BRDA:130,13,0,632
BRDA:130,13,1,0
BRDA:130,14,0,632
BRDA:130,14,1,0
BRDA:135,15,0,0
BRDA:135,15,1,0
BRDA:179,16,0,564
BRDA:179,16,1,614
BRDA:199,17,0,470
BRDA:199,17,1,0
BRDA:229,18,0,214
BRDA:229,18,1,107
BRDA:242,19,0,214
BRDA:242,19,1,107
BRDA:274,20,0,0
BRDA:274,20,1,0
BRDA:311,21,0,8
BRDA:311,21,1,203
BRDA:316,22,0,12
BRDA:316,22,1,410
BRDA:373,23,0,324
BRDA:373,23,1,27
BRDA:379,24,0,339
BRDA:379,24,1,12
BRDA:387,25,0,546
BRDA:387,25,1,1270
BRF:53
BRH:44
end_of_record
TN:
SF:src/modules/port_to_background.js
FN:13,(anonymous_0)
FN:14,(anonymous_1)
FN:15,(anonymous_2)
FN:21,(anonymous_3)
FN:25,(anonymous_4)
FN:50,(anonymous_5)
FN:51,(anonymous_6)
FN:56,(anonymous_7)
FN:79,(anonymous_8)
FN:99,(anonymous_9)
FN:106,(anonymous_10)
FNF:11
FNH:10
FNDA:69,(anonymous_0)
FNDA:2,(anonymous_1)
FNDA:0,(anonymous_2)
FNDA:183,(anonymous_3)
FNDA:199,(anonymous_4)
FNDA:12,(anonymous_5)
FNDA:113,(anonymous_6)
FNDA:18,(anonymous_7)
FNDA:9,(anonymous_8)
FNDA:115,(anonymous_9)
FNDA:9955,(anonymous_10)
DA:10,183
DA:22,183
DA:26,199
DA:27,1
DA:28,1
DA:31,198
DA:32,198
DA:33,195
DA:39,3
DA:47,3
DA:50,195
DA:51,195
DA:53,195
DA:57,18
DA:58,4
DA:61,14
DA:62,14
DA:63,13
DA:66,1
DA:76,14
DA:80,9
DA:82,9
DA:83,9
DA:85,9
DA:91,1
DA:92,1
DA:100,115
DA:107,9955
DA:108,1
DA:111,9954
DA:115,9955
DA:116,66
DA:117,65
DA:119,1
DA:122,9955
DA:126,12
DA:127,12
DA:129,12
DA:133,113
LF:39
LH:39
BRDA:26,0,0,1
BRDA:26,0,1,198
BRDA:57,1,0,4
BRDA:57,1,1,14
BRDA:85,2,0,1
BRDA:85,2,1,8
BRDA:85,3,0,9
BRDA:85,3,1,7
BRDA:107,4,0,1
BRDA:107,4,1,9954
BRDA:115,5,0,66
BRDA:115,5,1,9889
BRDA:116,6,0,65
BRDA:116,6,1,1
BRF:14
BRH:14
end_of_record
